[     798ms] [VERBOSE] [DOM] Input elements should have autocomplete attributes (suggested: "current-password"): (More info: https://goo.gl/9p2vKq) %o @ https://edu.bpmsoft.ru/?s=%D0%BA%D0%BE%D0%BD%D1%81%D1%82%D1%80%D1%83%D0%BA%D1%82%D0%BE%D1%80+%D0%B7%D0%B0%D0%BF%D1%80%D0%BE%D1%81%D0%BE%D0%B2:0
[     798ms] [VERBOSE] [DOM] Input elements should have autocomplete attributes (suggested: "new-password"): (More info: https://goo.gl/9p2vKq) %o @ https://edu.bpmsoft.ru/?s=%D0%BA%D0%BE%D0%BD%D1%81%D1%82%D1%80%D1%83%D0%BA%D1%82%D0%BE%D1%80+%D0%B7%D0%B0%D0%BF%D1%80%D0%BE%D1%81%D0%BE%D0%B2:0
[     798ms] [VERBOSE] [DOM] Input elements should have autocomplete attributes (suggested: "new-password"): (More info: https://goo.gl/9p2vKq) %o @ https://edu.bpmsoft.ru/?s=%D0%BA%D0%BE%D0%BD%D1%81%D1%82%D1%80%D1%83%D0%BA%D1%82%D0%BE%D1%80+%D0%B7%D0%B0%D0%BF%D1%80%D0%BE%D1%81%D0%BE%D0%B2:0
[     798ms] [VERBOSE] [DOM] Input elements should have autocomplete attributes (suggested: "current-password"): (More info: https://goo.gl/9p2vKq) %o @ https://edu.bpmsoft.ru/?s=%D0%BA%D0%BE%D0%BD%D1%81%D1%82%D1%80%D1%83%D0%BA%D1%82%D0%BE%D1%80+%D0%B7%D0%B0%D0%BF%D1%80%D0%BE%D1%81%D0%BE%D0%B2:0
[     799ms] [VERBOSE] [DOM] Input elements should have autocomplete attributes (suggested: "new-password"): (More info: https://goo.gl/9p2vKq) %o @ https://edu.bpmsoft.ru/?s=%D0%BA%D0%BE%D0%BD%D1%81%D1%82%D1%80%D1%83%D0%BA%D1%82%D0%BE%D1%80+%D0%B7%D0%B0%D0%BF%D1%80%D0%BE%D1%81%D0%BE%D0%B2:0
[     799ms] [VERBOSE] [DOM] Input elements should have autocomplete attributes (suggested: "new-password"): (More info: https://goo.gl/9p2vKq) %o @ https://edu.bpmsoft.ru/?s=%D0%BA%D0%BE%D0%BD%D1%81%D1%82%D1%80%D1%83%D0%BA%D1%82%D0%BE%D1%80+%D0%B7%D0%B0%D0%BF%D1%80%D0%BE%D1%81%D0%BE%D0%B2:0
[     874ms] [ERROR] Access to fetch at 'https://ipapi.co/json' from origin 'https://edu.bpmsoft.ru' has been blocked by CORS policy: No 'Access-Control-Allow-Origin' header is present on the requested resource. @ https://edu.bpmsoft.ru/?s=%D0%BA%D0%BE%D0%BD%D1%81%D1%82%D1%80%D1%83%D0%BA%D1%82%D0%BE%D1%80+%D0%B7%D0%B0%D0%BF%D1%80%D0%BE%D1%81%D0%BE%D0%B2:0
[     875ms] [ERROR] Failed to load resource: net::ERR_FAILED @ https://ipapi.co/json:0
[     991ms] [LOG] error SyntaxError: Unexpected token '_', "__ym__prom"... is not valid JSON @ https://edu.bpmsoft.ru/?s=%D0%BA%D0%BE%D0%BD%D1%81%D1%82%D1%80%D1%83%D0%BA%D1%82%D0%BE%D1%80+%D0%B7%D0%B0%D0%BF%D1%80%D0%BE%D1%81%D0%BE%D0%B2:99
[     992ms] [LOG] error SyntaxError: Unexpected token '_', "__ym__prom"... is not valid JSON @ https://edu.bpmsoft.ru/?s=%D0%BA%D0%BE%D0%BD%D1%81%D1%82%D1%80%D1%83%D0%BA%D1%82%D0%BE%D1%80+%D0%B7%D0%B0%D0%BF%D1%80%D0%BE%D1%81%D0%BE%D0%B2:99
[    1245ms] [LOG] error SyntaxError: Unexpected token '_', "__ym__prom"... is not valid JSON @ https://edu.bpmsoft.ru/?s=%D0%BA%D0%BE%D0%BD%D1%81%D1%82%D1%80%D1%83%D0%BA%D1%82%D0%BE%D1%80+%D0%B7%D0%B0%D0%BF%D1%80%D0%BE%D1%81%D0%BE%D0%B2:99
[    1272ms] [LOG] error SyntaxError: Unexpected token '_', "__ym__prom"... is not valid JSON @ https://edu.bpmsoft.ru/?s=%D0%BA%D0%BE%D0%BD%D1%81%D1%82%D1%80%D1%83%D0%BA%D1%82%D0%BE%D1%80+%D0%B7%D0%B0%D0%BF%D1%80%D0%BE%D1%81%D0%BE%D0%B2:99
[    1275ms] [LOG] error SyntaxError: Unexpected token '_', "__ym__prom"... is not valid JSON @ https://edu.bpmsoft.ru/?s=%D0%BA%D0%BE%D0%BD%D1%81%D1%82%D1%80%D1%83%D0%BA%D1%82%D0%BE%D1%80+%D0%B7%D0%B0%D0%BF%D1%80%D0%BE%D1%81%D0%BE%D0%B2:99
[    1281ms] [LOG] error SyntaxError: Unexpected token '_', "__ym__prom"... is not valid JSON @ https://edu.bpmsoft.ru/?s=%D0%BA%D0%BE%D0%BD%D1%81%D1%82%D1%80%D1%83%D0%BA%D1%82%D0%BE%D1%80+%D0%B7%D0%B0%D0%BF%D1%80%D0%BE%D1%81%D0%BE%D0%B2:99
[    1524ms] [LOG] error SyntaxError: Unexpected token '_', "__ym__prom"... is not valid JSON @ https://edu.bpmsoft.ru/?s=%D0%BA%D0%BE%D0%BD%D1%81%D1%82%D1%80%D1%83%D0%BA%D1%82%D0%BE%D1%80+%D0%B7%D0%B0%D0%BF%D1%80%D0%BE%D1%81%D0%BE%D0%B2:99
[    1866ms] [LOG] error SyntaxError: Unexpected token '_', "__ym__prom"... is not valid JSON @ https://edu.bpmsoft.ru/?s=%D0%BA%D0%BE%D0%BD%D1%81%D1%82%D1%80%D1%83%D0%BA%D1%82%D0%BE%D1%80+%D0%B7%D0%B0%D0%BF%D1%80%D0%BE%D1%81%D0%BE%D0%B2:99
[    1869ms] [LOG] error SyntaxError: Unexpected token '_', "__ym__prom"... is not valid JSON @ https://edu.bpmsoft.ru/?s=%D0%BA%D0%BE%D0%BD%D1%81%D1%82%D1%80%D1%83%D0%BA%D1%82%D0%BE%D1%80+%D0%B7%D0%B0%D0%BF%D1%80%D0%BE%D1%81%D0%BE%D0%B2:99
[    1870ms] [LOG] error SyntaxError: Unexpected token '_', "__ym__prom"... is not valid JSON @ https://edu.bpmsoft.ru/?s=%D0%BA%D0%BE%D0%BD%D1%81%D1%82%D1%80%D1%83%D0%BA%D1%82%D0%BE%D1%80+%D0%B7%D0%B0%D0%BF%D1%80%D0%BE%D1%81%D0%BE%D0%B2:99
[    1871ms] [LOG] error SyntaxError: Unexpected token '_', "__ym__prom"... is not valid JSON @ https://edu.bpmsoft.ru/?s=%D0%BA%D0%BE%D0%BD%D1%81%D1%82%D1%80%D1%83%D0%BA%D1%82%D0%BE%D1%80+%D0%B7%D0%B0%D0%BF%D1%80%D0%BE%D1%81%D0%BE%D0%B2:99
[    1871ms] [LOG] error SyntaxError: Unexpected token '_', "__ym__prom"... is not valid JSON @ https://edu.bpmsoft.ru/?s=%D0%BA%D0%BE%D0%BD%D1%81%D1%82%D1%80%D1%83%D0%BA%D1%82%D0%BE%D1%80+%D0%B7%D0%B0%D0%BF%D1%80%D0%BE%D1%81%D0%BE%D0%B2:99
[    1872ms] [LOG] error SyntaxError: Unexpected token '_', "__ym__prom"... is not valid JSON @ https://edu.bpmsoft.ru/?s=%D0%BA%D0%BE%D0%BD%D1%81%D1%82%D1%80%D1%83%D0%BA%D1%82%D0%BE%D1%80+%D0%B7%D0%B0%D0%BF%D1%80%D0%BE%D1%81%D0%BE%D0%B2:99
[    1873ms] [LOG] error SyntaxError: Unexpected token '_', "__ym__prom"... is not valid JSON @ https://edu.bpmsoft.ru/?s=%D0%BA%D0%BE%D0%BD%D1%81%D1%82%D1%80%D1%83%D0%BA%D1%82%D0%BE%D1%80+%D0%B7%D0%B0%D0%BF%D1%80%D0%BE%D1%81%D0%BE%D0%B2:99
[    1873ms] [LOG] error SyntaxError: Unexpected token '_', "__ym__prom"... is not valid JSON @ https://edu.bpmsoft.ru/?s=%D0%BA%D0%BE%D0%BD%D1%81%D1%82%D1%80%D1%83%D0%BA%D1%82%D0%BE%D1%80+%D0%B7%D0%B0%D0%BF%D1%80%D0%BE%D1%81%D0%BE%D0%B2:99
[    1874ms] [LOG] error SyntaxError: Unexpected token '_', "__ym__prom"... is not valid JSON @ https://edu.bpmsoft.ru/?s=%D0%BA%D0%BE%D0%BD%D1%81%D1%82%D1%80%D1%83%D0%BA%D1%82%D0%BE%D1%80+%D0%B7%D0%B0%D0%BF%D1%80%D0%BE%D1%81%D0%BE%D0%B2:99
[    1874ms] [LOG] error SyntaxError: Unexpected token '_', "__ym__prom"... is not valid JSON @ https://edu.bpmsoft.ru/?s=%D0%BA%D0%BE%D0%BD%D1%81%D1%82%D1%80%D1%83%D0%BA%D1%82%D0%BE%D1%80+%D0%B7%D0%B0%D0%BF%D1%80%D0%BE%D1%81%D0%BE%D0%B2:99
[    1875ms] [LOG] error SyntaxError: Unexpected token '_', "__ym__prom"... is not valid JSON @ https://edu.bpmsoft.ru/?s=%D0%BA%D0%BE%D0%BD%D1%81%D1%82%D1%80%D1%83%D0%BA%D1%82%D0%BE%D1%80+%D0%B7%D0%B0%D0%BF%D1%80%D0%BE%D1%81%D0%BE%D0%B2:99
[    1875ms] [LOG] error SyntaxError: Unexpected token '_', "__ym__prom"... is not valid JSON @ https://edu.bpmsoft.ru/?s=%D0%BA%D0%BE%D0%BD%D1%81%D1%82%D1%80%D1%83%D0%BA%D1%82%D0%BE%D1%80+%D0%B7%D0%B0%D0%BF%D1%80%D0%BE%D1%81%D0%BE%D0%B2:99
[    1876ms] [LOG] error SyntaxError: Unexpected token '_', "__ym__prom"... is not valid JSON @ https://edu.bpmsoft.ru/?s=%D0%BA%D0%BE%D0%BD%D1%81%D1%82%D1%80%D1%83%D0%BA%D1%82%D0%BE%D1%80+%D0%B7%D0%B0%D0%BF%D1%80%D0%BE%D1%81%D0%BE%D0%B2:99
[    1877ms] [LOG] error SyntaxError: Unexpected token '_', "__ym__prom"... is not valid JSON @ https://edu.bpmsoft.ru/?s=%D0%BA%D0%BE%D0%BD%D1%81%D1%82%D1%80%D1%83%D0%BA%D1%82%D0%BE%D1%80+%D0%B7%D0%B0%D0%BF%D1%80%D0%BE%D1%81%D0%BE%D0%B2:99
[    1877ms] [LOG] error SyntaxError: Unexpected token '_', "__ym__prom"... is not valid JSON @ https://edu.bpmsoft.ru/?s=%D0%BA%D0%BE%D0%BD%D1%81%D1%82%D1%80%D1%83%D0%BA%D1%82%D0%BE%D1%80+%D0%B7%D0%B0%D0%BF%D1%80%D0%BE%D1%81%D0%BE%D0%B2:99
[    1878ms] [LOG] error SyntaxError: Unexpected token '_', "__ym__prom"... is not valid JSON @ https://edu.bpmsoft.ru/?s=%D0%BA%D0%BE%D0%BD%D1%81%D1%82%D1%80%D1%83%D0%BA%D1%82%D0%BE%D1%80+%D0%B7%D0%B0%D0%BF%D1%80%D0%BE%D1%81%D0%BE%D0%B2:99
[    1878ms] [LOG] error SyntaxError: Unexpected token '_', "__ym__prom"... is not valid JSON @ https://edu.bpmsoft.ru/?s=%D0%BA%D0%BE%D0%BD%D1%81%D1%82%D1%80%D1%83%D0%BA%D1%82%D0%BE%D1%80+%D0%B7%D0%B0%D0%BF%D1%80%D0%BE%D1%81%D0%BE%D0%B2:99
[    1879ms] [LOG] error SyntaxError: Unexpected token '_', "__ym__prom"... is not valid JSON @ https://edu.bpmsoft.ru/?s=%D0%BA%D0%BE%D0%BD%D1%81%D1%82%D1%80%D1%83%D0%BA%D1%82%D0%BE%D1%80+%D0%B7%D0%B0%D0%BF%D1%80%D0%BE%D1%81%D0%BE%D0%B2:99
[    1879ms] [LOG] error SyntaxError: Unexpected token '_', "__ym__prom"... is not valid JSON @ https://edu.bpmsoft.ru/?s=%D0%BA%D0%BE%D0%BD%D1%81%D1%82%D1%80%D1%83%D0%BA%D1%82%D0%BE%D1%80+%D0%B7%D0%B0%D0%BF%D1%80%D0%BE%D1%81%D0%BE%D0%B2:99
[    1880ms] [LOG] error SyntaxError: Unexpected token '_', "__ym__prom"... is not valid JSON @ https://edu.bpmsoft.ru/?s=%D0%BA%D0%BE%D0%BD%D1%81%D1%82%D1%80%D1%83%D0%BA%D1%82%D0%BE%D1%80+%D0%B7%D0%B0%D0%BF%D1%80%D0%BE%D1%81%D0%BE%D0%B2:99
[    1880ms] [LOG] error SyntaxError: Unexpected token '_', "__ym__prom"... is not valid JSON @ https://edu.bpmsoft.ru/?s=%D0%BA%D0%BE%D0%BD%D1%81%D1%82%D1%80%D1%83%D0%BA%D1%82%D0%BE%D1%80+%D0%B7%D0%B0%D0%BF%D1%80%D0%BE%D1%81%D0%BE%D0%B2:99
[    1881ms] [LOG] error SyntaxError: Unexpected token '_', "__ym__prom"... is not valid JSON @ https://edu.bpmsoft.ru/?s=%D0%BA%D0%BE%D0%BD%D1%81%D1%82%D1%80%D1%83%D0%BA%D1%82%D0%BE%D1%80+%D0%B7%D0%B0%D0%BF%D1%80%D0%BE%D1%81%D0%BE%D0%B2:99
[    1882ms] [LOG] error SyntaxError: Unexpected token '_', "__ym__prom"... is not valid JSON @ https://edu.bpmsoft.ru/?s=%D0%BA%D0%BE%D0%BD%D1%81%D1%82%D1%80%D1%83%D0%BA%D1%82%D0%BE%D1%80+%D0%B7%D0%B0%D0%BF%D1%80%D0%BE%D1%81%D0%BE%D0%B2:99
[    1884ms] [LOG] error SyntaxError: Unexpected token '_', "__ym__prom"... is not valid JSON @ https://edu.bpmsoft.ru/?s=%D0%BA%D0%BE%D0%BD%D1%81%D1%82%D1%80%D1%83%D0%BA%D1%82%D0%BE%D1%80+%D0%B7%D0%B0%D0%BF%D1%80%D0%BE%D1%81%D0%BE%D0%B2:99
[    1885ms] [LOG] error SyntaxError: Unexpected token '_', "__ym__prom"... is not valid JSON @ https://edu.bpmsoft.ru/?s=%D0%BA%D0%BE%D0%BD%D1%81%D1%82%D1%80%D1%83%D0%BA%D1%82%D0%BE%D1%80+%D0%B7%D0%B0%D0%BF%D1%80%D0%BE%D1%81%D0%BE%D0%B2:99
[    1886ms] [LOG] error SyntaxError: Unexpected token '_', "__ym__prom"... is not valid JSON @ https://edu.bpmsoft.ru/?s=%D0%BA%D0%BE%D0%BD%D1%81%D1%82%D1%80%D1%83%D0%BA%D1%82%D0%BE%D1%80+%D0%B7%D0%B0%D0%BF%D1%80%D0%BE%D1%81%D0%BE%D0%B2:99
[    1887ms] [LOG] error SyntaxError: Unexpected token '_', "__ym__prom"... is not valid JSON @ https://edu.bpmsoft.ru/?s=%D0%BA%D0%BE%D0%BD%D1%81%D1%82%D1%80%D1%83%D0%BA%D1%82%D0%BE%D1%80+%D0%B7%D0%B0%D0%BF%D1%80%D0%BE%D1%81%D0%BE%D0%B2:99
[    1887ms] [LOG] error SyntaxError: Unexpected token '_', "__ym__prom"... is not valid JSON @ https://edu.bpmsoft.ru/?s=%D0%BA%D0%BE%D0%BD%D1%81%D1%82%D1%80%D1%83%D0%BA%D1%82%D0%BE%D1%80+%D0%B7%D0%B0%D0%BF%D1%80%D0%BE%D1%81%D0%BE%D0%B2:99
[    1888ms] [LOG] error SyntaxError: Unexpected token '_', "__ym__prom"... is not valid JSON @ https://edu.bpmsoft.ru/?s=%D0%BA%D0%BE%D0%BD%D1%81%D1%82%D1%80%D1%83%D0%BA%D1%82%D0%BE%D1%80+%D0%B7%D0%B0%D0%BF%D1%80%D0%BE%D1%81%D0%BE%D0%B2:99
[    1888ms] [LOG] error SyntaxError: Unexpected token '_', "__ym__prom"... is not valid JSON @ https://edu.bpmsoft.ru/?s=%D0%BA%D0%BE%D0%BD%D1%81%D1%82%D1%80%D1%83%D0%BA%D1%82%D0%BE%D1%80+%D0%B7%D0%B0%D0%BF%D1%80%D0%BE%D1%81%D0%BE%D0%B2:99
[    1889ms] [LOG] error SyntaxError: Unexpected token '_', "__ym__prom"... is not valid JSON @ https://edu.bpmsoft.ru/?s=%D0%BA%D0%BE%D0%BD%D1%81%D1%82%D1%80%D1%83%D0%BA%D1%82%D0%BE%D1%80+%D0%B7%D0%B0%D0%BF%D1%80%D0%BE%D1%81%D0%BE%D0%B2:99
[    1889ms] [LOG] error SyntaxError: Unexpected token '_', "__ym__prom"... is not valid JSON @ https://edu.bpmsoft.ru/?s=%D0%BA%D0%BE%D0%BD%D1%81%D1%82%D1%80%D1%83%D0%BA%D1%82%D0%BE%D1%80+%D0%B7%D0%B0%D0%BF%D1%80%D0%BE%D1%81%D0%BE%D0%B2:99
[    1890ms] [LOG] error SyntaxError: Unexpected token '_', "__ym__prom"... is not valid JSON @ https://edu.bpmsoft.ru/?s=%D0%BA%D0%BE%D0%BD%D1%81%D1%82%D1%80%D1%83%D0%BA%D1%82%D0%BE%D1%80+%D0%B7%D0%B0%D0%BF%D1%80%D0%BE%D1%81%D0%BE%D0%B2:99
[    1890ms] [LOG] error SyntaxError: Unexpected token '_', "__ym__prom"... is not valid JSON @ https://edu.bpmsoft.ru/?s=%D0%BA%D0%BE%D0%BD%D1%81%D1%82%D1%80%D1%83%D0%BA%D1%82%D0%BE%D1%80+%D0%B7%D0%B0%D0%BF%D1%80%D0%BE%D1%81%D0%BE%D0%B2:99
[    1891ms] [LOG] error SyntaxError: Unexpected token '_', "__ym__prom"... is not valid JSON @ https://edu.bpmsoft.ru/?s=%D0%BA%D0%BE%D0%BD%D1%81%D1%82%D1%80%D1%83%D0%BA%D1%82%D0%BE%D1%80+%D0%B7%D0%B0%D0%BF%D1%80%D0%BE%D1%81%D0%BE%D0%B2:99
[    1891ms] [LOG] error SyntaxError: Unexpected token '_', "__ym__prom"... is not valid JSON @ https://edu.bpmsoft.ru/?s=%D0%BA%D0%BE%D0%BD%D1%81%D1%82%D1%80%D1%83%D0%BA%D1%82%D0%BE%D1%80+%D0%B7%D0%B0%D0%BF%D1%80%D0%BE%D1%81%D0%BE%D0%B2:99
[    1892ms] [LOG] error SyntaxError: Unexpected token '_', "__ym__prom"... is not valid JSON @ https://edu.bpmsoft.ru/?s=%D0%BA%D0%BE%D0%BD%D1%81%D1%82%D1%80%D1%83%D0%BA%D1%82%D0%BE%D1%80+%D0%B7%D0%B0%D0%BF%D1%80%D0%BE%D1%81%D0%BE%D0%B2:99
[    1892ms] [LOG] error SyntaxError: Unexpected token '_', "__ym__prom"... is not valid JSON @ https://edu.bpmsoft.ru/?s=%D0%BA%D0%BE%D0%BD%D1%81%D1%82%D1%80%D1%83%D0%BA%D1%82%D0%BE%D1%80+%D0%B7%D0%B0%D0%BF%D1%80%D0%BE%D1%81%D0%BE%D0%B2:99
[    1893ms] [LOG] error SyntaxError: Unexpected token '_', "__ym__prom"... is not valid JSON @ https://edu.bpmsoft.ru/?s=%D0%BA%D0%BE%D0%BD%D1%81%D1%82%D1%80%D1%83%D0%BA%D1%82%D0%BE%D1%80+%D0%B7%D0%B0%D0%BF%D1%80%D0%BE%D1%81%D0%BE%D0%B2:99
[    1893ms] [LOG] error SyntaxError: Unexpected token '_', "__ym__prom"... is not valid JSON @ https://edu.bpmsoft.ru/?s=%D0%BA%D0%BE%D0%BD%D1%81%D1%82%D1%80%D1%83%D0%BA%D1%82%D0%BE%D1%80+%D0%B7%D0%B0%D0%BF%D1%80%D0%BE%D1%81%D0%BE%D0%B2:99
[    1893ms] [LOG] error SyntaxError: Unexpected token '_', "__ym__prom"... is not valid JSON @ https://edu.bpmsoft.ru/?s=%D0%BA%D0%BE%D0%BD%D1%81%D1%82%D1%80%D1%83%D0%BA%D1%82%D0%BE%D1%80+%D0%B7%D0%B0%D0%BF%D1%80%D0%BE%D1%81%D0%BE%D0%B2:99
[    1894ms] [LOG] error SyntaxError: Unexpected token '_', "__ym__prom"... is not valid JSON @ https://edu.bpmsoft.ru/?s=%D0%BA%D0%BE%D0%BD%D1%81%D1%82%D1%80%D1%83%D0%BA%D1%82%D0%BE%D1%80+%D0%B7%D0%B0%D0%BF%D1%80%D0%BE%D1%81%D0%BE%D0%B2:99
[    1894ms] [LOG] error SyntaxError: Unexpected token '_', "__ym__prom"... is not valid JSON @ https://edu.bpmsoft.ru/?s=%D0%BA%D0%BE%D0%BD%D1%81%D1%82%D1%80%D1%83%D0%BA%D1%82%D0%BE%D1%80+%D0%B7%D0%B0%D0%BF%D1%80%D0%BE%D1%81%D0%BE%D0%B2:99
[    1895ms] [LOG] error SyntaxError: Unexpected token '_', "__ym__prom"... is not valid JSON @ https://edu.bpmsoft.ru/?s=%D0%BA%D0%BE%D0%BD%D1%81%D1%82%D1%80%D1%83%D0%BA%D1%82%D0%BE%D1%80+%D0%B7%D0%B0%D0%BF%D1%80%D0%BE%D1%81%D0%BE%D0%B2:99
[    1895ms] [LOG] error SyntaxError: Unexpected token '_', "__ym__prom"... is not valid JSON @ https://edu.bpmsoft.ru/?s=%D0%BA%D0%BE%D0%BD%D1%81%D1%82%D1%80%D1%83%D0%BA%D1%82%D0%BE%D1%80+%D0%B7%D0%B0%D0%BF%D1%80%D0%BE%D1%81%D0%BE%D0%B2:99
[    1896ms] [LOG] error SyntaxError: Unexpected token '_', "__ym__prom"... is not valid JSON @ https://edu.bpmsoft.ru/?s=%D0%BA%D0%BE%D0%BD%D1%81%D1%82%D1%80%D1%83%D0%BA%D1%82%D0%BE%D1%80+%D0%B7%D0%B0%D0%BF%D1%80%D0%BE%D1%81%D0%BE%D0%B2:99
[    1896ms] [LOG] error SyntaxError: Unexpected token '_', "__ym__prom"... is not valid JSON @ https://edu.bpmsoft.ru/?s=%D0%BA%D0%BE%D0%BD%D1%81%D1%82%D1%80%D1%83%D0%BA%D1%82%D0%BE%D1%80+%D0%B7%D0%B0%D0%BF%D1%80%D0%BE%D1%81%D0%BE%D0%B2:99
[    1897ms] [LOG] error SyntaxError: Unexpected token '_', "__ym__prom"... is not valid JSON @ https://edu.bpmsoft.ru/?s=%D0%BA%D0%BE%D0%BD%D1%81%D1%82%D1%80%D1%83%D0%BA%D1%82%D0%BE%D1%80+%D0%B7%D0%B0%D0%BF%D1%80%D0%BE%D1%81%D0%BE%D0%B2:99
[    1898ms] [LOG] error SyntaxError: Unexpected token '_', "__ym__prom"... is not valid JSON @ https://edu.bpmsoft.ru/?s=%D0%BA%D0%BE%D0%BD%D1%81%D1%82%D1%80%D1%83%D0%BA%D1%82%D0%BE%D1%80+%D0%B7%D0%B0%D0%BF%D1%80%D0%BE%D1%81%D0%BE%D0%B2:99
[    1898ms] [LOG] error SyntaxError: Unexpected token '_', "__ym__prom"... is not valid JSON @ https://edu.bpmsoft.ru/?s=%D0%BA%D0%BE%D0%BD%D1%81%D1%82%D1%80%D1%83%D0%BA%D1%82%D0%BE%D1%80+%D0%B7%D0%B0%D0%BF%D1%80%D0%BE%D1%81%D0%BE%D0%B2:99
[    1899ms] [LOG] error SyntaxError: Unexpected token '_', "__ym__prom"... is not valid JSON @ https://edu.bpmsoft.ru/?s=%D0%BA%D0%BE%D0%BD%D1%81%D1%82%D1%80%D1%83%D0%BA%D1%82%D0%BE%D1%80+%D0%B7%D0%B0%D0%BF%D1%80%D0%BE%D1%81%D0%BE%D0%B2:99
[    1900ms] [LOG] error SyntaxError: Unexpected token '_', "__ym__prom"... is not valid JSON @ https://edu.bpmsoft.ru/?s=%D0%BA%D0%BE%D0%BD%D1%81%D1%82%D1%80%D1%83%D0%BA%D1%82%D0%BE%D1%80+%D0%B7%D0%B0%D0%BF%D1%80%D0%BE%D1%81%D0%BE%D0%B2:99
[    1902ms] [LOG] error SyntaxError: Unexpected token '_', "__ym__prom"... is not valid JSON @ https://edu.bpmsoft.ru/?s=%D0%BA%D0%BE%D0%BD%D1%81%D1%82%D1%80%D1%83%D0%BA%D1%82%D0%BE%D1%80+%D0%B7%D0%B0%D0%BF%D1%80%D0%BE%D1%81%D0%BE%D0%B2:99
[    1903ms] [LOG] error SyntaxError: Unexpected token '_', "__ym__prom"... is not valid JSON @ https://edu.bpmsoft.ru/?s=%D0%BA%D0%BE%D0%BD%D1%81%D1%82%D1%80%D1%83%D0%BA%D1%82%D0%BE%D1%80+%D0%B7%D0%B0%D0%BF%D1%80%D0%BE%D1%81%D0%BE%D0%B2:99
[    1903ms] [LOG] error SyntaxError: Unexpected token '_', "__ym__prom"... is not valid JSON @ https://edu.bpmsoft.ru/?s=%D0%BA%D0%BE%D0%BD%D1%81%D1%82%D1%80%D1%83%D0%BA%D1%82%D0%BE%D1%80+%D0%B7%D0%B0%D0%BF%D1%80%D0%BE%D1%81%D0%BE%D0%B2:99
[    1904ms] [LOG] error SyntaxError: Unexpected token '_', "__ym__prom"... is not valid JSON @ https://edu.bpmsoft.ru/?s=%D0%BA%D0%BE%D0%BD%D1%81%D1%82%D1%80%D1%83%D0%BA%D1%82%D0%BE%D1%80+%D0%B7%D0%B0%D0%BF%D1%80%D0%BE%D1%81%D0%BE%D0%B2:99
[    1904ms] [LOG] error SyntaxError: Unexpected token '_', "__ym__prom"... is not valid JSON @ https://edu.bpmsoft.ru/?s=%D0%BA%D0%BE%D0%BD%D1%81%D1%82%D1%80%D1%83%D0%BA%D1%82%D0%BE%D1%80+%D0%B7%D0%B0%D0%BF%D1%80%D0%BE%D1%81%D0%BE%D0%B2:99
[    1905ms] [LOG] error SyntaxError: Unexpected token '_', "__ym__prom"... is not valid JSON @ https://edu.bpmsoft.ru/?s=%D0%BA%D0%BE%D0%BD%D1%81%D1%82%D1%80%D1%83%D0%BA%D1%82%D0%BE%D1%80+%D0%B7%D0%B0%D0%BF%D1%80%D0%BE%D1%81%D0%BE%D0%B2:99
[    1905ms] [LOG] error SyntaxError: Unexpected token '_', "__ym__prom"... is not valid JSON @ https://edu.bpmsoft.ru/?s=%D0%BA%D0%BE%D0%BD%D1%81%D1%82%D1%80%D1%83%D0%BA%D1%82%D0%BE%D1%80+%D0%B7%D0%B0%D0%BF%D1%80%D0%BE%D1%81%D0%BE%D0%B2:99
[    1905ms] [LOG] error SyntaxError: Unexpected token '_', "__ym__prom"... is not valid JSON @ https://edu.bpmsoft.ru/?s=%D0%BA%D0%BE%D0%BD%D1%81%D1%82%D1%80%D1%83%D0%BA%D1%82%D0%BE%D1%80+%D0%B7%D0%B0%D0%BF%D1%80%D0%BE%D1%81%D0%BE%D0%B2:99
[    1906ms] [LOG] error SyntaxError: Unexpected token '_', "__ym__prom"... is not valid JSON @ https://edu.bpmsoft.ru/?s=%D0%BA%D0%BE%D0%BD%D1%81%D1%82%D1%80%D1%83%D0%BA%D1%82%D0%BE%D1%80+%D0%B7%D0%B0%D0%BF%D1%80%D0%BE%D1%81%D0%BE%D0%B2:99
[    1907ms] [LOG] error SyntaxError: Unexpected token '_', "__ym__prom"... is not valid JSON @ https://edu.bpmsoft.ru/?s=%D0%BA%D0%BE%D0%BD%D1%81%D1%82%D1%80%D1%83%D0%BA%D1%82%D0%BE%D1%80+%D0%B7%D0%B0%D0%BF%D1%80%D0%BE%D1%81%D0%BE%D0%B2:99
[    1908ms] [LOG] error SyntaxError: Unexpected token '_', "__ym__prom"... is not valid JSON @ https://edu.bpmsoft.ru/?s=%D0%BA%D0%BE%D0%BD%D1%81%D1%82%D1%80%D1%83%D0%BA%D1%82%D0%BE%D1%80+%D0%B7%D0%B0%D0%BF%D1%80%D0%BE%D1%81%D0%BE%D0%B2:99
[    1908ms] [LOG] error SyntaxError: Unexpected token '_', "__ym__prom"... is not valid JSON @ https://edu.bpmsoft.ru/?s=%D0%BA%D0%BE%D0%BD%D1%81%D1%82%D1%80%D1%83%D0%BA%D1%82%D0%BE%D1%80+%D0%B7%D0%B0%D0%BF%D1%80%D0%BE%D1%81%D0%BE%D0%B2:99
[    1909ms] [LOG] error SyntaxError: Unexpected token '_', "__ym__prom"... is not valid JSON @ https://edu.bpmsoft.ru/?s=%D0%BA%D0%BE%D0%BD%D1%81%D1%82%D1%80%D1%83%D0%BA%D1%82%D0%BE%D1%80+%D0%B7%D0%B0%D0%BF%D1%80%D0%BE%D1%81%D0%BE%D0%B2:99
[    1909ms] [LOG] error SyntaxError: Unexpected token '_', "__ym__prom"... is not valid JSON @ https://edu.bpmsoft.ru/?s=%D0%BA%D0%BE%D0%BD%D1%81%D1%82%D1%80%D1%83%D0%BA%D1%82%D0%BE%D1%80+%D0%B7%D0%B0%D0%BF%D1%80%D0%BE%D1%81%D0%BE%D0%B2:99
[    1910ms] [LOG] error SyntaxError: Unexpected token '_', "__ym__prom"... is not valid JSON @ https://edu.bpmsoft.ru/?s=%D0%BA%D0%BE%D0%BD%D1%81%D1%82%D1%80%D1%83%D0%BA%D1%82%D0%BE%D1%80+%D0%B7%D0%B0%D0%BF%D1%80%D0%BE%D1%81%D0%BE%D0%B2:99
[    1910ms] [LOG] error SyntaxError: Unexpected token '_', "__ym__prom"... is not valid JSON @ https://edu.bpmsoft.ru/?s=%D0%BA%D0%BE%D0%BD%D1%81%D1%82%D1%80%D1%83%D0%BA%D1%82%D0%BE%D1%80+%D0%B7%D0%B0%D0%BF%D1%80%D0%BE%D1%81%D0%BE%D0%B2:99
[    1910ms] [LOG] error SyntaxError: Unexpected token '_', "__ym__prom"... is not valid JSON @ https://edu.bpmsoft.ru/?s=%D0%BA%D0%BE%D0%BD%D1%81%D1%82%D1%80%D1%83%D0%BA%D1%82%D0%BE%D1%80+%D0%B7%D0%B0%D0%BF%D1%80%D0%BE%D1%81%D0%BE%D0%B2:99
[    1911ms] [LOG] error SyntaxError: Unexpected token '_', "__ym__prom"... is not valid JSON @ https://edu.bpmsoft.ru/?s=%D0%BA%D0%BE%D0%BD%D1%81%D1%82%D1%80%D1%83%D0%BA%D1%82%D0%BE%D1%80+%D0%B7%D0%B0%D0%BF%D1%80%D0%BE%D1%81%D0%BE%D0%B2:99
[    1911ms] [LOG] error SyntaxError: Unexpected token '_', "__ym__prom"... is not valid JSON @ https://edu.bpmsoft.ru/?s=%D0%BA%D0%BE%D0%BD%D1%81%D1%82%D1%80%D1%83%D0%BA%D1%82%D0%BE%D1%80+%D0%B7%D0%B0%D0%BF%D1%80%D0%BE%D1%81%D0%BE%D0%B2:99
[    1912ms] [LOG] error SyntaxError: Unexpected token '_', "__ym__prom"... is not valid JSON @ https://edu.bpmsoft.ru/?s=%D0%BA%D0%BE%D0%BD%D1%81%D1%82%D1%80%D1%83%D0%BA%D1%82%D0%BE%D1%80+%D0%B7%D0%B0%D0%BF%D1%80%D0%BE%D1%81%D0%BE%D0%B2:99
[    1912ms] [LOG] error SyntaxError: Unexpected token '_', "__ym__prom"... is not valid JSON @ https://edu.bpmsoft.ru/?s=%D0%BA%D0%BE%D0%BD%D1%81%D1%82%D1%80%D1%83%D0%BA%D1%82%D0%BE%D1%80+%D0%B7%D0%B0%D0%BF%D1%80%D0%BE%D1%81%D0%BE%D0%B2:99
[    1913ms] [LOG] error SyntaxError: Unexpected token '_', "__ym__prom"... is not valid JSON @ https://edu.bpmsoft.ru/?s=%D0%BA%D0%BE%D0%BD%D1%81%D1%82%D1%80%D1%83%D0%BA%D1%82%D0%BE%D1%80+%D0%B7%D0%B0%D0%BF%D1%80%D0%BE%D1%81%D0%BE%D0%B2:99
[    1913ms] [LOG] error SyntaxError: Unexpected token '_', "__ym__prom"... is not valid JSON @ https://edu.bpmsoft.ru/?s=%D0%BA%D0%BE%D0%BD%D1%81%D1%82%D1%80%D1%83%D0%BA%D1%82%D0%BE%D1%80+%D0%B7%D0%B0%D0%BF%D1%80%D0%BE%D1%81%D0%BE%D0%B2:99
[    1913ms] [LOG] error SyntaxError: Unexpected token '_', "__ym__prom"... is not valid JSON @ https://edu.bpmsoft.ru/?s=%D0%BA%D0%BE%D0%BD%D1%81%D1%82%D1%80%D1%83%D0%BA%D1%82%D0%BE%D1%80+%D0%B7%D0%B0%D0%BF%D1%80%D0%BE%D1%81%D0%BE%D0%B2:99
[    1914ms] [LOG] error SyntaxError: Unexpected token '_', "__ym__prom"... is not valid JSON @ https://edu.bpmsoft.ru/?s=%D0%BA%D0%BE%D0%BD%D1%81%D1%82%D1%80%D1%83%D0%BA%D1%82%D0%BE%D1%80+%D0%B7%D0%B0%D0%BF%D1%80%D0%BE%D1%81%D0%BE%D0%B2:99
[    1914ms] [LOG] error SyntaxError: Unexpected token '_', "__ym__prom"... is not valid JSON @ https://edu.bpmsoft.ru/?s=%D0%BA%D0%BE%D0%BD%D1%81%D1%82%D1%80%D1%83%D0%BA%D1%82%D0%BE%D1%80+%D0%B7%D0%B0%D0%BF%D1%80%D0%BE%D1%81%D0%BE%D0%B2:99
[    1915ms] [LOG] error SyntaxError: Unexpected token '_', "__ym__prom"... is not valid JSON @ https://edu.bpmsoft.ru/?s=%D0%BA%D0%BE%D0%BD%D1%81%D1%82%D1%80%D1%83%D0%BA%D1%82%D0%BE%D1%80+%D0%B7%D0%B0%D0%BF%D1%80%D0%BE%D1%81%D0%BE%D0%B2:99
[    1915ms] [LOG] error SyntaxError: Unexpected token '_', "__ym__prom"... is not valid JSON @ https://edu.bpmsoft.ru/?s=%D0%BA%D0%BE%D0%BD%D1%81%D1%82%D1%80%D1%83%D0%BA%D1%82%D0%BE%D1%80+%D0%B7%D0%B0%D0%BF%D1%80%D0%BE%D1%81%D0%BE%D0%B2:99
[    1916ms] [LOG] error SyntaxError: Unexpected token '_', "__ym__prom"... is not valid JSON @ https://edu.bpmsoft.ru/?s=%D0%BA%D0%BE%D0%BD%D1%81%D1%82%D1%80%D1%83%D0%BA%D1%82%D0%BE%D1%80+%D0%B7%D0%B0%D0%BF%D1%80%D0%BE%D1%81%D0%BE%D0%B2:99
[    1917ms] [LOG] error SyntaxError: Unexpected token '_', "__ym__prom"... is not valid JSON @ https://edu.bpmsoft.ru/?s=%D0%BA%D0%BE%D0%BD%D1%81%D1%82%D1%80%D1%83%D0%BA%D1%82%D0%BE%D1%80+%D0%B7%D0%B0%D0%BF%D1%80%D0%BE%D1%81%D0%BE%D0%B2:99
[    1918ms] [LOG] error SyntaxError: Unexpected token '_', "__ym__prom"... is not valid JSON @ https://edu.bpmsoft.ru/?s=%D0%BA%D0%BE%D0%BD%D1%81%D1%82%D1%80%D1%83%D0%BA%D1%82%D0%BE%D1%80+%D0%B7%D0%B0%D0%BF%D1%80%D0%BE%D1%81%D0%BE%D0%B2:99
[    1919ms] [LOG] error SyntaxError: Unexpected token '_', "__ym__prom"... is not valid JSON @ https://edu.bpmsoft.ru/?s=%D0%BA%D0%BE%D0%BD%D1%81%D1%82%D1%80%D1%83%D0%BA%D1%82%D0%BE%D1%80+%D0%B7%D0%B0%D0%BF%D1%80%D0%BE%D1%81%D0%BE%D0%B2:99
[    1919ms] [LOG] error SyntaxError: Unexpected token '_', "__ym__prom"... is not valid JSON @ https://edu.bpmsoft.ru/?s=%D0%BA%D0%BE%D0%BD%D1%81%D1%82%D1%80%D1%83%D0%BA%D1%82%D0%BE%D1%80+%D0%B7%D0%B0%D0%BF%D1%80%D0%BE%D1%81%D0%BE%D0%B2:99
[    1920ms] [LOG] error SyntaxError: Unexpected token '_', "__ym__prom"... is not valid JSON @ https://edu.bpmsoft.ru/?s=%D0%BA%D0%BE%D0%BD%D1%81%D1%82%D1%80%D1%83%D0%BA%D1%82%D0%BE%D1%80+%D0%B7%D0%B0%D0%BF%D1%80%D0%BE%D1%81%D0%BE%D0%B2:99
[    1920ms] [LOG] error SyntaxError: Unexpected token '_', "__ym__prom"... is not valid JSON @ https://edu.bpmsoft.ru/?s=%D0%BA%D0%BE%D0%BD%D1%81%D1%82%D1%80%D1%83%D0%BA%D1%82%D0%BE%D1%80+%D0%B7%D0%B0%D0%BF%D1%80%D0%BE%D1%81%D0%BE%D0%B2:99
[    1921ms] [LOG] error SyntaxError: Unexpected token '_', "__ym__prom"... is not valid JSON @ https://edu.bpmsoft.ru/?s=%D0%BA%D0%BE%D0%BD%D1%81%D1%82%D1%80%D1%83%D0%BA%D1%82%D0%BE%D1%80+%D0%B7%D0%B0%D0%BF%D1%80%D0%BE%D1%81%D0%BE%D0%B2:99
[    1921ms] [LOG] error SyntaxError: Unexpected token '_', "__ym__prom"... is not valid JSON @ https://edu.bpmsoft.ru/?s=%D0%BA%D0%BE%D0%BD%D1%81%D1%82%D1%80%D1%83%D0%BA%D1%82%D0%BE%D1%80+%D0%B7%D0%B0%D0%BF%D1%80%D0%BE%D1%81%D0%BE%D0%B2:99
[    1921ms] [LOG] error SyntaxError: Unexpected token '_', "__ym__prom"... is not valid JSON @ https://edu.bpmsoft.ru/?s=%D0%BA%D0%BE%D0%BD%D1%81%D1%82%D1%80%D1%83%D0%BA%D1%82%D0%BE%D1%80+%D0%B7%D0%B0%D0%BF%D1%80%D0%BE%D1%81%D0%BE%D0%B2:99
[    1922ms] [LOG] error SyntaxError: Unexpected token '_', "__ym__prom"... is not valid JSON @ https://edu.bpmsoft.ru/?s=%D0%BA%D0%BE%D0%BD%D1%81%D1%82%D1%80%D1%83%D0%BA%D1%82%D0%BE%D1%80+%D0%B7%D0%B0%D0%BF%D1%80%D0%BE%D1%81%D0%BE%D0%B2:99
[    1922ms] [LOG] error SyntaxError: Unexpected token '_', "__ym__prom"... is not valid JSON @ https://edu.bpmsoft.ru/?s=%D0%BA%D0%BE%D0%BD%D1%81%D1%82%D1%80%D1%83%D0%BA%D1%82%D0%BE%D1%80+%D0%B7%D0%B0%D0%BF%D1%80%D0%BE%D1%81%D0%BE%D0%B2:99
[    1922ms] [LOG] error SyntaxError: Unexpected token '_', "__ym__prom"... is not valid JSON @ https://edu.bpmsoft.ru/?s=%D0%BA%D0%BE%D0%BD%D1%81%D1%82%D1%80%D1%83%D0%BA%D1%82%D0%BE%D1%80+%D0%B7%D0%B0%D0%BF%D1%80%D0%BE%D1%81%D0%BE%D0%B2:99
[    1923ms] [LOG] error SyntaxError: Unexpected token '_', "__ym__prom"... is not valid JSON @ https://edu.bpmsoft.ru/?s=%D0%BA%D0%BE%D0%BD%D1%81%D1%82%D1%80%D1%83%D0%BA%D1%82%D0%BE%D1%80+%D0%B7%D0%B0%D0%BF%D1%80%D0%BE%D1%81%D0%BE%D0%B2:99
[    1923ms] [LOG] error SyntaxError: Unexpected token '_', "__ym__prom"... is not valid JSON @ https://edu.bpmsoft.ru/?s=%D0%BA%D0%BE%D0%BD%D1%81%D1%82%D1%80%D1%83%D0%BA%D1%82%D0%BE%D1%80+%D0%B7%D0%B0%D0%BF%D1%80%D0%BE%D1%81%D0%BE%D0%B2:99
[    1924ms] [LOG] error SyntaxError: Unexpected token '_', "__ym__prom"... is not valid JSON @ https://edu.bpmsoft.ru/?s=%D0%BA%D0%BE%D0%BD%D1%81%D1%82%D1%80%D1%83%D0%BA%D1%82%D0%BE%D1%80+%D0%B7%D0%B0%D0%BF%D1%80%D0%BE%D1%81%D0%BE%D0%B2:99
[    1924ms] [LOG] error SyntaxError: Unexpected token '_', "__ym__prom"... is not valid JSON @ https://edu.bpmsoft.ru/?s=%D0%BA%D0%BE%D0%BD%D1%81%D1%82%D1%80%D1%83%D0%BA%D1%82%D0%BE%D1%80+%D0%B7%D0%B0%D0%BF%D1%80%D0%BE%D1%81%D0%BE%D0%B2:99
[    1924ms] [LOG] error SyntaxError: Unexpected token '_', "__ym__prom"... is not valid JSON @ https://edu.bpmsoft.ru/?s=%D0%BA%D0%BE%D0%BD%D1%81%D1%82%D1%80%D1%83%D0%BA%D1%82%D0%BE%D1%80+%D0%B7%D0%B0%D0%BF%D1%80%D0%BE%D1%81%D0%BE%D0%B2:99
[    1925ms] [LOG] error SyntaxError: Unexpected token '_', "__ym__prom"... is not valid JSON @ https://edu.bpmsoft.ru/?s=%D0%BA%D0%BE%D0%BD%D1%81%D1%82%D1%80%D1%83%D0%BA%D1%82%D0%BE%D1%80+%D0%B7%D0%B0%D0%BF%D1%80%D0%BE%D1%81%D0%BE%D0%B2:99
[    1925ms] [LOG] error SyntaxError: Unexpected token '_', "__ym__prom"... is not valid JSON @ https://edu.bpmsoft.ru/?s=%D0%BA%D0%BE%D0%BD%D1%81%D1%82%D1%80%D1%83%D0%BA%D1%82%D0%BE%D1%80+%D0%B7%D0%B0%D0%BF%D1%80%D0%BE%D1%81%D0%BE%D0%B2:99
[    1926ms] [LOG] error SyntaxError: Unexpected token '_', "__ym__prom"... is not valid JSON @ https://edu.bpmsoft.ru/?s=%D0%BA%D0%BE%D0%BD%D1%81%D1%82%D1%80%D1%83%D0%BA%D1%82%D0%BE%D1%80+%D0%B7%D0%B0%D0%BF%D1%80%D0%BE%D1%81%D0%BE%D0%B2:99
[    1926ms] [LOG] error SyntaxError: Unexpected token '_', "__ym__prom"... is not valid JSON @ https://edu.bpmsoft.ru/?s=%D0%BA%D0%BE%D0%BD%D1%81%D1%82%D1%80%D1%83%D0%BA%D1%82%D0%BE%D1%80+%D0%B7%D0%B0%D0%BF%D1%80%D0%BE%D1%81%D0%BE%D0%B2:99
[    1926ms] [LOG] error SyntaxError: Unexpected token '_', "__ym__prom"... is not valid JSON @ https://edu.bpmsoft.ru/?s=%D0%BA%D0%BE%D0%BD%D1%81%D1%82%D1%80%D1%83%D0%BA%D1%82%D0%BE%D1%80+%D0%B7%D0%B0%D0%BF%D1%80%D0%BE%D1%81%D0%BE%D0%B2:99
[    1927ms] [LOG] error SyntaxError: Unexpected token '_', "__ym__prom"... is not valid JSON @ https://edu.bpmsoft.ru/?s=%D0%BA%D0%BE%D0%BD%D1%81%D1%82%D1%80%D1%83%D0%BA%D1%82%D0%BE%D1%80+%D0%B7%D0%B0%D0%BF%D1%80%D0%BE%D1%81%D0%BE%D0%B2:99
[    1927ms] [LOG] error SyntaxError: Unexpected token '_', "__ym__prom"... is not valid JSON @ https://edu.bpmsoft.ru/?s=%D0%BA%D0%BE%D0%BD%D1%81%D1%82%D1%80%D1%83%D0%BA%D1%82%D0%BE%D1%80+%D0%B7%D0%B0%D0%BF%D1%80%D0%BE%D1%81%D0%BE%D0%B2:99
[    1928ms] [LOG] error SyntaxError: Unexpected token '_', "__ym__prom"... is not valid JSON @ https://edu.bpmsoft.ru/?s=%D0%BA%D0%BE%D0%BD%D1%81%D1%82%D1%80%D1%83%D0%BA%D1%82%D0%BE%D1%80+%D0%B7%D0%B0%D0%BF%D1%80%D0%BE%D1%81%D0%BE%D0%B2:99
[    1928ms] [LOG] error SyntaxError: Unexpected token '_', "__ym__prom"... is not valid JSON @ https://edu.bpmsoft.ru/?s=%D0%BA%D0%BE%D0%BD%D1%81%D1%82%D1%80%D1%83%D0%BA%D1%82%D0%BE%D1%80+%D0%B7%D0%B0%D0%BF%D1%80%D0%BE%D1%81%D0%BE%D0%B2:99
[    1929ms] [LOG] error SyntaxError: Unexpected token '_', "__ym__prom"... is not valid JSON @ https://edu.bpmsoft.ru/?s=%D0%BA%D0%BE%D0%BD%D1%81%D1%82%D1%80%D1%83%D0%BA%D1%82%D0%BE%D1%80+%D0%B7%D0%B0%D0%BF%D1%80%D0%BE%D1%81%D0%BE%D0%B2:99
[    1929ms] [LOG] error SyntaxError: Unexpected token '_', "__ym__prom"... is not valid JSON @ https://edu.bpmsoft.ru/?s=%D0%BA%D0%BE%D0%BD%D1%81%D1%82%D1%80%D1%83%D0%BA%D1%82%D0%BE%D1%80+%D0%B7%D0%B0%D0%BF%D1%80%D0%BE%D1%81%D0%BE%D0%B2:99
[    1929ms] [LOG] error SyntaxError: Unexpected token '_', "__ym__prom"... is not valid JSON @ https://edu.bpmsoft.ru/?s=%D0%BA%D0%BE%D0%BD%D1%81%D1%82%D1%80%D1%83%D0%BA%D1%82%D0%BE%D1%80+%D0%B7%D0%B0%D0%BF%D1%80%D0%BE%D1%81%D0%BE%D0%B2:99
[    1930ms] [LOG] error SyntaxError: Unexpected token '_', "__ym__prom"... is not valid JSON @ https://edu.bpmsoft.ru/?s=%D0%BA%D0%BE%D0%BD%D1%81%D1%82%D1%80%D1%83%D0%BA%D1%82%D0%BE%D1%80+%D0%B7%D0%B0%D0%BF%D1%80%D0%BE%D1%81%D0%BE%D0%B2:99
[    1930ms] [LOG] error SyntaxError: Unexpected token '_', "__ym__prom"... is not valid JSON @ https://edu.bpmsoft.ru/?s=%D0%BA%D0%BE%D0%BD%D1%81%D1%82%D1%80%D1%83%D0%BA%D1%82%D0%BE%D1%80+%D0%B7%D0%B0%D0%BF%D1%80%D0%BE%D1%81%D0%BE%D0%B2:99
[    1931ms] [LOG] error SyntaxError: Unexpected token '_', "__ym__prom"... is not valid JSON @ https://edu.bpmsoft.ru/?s=%D0%BA%D0%BE%D0%BD%D1%81%D1%82%D1%80%D1%83%D0%BA%D1%82%D0%BE%D1%80+%D0%B7%D0%B0%D0%BF%D1%80%D0%BE%D1%81%D0%BE%D0%B2:99
[    1931ms] [LOG] error SyntaxError: Unexpected token '_', "__ym__prom"... is not valid JSON @ https://edu.bpmsoft.ru/?s=%D0%BA%D0%BE%D0%BD%D1%81%D1%82%D1%80%D1%83%D0%BA%D1%82%D0%BE%D1%80+%D0%B7%D0%B0%D0%BF%D1%80%D0%BE%D1%81%D0%BE%D0%B2:99
[    1931ms] [LOG] error SyntaxError: Unexpected token '_', "__ym__prom"... is not valid JSON @ https://edu.bpmsoft.ru/?s=%D0%BA%D0%BE%D0%BD%D1%81%D1%82%D1%80%D1%83%D0%BA%D1%82%D0%BE%D1%80+%D0%B7%D0%B0%D0%BF%D1%80%D0%BE%D1%81%D0%BE%D0%B2:99
[    1931ms] [LOG] error SyntaxError: Unexpected token '_', "__ym__prom"... is not valid JSON @ https://edu.bpmsoft.ru/?s=%D0%BA%D0%BE%D0%BD%D1%81%D1%82%D1%80%D1%83%D0%BA%D1%82%D0%BE%D1%80+%D0%B7%D0%B0%D0%BF%D1%80%D0%BE%D1%81%D0%BE%D0%B2:99
[    1932ms] [LOG] error SyntaxError: Unexpected token '_', "__ym__prom"... is not valid JSON @ https://edu.bpmsoft.ru/?s=%D0%BA%D0%BE%D0%BD%D1%81%D1%82%D1%80%D1%83%D0%BA%D1%82%D0%BE%D1%80+%D0%B7%D0%B0%D0%BF%D1%80%D0%BE%D1%81%D0%BE%D0%B2:99
[    1933ms] [LOG] error SyntaxError: Unexpected token '_', "__ym__prom"... is not valid JSON @ https://edu.bpmsoft.ru/?s=%D0%BA%D0%BE%D0%BD%D1%81%D1%82%D1%80%D1%83%D0%BA%D1%82%D0%BE%D1%80+%D0%B7%D0%B0%D0%BF%D1%80%D0%BE%D1%81%D0%BE%D0%B2:99
[    1934ms] [LOG] error SyntaxError: Unexpected token '_', "__ym__prom"... is not valid JSON @ https://edu.bpmsoft.ru/?s=%D0%BA%D0%BE%D0%BD%D1%81%D1%82%D1%80%D1%83%D0%BA%D1%82%D0%BE%D1%80+%D0%B7%D0%B0%D0%BF%D1%80%D0%BE%D1%81%D0%BE%D0%B2:99
[    1935ms] [LOG] error SyntaxError: Unexpected token '_', "__ym__prom"... is not valid JSON @ https://edu.bpmsoft.ru/?s=%D0%BA%D0%BE%D0%BD%D1%81%D1%82%D1%80%D1%83%D0%BA%D1%82%D0%BE%D1%80+%D0%B7%D0%B0%D0%BF%D1%80%D0%BE%D1%81%D0%BE%D0%B2:99
[    1935ms] [LOG] error SyntaxError: Unexpected token '_', "__ym__prom"... is not valid JSON @ https://edu.bpmsoft.ru/?s=%D0%BA%D0%BE%D0%BD%D1%81%D1%82%D1%80%D1%83%D0%BA%D1%82%D0%BE%D1%80+%D0%B7%D0%B0%D0%BF%D1%80%D0%BE%D1%81%D0%BE%D0%B2:99
[    1936ms] [LOG] error SyntaxError: Unexpected token '_', "__ym__prom"... is not valid JSON @ https://edu.bpmsoft.ru/?s=%D0%BA%D0%BE%D0%BD%D1%81%D1%82%D1%80%D1%83%D0%BA%D1%82%D0%BE%D1%80+%D0%B7%D0%B0%D0%BF%D1%80%D0%BE%D1%81%D0%BE%D0%B2:99
[    1936ms] [LOG] error SyntaxError: Unexpected token '_', "__ym__prom"... is not valid JSON @ https://edu.bpmsoft.ru/?s=%D0%BA%D0%BE%D0%BD%D1%81%D1%82%D1%80%D1%83%D0%BA%D1%82%D0%BE%D1%80+%D0%B7%D0%B0%D0%BF%D1%80%D0%BE%D1%81%D0%BE%D0%B2:99
[    1937ms] [LOG] error SyntaxError: Unexpected token '_', "__ym__prom"... is not valid JSON @ https://edu.bpmsoft.ru/?s=%D0%BA%D0%BE%D0%BD%D1%81%D1%82%D1%80%D1%83%D0%BA%D1%82%D0%BE%D1%80+%D0%B7%D0%B0%D0%BF%D1%80%D0%BE%D1%81%D0%BE%D0%B2:99
[    1937ms] [LOG] error SyntaxError: Unexpected token '_', "__ym__prom"... is not valid JSON @ https://edu.bpmsoft.ru/?s=%D0%BA%D0%BE%D0%BD%D1%81%D1%82%D1%80%D1%83%D0%BA%D1%82%D0%BE%D1%80+%D0%B7%D0%B0%D0%BF%D1%80%D0%BE%D1%81%D0%BE%D0%B2:99
[    1937ms] [LOG] error SyntaxError: Unexpected token '_', "__ym__prom"... is not valid JSON @ https://edu.bpmsoft.ru/?s=%D0%BA%D0%BE%D0%BD%D1%81%D1%82%D1%80%D1%83%D0%BA%D1%82%D0%BE%D1%80+%D0%B7%D0%B0%D0%BF%D1%80%D0%BE%D1%81%D0%BE%D0%B2:99
[    1938ms] [LOG] error SyntaxError: Unexpected token '_', "__ym__prom"... is not valid JSON @ https://edu.bpmsoft.ru/?s=%D0%BA%D0%BE%D0%BD%D1%81%D1%82%D1%80%D1%83%D0%BA%D1%82%D0%BE%D1%80+%D0%B7%D0%B0%D0%BF%D1%80%D0%BE%D1%81%D0%BE%D0%B2:99
[    1939ms] [LOG] error SyntaxError: Unexpected token '_', "__ym__prom"... is not valid JSON @ https://edu.bpmsoft.ru/?s=%D0%BA%D0%BE%D0%BD%D1%81%D1%82%D1%80%D1%83%D0%BA%D1%82%D0%BE%D1%80+%D0%B7%D0%B0%D0%BF%D1%80%D0%BE%D1%81%D0%BE%D0%B2:99
[    1939ms] [LOG] error SyntaxError: Unexpected token '_', "__ym__prom"... is not valid JSON @ https://edu.bpmsoft.ru/?s=%D0%BA%D0%BE%D0%BD%D1%81%D1%82%D1%80%D1%83%D0%BA%D1%82%D0%BE%D1%80+%D0%B7%D0%B0%D0%BF%D1%80%D0%BE%D1%81%D0%BE%D0%B2:99
[    1940ms] [LOG] error SyntaxError: Unexpected token '_', "__ym__prom"... is not valid JSON @ https://edu.bpmsoft.ru/?s=%D0%BA%D0%BE%D0%BD%D1%81%D1%82%D1%80%D1%83%D0%BA%D1%82%D0%BE%D1%80+%D0%B7%D0%B0%D0%BF%D1%80%D0%BE%D1%81%D0%BE%D0%B2:99
[    1940ms] [LOG] error SyntaxError: Unexpected token '_', "__ym__prom"... is not valid JSON @ https://edu.bpmsoft.ru/?s=%D0%BA%D0%BE%D0%BD%D1%81%D1%82%D1%80%D1%83%D0%BA%D1%82%D0%BE%D1%80+%D0%B7%D0%B0%D0%BF%D1%80%D0%BE%D1%81%D0%BE%D0%B2:99
[    1941ms] [LOG] error SyntaxError: Unexpected token '_', "__ym__prom"... is not valid JSON @ https://edu.bpmsoft.ru/?s=%D0%BA%D0%BE%D0%BD%D1%81%D1%82%D1%80%D1%83%D0%BA%D1%82%D0%BE%D1%80+%D0%B7%D0%B0%D0%BF%D1%80%D0%BE%D1%81%D0%BE%D0%B2:99
[    1942ms] [LOG] error SyntaxError: Unexpected token '_', "__ym__prom"... is not valid JSON @ https://edu.bpmsoft.ru/?s=%D0%BA%D0%BE%D0%BD%D1%81%D1%82%D1%80%D1%83%D0%BA%D1%82%D0%BE%D1%80+%D0%B7%D0%B0%D0%BF%D1%80%D0%BE%D1%81%D0%BE%D0%B2:99
[    1942ms] [LOG] error SyntaxError: Unexpected token '_', "__ym__prom"... is not valid JSON @ https://edu.bpmsoft.ru/?s=%D0%BA%D0%BE%D0%BD%D1%81%D1%82%D1%80%D1%83%D0%BA%D1%82%D0%BE%D1%80+%D0%B7%D0%B0%D0%BF%D1%80%D0%BE%D1%81%D0%BE%D0%B2:99
[    1943ms] [LOG] error SyntaxError: Unexpected token '_', "__ym__prom"... is not valid JSON @ https://edu.bpmsoft.ru/?s=%D0%BA%D0%BE%D0%BD%D1%81%D1%82%D1%80%D1%83%D0%BA%D1%82%D0%BE%D1%80+%D0%B7%D0%B0%D0%BF%D1%80%D0%BE%D1%81%D0%BE%D0%B2:99
[    1943ms] [LOG] error SyntaxError: Unexpected token '_', "__ym__prom"... is not valid JSON @ https://edu.bpmsoft.ru/?s=%D0%BA%D0%BE%D0%BD%D1%81%D1%82%D1%80%D1%83%D0%BA%D1%82%D0%BE%D1%80+%D0%B7%D0%B0%D0%BF%D1%80%D0%BE%D1%81%D0%BE%D0%B2:99
[    1944ms] [LOG] error SyntaxError: Unexpected token '_', "__ym__prom"... is not valid JSON @ https://edu.bpmsoft.ru/?s=%D0%BA%D0%BE%D0%BD%D1%81%D1%82%D1%80%D1%83%D0%BA%D1%82%D0%BE%D1%80+%D0%B7%D0%B0%D0%BF%D1%80%D0%BE%D1%81%D0%BE%D0%B2:99
[    1945ms] [LOG] error SyntaxError: Unexpected token '_', "__ym__prom"... is not valid JSON @ https://edu.bpmsoft.ru/?s=%D0%BA%D0%BE%D0%BD%D1%81%D1%82%D1%80%D1%83%D0%BA%D1%82%D0%BE%D1%80+%D0%B7%D0%B0%D0%BF%D1%80%D0%BE%D1%81%D0%BE%D0%B2:99
[    1945ms] [LOG] error SyntaxError: Unexpected token '_', "__ym__prom"... is not valid JSON @ https://edu.bpmsoft.ru/?s=%D0%BA%D0%BE%D0%BD%D1%81%D1%82%D1%80%D1%83%D0%BA%D1%82%D0%BE%D1%80+%D0%B7%D0%B0%D0%BF%D1%80%D0%BE%D1%81%D0%BE%D0%B2:99
[    1946ms] [LOG] error SyntaxError: Unexpected token '_', "__ym__prom"... is not valid JSON @ https://edu.bpmsoft.ru/?s=%D0%BA%D0%BE%D0%BD%D1%81%D1%82%D1%80%D1%83%D0%BA%D1%82%D0%BE%D1%80+%D0%B7%D0%B0%D0%BF%D1%80%D0%BE%D1%81%D0%BE%D0%B2:99
[    1946ms] [LOG] error SyntaxError: Unexpected token '_', "__ym__prom"... is not valid JSON @ https://edu.bpmsoft.ru/?s=%D0%BA%D0%BE%D0%BD%D1%81%D1%82%D1%80%D1%83%D0%BA%D1%82%D0%BE%D1%80+%D0%B7%D0%B0%D0%BF%D1%80%D0%BE%D1%81%D0%BE%D0%B2:99
[    1947ms] [LOG] error SyntaxError: Unexpected token '_', "__ym__prom"... is not valid JSON @ https://edu.bpmsoft.ru/?s=%D0%BA%D0%BE%D0%BD%D1%81%D1%82%D1%80%D1%83%D0%BA%D1%82%D0%BE%D1%80+%D0%B7%D0%B0%D0%BF%D1%80%D0%BE%D1%81%D0%BE%D0%B2:99
[    1947ms] [LOG] error SyntaxError: Unexpected token '_', "__ym__prom"... is not valid JSON @ https://edu.bpmsoft.ru/?s=%D0%BA%D0%BE%D0%BD%D1%81%D1%82%D1%80%D1%83%D0%BA%D1%82%D0%BE%D1%80+%D0%B7%D0%B0%D0%BF%D1%80%D0%BE%D1%81%D0%BE%D0%B2:99
[    1948ms] [LOG] error SyntaxError: Unexpected token '_', "__ym__prom"... is not valid JSON @ https://edu.bpmsoft.ru/?s=%D0%BA%D0%BE%D0%BD%D1%81%D1%82%D1%80%D1%83%D0%BA%D1%82%D0%BE%D1%80+%D0%B7%D0%B0%D0%BF%D1%80%D0%BE%D1%81%D0%BE%D0%B2:99
[    1948ms] [LOG] error SyntaxError: Unexpected token '_', "__ym__prom"... is not valid JSON @ https://edu.bpmsoft.ru/?s=%D0%BA%D0%BE%D0%BD%D1%81%D1%82%D1%80%D1%83%D0%BA%D1%82%D0%BE%D1%80+%D0%B7%D0%B0%D0%BF%D1%80%D0%BE%D1%81%D0%BE%D0%B2:99
[    1950ms] [LOG] error SyntaxError: Unexpected token '_', "__ym__prom"... is not valid JSON @ https://edu.bpmsoft.ru/?s=%D0%BA%D0%BE%D0%BD%D1%81%D1%82%D1%80%D1%83%D0%BA%D1%82%D0%BE%D1%80+%D0%B7%D0%B0%D0%BF%D1%80%D0%BE%D1%81%D0%BE%D0%B2:99
[    1951ms] [LOG] error SyntaxError: Unexpected token '_', "__ym__prom"... is not valid JSON @ https://edu.bpmsoft.ru/?s=%D0%BA%D0%BE%D0%BD%D1%81%D1%82%D1%80%D1%83%D0%BA%D1%82%D0%BE%D1%80+%D0%B7%D0%B0%D0%BF%D1%80%D0%BE%D1%81%D0%BE%D0%B2:99
[    1952ms] [LOG] error SyntaxError: Unexpected token '_', "__ym__prom"... is not valid JSON @ https://edu.bpmsoft.ru/?s=%D0%BA%D0%BE%D0%BD%D1%81%D1%82%D1%80%D1%83%D0%BA%D1%82%D0%BE%D1%80+%D0%B7%D0%B0%D0%BF%D1%80%D0%BE%D1%81%D0%BE%D0%B2:99
[    1953ms] [LOG] error SyntaxError: Unexpected token '_', "__ym__prom"... is not valid JSON @ https://edu.bpmsoft.ru/?s=%D0%BA%D0%BE%D0%BD%D1%81%D1%82%D1%80%D1%83%D0%BA%D1%82%D0%BE%D1%80+%D0%B7%D0%B0%D0%BF%D1%80%D0%BE%D1%81%D0%BE%D0%B2:99
[    1953ms] [LOG] error SyntaxError: Unexpected token '_', "__ym__prom"... is not valid JSON @ https://edu.bpmsoft.ru/?s=%D0%BA%D0%BE%D0%BD%D1%81%D1%82%D1%80%D1%83%D0%BA%D1%82%D0%BE%D1%80+%D0%B7%D0%B0%D0%BF%D1%80%D0%BE%D1%81%D0%BE%D0%B2:99
[    1954ms] [LOG] error SyntaxError: Unexpected token '_', "__ym__prom"... is not valid JSON @ https://edu.bpmsoft.ru/?s=%D0%BA%D0%BE%D0%BD%D1%81%D1%82%D1%80%D1%83%D0%BA%D1%82%D0%BE%D1%80+%D0%B7%D0%B0%D0%BF%D1%80%D0%BE%D1%81%D0%BE%D0%B2:99
[    1954ms] [LOG] error SyntaxError: Unexpected token '_', "__ym__prom"... is not valid JSON @ https://edu.bpmsoft.ru/?s=%D0%BA%D0%BE%D0%BD%D1%81%D1%82%D1%80%D1%83%D0%BA%D1%82%D0%BE%D1%80+%D0%B7%D0%B0%D0%BF%D1%80%D0%BE%D1%81%D0%BE%D0%B2:99
[    1955ms] [LOG] error SyntaxError: Unexpected token '_', "__ym__prom"... is not valid JSON @ https://edu.bpmsoft.ru/?s=%D0%BA%D0%BE%D0%BD%D1%81%D1%82%D1%80%D1%83%D0%BA%D1%82%D0%BE%D1%80+%D0%B7%D0%B0%D0%BF%D1%80%D0%BE%D1%81%D0%BE%D0%B2:99
[    1955ms] [LOG] error SyntaxError: Unexpected token '_', "__ym__prom"... is not valid JSON @ https://edu.bpmsoft.ru/?s=%D0%BA%D0%BE%D0%BD%D1%81%D1%82%D1%80%D1%83%D0%BA%D1%82%D0%BE%D1%80+%D0%B7%D0%B0%D0%BF%D1%80%D0%BE%D1%81%D0%BE%D0%B2:99
[    1956ms] [LOG] error SyntaxError: Unexpected token '_', "__ym__prom"... is not valid JSON @ https://edu.bpmsoft.ru/?s=%D0%BA%D0%BE%D0%BD%D1%81%D1%82%D1%80%D1%83%D0%BA%D1%82%D0%BE%D1%80+%D0%B7%D0%B0%D0%BF%D1%80%D0%BE%D1%81%D0%BE%D0%B2:99
[    1957ms] [LOG] error SyntaxError: Unexpected token '_', "__ym__prom"... is not valid JSON @ https://edu.bpmsoft.ru/?s=%D0%BA%D0%BE%D0%BD%D1%81%D1%82%D1%80%D1%83%D0%BA%D1%82%D0%BE%D1%80+%D0%B7%D0%B0%D0%BF%D1%80%D0%BE%D1%81%D0%BE%D0%B2:99
[    1957ms] [LOG] error SyntaxError: Unexpected token '_', "__ym__prom"... is not valid JSON @ https://edu.bpmsoft.ru/?s=%D0%BA%D0%BE%D0%BD%D1%81%D1%82%D1%80%D1%83%D0%BA%D1%82%D0%BE%D1%80+%D0%B7%D0%B0%D0%BF%D1%80%D0%BE%D1%81%D0%BE%D0%B2:99
[    1958ms] [LOG] error SyntaxError: Unexpected token '_', "__ym__prom"... is not valid JSON @ https://edu.bpmsoft.ru/?s=%D0%BA%D0%BE%D0%BD%D1%81%D1%82%D1%80%D1%83%D0%BA%D1%82%D0%BE%D1%80+%D0%B7%D0%B0%D0%BF%D1%80%D0%BE%D1%81%D0%BE%D0%B2:99
[    1959ms] [LOG] error SyntaxError: Unexpected token '_', "__ym__prom"... is not valid JSON @ https://edu.bpmsoft.ru/?s=%D0%BA%D0%BE%D0%BD%D1%81%D1%82%D1%80%D1%83%D0%BA%D1%82%D0%BE%D1%80+%D0%B7%D0%B0%D0%BF%D1%80%D0%BE%D1%81%D0%BE%D0%B2:99
[    1960ms] [LOG] error SyntaxError: Unexpected token '_', "__ym__prom"... is not valid JSON @ https://edu.bpmsoft.ru/?s=%D0%BA%D0%BE%D0%BD%D1%81%D1%82%D1%80%D1%83%D0%BA%D1%82%D0%BE%D1%80+%D0%B7%D0%B0%D0%BF%D1%80%D0%BE%D1%81%D0%BE%D0%B2:99
