[    1095ms] [VERBOSE] [DOM] Input elements should have autocomplete attributes (suggested: "current-password"): (More info: https://goo.gl/9p2vKq) %o @ https://edu.bpmsoft.ru/sitemap/:0
[    1095ms] [VERBOSE] [DOM] Input elements should have autocomplete attributes (suggested: "new-password"): (More info: https://goo.gl/9p2vKq) %o @ https://edu.bpmsoft.ru/sitemap/:0
[    1095ms] [VERBOSE] [DOM] Input elements should have autocomplete attributes (suggested: "new-password"): (More info: https://goo.gl/9p2vKq) %o @ https://edu.bpmsoft.ru/sitemap/:0
[    1095ms] [VERBOSE] [DOM] Input elements should have autocomplete attributes (suggested: "current-password"): (More info: https://goo.gl/9p2vKq) %o @ https://edu.bpmsoft.ru/sitemap/:0
[    1095ms] [VERBOSE] [DOM] Input elements should have autocomplete attributes (suggested: "new-password"): (More info: https://goo.gl/9p2vKq) %o @ https://edu.bpmsoft.ru/sitemap/:0
[    1095ms] [VERBOSE] [DOM] Input elements should have autocomplete attributes (suggested: "new-password"): (More info: https://goo.gl/9p2vKq) %o @ https://edu.bpmsoft.ru/sitemap/:0
[    1136ms] [ERROR] Access to fetch at 'https://ipapi.co/json' from origin 'https://edu.bpmsoft.ru' has been blocked by CORS policy: No 'Access-Control-Allow-Origin' header is present on the requested resource. @ https://edu.bpmsoft.ru/sitemap/:0
[    1136ms] [ERROR] Failed to load resource: net::ERR_FAILED @ https://ipapi.co/json:0
[    1185ms] [LOG] error SyntaxError: Unexpected token '_', "__ym__prom"... is not valid JSON @ https://edu.bpmsoft.ru/sitemap/:98
[    1186ms] [LOG] error SyntaxError: Unexpected token '_', "__ym__prom"... is not valid JSON @ https://edu.bpmsoft.ru/sitemap/:98
[    1450ms] [LOG] error SyntaxError: Unexpected token '_', "__ym__prom"... is not valid JSON @ https://edu.bpmsoft.ru/sitemap/:98
[    1454ms] [LOG] error SyntaxError: Unexpected token '_', "__ym__prom"... is not valid JSON @ https://edu.bpmsoft.ru/sitemap/:98
[    1485ms] [LOG] error SyntaxError: Unexpected token '_', "__ym__prom"... is not valid JSON @ https://edu.bpmsoft.ru/sitemap/:98
[    1488ms] [LOG] error SyntaxError: Unexpected token '_', "__ym__prom"... is not valid JSON @ https://edu.bpmsoft.ru/sitemap/:98
[    1489ms] [LOG] error SyntaxError: Unexpected token '_', "__ym__prom"... is not valid JSON @ https://edu.bpmsoft.ru/sitemap/:98
[    1731ms] [LOG] error SyntaxError: Unexpected token '_', "__ym__prom"... is not valid JSON @ https://edu.bpmsoft.ru/sitemap/:98
[    1732ms] [LOG] error SyntaxError: Unexpected token '_', "__ym__prom"... is not valid JSON @ https://edu.bpmsoft.ru/sitemap/:98
[    1734ms] [LOG] error SyntaxError: Unexpected token '_', "__ym__prom"... is not valid JSON @ https://edu.bpmsoft.ru/sitemap/:98
[    1735ms] [LOG] error SyntaxError: Unexpected token '_', "__ym__prom"... is not valid JSON @ https://edu.bpmsoft.ru/sitemap/:98
[    1736ms] [LOG] error SyntaxError: Unexpected token '_', "__ym__prom"... is not valid JSON @ https://edu.bpmsoft.ru/sitemap/:98
[    1736ms] [LOG] error SyntaxError: Unexpected token '_', "__ym__prom"... is not valid JSON @ https://edu.bpmsoft.ru/sitemap/:98
[    1737ms] [LOG] error SyntaxError: Unexpected token '_', "__ym__prom"... is not valid JSON @ https://edu.bpmsoft.ru/sitemap/:98
[    1738ms] [LOG] error SyntaxError: Unexpected token '_', "__ym__prom"... is not valid JSON @ https://edu.bpmsoft.ru/sitemap/:98
[    1739ms] [LOG] error SyntaxError: Unexpected token '_', "__ym__prom"... is not valid JSON @ https://edu.bpmsoft.ru/sitemap/:98
[    1740ms] [LOG] error SyntaxError: Unexpected token '_', "__ym__prom"... is not valid JSON @ https://edu.bpmsoft.ru/sitemap/:98
[    1740ms] [LOG] error SyntaxError: Unexpected token '_', "__ym__prom"... is not valid JSON @ https://edu.bpmsoft.ru/sitemap/:98
[    1741ms] [LOG] error SyntaxError: Unexpected token '_', "__ym__prom"... is not valid JSON @ https://edu.bpmsoft.ru/sitemap/:98
[    1742ms] [LOG] error SyntaxError: Unexpected token '_', "__ym__prom"... is not valid JSON @ https://edu.bpmsoft.ru/sitemap/:98
[    1743ms] [LOG] error SyntaxError: Unexpected token '_', "__ym__prom"... is not valid JSON @ https://edu.bpmsoft.ru/sitemap/:98
[    1743ms] [LOG] error SyntaxError: Unexpected token '_', "__ym__prom"... is not valid JSON @ https://edu.bpmsoft.ru/sitemap/:98
[    1744ms] [LOG] error SyntaxError: Unexpected token '_', "__ym__prom"... is not valid JSON @ https://edu.bpmsoft.ru/sitemap/:98
[    1744ms] [LOG] error SyntaxError: Unexpected token '_', "__ym__prom"... is not valid JSON @ https://edu.bpmsoft.ru/sitemap/:98
[    1746ms] [LOG] error SyntaxError: Unexpected token '_', "__ym__prom"... is not valid JSON @ https://edu.bpmsoft.ru/sitemap/:98
[    1747ms] [LOG] error SyntaxError: Unexpected token '_', "__ym__prom"... is not valid JSON @ https://edu.bpmsoft.ru/sitemap/:98
[    1748ms] [LOG] error SyntaxError: Unexpected token '_', "__ym__prom"... is not valid JSON @ https://edu.bpmsoft.ru/sitemap/:98
[    1749ms] [LOG] error SyntaxError: Unexpected token '_', "__ym__prom"... is not valid JSON @ https://edu.bpmsoft.ru/sitemap/:98
[    1750ms] [LOG] error SyntaxError: Unexpected token '_', "__ym__prom"... is not valid JSON @ https://edu.bpmsoft.ru/sitemap/:98
[    1750ms] [LOG] error SyntaxError: Unexpected token '_', "__ym__prom"... is not valid JSON @ https://edu.bpmsoft.ru/sitemap/:98
[    1751ms] [LOG] error SyntaxError: Unexpected token '_', "__ym__prom"... is not valid JSON @ https://edu.bpmsoft.ru/sitemap/:98
[    1752ms] [LOG] error SyntaxError: Unexpected token '_', "__ym__prom"... is not valid JSON @ https://edu.bpmsoft.ru/sitemap/:98
[    1752ms] [LOG] error SyntaxError: Unexpected token '_', "__ym__prom"... is not valid JSON @ https://edu.bpmsoft.ru/sitemap/:98
[    1753ms] [LOG] error SyntaxError: Unexpected token '_', "__ym__prom"... is not valid JSON @ https://edu.bpmsoft.ru/sitemap/:98
[    1754ms] [LOG] error SyntaxError: Unexpected token '_', "__ym__prom"... is not valid JSON @ https://edu.bpmsoft.ru/sitemap/:98
[    1754ms] [LOG] error SyntaxError: Unexpected token '_', "__ym__prom"... is not valid JSON @ https://edu.bpmsoft.ru/sitemap/:98
[    1755ms] [LOG] error SyntaxError: Unexpected token '_', "__ym__prom"... is not valid JSON @ https://edu.bpmsoft.ru/sitemap/:98
[    1756ms] [LOG] error SyntaxError: Unexpected token '_', "__ym__prom"... is not valid JSON @ https://edu.bpmsoft.ru/sitemap/:98
[    1756ms] [LOG] error SyntaxError: Unexpected token '_', "__ym__prom"... is not valid JSON @ https://edu.bpmsoft.ru/sitemap/:98
[    1757ms] [LOG] error SyntaxError: Unexpected token '_', "__ym__prom"... is not valid JSON @ https://edu.bpmsoft.ru/sitemap/:98
[    1758ms] [LOG] error SyntaxError: Unexpected token '_', "__ym__prom"... is not valid JSON @ https://edu.bpmsoft.ru/sitemap/:98
[    1758ms] [LOG] error SyntaxError: Unexpected token '_', "__ym__prom"... is not valid JSON @ https://edu.bpmsoft.ru/sitemap/:98
[    1759ms] [LOG] error SyntaxError: Unexpected token '_', "__ym__prom"... is not valid JSON @ https://edu.bpmsoft.ru/sitemap/:98
[    1760ms] [LOG] error SyntaxError: Unexpected token '_', "__ym__prom"... is not valid JSON @ https://edu.bpmsoft.ru/sitemap/:98
[    1761ms] [LOG] error SyntaxError: Unexpected token '_', "__ym__prom"... is not valid JSON @ https://edu.bpmsoft.ru/sitemap/:98
[    1762ms] [LOG] error SyntaxError: Unexpected token '_', "__ym__prom"... is not valid JSON @ https://edu.bpmsoft.ru/sitemap/:98
[    1763ms] [LOG] error SyntaxError: Unexpected token '_', "__ym__prom"... is not valid JSON @ https://edu.bpmsoft.ru/sitemap/:98
[    1764ms] [LOG] error SyntaxError: Unexpected token '_', "__ym__prom"... is not valid JSON @ https://edu.bpmsoft.ru/sitemap/:98
[    1765ms] [LOG] error SyntaxError: Unexpected token '_', "__ym__prom"... is not valid JSON @ https://edu.bpmsoft.ru/sitemap/:98
[    1766ms] [LOG] error SyntaxError: Unexpected token '_', "__ym__prom"... is not valid JSON @ https://edu.bpmsoft.ru/sitemap/:98
[    1767ms] [LOG] error SyntaxError: Unexpected token '_', "__ym__prom"... is not valid JSON @ https://edu.bpmsoft.ru/sitemap/:98
[    1768ms] [LOG] error SyntaxError: Unexpected token '_', "__ym__prom"... is not valid JSON @ https://edu.bpmsoft.ru/sitemap/:98
[    1768ms] [LOG] error SyntaxError: Unexpected token '_', "__ym__prom"... is not valid JSON @ https://edu.bpmsoft.ru/sitemap/:98
[    1769ms] [LOG] error SyntaxError: Unexpected token '_', "__ym__prom"... is not valid JSON @ https://edu.bpmsoft.ru/sitemap/:98
[    1769ms] [LOG] error SyntaxError: Unexpected token '_', "__ym__prom"... is not valid JSON @ https://edu.bpmsoft.ru/sitemap/:98
[    1770ms] [LOG] error SyntaxError: Unexpected token '_', "__ym__prom"... is not valid JSON @ https://edu.bpmsoft.ru/sitemap/:98
[    1771ms] [LOG] error SyntaxError: Unexpected token '_', "__ym__prom"... is not valid JSON @ https://edu.bpmsoft.ru/sitemap/:98
[    1771ms] [LOG] error SyntaxError: Unexpected token '_', "__ym__prom"... is not valid JSON @ https://edu.bpmsoft.ru/sitemap/:98
[    1772ms] [LOG] error SyntaxError: Unexpected token '_', "__ym__prom"... is not valid JSON @ https://edu.bpmsoft.ru/sitemap/:98
[    1773ms] [LOG] error SyntaxError: Unexpected token '_', "__ym__prom"... is not valid JSON @ https://edu.bpmsoft.ru/sitemap/:98
[    1774ms] [LOG] error SyntaxError: Unexpected token '_', "__ym__prom"... is not valid JSON @ https://edu.bpmsoft.ru/sitemap/:98
[    1774ms] [LOG] error SyntaxError: Unexpected token '_', "__ym__prom"... is not valid JSON @ https://edu.bpmsoft.ru/sitemap/:98
[    1775ms] [LOG] error SyntaxError: Unexpected token '_', "__ym__prom"... is not valid JSON @ https://edu.bpmsoft.ru/sitemap/:98
[    1775ms] [LOG] error SyntaxError: Unexpected token '_', "__ym__prom"... is not valid JSON @ https://edu.bpmsoft.ru/sitemap/:98
[    1776ms] [LOG] error SyntaxError: Unexpected token '_', "__ym__prom"... is not valid JSON @ https://edu.bpmsoft.ru/sitemap/:98
[    1777ms] [LOG] error SyntaxError: Unexpected token '_', "__ym__prom"... is not valid JSON @ https://edu.bpmsoft.ru/sitemap/:98
[    1777ms] [LOG] error SyntaxError: Unexpected token '_', "__ym__prom"... is not valid JSON @ https://edu.bpmsoft.ru/sitemap/:98
[    1778ms] [LOG] error SyntaxError: Unexpected token '_', "__ym__prom"... is not valid JSON @ https://edu.bpmsoft.ru/sitemap/:98
[    1779ms] [LOG] error SyntaxError: Unexpected token '_', "__ym__prom"... is not valid JSON @ https://edu.bpmsoft.ru/sitemap/:98
[    1781ms] [LOG] error SyntaxError: Unexpected token '_', "__ym__prom"... is not valid JSON @ https://edu.bpmsoft.ru/sitemap/:98
[    1781ms] [LOG] error SyntaxError: Unexpected token '_', "__ym__prom"... is not valid JSON @ https://edu.bpmsoft.ru/sitemap/:98
[    1782ms] [LOG] error SyntaxError: Unexpected token '_', "__ym__prom"... is not valid JSON @ https://edu.bpmsoft.ru/sitemap/:98
[    1783ms] [LOG] error SyntaxError: Unexpected token '_', "__ym__prom"... is not valid JSON @ https://edu.bpmsoft.ru/sitemap/:98
[    1783ms] [LOG] error SyntaxError: Unexpected token '_', "__ym__prom"... is not valid JSON @ https://edu.bpmsoft.ru/sitemap/:98
[    1784ms] [LOG] error SyntaxError: Unexpected token '_', "__ym__prom"... is not valid JSON @ https://edu.bpmsoft.ru/sitemap/:98
[    1784ms] [LOG] error SyntaxError: Unexpected token '_', "__ym__prom"... is not valid JSON @ https://edu.bpmsoft.ru/sitemap/:98
[    1785ms] [LOG] error SyntaxError: Unexpected token '_', "__ym__prom"... is not valid JSON @ https://edu.bpmsoft.ru/sitemap/:98
[    1786ms] [LOG] error SyntaxError: Unexpected token '_', "__ym__prom"... is not valid JSON @ https://edu.bpmsoft.ru/sitemap/:98
[    1787ms] [LOG] error SyntaxError: Unexpected token '_', "__ym__prom"... is not valid JSON @ https://edu.bpmsoft.ru/sitemap/:98
[    1788ms] [LOG] error SyntaxError: Unexpected token '_', "__ym__prom"... is not valid JSON @ https://edu.bpmsoft.ru/sitemap/:98
[    1789ms] [LOG] error SyntaxError: Unexpected token '_', "__ym__prom"... is not valid JSON @ https://edu.bpmsoft.ru/sitemap/:98
[    1790ms] [LOG] error SyntaxError: Unexpected token '_', "__ym__prom"... is not valid JSON @ https://edu.bpmsoft.ru/sitemap/:98
[    1790ms] [LOG] error SyntaxError: Unexpected token '_', "__ym__prom"... is not valid JSON @ https://edu.bpmsoft.ru/sitemap/:98
[    1791ms] [LOG] error SyntaxError: Unexpected token '_', "__ym__prom"... is not valid JSON @ https://edu.bpmsoft.ru/sitemap/:98
[    1791ms] [LOG] error SyntaxError: Unexpected token '_', "__ym__prom"... is not valid JSON @ https://edu.bpmsoft.ru/sitemap/:98
[    1792ms] [LOG] error SyntaxError: Unexpected token '_', "__ym__prom"... is not valid JSON @ https://edu.bpmsoft.ru/sitemap/:98
[    1793ms] [LOG] error SyntaxError: Unexpected token '_', "__ym__prom"... is not valid JSON @ https://edu.bpmsoft.ru/sitemap/:98
[    1793ms] [LOG] error SyntaxError: Unexpected token '_', "__ym__prom"... is not valid JSON @ https://edu.bpmsoft.ru/sitemap/:98
[    1794ms] [LOG] error SyntaxError: Unexpected token '_', "__ym__prom"... is not valid JSON @ https://edu.bpmsoft.ru/sitemap/:98
[    1795ms] [LOG] error SyntaxError: Unexpected token '_', "__ym__prom"... is not valid JSON @ https://edu.bpmsoft.ru/sitemap/:98
[    1796ms] [LOG] error SyntaxError: Unexpected token '_', "__ym__prom"... is not valid JSON @ https://edu.bpmsoft.ru/sitemap/:98
[    1797ms] [LOG] error SyntaxError: Unexpected token '_', "__ym__prom"... is not valid JSON @ https://edu.bpmsoft.ru/sitemap/:98
[    1798ms] [LOG] error SyntaxError: Unexpected token '_', "__ym__prom"... is not valid JSON @ https://edu.bpmsoft.ru/sitemap/:98
[    1799ms] [LOG] error SyntaxError: Unexpected token '_', "__ym__prom"... is not valid JSON @ https://edu.bpmsoft.ru/sitemap/:98
[    1799ms] [LOG] error SyntaxError: Unexpected token '_', "__ym__prom"... is not valid JSON @ https://edu.bpmsoft.ru/sitemap/:98
[    1800ms] [LOG] error SyntaxError: Unexpected token '_', "__ym__prom"... is not valid JSON @ https://edu.bpmsoft.ru/sitemap/:98
[    1801ms] [LOG] error SyntaxError: Unexpected token '_', "__ym__prom"... is not valid JSON @ https://edu.bpmsoft.ru/sitemap/:98
[    1801ms] [LOG] error SyntaxError: Unexpected token '_', "__ym__prom"... is not valid JSON @ https://edu.bpmsoft.ru/sitemap/:98
[    1802ms] [LOG] error SyntaxError: Unexpected token '_', "__ym__prom"... is not valid JSON @ https://edu.bpmsoft.ru/sitemap/:98
[    1803ms] [LOG] error SyntaxError: Unexpected token '_', "__ym__prom"... is not valid JSON @ https://edu.bpmsoft.ru/sitemap/:98
[    1804ms] [LOG] error SyntaxError: Unexpected token '_', "__ym__prom"... is not valid JSON @ https://edu.bpmsoft.ru/sitemap/:98
[    1804ms] [LOG] error SyntaxError: Unexpected token '_', "__ym__prom"... is not valid JSON @ https://edu.bpmsoft.ru/sitemap/:98
[    1805ms] [LOG] error SyntaxError: Unexpected token '_', "__ym__prom"... is not valid JSON @ https://edu.bpmsoft.ru/sitemap/:98
[    1805ms] [LOG] error SyntaxError: Unexpected token '_', "__ym__prom"... is not valid JSON @ https://edu.bpmsoft.ru/sitemap/:98
[    1806ms] [LOG] error SyntaxError: Unexpected token '_', "__ym__prom"... is not valid JSON @ https://edu.bpmsoft.ru/sitemap/:98
[    1806ms] [LOG] error SyntaxError: Unexpected token '_', "__ym__prom"... is not valid JSON @ https://edu.bpmsoft.ru/sitemap/:98
[    1806ms] [LOG] error SyntaxError: Unexpected token '_', "__ym__prom"... is not valid JSON @ https://edu.bpmsoft.ru/sitemap/:98
[    1807ms] [LOG] error SyntaxError: Unexpected token '_', "__ym__prom"... is not valid JSON @ https://edu.bpmsoft.ru/sitemap/:98
[    1807ms] [LOG] error SyntaxError: Unexpected token '_', "__ym__prom"... is not valid JSON @ https://edu.bpmsoft.ru/sitemap/:98
[    1808ms] [LOG] error SyntaxError: Unexpected token '_', "__ym__prom"... is not valid JSON @ https://edu.bpmsoft.ru/sitemap/:98
[    1808ms] [LOG] error SyntaxError: Unexpected token '_', "__ym__prom"... is not valid JSON @ https://edu.bpmsoft.ru/sitemap/:98
[    1808ms] [LOG] error SyntaxError: Unexpected token '_', "__ym__prom"... is not valid JSON @ https://edu.bpmsoft.ru/sitemap/:98
[    1809ms] [LOG] error SyntaxError: Unexpected token '_', "__ym__prom"... is not valid JSON @ https://edu.bpmsoft.ru/sitemap/:98
[    1809ms] [LOG] error SyntaxError: Unexpected token '_', "__ym__prom"... is not valid JSON @ https://edu.bpmsoft.ru/sitemap/:98
[    1810ms] [LOG] error SyntaxError: Unexpected token '_', "__ym__prom"... is not valid JSON @ https://edu.bpmsoft.ru/sitemap/:98
[    1810ms] [LOG] error SyntaxError: Unexpected token '_', "__ym__prom"... is not valid JSON @ https://edu.bpmsoft.ru/sitemap/:98
[    1811ms] [LOG] error SyntaxError: Unexpected token '_', "__ym__prom"... is not valid JSON @ https://edu.bpmsoft.ru/sitemap/:98
[    1811ms] [LOG] error SyntaxError: Unexpected token '_', "__ym__prom"... is not valid JSON @ https://edu.bpmsoft.ru/sitemap/:98
[    1812ms] [LOG] error SyntaxError: Unexpected token '_', "__ym__prom"... is not valid JSON @ https://edu.bpmsoft.ru/sitemap/:98
[    1812ms] [LOG] error SyntaxError: Unexpected token '_', "__ym__prom"... is not valid JSON @ https://edu.bpmsoft.ru/sitemap/:98
[    1813ms] [LOG] error SyntaxError: Unexpected token '_', "__ym__prom"... is not valid JSON @ https://edu.bpmsoft.ru/sitemap/:98
[    1814ms] [LOG] error SyntaxError: Unexpected token '_', "__ym__prom"... is not valid JSON @ https://edu.bpmsoft.ru/sitemap/:98
[    1814ms] [LOG] error SyntaxError: Unexpected token '_', "__ym__prom"... is not valid JSON @ https://edu.bpmsoft.ru/sitemap/:98
[    1815ms] [LOG] error SyntaxError: Unexpected token '_', "__ym__prom"... is not valid JSON @ https://edu.bpmsoft.ru/sitemap/:98
[    1815ms] [LOG] error SyntaxError: Unexpected token '_', "__ym__prom"... is not valid JSON @ https://edu.bpmsoft.ru/sitemap/:98
[    1816ms] [LOG] error SyntaxError: Unexpected token '_', "__ym__prom"... is not valid JSON @ https://edu.bpmsoft.ru/sitemap/:98
[    1816ms] [LOG] error SyntaxError: Unexpected token '_', "__ym__prom"... is not valid JSON @ https://edu.bpmsoft.ru/sitemap/:98
[    1816ms] [LOG] error SyntaxError: Unexpected token '_', "__ym__prom"... is not valid JSON @ https://edu.bpmsoft.ru/sitemap/:98
[    1817ms] [LOG] error SyntaxError: Unexpected token '_', "__ym__prom"... is not valid JSON @ https://edu.bpmsoft.ru/sitemap/:98
[    1817ms] [LOG] error SyntaxError: Unexpected token '_', "__ym__prom"... is not valid JSON @ https://edu.bpmsoft.ru/sitemap/:98
[    1818ms] [LOG] error SyntaxError: Unexpected token '_', "__ym__prom"... is not valid JSON @ https://edu.bpmsoft.ru/sitemap/:98
[    1818ms] [LOG] error SyntaxError: Unexpected token '_', "__ym__prom"... is not valid JSON @ https://edu.bpmsoft.ru/sitemap/:98
[    1818ms] [LOG] error SyntaxError: Unexpected token '_', "__ym__prom"... is not valid JSON @ https://edu.bpmsoft.ru/sitemap/:98
[    1819ms] [LOG] error SyntaxError: Unexpected token '_', "__ym__prom"... is not valid JSON @ https://edu.bpmsoft.ru/sitemap/:98
[    1819ms] [LOG] error SyntaxError: Unexpected token '_', "__ym__prom"... is not valid JSON @ https://edu.bpmsoft.ru/sitemap/:98
[    1819ms] [LOG] error SyntaxError: Unexpected token '_', "__ym__prom"... is not valid JSON @ https://edu.bpmsoft.ru/sitemap/:98
[    1820ms] [LOG] error SyntaxError: Unexpected token '_', "__ym__prom"... is not valid JSON @ https://edu.bpmsoft.ru/sitemap/:98
[    1820ms] [LOG] error SyntaxError: Unexpected token '_', "__ym__prom"... is not valid JSON @ https://edu.bpmsoft.ru/sitemap/:98
[    1820ms] [LOG] error SyntaxError: Unexpected token '_', "__ym__prom"... is not valid JSON @ https://edu.bpmsoft.ru/sitemap/:98
[    1821ms] [LOG] error SyntaxError: Unexpected token '_', "__ym__prom"... is not valid JSON @ https://edu.bpmsoft.ru/sitemap/:98
[    1821ms] [LOG] error SyntaxError: Unexpected token '_', "__ym__prom"... is not valid JSON @ https://edu.bpmsoft.ru/sitemap/:98
[    1821ms] [LOG] error SyntaxError: Unexpected token '_', "__ym__prom"... is not valid JSON @ https://edu.bpmsoft.ru/sitemap/:98
[    1822ms] [LOG] error SyntaxError: Unexpected token '_', "__ym__prom"... is not valid JSON @ https://edu.bpmsoft.ru/sitemap/:98
[    1822ms] [LOG] error SyntaxError: Unexpected token '_', "__ym__prom"... is not valid JSON @ https://edu.bpmsoft.ru/sitemap/:98
[    1822ms] [LOG] error SyntaxError: Unexpected token '_', "__ym__prom"... is not valid JSON @ https://edu.bpmsoft.ru/sitemap/:98
[    1822ms] [LOG] error SyntaxError: Unexpected token '_', "__ym__prom"... is not valid JSON @ https://edu.bpmsoft.ru/sitemap/:98
[    1823ms] [LOG] error SyntaxError: Unexpected token '_', "__ym__prom"... is not valid JSON @ https://edu.bpmsoft.ru/sitemap/:98
[    1823ms] [LOG] error SyntaxError: Unexpected token '_', "__ym__prom"... is not valid JSON @ https://edu.bpmsoft.ru/sitemap/:98
[    1823ms] [LOG] error SyntaxError: Unexpected token '_', "__ym__prom"... is not valid JSON @ https://edu.bpmsoft.ru/sitemap/:98
[    1824ms] [LOG] error SyntaxError: Unexpected token '_', "__ym__prom"... is not valid JSON @ https://edu.bpmsoft.ru/sitemap/:98
[    1824ms] [LOG] error SyntaxError: Unexpected token '_', "__ym__prom"... is not valid JSON @ https://edu.bpmsoft.ru/sitemap/:98
[    1824ms] [LOG] error SyntaxError: Unexpected token '_', "__ym__prom"... is not valid JSON @ https://edu.bpmsoft.ru/sitemap/:98
[    1825ms] [LOG] error SyntaxError: Unexpected token '_', "__ym__prom"... is not valid JSON @ https://edu.bpmsoft.ru/sitemap/:98
[    1825ms] [LOG] error SyntaxError: Unexpected token '_', "__ym__prom"... is not valid JSON @ https://edu.bpmsoft.ru/sitemap/:98
[    1825ms] [LOG] error SyntaxError: Unexpected token '_', "__ym__prom"... is not valid JSON @ https://edu.bpmsoft.ru/sitemap/:98
[    1825ms] [LOG] error SyntaxError: Unexpected token '_', "__ym__prom"... is not valid JSON @ https://edu.bpmsoft.ru/sitemap/:98
[    1826ms] [LOG] error SyntaxError: Unexpected token '_', "__ym__prom"... is not valid JSON @ https://edu.bpmsoft.ru/sitemap/:98
[    1826ms] [LOG] error SyntaxError: Unexpected token '_', "__ym__prom"... is not valid JSON @ https://edu.bpmsoft.ru/sitemap/:98
[    1826ms] [LOG] error SyntaxError: Unexpected token '_', "__ym__prom"... is not valid JSON @ https://edu.bpmsoft.ru/sitemap/:98
[    1827ms] [LOG] error SyntaxError: Unexpected token '_', "__ym__prom"... is not valid JSON @ https://edu.bpmsoft.ru/sitemap/:98
[    1827ms] [LOG] error SyntaxError: Unexpected token '_', "__ym__prom"... is not valid JSON @ https://edu.bpmsoft.ru/sitemap/:98
[    1827ms] [LOG] error SyntaxError: Unexpected token '_', "__ym__prom"... is not valid JSON @ https://edu.bpmsoft.ru/sitemap/:98
[    1828ms] [LOG] error SyntaxError: Unexpected token '_', "__ym__prom"... is not valid JSON @ https://edu.bpmsoft.ru/sitemap/:98
[    1828ms] [LOG] error SyntaxError: Unexpected token '_', "__ym__prom"... is not valid JSON @ https://edu.bpmsoft.ru/sitemap/:98
[    1829ms] [LOG] error SyntaxError: Unexpected token '_', "__ym__prom"... is not valid JSON @ https://edu.bpmsoft.ru/sitemap/:98
[    1829ms] [LOG] error SyntaxError: Unexpected token '_', "__ym__prom"... is not valid JSON @ https://edu.bpmsoft.ru/sitemap/:98
[    1830ms] [LOG] error SyntaxError: Unexpected token '_', "__ym__prom"... is not valid JSON @ https://edu.bpmsoft.ru/sitemap/:98
[    1831ms] [LOG] error SyntaxError: Unexpected token '_', "__ym__prom"... is not valid JSON @ https://edu.bpmsoft.ru/sitemap/:98
