[     349ms] [ERROR] Failed to load resource: the server responded with a status of 404 (Not Found) @ https://bpmsoft.ru/baza-zaniy/magazin-prilozheniy/konstruktor-zaprosov/?version=1.9:0
[     649ms] [LOG] error SyntaxError: Unexpected token '_', "__ym__prom"... is not valid JSON @ https://bpmsoft.ru/baza-zaniy/magazin-prilozheniy/konstruktor-zaprosov/?version=1.9:101
[     650ms] [LOG] error SyntaxError: Unexpected token '_', "__ym__prom"... is not valid JSON @ https://bpmsoft.ru/baza-zaniy/magazin-prilozheniy/konstruktor-zaprosov/?version=1.9:101
[     685ms] [LOG] error SyntaxError: Unexpected token '_', "__ym__prom"... is not valid JSON @ https://bpmsoft.ru/baza-zaniy/magazin-prilozheniy/konstruktor-zaprosov/?version=1.9:101
[     693ms] [LOG] error SyntaxError: Unexpected token '_', "__ym__prom"... is not valid JSON @ https://bpmsoft.ru/baza-zaniy/magazin-prilozheniy/konstruktor-zaprosov/?version=1.9:101
[     695ms] [LOG] error SyntaxError: Unexpected token '_', "__ym__prom"... is not valid JSON @ https://bpmsoft.ru/baza-zaniy/magazin-prilozheniy/konstruktor-zaprosov/?version=1.9:101
[     697ms] [LOG] error SyntaxError: Unexpected token '_', "__ym__prom"... is not valid JSON @ https://bpmsoft.ru/baza-zaniy/magazin-prilozheniy/konstruktor-zaprosov/?version=1.9:101
[     698ms] [LOG] error SyntaxError: Unexpected token '_', "__ym__prom"... is not valid JSON @ https://bpmsoft.ru/baza-zaniy/magazin-prilozheniy/konstruktor-zaprosov/?version=1.9:101
[     699ms] [LOG] error SyntaxError: Unexpected token '_', "__ym__prom"... is not valid JSON @ https://bpmsoft.ru/baza-zaniy/magazin-prilozheniy/konstruktor-zaprosov/?version=1.9:101
[     977ms] [VERBOSE] [DOM] Input elements should have autocomplete attributes (suggested: "current-password"): (More info: https://goo.gl/9p2vKq) %o @ https://bpmsoft.ru/baza-zaniy/magazin-prilozheniy/konstruktor-zaprosov/?version=1.9:0
[     977ms] [VERBOSE] [DOM] Input elements should have autocomplete attributes (suggested: "new-password"): (More info: https://goo.gl/9p2vKq) %o @ https://bpmsoft.ru/baza-zaniy/magazin-prilozheniy/konstruktor-zaprosov/?version=1.9:0
[     977ms] [VERBOSE] [DOM] Input elements should have autocomplete attributes (suggested: "new-password"): (More info: https://goo.gl/9p2vKq) %o @ https://bpmsoft.ru/baza-zaniy/magazin-prilozheniy/konstruktor-zaprosov/?version=1.9:0
[     977ms] [VERBOSE] [DOM] Input elements should have autocomplete attributes (suggested: "current-password"): (More info: https://goo.gl/9p2vKq) %o @ https://bpmsoft.ru/baza-zaniy/magazin-prilozheniy/konstruktor-zaprosov/?version=1.9:0
[     977ms] [VERBOSE] [DOM] Input elements should have autocomplete attributes (suggested: "new-password"): (More info: https://goo.gl/9p2vKq) %o @ https://bpmsoft.ru/baza-zaniy/magazin-prilozheniy/konstruktor-zaprosov/?version=1.9:0
[     977ms] [VERBOSE] [DOM] Input elements should have autocomplete attributes (suggested: "new-password"): (More info: https://goo.gl/9p2vKq) %o @ https://bpmsoft.ru/baza-zaniy/magazin-prilozheniy/konstruktor-zaprosov/?version=1.9:0
[    1000ms] [ERROR] Access to fetch at 'https://ipapi.co/json' from origin 'https://bpmsoft.ru' has been blocked by CORS policy: No 'Access-Control-Allow-Origin' header is present on the requested resource. @ https://bpmsoft.ru/baza-zaniy/magazin-prilozheniy/konstruktor-zaprosov/?version=1.9:0
[    1000ms] [ERROR] Failed to load resource: net::ERR_FAILED @ https://ipapi.co/json:0
[    1364ms] [LOG] error SyntaxError: Unexpected token '_', "__ym__prom"... is not valid JSON @ https://bpmsoft.ru/baza-zaniy/magazin-prilozheniy/konstruktor-zaprosov/?version=1.9:101
[    1365ms] [LOG] error SyntaxError: Unexpected token '_', "__ym__prom"... is not valid JSON @ https://bpmsoft.ru/baza-zaniy/magazin-prilozheniy/konstruktor-zaprosov/?version=1.9:101
[    1365ms] [LOG] error SyntaxError: Unexpected token '_', "__ym__prom"... is not valid JSON @ https://bpmsoft.ru/baza-zaniy/magazin-prilozheniy/konstruktor-zaprosov/?version=1.9:101
[    1366ms] [LOG] error SyntaxError: Unexpected token '_', "__ym__prom"... is not valid JSON @ https://bpmsoft.ru/baza-zaniy/magazin-prilozheniy/konstruktor-zaprosov/?version=1.9:101
[    1367ms] [LOG] error SyntaxError: Unexpected token '_', "__ym__prom"... is not valid JSON @ https://bpmsoft.ru/baza-zaniy/magazin-prilozheniy/konstruktor-zaprosov/?version=1.9:101
[    1368ms] [LOG] error SyntaxError: Unexpected token '_', "__ym__prom"... is not valid JSON @ https://bpmsoft.ru/baza-zaniy/magazin-prilozheniy/konstruktor-zaprosov/?version=1.9:101
[    1369ms] [LOG] error SyntaxError: Unexpected token '_', "__ym__prom"... is not valid JSON @ https://bpmsoft.ru/baza-zaniy/magazin-prilozheniy/konstruktor-zaprosov/?version=1.9:101
[    1370ms] [LOG] error SyntaxError: Unexpected token '_', "__ym__prom"... is not valid JSON @ https://bpmsoft.ru/baza-zaniy/magazin-prilozheniy/konstruktor-zaprosov/?version=1.9:101
[    1370ms] [LOG] error SyntaxError: Unexpected token '_', "__ym__prom"... is not valid JSON @ https://bpmsoft.ru/baza-zaniy/magazin-prilozheniy/konstruktor-zaprosov/?version=1.9:101
[    1372ms] [LOG] error SyntaxError: Unexpected token '_', "__ym__prom"... is not valid JSON @ https://bpmsoft.ru/baza-zaniy/magazin-prilozheniy/konstruktor-zaprosov/?version=1.9:101
[    1372ms] [LOG] error SyntaxError: Unexpected token '_', "__ym__prom"... is not valid JSON @ https://bpmsoft.ru/baza-zaniy/magazin-prilozheniy/konstruktor-zaprosov/?version=1.9:101
[    1373ms] [LOG] error SyntaxError: Unexpected token '_', "__ym__prom"... is not valid JSON @ https://bpmsoft.ru/baza-zaniy/magazin-prilozheniy/konstruktor-zaprosov/?version=1.9:101
[    1374ms] [LOG] error SyntaxError: Unexpected token '_', "__ym__prom"... is not valid JSON @ https://bpmsoft.ru/baza-zaniy/magazin-prilozheniy/konstruktor-zaprosov/?version=1.9:101
[    1377ms] [LOG] error SyntaxError: Unexpected token '_', "__ym__prom"... is not valid JSON @ https://bpmsoft.ru/baza-zaniy/magazin-prilozheniy/konstruktor-zaprosov/?version=1.9:101
[    1378ms] [LOG] error SyntaxError: Unexpected token '_', "__ym__prom"... is not valid JSON @ https://bpmsoft.ru/baza-zaniy/magazin-prilozheniy/konstruktor-zaprosov/?version=1.9:101
[    1380ms] [LOG] error SyntaxError: Unexpected token '_', "__ym__prom"... is not valid JSON @ https://bpmsoft.ru/baza-zaniy/magazin-prilozheniy/konstruktor-zaprosov/?version=1.9:101
[    1381ms] [LOG] error SyntaxError: Unexpected token '_', "__ym__prom"... is not valid JSON @ https://bpmsoft.ru/baza-zaniy/magazin-prilozheniy/konstruktor-zaprosov/?version=1.9:101
[    1382ms] [LOG] error SyntaxError: Unexpected token '_', "__ym__prom"... is not valid JSON @ https://bpmsoft.ru/baza-zaniy/magazin-prilozheniy/konstruktor-zaprosov/?version=1.9:101
[    1383ms] [LOG] error SyntaxError: Unexpected token '_', "__ym__prom"... is not valid JSON @ https://bpmsoft.ru/baza-zaniy/magazin-prilozheniy/konstruktor-zaprosov/?version=1.9:101
[    1384ms] [LOG] error SyntaxError: Unexpected token '_', "__ym__prom"... is not valid JSON @ https://bpmsoft.ru/baza-zaniy/magazin-prilozheniy/konstruktor-zaprosov/?version=1.9:101
[    1386ms] [LOG] error SyntaxError: Unexpected token '_', "__ym__prom"... is not valid JSON @ https://bpmsoft.ru/baza-zaniy/magazin-prilozheniy/konstruktor-zaprosov/?version=1.9:101
[    1389ms] [LOG] error SyntaxError: Unexpected token '_', "__ym__prom"... is not valid JSON @ https://bpmsoft.ru/baza-zaniy/magazin-prilozheniy/konstruktor-zaprosov/?version=1.9:101
[    1391ms] [LOG] error SyntaxError: Unexpected token '_', "__ym__prom"... is not valid JSON @ https://bpmsoft.ru/baza-zaniy/magazin-prilozheniy/konstruktor-zaprosov/?version=1.9:101
[    1395ms] [LOG] error SyntaxError: Unexpected token '_', "__ym__prom"... is not valid JSON @ https://bpmsoft.ru/baza-zaniy/magazin-prilozheniy/konstruktor-zaprosov/?version=1.9:101
[    1397ms] [LOG] error SyntaxError: Unexpected token '_', "__ym__prom"... is not valid JSON @ https://bpmsoft.ru/baza-zaniy/magazin-prilozheniy/konstruktor-zaprosov/?version=1.9:101
[    1398ms] [LOG] error SyntaxError: Unexpected token '_', "__ym__prom"... is not valid JSON @ https://bpmsoft.ru/baza-zaniy/magazin-prilozheniy/konstruktor-zaprosov/?version=1.9:101
[    1399ms] [LOG] error SyntaxError: Unexpected token '_', "__ym__prom"... is not valid JSON @ https://bpmsoft.ru/baza-zaniy/magazin-prilozheniy/konstruktor-zaprosov/?version=1.9:101
[    1400ms] [LOG] error SyntaxError: Unexpected token '_', "__ym__prom"... is not valid JSON @ https://bpmsoft.ru/baza-zaniy/magazin-prilozheniy/konstruktor-zaprosov/?version=1.9:101
[    1401ms] [LOG] error SyntaxError: Unexpected token '_', "__ym__prom"... is not valid JSON @ https://bpmsoft.ru/baza-zaniy/magazin-prilozheniy/konstruktor-zaprosov/?version=1.9:101
[    1402ms] [LOG] error SyntaxError: Unexpected token '_', "__ym__prom"... is not valid JSON @ https://bpmsoft.ru/baza-zaniy/magazin-prilozheniy/konstruktor-zaprosov/?version=1.9:101
[    1403ms] [LOG] error SyntaxError: Unexpected token '_', "__ym__prom"... is not valid JSON @ https://bpmsoft.ru/baza-zaniy/magazin-prilozheniy/konstruktor-zaprosov/?version=1.9:101
[    1404ms] [LOG] error SyntaxError: Unexpected token '_', "__ym__prom"... is not valid JSON @ https://bpmsoft.ru/baza-zaniy/magazin-prilozheniy/konstruktor-zaprosov/?version=1.9:101
[    1405ms] [LOG] error SyntaxError: Unexpected token '_', "__ym__prom"... is not valid JSON @ https://bpmsoft.ru/baza-zaniy/magazin-prilozheniy/konstruktor-zaprosov/?version=1.9:101
[    1406ms] [LOG] error SyntaxError: Unexpected token '_', "__ym__prom"... is not valid JSON @ https://bpmsoft.ru/baza-zaniy/magazin-prilozheniy/konstruktor-zaprosov/?version=1.9:101
[    1406ms] [LOG] error SyntaxError: Unexpected token '_', "__ym__prom"... is not valid JSON @ https://bpmsoft.ru/baza-zaniy/magazin-prilozheniy/konstruktor-zaprosov/?version=1.9:101
[    1408ms] [LOG] error SyntaxError: Unexpected token '_', "__ym__prom"... is not valid JSON @ https://bpmsoft.ru/baza-zaniy/magazin-prilozheniy/konstruktor-zaprosov/?version=1.9:101
[    1409ms] [LOG] error SyntaxError: Unexpected token '_', "__ym__prom"... is not valid JSON @ https://bpmsoft.ru/baza-zaniy/magazin-prilozheniy/konstruktor-zaprosov/?version=1.9:101
[    1410ms] [LOG] error SyntaxError: Unexpected token '_', "__ym__prom"... is not valid JSON @ https://bpmsoft.ru/baza-zaniy/magazin-prilozheniy/konstruktor-zaprosov/?version=1.9:101
[    1411ms] [LOG] error SyntaxError: Unexpected token '_', "__ym__prom"... is not valid JSON @ https://bpmsoft.ru/baza-zaniy/magazin-prilozheniy/konstruktor-zaprosov/?version=1.9:101
[    1412ms] [LOG] error SyntaxError: Unexpected token '_', "__ym__prom"... is not valid JSON @ https://bpmsoft.ru/baza-zaniy/magazin-prilozheniy/konstruktor-zaprosov/?version=1.9:101
[    1412ms] [LOG] error SyntaxError: Unexpected token '_', "__ym__prom"... is not valid JSON @ https://bpmsoft.ru/baza-zaniy/magazin-prilozheniy/konstruktor-zaprosov/?version=1.9:101
[    1413ms] [LOG] error SyntaxError: Unexpected token '_', "__ym__prom"... is not valid JSON @ https://bpmsoft.ru/baza-zaniy/magazin-prilozheniy/konstruktor-zaprosov/?version=1.9:101
[    1413ms] [LOG] error SyntaxError: Unexpected token '_', "__ym__prom"... is not valid JSON @ https://bpmsoft.ru/baza-zaniy/magazin-prilozheniy/konstruktor-zaprosov/?version=1.9:101
[    1414ms] [LOG] error SyntaxError: Unexpected token '_', "__ym__prom"... is not valid JSON @ https://bpmsoft.ru/baza-zaniy/magazin-prilozheniy/konstruktor-zaprosov/?version=1.9:101
[    1415ms] [LOG] error SyntaxError: Unexpected token '_', "__ym__prom"... is not valid JSON @ https://bpmsoft.ru/baza-zaniy/magazin-prilozheniy/konstruktor-zaprosov/?version=1.9:101
[    1415ms] [LOG] error SyntaxError: Unexpected token '_', "__ym__prom"... is not valid JSON @ https://bpmsoft.ru/baza-zaniy/magazin-prilozheniy/konstruktor-zaprosov/?version=1.9:101
[    1416ms] [LOG] error SyntaxError: Unexpected token '_', "__ym__prom"... is not valid JSON @ https://bpmsoft.ru/baza-zaniy/magazin-prilozheniy/konstruktor-zaprosov/?version=1.9:101
[    1416ms] [LOG] error SyntaxError: Unexpected token '_', "__ym__prom"... is not valid JSON @ https://bpmsoft.ru/baza-zaniy/magazin-prilozheniy/konstruktor-zaprosov/?version=1.9:101
[    1417ms] [LOG] error SyntaxError: Unexpected token '_', "__ym__prom"... is not valid JSON @ https://bpmsoft.ru/baza-zaniy/magazin-prilozheniy/konstruktor-zaprosov/?version=1.9:101
[    1417ms] [LOG] error SyntaxError: Unexpected token '_', "__ym__prom"... is not valid JSON @ https://bpmsoft.ru/baza-zaniy/magazin-prilozheniy/konstruktor-zaprosov/?version=1.9:101
[    1418ms] [LOG] error SyntaxError: Unexpected token '_', "__ym__prom"... is not valid JSON @ https://bpmsoft.ru/baza-zaniy/magazin-prilozheniy/konstruktor-zaprosov/?version=1.9:101
[    1418ms] [LOG] error SyntaxError: Unexpected token '_', "__ym__prom"... is not valid JSON @ https://bpmsoft.ru/baza-zaniy/magazin-prilozheniy/konstruktor-zaprosov/?version=1.9:101
[    1419ms] [LOG] error SyntaxError: Unexpected token '_', "__ym__prom"... is not valid JSON @ https://bpmsoft.ru/baza-zaniy/magazin-prilozheniy/konstruktor-zaprosov/?version=1.9:101
[    1419ms] [LOG] error SyntaxError: Unexpected token '_', "__ym__prom"... is not valid JSON @ https://bpmsoft.ru/baza-zaniy/magazin-prilozheniy/konstruktor-zaprosov/?version=1.9:101
[    1420ms] [LOG] error SyntaxError: Unexpected token '_', "__ym__prom"... is not valid JSON @ https://bpmsoft.ru/baza-zaniy/magazin-prilozheniy/konstruktor-zaprosov/?version=1.9:101
[    1420ms] [LOG] error SyntaxError: Unexpected token '_', "__ym__prom"... is not valid JSON @ https://bpmsoft.ru/baza-zaniy/magazin-prilozheniy/konstruktor-zaprosov/?version=1.9:101
[    1421ms] [LOG] error SyntaxError: Unexpected token '_', "__ym__prom"... is not valid JSON @ https://bpmsoft.ru/baza-zaniy/magazin-prilozheniy/konstruktor-zaprosov/?version=1.9:101
[    1421ms] [LOG] error SyntaxError: Unexpected token '_', "__ym__prom"... is not valid JSON @ https://bpmsoft.ru/baza-zaniy/magazin-prilozheniy/konstruktor-zaprosov/?version=1.9:101
[    1422ms] [LOG] error SyntaxError: Unexpected token '_', "__ym__prom"... is not valid JSON @ https://bpmsoft.ru/baza-zaniy/magazin-prilozheniy/konstruktor-zaprosov/?version=1.9:101
[    1422ms] [LOG] error SyntaxError: Unexpected token '_', "__ym__prom"... is not valid JSON @ https://bpmsoft.ru/baza-zaniy/magazin-prilozheniy/konstruktor-zaprosov/?version=1.9:101
[    1428ms] [LOG] error SyntaxError: Unexpected token '_', "__ym__prom"... is not valid JSON @ https://bpmsoft.ru/baza-zaniy/magazin-prilozheniy/konstruktor-zaprosov/?version=1.9:101
[    1428ms] [LOG] error SyntaxError: Unexpected token '_', "__ym__prom"... is not valid JSON @ https://bpmsoft.ru/baza-zaniy/magazin-prilozheniy/konstruktor-zaprosov/?version=1.9:101
[    1429ms] [LOG] error SyntaxError: Unexpected token '_', "__ym__prom"... is not valid JSON @ https://bpmsoft.ru/baza-zaniy/magazin-prilozheniy/konstruktor-zaprosov/?version=1.9:101
[    1429ms] [LOG] error SyntaxError: Unexpected token '_', "__ym__prom"... is not valid JSON @ https://bpmsoft.ru/baza-zaniy/magazin-prilozheniy/konstruktor-zaprosov/?version=1.9:101
[    1430ms] [LOG] error SyntaxError: Unexpected token '_', "__ym__prom"... is not valid JSON @ https://bpmsoft.ru/baza-zaniy/magazin-prilozheniy/konstruktor-zaprosov/?version=1.9:101
[    1430ms] [LOG] error SyntaxError: Unexpected token '_', "__ym__prom"... is not valid JSON @ https://bpmsoft.ru/baza-zaniy/magazin-prilozheniy/konstruktor-zaprosov/?version=1.9:101
[    1431ms] [LOG] error SyntaxError: Unexpected token '_', "__ym__prom"... is not valid JSON @ https://bpmsoft.ru/baza-zaniy/magazin-prilozheniy/konstruktor-zaprosov/?version=1.9:101
[    1431ms] [LOG] error SyntaxError: Unexpected token '_', "__ym__prom"... is not valid JSON @ https://bpmsoft.ru/baza-zaniy/magazin-prilozheniy/konstruktor-zaprosov/?version=1.9:101
[    1432ms] [LOG] error SyntaxError: Unexpected token '_', "__ym__prom"... is not valid JSON @ https://bpmsoft.ru/baza-zaniy/magazin-prilozheniy/konstruktor-zaprosov/?version=1.9:101
[    1432ms] [LOG] error SyntaxError: Unexpected token '_', "__ym__prom"... is not valid JSON @ https://bpmsoft.ru/baza-zaniy/magazin-prilozheniy/konstruktor-zaprosov/?version=1.9:101
[    1433ms] [LOG] error SyntaxError: Unexpected token '_', "__ym__prom"... is not valid JSON @ https://bpmsoft.ru/baza-zaniy/magazin-prilozheniy/konstruktor-zaprosov/?version=1.9:101
[    1433ms] [LOG] error SyntaxError: Unexpected token '_', "__ym__prom"... is not valid JSON @ https://bpmsoft.ru/baza-zaniy/magazin-prilozheniy/konstruktor-zaprosov/?version=1.9:101
[    1434ms] [LOG] error SyntaxError: Unexpected token '_', "__ym__prom"... is not valid JSON @ https://bpmsoft.ru/baza-zaniy/magazin-prilozheniy/konstruktor-zaprosov/?version=1.9:101
[    1434ms] [LOG] error SyntaxError: Unexpected token '_', "__ym__prom"... is not valid JSON @ https://bpmsoft.ru/baza-zaniy/magazin-prilozheniy/konstruktor-zaprosov/?version=1.9:101
[    1435ms] [LOG] error SyntaxError: Unexpected token '_', "__ym__prom"... is not valid JSON @ https://bpmsoft.ru/baza-zaniy/magazin-prilozheniy/konstruktor-zaprosov/?version=1.9:101
[    1435ms] [LOG] error SyntaxError: Unexpected token '_', "__ym__prom"... is not valid JSON @ https://bpmsoft.ru/baza-zaniy/magazin-prilozheniy/konstruktor-zaprosov/?version=1.9:101
[    1436ms] [LOG] error SyntaxError: Unexpected token '_', "__ym__prom"... is not valid JSON @ https://bpmsoft.ru/baza-zaniy/magazin-prilozheniy/konstruktor-zaprosov/?version=1.9:101
[    1436ms] [LOG] error SyntaxError: Unexpected token '_', "__ym__prom"... is not valid JSON @ https://bpmsoft.ru/baza-zaniy/magazin-prilozheniy/konstruktor-zaprosov/?version=1.9:101
[    1437ms] [LOG] error SyntaxError: Unexpected token '_', "__ym__prom"... is not valid JSON @ https://bpmsoft.ru/baza-zaniy/magazin-prilozheniy/konstruktor-zaprosov/?version=1.9:101
[    1437ms] [LOG] error SyntaxError: Unexpected token '_', "__ym__prom"... is not valid JSON @ https://bpmsoft.ru/baza-zaniy/magazin-prilozheniy/konstruktor-zaprosov/?version=1.9:101
[    1438ms] [LOG] error SyntaxError: Unexpected token '_', "__ym__prom"... is not valid JSON @ https://bpmsoft.ru/baza-zaniy/magazin-prilozheniy/konstruktor-zaprosov/?version=1.9:101
[    1438ms] [LOG] error SyntaxError: Unexpected token '_', "__ym__prom"... is not valid JSON @ https://bpmsoft.ru/baza-zaniy/magazin-prilozheniy/konstruktor-zaprosov/?version=1.9:101
[    1439ms] [LOG] error SyntaxError: Unexpected token '_', "__ym__prom"... is not valid JSON @ https://bpmsoft.ru/baza-zaniy/magazin-prilozheniy/konstruktor-zaprosov/?version=1.9:101
[    1439ms] [LOG] error SyntaxError: Unexpected token '_', "__ym__prom"... is not valid JSON @ https://bpmsoft.ru/baza-zaniy/magazin-prilozheniy/konstruktor-zaprosov/?version=1.9:101
[    1440ms] [LOG] error SyntaxError: Unexpected token '_', "__ym__prom"... is not valid JSON @ https://bpmsoft.ru/baza-zaniy/magazin-prilozheniy/konstruktor-zaprosov/?version=1.9:101
[    1441ms] [LOG] error SyntaxError: Unexpected token '_', "__ym__prom"... is not valid JSON @ https://bpmsoft.ru/baza-zaniy/magazin-prilozheniy/konstruktor-zaprosov/?version=1.9:101
[    1442ms] [LOG] error SyntaxError: Unexpected token '_', "__ym__prom"... is not valid JSON @ https://bpmsoft.ru/baza-zaniy/magazin-prilozheniy/konstruktor-zaprosov/?version=1.9:101
[    1443ms] [LOG] error SyntaxError: Unexpected token '_', "__ym__prom"... is not valid JSON @ https://bpmsoft.ru/baza-zaniy/magazin-prilozheniy/konstruktor-zaprosov/?version=1.9:101
[    1444ms] [LOG] error SyntaxError: Unexpected token '_', "__ym__prom"... is not valid JSON @ https://bpmsoft.ru/baza-zaniy/magazin-prilozheniy/konstruktor-zaprosov/?version=1.9:101
[    1445ms] [LOG] error SyntaxError: Unexpected token '_', "__ym__prom"... is not valid JSON @ https://bpmsoft.ru/baza-zaniy/magazin-prilozheniy/konstruktor-zaprosov/?version=1.9:101
[    1445ms] [LOG] error SyntaxError: Unexpected token '_', "__ym__prom"... is not valid JSON @ https://bpmsoft.ru/baza-zaniy/magazin-prilozheniy/konstruktor-zaprosov/?version=1.9:101
[    1445ms] [LOG] error SyntaxError: Unexpected token '_', "__ym__prom"... is not valid JSON @ https://bpmsoft.ru/baza-zaniy/magazin-prilozheniy/konstruktor-zaprosov/?version=1.9:101
[    1446ms] [LOG] error SyntaxError: Unexpected token '_', "__ym__prom"... is not valid JSON @ https://bpmsoft.ru/baza-zaniy/magazin-prilozheniy/konstruktor-zaprosov/?version=1.9:101
[    1446ms] [LOG] error SyntaxError: Unexpected token '_', "__ym__prom"... is not valid JSON @ https://bpmsoft.ru/baza-zaniy/magazin-prilozheniy/konstruktor-zaprosov/?version=1.9:101
[    1447ms] [LOG] error SyntaxError: Unexpected token '_', "__ym__prom"... is not valid JSON @ https://bpmsoft.ru/baza-zaniy/magazin-prilozheniy/konstruktor-zaprosov/?version=1.9:101
[    1447ms] [LOG] error SyntaxError: Unexpected token '_', "__ym__prom"... is not valid JSON @ https://bpmsoft.ru/baza-zaniy/magazin-prilozheniy/konstruktor-zaprosov/?version=1.9:101
[    1448ms] [LOG] error SyntaxError: Unexpected token '_', "__ym__prom"... is not valid JSON @ https://bpmsoft.ru/baza-zaniy/magazin-prilozheniy/konstruktor-zaprosov/?version=1.9:101
[    1448ms] [LOG] error SyntaxError: Unexpected token '_', "__ym__prom"... is not valid JSON @ https://bpmsoft.ru/baza-zaniy/magazin-prilozheniy/konstruktor-zaprosov/?version=1.9:101
[    1449ms] [LOG] error SyntaxError: Unexpected token '_', "__ym__prom"... is not valid JSON @ https://bpmsoft.ru/baza-zaniy/magazin-prilozheniy/konstruktor-zaprosov/?version=1.9:101
[    1449ms] [LOG] error SyntaxError: Unexpected token '_', "__ym__prom"... is not valid JSON @ https://bpmsoft.ru/baza-zaniy/magazin-prilozheniy/konstruktor-zaprosov/?version=1.9:101
[    1450ms] [LOG] error SyntaxError: Unexpected token '_', "__ym__prom"... is not valid JSON @ https://bpmsoft.ru/baza-zaniy/magazin-prilozheniy/konstruktor-zaprosov/?version=1.9:101
[    1450ms] [LOG] error SyntaxError: Unexpected token '_', "__ym__prom"... is not valid JSON @ https://bpmsoft.ru/baza-zaniy/magazin-prilozheniy/konstruktor-zaprosov/?version=1.9:101
[    1450ms] [LOG] error SyntaxError: Unexpected token '_', "__ym__prom"... is not valid JSON @ https://bpmsoft.ru/baza-zaniy/magazin-prilozheniy/konstruktor-zaprosov/?version=1.9:101
[    1451ms] [LOG] error SyntaxError: Unexpected token '_', "__ym__prom"... is not valid JSON @ https://bpmsoft.ru/baza-zaniy/magazin-prilozheniy/konstruktor-zaprosov/?version=1.9:101
[    1451ms] [LOG] error SyntaxError: Unexpected token '_', "__ym__prom"... is not valid JSON @ https://bpmsoft.ru/baza-zaniy/magazin-prilozheniy/konstruktor-zaprosov/?version=1.9:101
[    1452ms] [LOG] error SyntaxError: Unexpected token '_', "__ym__prom"... is not valid JSON @ https://bpmsoft.ru/baza-zaniy/magazin-prilozheniy/konstruktor-zaprosov/?version=1.9:101
[    1452ms] [LOG] error SyntaxError: Unexpected token '_', "__ym__prom"... is not valid JSON @ https://bpmsoft.ru/baza-zaniy/magazin-prilozheniy/konstruktor-zaprosov/?version=1.9:101
[    1453ms] [LOG] error SyntaxError: Unexpected token '_', "__ym__prom"... is not valid JSON @ https://bpmsoft.ru/baza-zaniy/magazin-prilozheniy/konstruktor-zaprosov/?version=1.9:101
[    1453ms] [LOG] error SyntaxError: Unexpected token '_', "__ym__prom"... is not valid JSON @ https://bpmsoft.ru/baza-zaniy/magazin-prilozheniy/konstruktor-zaprosov/?version=1.9:101
[    1453ms] [LOG] error SyntaxError: Unexpected token '_', "__ym__prom"... is not valid JSON @ https://bpmsoft.ru/baza-zaniy/magazin-prilozheniy/konstruktor-zaprosov/?version=1.9:101
[    1454ms] [LOG] error SyntaxError: Unexpected token '_', "__ym__prom"... is not valid JSON @ https://bpmsoft.ru/baza-zaniy/magazin-prilozheniy/konstruktor-zaprosov/?version=1.9:101
[    1454ms] [LOG] error SyntaxError: Unexpected token '_', "__ym__prom"... is not valid JSON @ https://bpmsoft.ru/baza-zaniy/magazin-prilozheniy/konstruktor-zaprosov/?version=1.9:101
[    1455ms] [LOG] error SyntaxError: Unexpected token '_', "__ym__prom"... is not valid JSON @ https://bpmsoft.ru/baza-zaniy/magazin-prilozheniy/konstruktor-zaprosov/?version=1.9:101
[    1455ms] [LOG] error SyntaxError: Unexpected token '_', "__ym__prom"... is not valid JSON @ https://bpmsoft.ru/baza-zaniy/magazin-prilozheniy/konstruktor-zaprosov/?version=1.9:101
[    1456ms] [LOG] error SyntaxError: Unexpected token '_', "__ym__prom"... is not valid JSON @ https://bpmsoft.ru/baza-zaniy/magazin-prilozheniy/konstruktor-zaprosov/?version=1.9:101
[    1457ms] [LOG] error SyntaxError: Unexpected token '_', "__ym__prom"... is not valid JSON @ https://bpmsoft.ru/baza-zaniy/magazin-prilozheniy/konstruktor-zaprosov/?version=1.9:101
[    1458ms] [LOG] error SyntaxError: Unexpected token '_', "__ym__prom"... is not valid JSON @ https://bpmsoft.ru/baza-zaniy/magazin-prilozheniy/konstruktor-zaprosov/?version=1.9:101
[    1458ms] [LOG] error SyntaxError: Unexpected token '_', "__ym__prom"... is not valid JSON @ https://bpmsoft.ru/baza-zaniy/magazin-prilozheniy/konstruktor-zaprosov/?version=1.9:101
[    1459ms] [LOG] error SyntaxError: Unexpected token '_', "__ym__prom"... is not valid JSON @ https://bpmsoft.ru/baza-zaniy/magazin-prilozheniy/konstruktor-zaprosov/?version=1.9:101
[    1460ms] [LOG] error SyntaxError: Unexpected token '_', "__ym__prom"... is not valid JSON @ https://bpmsoft.ru/baza-zaniy/magazin-prilozheniy/konstruktor-zaprosov/?version=1.9:101
[    1461ms] [LOG] error SyntaxError: Unexpected token '_', "__ym__prom"... is not valid JSON @ https://bpmsoft.ru/baza-zaniy/magazin-prilozheniy/konstruktor-zaprosov/?version=1.9:101
[    1461ms] [LOG] error SyntaxError: Unexpected token '_', "__ym__prom"... is not valid JSON @ https://bpmsoft.ru/baza-zaniy/magazin-prilozheniy/konstruktor-zaprosov/?version=1.9:101
[    1462ms] [LOG] error SyntaxError: Unexpected token '_', "__ym__prom"... is not valid JSON @ https://bpmsoft.ru/baza-zaniy/magazin-prilozheniy/konstruktor-zaprosov/?version=1.9:101
[    1462ms] [LOG] error SyntaxError: Unexpected token '_', "__ym__prom"... is not valid JSON @ https://bpmsoft.ru/baza-zaniy/magazin-prilozheniy/konstruktor-zaprosov/?version=1.9:101
[    1462ms] [LOG] error SyntaxError: Unexpected token '_', "__ym__prom"... is not valid JSON @ https://bpmsoft.ru/baza-zaniy/magazin-prilozheniy/konstruktor-zaprosov/?version=1.9:101
[    1463ms] [LOG] error SyntaxError: Unexpected token '_', "__ym__prom"... is not valid JSON @ https://bpmsoft.ru/baza-zaniy/magazin-prilozheniy/konstruktor-zaprosov/?version=1.9:101
[    1463ms] [LOG] error SyntaxError: Unexpected token '_', "__ym__prom"... is not valid JSON @ https://bpmsoft.ru/baza-zaniy/magazin-prilozheniy/konstruktor-zaprosov/?version=1.9:101
[    1464ms] [LOG] error SyntaxError: Unexpected token '_', "__ym__prom"... is not valid JSON @ https://bpmsoft.ru/baza-zaniy/magazin-prilozheniy/konstruktor-zaprosov/?version=1.9:101
[    1464ms] [LOG] error SyntaxError: Unexpected token '_', "__ym__prom"... is not valid JSON @ https://bpmsoft.ru/baza-zaniy/magazin-prilozheniy/konstruktor-zaprosov/?version=1.9:101
[    1465ms] [LOG] error SyntaxError: Unexpected token '_', "__ym__prom"... is not valid JSON @ https://bpmsoft.ru/baza-zaniy/magazin-prilozheniy/konstruktor-zaprosov/?version=1.9:101
[    1465ms] [LOG] error SyntaxError: Unexpected token '_', "__ym__prom"... is not valid JSON @ https://bpmsoft.ru/baza-zaniy/magazin-prilozheniy/konstruktor-zaprosov/?version=1.9:101
[    1466ms] [LOG] error SyntaxError: Unexpected token '_', "__ym__prom"... is not valid JSON @ https://bpmsoft.ru/baza-zaniy/magazin-prilozheniy/konstruktor-zaprosov/?version=1.9:101
[    1466ms] [LOG] error SyntaxError: Unexpected token '_', "__ym__prom"... is not valid JSON @ https://bpmsoft.ru/baza-zaniy/magazin-prilozheniy/konstruktor-zaprosov/?version=1.9:101
[    1466ms] [LOG] error SyntaxError: Unexpected token '_', "__ym__prom"... is not valid JSON @ https://bpmsoft.ru/baza-zaniy/magazin-prilozheniy/konstruktor-zaprosov/?version=1.9:101
[    1467ms] [LOG] error SyntaxError: Unexpected token '_', "__ym__prom"... is not valid JSON @ https://bpmsoft.ru/baza-zaniy/magazin-prilozheniy/konstruktor-zaprosov/?version=1.9:101
[    1467ms] [LOG] error SyntaxError: Unexpected token '_', "__ym__prom"... is not valid JSON @ https://bpmsoft.ru/baza-zaniy/magazin-prilozheniy/konstruktor-zaprosov/?version=1.9:101
[    1468ms] [LOG] error SyntaxError: Unexpected token '_', "__ym__prom"... is not valid JSON @ https://bpmsoft.ru/baza-zaniy/magazin-prilozheniy/konstruktor-zaprosov/?version=1.9:101
[    1468ms] [LOG] error SyntaxError: Unexpected token '_', "__ym__prom"... is not valid JSON @ https://bpmsoft.ru/baza-zaniy/magazin-prilozheniy/konstruktor-zaprosov/?version=1.9:101
[    1469ms] [LOG] error SyntaxError: Unexpected token '_', "__ym__prom"... is not valid JSON @ https://bpmsoft.ru/baza-zaniy/magazin-prilozheniy/konstruktor-zaprosov/?version=1.9:101
[    1469ms] [LOG] error SyntaxError: Unexpected token '_', "__ym__prom"... is not valid JSON @ https://bpmsoft.ru/baza-zaniy/magazin-prilozheniy/konstruktor-zaprosov/?version=1.9:101
[    1469ms] [LOG] error SyntaxError: Unexpected token '_', "__ym__prom"... is not valid JSON @ https://bpmsoft.ru/baza-zaniy/magazin-prilozheniy/konstruktor-zaprosov/?version=1.9:101
[    1470ms] [LOG] error SyntaxError: Unexpected token '_', "__ym__prom"... is not valid JSON @ https://bpmsoft.ru/baza-zaniy/magazin-prilozheniy/konstruktor-zaprosov/?version=1.9:101
[    1470ms] [LOG] error SyntaxError: Unexpected token '_', "__ym__prom"... is not valid JSON @ https://bpmsoft.ru/baza-zaniy/magazin-prilozheniy/konstruktor-zaprosov/?version=1.9:101
[    1471ms] [LOG] error SyntaxError: Unexpected token '_', "__ym__prom"... is not valid JSON @ https://bpmsoft.ru/baza-zaniy/magazin-prilozheniy/konstruktor-zaprosov/?version=1.9:101
[    1472ms] [LOG] error SyntaxError: Unexpected token '_', "__ym__prom"... is not valid JSON @ https://bpmsoft.ru/baza-zaniy/magazin-prilozheniy/konstruktor-zaprosov/?version=1.9:101
[    1472ms] [LOG] error SyntaxError: Unexpected token '_', "__ym__prom"... is not valid JSON @ https://bpmsoft.ru/baza-zaniy/magazin-prilozheniy/konstruktor-zaprosov/?version=1.9:101
[    1472ms] [LOG] error SyntaxError: Unexpected token '_', "__ym__prom"... is not valid JSON @ https://bpmsoft.ru/baza-zaniy/magazin-prilozheniy/konstruktor-zaprosov/?version=1.9:101
[    1473ms] [LOG] error SyntaxError: Unexpected token '_', "__ym__prom"... is not valid JSON @ https://bpmsoft.ru/baza-zaniy/magazin-prilozheniy/konstruktor-zaprosov/?version=1.9:101
[    1473ms] [LOG] error SyntaxError: Unexpected token '_', "__ym__prom"... is not valid JSON @ https://bpmsoft.ru/baza-zaniy/magazin-prilozheniy/konstruktor-zaprosov/?version=1.9:101
[    1474ms] [LOG] error SyntaxError: Unexpected token '_', "__ym__prom"... is not valid JSON @ https://bpmsoft.ru/baza-zaniy/magazin-prilozheniy/konstruktor-zaprosov/?version=1.9:101
[    1474ms] [LOG] error SyntaxError: Unexpected token '_', "__ym__prom"... is not valid JSON @ https://bpmsoft.ru/baza-zaniy/magazin-prilozheniy/konstruktor-zaprosov/?version=1.9:101
[    1475ms] [LOG] error SyntaxError: Unexpected token '_', "__ym__prom"... is not valid JSON @ https://bpmsoft.ru/baza-zaniy/magazin-prilozheniy/konstruktor-zaprosov/?version=1.9:101
[    1476ms] [LOG] error SyntaxError: Unexpected token '_', "__ym__prom"... is not valid JSON @ https://bpmsoft.ru/baza-zaniy/magazin-prilozheniy/konstruktor-zaprosov/?version=1.9:101
[    1477ms] [LOG] error SyntaxError: Unexpected token '_', "__ym__prom"... is not valid JSON @ https://bpmsoft.ru/baza-zaniy/magazin-prilozheniy/konstruktor-zaprosov/?version=1.9:101
[    1477ms] [LOG] error SyntaxError: Unexpected token '_', "__ym__prom"... is not valid JSON @ https://bpmsoft.ru/baza-zaniy/magazin-prilozheniy/konstruktor-zaprosov/?version=1.9:101
[    1478ms] [LOG] error SyntaxError: Unexpected token '_', "__ym__prom"... is not valid JSON @ https://bpmsoft.ru/baza-zaniy/magazin-prilozheniy/konstruktor-zaprosov/?version=1.9:101
[    1478ms] [LOG] error SyntaxError: Unexpected token '_', "__ym__prom"... is not valid JSON @ https://bpmsoft.ru/baza-zaniy/magazin-prilozheniy/konstruktor-zaprosov/?version=1.9:101
[    1478ms] [LOG] error SyntaxError: Unexpected token '_', "__ym__prom"... is not valid JSON @ https://bpmsoft.ru/baza-zaniy/magazin-prilozheniy/konstruktor-zaprosov/?version=1.9:101
[    1479ms] [LOG] error SyntaxError: Unexpected token '_', "__ym__prom"... is not valid JSON @ https://bpmsoft.ru/baza-zaniy/magazin-prilozheniy/konstruktor-zaprosov/?version=1.9:101
[    1479ms] [LOG] error SyntaxError: Unexpected token '_', "__ym__prom"... is not valid JSON @ https://bpmsoft.ru/baza-zaniy/magazin-prilozheniy/konstruktor-zaprosov/?version=1.9:101
