[     863ms] [LOG] error SyntaxError: Unexpected token '_', "__ym__prom"... is not valid JSON @ https://edu.bpmsoft.ru/sitemap/:98
[     864ms] [LOG] error SyntaxError: Unexpected token '_', "__ym__prom"... is not valid JSON @ https://edu.bpmsoft.ru/sitemap/:98
[    1089ms] [VERBOSE] [DOM] Input elements should have autocomplete attributes (suggested: "current-password"): (More info: https://goo.gl/9p2vKq) %o @ https://edu.bpmsoft.ru/sitemap/:0
[    1090ms] [VERBOSE] [DOM] Input elements should have autocomplete attributes (suggested: "new-password"): (More info: https://goo.gl/9p2vKq) %o @ https://edu.bpmsoft.ru/sitemap/:0
[    1090ms] [VERBOSE] [DOM] Input elements should have autocomplete attributes (suggested: "new-password"): (More info: https://goo.gl/9p2vKq) %o @ https://edu.bpmsoft.ru/sitemap/:0
[    1090ms] [VERBOSE] [DOM] Input elements should have autocomplete attributes (suggested: "current-password"): (More info: https://goo.gl/9p2vKq) %o @ https://edu.bpmsoft.ru/sitemap/:0
[    1090ms] [VERBOSE] [DOM] Input elements should have autocomplete attributes (suggested: "new-password"): (More info: https://goo.gl/9p2vKq) %o @ https://edu.bpmsoft.ru/sitemap/:0
[    1090ms] [VERBOSE] [DOM] Input elements should have autocomplete attributes (suggested: "new-password"): (More info: https://goo.gl/9p2vKq) %o @ https://edu.bpmsoft.ru/sitemap/:0
[    1143ms] [ERROR] Access to fetch at 'https://ipapi.co/json' from origin 'https://edu.bpmsoft.ru' has been blocked by CORS policy: No 'Access-Control-Allow-Origin' header is present on the requested resource. @ https://edu.bpmsoft.ru/sitemap/:0
[    1143ms] [ERROR] Failed to load resource: net::ERR_FAILED @ https://ipapi.co/json:0
[    1186ms] [LOG] error SyntaxError: Unexpected token '_', "__ym__prom"... is not valid JSON @ https://edu.bpmsoft.ru/sitemap/:98
[    1192ms] [LOG] error SyntaxError: Unexpected token '_', "__ym__prom"... is not valid JSON @ https://edu.bpmsoft.ru/sitemap/:98
[    1195ms] [LOG] error SyntaxError: Unexpected token '_', "__ym__prom"... is not valid JSON @ https://edu.bpmsoft.ru/sitemap/:98
[    1197ms] [LOG] error SyntaxError: Unexpected token '_', "__ym__prom"... is not valid JSON @ https://edu.bpmsoft.ru/sitemap/:98
[    1200ms] [LOG] error SyntaxError: Unexpected token '_', "__ym__prom"... is not valid JSON @ https://edu.bpmsoft.ru/sitemap/:98
[    1257ms] [LOG] error SyntaxError: Unexpected token '_', "__ym__prom"... is not valid JSON @ https://edu.bpmsoft.ru/sitemap/:98
[    1572ms] [LOG] error SyntaxError: Unexpected token '_', "__ym__prom"... is not valid JSON @ https://edu.bpmsoft.ru/sitemap/:98
[    1572ms] [LOG] error SyntaxError: Unexpected token '_', "__ym__prom"... is not valid JSON @ https://edu.bpmsoft.ru/sitemap/:98
[    1573ms] [LOG] error SyntaxError: Unexpected token '_', "__ym__prom"... is not valid JSON @ https://edu.bpmsoft.ru/sitemap/:98
[    1574ms] [LOG] error SyntaxError: Unexpected token '_', "__ym__prom"... is not valid JSON @ https://edu.bpmsoft.ru/sitemap/:98
[    1576ms] [LOG] error SyntaxError: Unexpected token '_', "__ym__prom"... is not valid JSON @ https://edu.bpmsoft.ru/sitemap/:98
[    1577ms] [LOG] error SyntaxError: Unexpected token '_', "__ym__prom"... is not valid JSON @ https://edu.bpmsoft.ru/sitemap/:98
[    1578ms] [LOG] error SyntaxError: Unexpected token '_', "__ym__prom"... is not valid JSON @ https://edu.bpmsoft.ru/sitemap/:98
[    1578ms] [LOG] error SyntaxError: Unexpected token '_', "__ym__prom"... is not valid JSON @ https://edu.bpmsoft.ru/sitemap/:98
[    1580ms] [LOG] error SyntaxError: Unexpected token '_', "__ym__prom"... is not valid JSON @ https://edu.bpmsoft.ru/sitemap/:98
[    1581ms] [LOG] error SyntaxError: Unexpected token '_', "__ym__prom"... is not valid JSON @ https://edu.bpmsoft.ru/sitemap/:98
[    1583ms] [LOG] error SyntaxError: Unexpected token '_', "__ym__prom"... is not valid JSON @ https://edu.bpmsoft.ru/sitemap/:98
[    1585ms] [LOG] error SyntaxError: Unexpected token '_', "__ym__prom"... is not valid JSON @ https://edu.bpmsoft.ru/sitemap/:98
[    1586ms] [LOG] error SyntaxError: Unexpected token '_', "__ym__prom"... is not valid JSON @ https://edu.bpmsoft.ru/sitemap/:98
[    1587ms] [LOG] error SyntaxError: Unexpected token '_', "__ym__prom"... is not valid JSON @ https://edu.bpmsoft.ru/sitemap/:98
[    1588ms] [LOG] error SyntaxError: Unexpected token '_', "__ym__prom"... is not valid JSON @ https://edu.bpmsoft.ru/sitemap/:98
[    1589ms] [LOG] error SyntaxError: Unexpected token '_', "__ym__prom"... is not valid JSON @ https://edu.bpmsoft.ru/sitemap/:98
[    1590ms] [LOG] error SyntaxError: Unexpected token '_', "__ym__prom"... is not valid JSON @ https://edu.bpmsoft.ru/sitemap/:98
[    1591ms] [LOG] error SyntaxError: Unexpected token '_', "__ym__prom"... is not valid JSON @ https://edu.bpmsoft.ru/sitemap/:98
[    1591ms] [LOG] error SyntaxError: Unexpected token '_', "__ym__prom"... is not valid JSON @ https://edu.bpmsoft.ru/sitemap/:98
[    1592ms] [LOG] error SyntaxError: Unexpected token '_', "__ym__prom"... is not valid JSON @ https://edu.bpmsoft.ru/sitemap/:98
[    1593ms] [LOG] error SyntaxError: Unexpected token '_', "__ym__prom"... is not valid JSON @ https://edu.bpmsoft.ru/sitemap/:98
[    1593ms] [LOG] error SyntaxError: Unexpected token '_', "__ym__prom"... is not valid JSON @ https://edu.bpmsoft.ru/sitemap/:98
[    1594ms] [LOG] error SyntaxError: Unexpected token '_', "__ym__prom"... is not valid JSON @ https://edu.bpmsoft.ru/sitemap/:98
[    1594ms] [LOG] error SyntaxError: Unexpected token '_', "__ym__prom"... is not valid JSON @ https://edu.bpmsoft.ru/sitemap/:98
[    1595ms] [LOG] error SyntaxError: Unexpected token '_', "__ym__prom"... is not valid JSON @ https://edu.bpmsoft.ru/sitemap/:98
[    1596ms] [LOG] error SyntaxError: Unexpected token '_', "__ym__prom"... is not valid JSON @ https://edu.bpmsoft.ru/sitemap/:98
[    1596ms] [LOG] error SyntaxError: Unexpected token '_', "__ym__prom"... is not valid JSON @ https://edu.bpmsoft.ru/sitemap/:98
[    1597ms] [LOG] error SyntaxError: Unexpected token '_', "__ym__prom"... is not valid JSON @ https://edu.bpmsoft.ru/sitemap/:98
[    1597ms] [LOG] error SyntaxError: Unexpected token '_', "__ym__prom"... is not valid JSON @ https://edu.bpmsoft.ru/sitemap/:98
[    1598ms] [LOG] error SyntaxError: Unexpected token '_', "__ym__prom"... is not valid JSON @ https://edu.bpmsoft.ru/sitemap/:98
[    1598ms] [LOG] error SyntaxError: Unexpected token '_', "__ym__prom"... is not valid JSON @ https://edu.bpmsoft.ru/sitemap/:98
[    1599ms] [LOG] error SyntaxError: Unexpected token '_', "__ym__prom"... is not valid JSON @ https://edu.bpmsoft.ru/sitemap/:98
[    1601ms] [LOG] error SyntaxError: Unexpected token '_', "__ym__prom"... is not valid JSON @ https://edu.bpmsoft.ru/sitemap/:98
[    1602ms] [LOG] error SyntaxError: Unexpected token '_', "__ym__prom"... is not valid JSON @ https://edu.bpmsoft.ru/sitemap/:98
[    1603ms] [LOG] error SyntaxError: Unexpected token '_', "__ym__prom"... is not valid JSON @ https://edu.bpmsoft.ru/sitemap/:98
[    1604ms] [LOG] error SyntaxError: Unexpected token '_', "__ym__prom"... is not valid JSON @ https://edu.bpmsoft.ru/sitemap/:98
[    1605ms] [LOG] error SyntaxError: Unexpected token '_', "__ym__prom"... is not valid JSON @ https://edu.bpmsoft.ru/sitemap/:98
[    1605ms] [LOG] error SyntaxError: Unexpected token '_', "__ym__prom"... is not valid JSON @ https://edu.bpmsoft.ru/sitemap/:98
[    1607ms] [LOG] error SyntaxError: Unexpected token '_', "__ym__prom"... is not valid JSON @ https://edu.bpmsoft.ru/sitemap/:98
[    1607ms] [LOG] error SyntaxError: Unexpected token '_', "__ym__prom"... is not valid JSON @ https://edu.bpmsoft.ru/sitemap/:98
[    1608ms] [LOG] error SyntaxError: Unexpected token '_', "__ym__prom"... is not valid JSON @ https://edu.bpmsoft.ru/sitemap/:98
[    1608ms] [LOG] error SyntaxError: Unexpected token '_', "__ym__prom"... is not valid JSON @ https://edu.bpmsoft.ru/sitemap/:98
[    1609ms] [LOG] error SyntaxError: Unexpected token '_', "__ym__prom"... is not valid JSON @ https://edu.bpmsoft.ru/sitemap/:98
[    1610ms] [LOG] error SyntaxError: Unexpected token '_', "__ym__prom"... is not valid JSON @ https://edu.bpmsoft.ru/sitemap/:98
[    1610ms] [LOG] error SyntaxError: Unexpected token '_', "__ym__prom"... is not valid JSON @ https://edu.bpmsoft.ru/sitemap/:98
[    1611ms] [LOG] error SyntaxError: Unexpected token '_', "__ym__prom"... is not valid JSON @ https://edu.bpmsoft.ru/sitemap/:98
[    1611ms] [LOG] error SyntaxError: Unexpected token '_', "__ym__prom"... is not valid JSON @ https://edu.bpmsoft.ru/sitemap/:98
[    1612ms] [LOG] error SyntaxError: Unexpected token '_', "__ym__prom"... is not valid JSON @ https://edu.bpmsoft.ru/sitemap/:98
[    1612ms] [LOG] error SyntaxError: Unexpected token '_', "__ym__prom"... is not valid JSON @ https://edu.bpmsoft.ru/sitemap/:98
[    1612ms] [LOG] error SyntaxError: Unexpected token '_', "__ym__prom"... is not valid JSON @ https://edu.bpmsoft.ru/sitemap/:98
[    1613ms] [LOG] error SyntaxError: Unexpected token '_', "__ym__prom"... is not valid JSON @ https://edu.bpmsoft.ru/sitemap/:98
[    1613ms] [LOG] error SyntaxError: Unexpected token '_', "__ym__prom"... is not valid JSON @ https://edu.bpmsoft.ru/sitemap/:98
[    1614ms] [LOG] error SyntaxError: Unexpected token '_', "__ym__prom"... is not valid JSON @ https://edu.bpmsoft.ru/sitemap/:98
[    1614ms] [LOG] error SyntaxError: Unexpected token '_', "__ym__prom"... is not valid JSON @ https://edu.bpmsoft.ru/sitemap/:98
[    1614ms] [LOG] error SyntaxError: Unexpected token '_', "__ym__prom"... is not valid JSON @ https://edu.bpmsoft.ru/sitemap/:98
[    1615ms] [LOG] error SyntaxError: Unexpected token '_', "__ym__prom"... is not valid JSON @ https://edu.bpmsoft.ru/sitemap/:98
[    1615ms] [LOG] error SyntaxError: Unexpected token '_', "__ym__prom"... is not valid JSON @ https://edu.bpmsoft.ru/sitemap/:98
[    1617ms] [LOG] error SyntaxError: Unexpected token '_', "__ym__prom"... is not valid JSON @ https://edu.bpmsoft.ru/sitemap/:98
[    1619ms] [LOG] error SyntaxError: Unexpected token '_', "__ym__prom"... is not valid JSON @ https://edu.bpmsoft.ru/sitemap/:98
[    1621ms] [LOG] error SyntaxError: Unexpected token '_', "__ym__prom"... is not valid JSON @ https://edu.bpmsoft.ru/sitemap/:98
[    1621ms] [LOG] error SyntaxError: Unexpected token '_', "__ym__prom"... is not valid JSON @ https://edu.bpmsoft.ru/sitemap/:98
[    1622ms] [LOG] error SyntaxError: Unexpected token '_', "__ym__prom"... is not valid JSON @ https://edu.bpmsoft.ru/sitemap/:98
[    1623ms] [LOG] error SyntaxError: Unexpected token '_', "__ym__prom"... is not valid JSON @ https://edu.bpmsoft.ru/sitemap/:98
[    1623ms] [LOG] error SyntaxError: Unexpected token '_', "__ym__prom"... is not valid JSON @ https://edu.bpmsoft.ru/sitemap/:98
[    1624ms] [LOG] error SyntaxError: Unexpected token '_', "__ym__prom"... is not valid JSON @ https://edu.bpmsoft.ru/sitemap/:98
[    1625ms] [LOG] error SyntaxError: Unexpected token '_', "__ym__prom"... is not valid JSON @ https://edu.bpmsoft.ru/sitemap/:98
[    1626ms] [LOG] error SyntaxError: Unexpected token '_', "__ym__prom"... is not valid JSON @ https://edu.bpmsoft.ru/sitemap/:98
[    1626ms] [LOG] error SyntaxError: Unexpected token '_', "__ym__prom"... is not valid JSON @ https://edu.bpmsoft.ru/sitemap/:98
[    1627ms] [LOG] error SyntaxError: Unexpected token '_', "__ym__prom"... is not valid JSON @ https://edu.bpmsoft.ru/sitemap/:98
[    1627ms] [LOG] error SyntaxError: Unexpected token '_', "__ym__prom"... is not valid JSON @ https://edu.bpmsoft.ru/sitemap/:98
[    1628ms] [LOG] error SyntaxError: Unexpected token '_', "__ym__prom"... is not valid JSON @ https://edu.bpmsoft.ru/sitemap/:98
[    1628ms] [LOG] error SyntaxError: Unexpected token '_', "__ym__prom"... is not valid JSON @ https://edu.bpmsoft.ru/sitemap/:98
[    1629ms] [LOG] error SyntaxError: Unexpected token '_', "__ym__prom"... is not valid JSON @ https://edu.bpmsoft.ru/sitemap/:98
[    1629ms] [LOG] error SyntaxError: Unexpected token '_', "__ym__prom"... is not valid JSON @ https://edu.bpmsoft.ru/sitemap/:98
[    1630ms] [LOG] error SyntaxError: Unexpected token '_', "__ym__prom"... is not valid JSON @ https://edu.bpmsoft.ru/sitemap/:98
[    1630ms] [LOG] error SyntaxError: Unexpected token '_', "__ym__prom"... is not valid JSON @ https://edu.bpmsoft.ru/sitemap/:98
[    1630ms] [LOG] error SyntaxError: Unexpected token '_', "__ym__prom"... is not valid JSON @ https://edu.bpmsoft.ru/sitemap/:98
[    1631ms] [LOG] error SyntaxError: Unexpected token '_', "__ym__prom"... is not valid JSON @ https://edu.bpmsoft.ru/sitemap/:98
[    1631ms] [LOG] error SyntaxError: Unexpected token '_', "__ym__prom"... is not valid JSON @ https://edu.bpmsoft.ru/sitemap/:98
[    1632ms] [LOG] error SyntaxError: Unexpected token '_', "__ym__prom"... is not valid JSON @ https://edu.bpmsoft.ru/sitemap/:98
[    1632ms] [LOG] error SyntaxError: Unexpected token '_', "__ym__prom"... is not valid JSON @ https://edu.bpmsoft.ru/sitemap/:98
[    1633ms] [LOG] error SyntaxError: Unexpected token '_', "__ym__prom"... is not valid JSON @ https://edu.bpmsoft.ru/sitemap/:98
[    1634ms] [LOG] error SyntaxError: Unexpected token '_', "__ym__prom"... is not valid JSON @ https://edu.bpmsoft.ru/sitemap/:98
[    1636ms] [LOG] error SyntaxError: Unexpected token '_', "__ym__prom"... is not valid JSON @ https://edu.bpmsoft.ru/sitemap/:98
[    1637ms] [LOG] error SyntaxError: Unexpected token '_', "__ym__prom"... is not valid JSON @ https://edu.bpmsoft.ru/sitemap/:98
[    1637ms] [LOG] error SyntaxError: Unexpected token '_', "__ym__prom"... is not valid JSON @ https://edu.bpmsoft.ru/sitemap/:98
[    1638ms] [LOG] error SyntaxError: Unexpected token '_', "__ym__prom"... is not valid JSON @ https://edu.bpmsoft.ru/sitemap/:98
[    1638ms] [LOG] error SyntaxError: Unexpected token '_', "__ym__prom"... is not valid JSON @ https://edu.bpmsoft.ru/sitemap/:98
[    1638ms] [LOG] error SyntaxError: Unexpected token '_', "__ym__prom"... is not valid JSON @ https://edu.bpmsoft.ru/sitemap/:98
[    1639ms] [LOG] error SyntaxError: Unexpected token '_', "__ym__prom"... is not valid JSON @ https://edu.bpmsoft.ru/sitemap/:98
[    1639ms] [LOG] error SyntaxError: Unexpected token '_', "__ym__prom"... is not valid JSON @ https://edu.bpmsoft.ru/sitemap/:98
[    1640ms] [LOG] error SyntaxError: Unexpected token '_', "__ym__prom"... is not valid JSON @ https://edu.bpmsoft.ru/sitemap/:98
[    1640ms] [LOG] error SyntaxError: Unexpected token '_', "__ym__prom"... is not valid JSON @ https://edu.bpmsoft.ru/sitemap/:98
[    1641ms] [LOG] error SyntaxError: Unexpected token '_', "__ym__prom"... is not valid JSON @ https://edu.bpmsoft.ru/sitemap/:98
[    1641ms] [LOG] error SyntaxError: Unexpected token '_', "__ym__prom"... is not valid JSON @ https://edu.bpmsoft.ru/sitemap/:98
[    1642ms] [LOG] error SyntaxError: Unexpected token '_', "__ym__prom"... is not valid JSON @ https://edu.bpmsoft.ru/sitemap/:98
[    1642ms] [LOG] error SyntaxError: Unexpected token '_', "__ym__prom"... is not valid JSON @ https://edu.bpmsoft.ru/sitemap/:98
[    1642ms] [LOG] error SyntaxError: Unexpected token '_', "__ym__prom"... is not valid JSON @ https://edu.bpmsoft.ru/sitemap/:98
[    1643ms] [LOG] error SyntaxError: Unexpected token '_', "__ym__prom"... is not valid JSON @ https://edu.bpmsoft.ru/sitemap/:98
[    1643ms] [LOG] error SyntaxError: Unexpected token '_', "__ym__prom"... is not valid JSON @ https://edu.bpmsoft.ru/sitemap/:98
[    1643ms] [LOG] error SyntaxError: Unexpected token '_', "__ym__prom"... is not valid JSON @ https://edu.bpmsoft.ru/sitemap/:98
[    1644ms] [LOG] error SyntaxError: Unexpected token '_', "__ym__prom"... is not valid JSON @ https://edu.bpmsoft.ru/sitemap/:98
[    1644ms] [LOG] error SyntaxError: Unexpected token '_', "__ym__prom"... is not valid JSON @ https://edu.bpmsoft.ru/sitemap/:98
[    1645ms] [LOG] error SyntaxError: Unexpected token '_', "__ym__prom"... is not valid JSON @ https://edu.bpmsoft.ru/sitemap/:98
[    1645ms] [LOG] error SyntaxError: Unexpected token '_', "__ym__prom"... is not valid JSON @ https://edu.bpmsoft.ru/sitemap/:98
[    1645ms] [LOG] error SyntaxError: Unexpected token '_', "__ym__prom"... is not valid JSON @ https://edu.bpmsoft.ru/sitemap/:98
[    1646ms] [LOG] error SyntaxError: Unexpected token '_', "__ym__prom"... is not valid JSON @ https://edu.bpmsoft.ru/sitemap/:98
[    1646ms] [LOG] error SyntaxError: Unexpected token '_', "__ym__prom"... is not valid JSON @ https://edu.bpmsoft.ru/sitemap/:98
[    1647ms] [LOG] error SyntaxError: Unexpected token '_', "__ym__prom"... is not valid JSON @ https://edu.bpmsoft.ru/sitemap/:98
[    1647ms] [LOG] error SyntaxError: Unexpected token '_', "__ym__prom"... is not valid JSON @ https://edu.bpmsoft.ru/sitemap/:98
[    1647ms] [LOG] error SyntaxError: Unexpected token '_', "__ym__prom"... is not valid JSON @ https://edu.bpmsoft.ru/sitemap/:98
[    1648ms] [LOG] error SyntaxError: Unexpected token '_', "__ym__prom"... is not valid JSON @ https://edu.bpmsoft.ru/sitemap/:98
[    1648ms] [LOG] error SyntaxError: Unexpected token '_', "__ym__prom"... is not valid JSON @ https://edu.bpmsoft.ru/sitemap/:98
[    1648ms] [LOG] error SyntaxError: Unexpected token '_', "__ym__prom"... is not valid JSON @ https://edu.bpmsoft.ru/sitemap/:98
[    1649ms] [LOG] error SyntaxError: Unexpected token '_', "__ym__prom"... is not valid JSON @ https://edu.bpmsoft.ru/sitemap/:98
[    1650ms] [LOG] error SyntaxError: Unexpected token '_', "__ym__prom"... is not valid JSON @ https://edu.bpmsoft.ru/sitemap/:98
[    1651ms] [LOG] error SyntaxError: Unexpected token '_', "__ym__prom"... is not valid JSON @ https://edu.bpmsoft.ru/sitemap/:98
[    1652ms] [LOG] error SyntaxError: Unexpected token '_', "__ym__prom"... is not valid JSON @ https://edu.bpmsoft.ru/sitemap/:98
[    1652ms] [LOG] error SyntaxError: Unexpected token '_', "__ym__prom"... is not valid JSON @ https://edu.bpmsoft.ru/sitemap/:98
[    1653ms] [LOG] error SyntaxError: Unexpected token '_', "__ym__prom"... is not valid JSON @ https://edu.bpmsoft.ru/sitemap/:98
[    1653ms] [LOG] error SyntaxError: Unexpected token '_', "__ym__prom"... is not valid JSON @ https://edu.bpmsoft.ru/sitemap/:98
[    1653ms] [LOG] error SyntaxError: Unexpected token '_', "__ym__prom"... is not valid JSON @ https://edu.bpmsoft.ru/sitemap/:98
[    1654ms] [LOG] error SyntaxError: Unexpected token '_', "__ym__prom"... is not valid JSON @ https://edu.bpmsoft.ru/sitemap/:98
[    1654ms] [LOG] error SyntaxError: Unexpected token '_', "__ym__prom"... is not valid JSON @ https://edu.bpmsoft.ru/sitemap/:98
[    1654ms] [LOG] error SyntaxError: Unexpected token '_', "__ym__prom"... is not valid JSON @ https://edu.bpmsoft.ru/sitemap/:98
[    1655ms] [LOG] error SyntaxError: Unexpected token '_', "__ym__prom"... is not valid JSON @ https://edu.bpmsoft.ru/sitemap/:98
[    1655ms] [LOG] error SyntaxError: Unexpected token '_', "__ym__prom"... is not valid JSON @ https://edu.bpmsoft.ru/sitemap/:98
[    1655ms] [LOG] error SyntaxError: Unexpected token '_', "__ym__prom"... is not valid JSON @ https://edu.bpmsoft.ru/sitemap/:98
[    1656ms] [LOG] error SyntaxError: Unexpected token '_', "__ym__prom"... is not valid JSON @ https://edu.bpmsoft.ru/sitemap/:98
[    1656ms] [LOG] error SyntaxError: Unexpected token '_', "__ym__prom"... is not valid JSON @ https://edu.bpmsoft.ru/sitemap/:98
[    1656ms] [LOG] error SyntaxError: Unexpected token '_', "__ym__prom"... is not valid JSON @ https://edu.bpmsoft.ru/sitemap/:98
[    1657ms] [LOG] error SyntaxError: Unexpected token '_', "__ym__prom"... is not valid JSON @ https://edu.bpmsoft.ru/sitemap/:98
[    1657ms] [LOG] error SyntaxError: Unexpected token '_', "__ym__prom"... is not valid JSON @ https://edu.bpmsoft.ru/sitemap/:98
[    1657ms] [LOG] error SyntaxError: Unexpected token '_', "__ym__prom"... is not valid JSON @ https://edu.bpmsoft.ru/sitemap/:98
[    1658ms] [LOG] error SyntaxError: Unexpected token '_', "__ym__prom"... is not valid JSON @ https://edu.bpmsoft.ru/sitemap/:98
[    1658ms] [LOG] error SyntaxError: Unexpected token '_', "__ym__prom"... is not valid JSON @ https://edu.bpmsoft.ru/sitemap/:98
[    1658ms] [LOG] error SyntaxError: Unexpected token '_', "__ym__prom"... is not valid JSON @ https://edu.bpmsoft.ru/sitemap/:98
[    1659ms] [LOG] error SyntaxError: Unexpected token '_', "__ym__prom"... is not valid JSON @ https://edu.bpmsoft.ru/sitemap/:98
[    1659ms] [LOG] error SyntaxError: Unexpected token '_', "__ym__prom"... is not valid JSON @ https://edu.bpmsoft.ru/sitemap/:98
[    1659ms] [LOG] error SyntaxError: Unexpected token '_', "__ym__prom"... is not valid JSON @ https://edu.bpmsoft.ru/sitemap/:98
[    1659ms] [LOG] error SyntaxError: Unexpected token '_', "__ym__prom"... is not valid JSON @ https://edu.bpmsoft.ru/sitemap/:98
[    1660ms] [LOG] error SyntaxError: Unexpected token '_', "__ym__prom"... is not valid JSON @ https://edu.bpmsoft.ru/sitemap/:98
[    1660ms] [LOG] error SyntaxError: Unexpected token '_', "__ym__prom"... is not valid JSON @ https://edu.bpmsoft.ru/sitemap/:98
[    1660ms] [LOG] error SyntaxError: Unexpected token '_', "__ym__prom"... is not valid JSON @ https://edu.bpmsoft.ru/sitemap/:98
[    1661ms] [LOG] error SyntaxError: Unexpected token '_', "__ym__prom"... is not valid JSON @ https://edu.bpmsoft.ru/sitemap/:98
[    1661ms] [LOG] error SyntaxError: Unexpected token '_', "__ym__prom"... is not valid JSON @ https://edu.bpmsoft.ru/sitemap/:98
[    1661ms] [LOG] error SyntaxError: Unexpected token '_', "__ym__prom"... is not valid JSON @ https://edu.bpmsoft.ru/sitemap/:98
[    1662ms] [LOG] error SyntaxError: Unexpected token '_', "__ym__prom"... is not valid JSON @ https://edu.bpmsoft.ru/sitemap/:98
[    1662ms] [LOG] error SyntaxError: Unexpected token '_', "__ym__prom"... is not valid JSON @ https://edu.bpmsoft.ru/sitemap/:98
[    1662ms] [LOG] error SyntaxError: Unexpected token '_', "__ym__prom"... is not valid JSON @ https://edu.bpmsoft.ru/sitemap/:98
[    1663ms] [LOG] error SyntaxError: Unexpected token '_', "__ym__prom"... is not valid JSON @ https://edu.bpmsoft.ru/sitemap/:98
[    1663ms] [LOG] error SyntaxError: Unexpected token '_', "__ym__prom"... is not valid JSON @ https://edu.bpmsoft.ru/sitemap/:98
[    1663ms] [LOG] error SyntaxError: Unexpected token '_', "__ym__prom"... is not valid JSON @ https://edu.bpmsoft.ru/sitemap/:98
[    1664ms] [LOG] error SyntaxError: Unexpected token '_', "__ym__prom"... is not valid JSON @ https://edu.bpmsoft.ru/sitemap/:98
[    1664ms] [LOG] error SyntaxError: Unexpected token '_', "__ym__prom"... is not valid JSON @ https://edu.bpmsoft.ru/sitemap/:98
[    1664ms] [LOG] error SyntaxError: Unexpected token '_', "__ym__prom"... is not valid JSON @ https://edu.bpmsoft.ru/sitemap/:98
[    1665ms] [LOG] error SyntaxError: Unexpected token '_', "__ym__prom"... is not valid JSON @ https://edu.bpmsoft.ru/sitemap/:98
[    1665ms] [LOG] error SyntaxError: Unexpected token '_', "__ym__prom"... is not valid JSON @ https://edu.bpmsoft.ru/sitemap/:98
[    1666ms] [LOG] error SyntaxError: Unexpected token '_', "__ym__prom"... is not valid JSON @ https://edu.bpmsoft.ru/sitemap/:98
[    1668ms] [LOG] error SyntaxError: Unexpected token '_', "__ym__prom"... is not valid JSON @ https://edu.bpmsoft.ru/sitemap/:98
