[    1725ms] [VERBOSE] [DOM] Input elements should have autocomplete attributes (suggested: "current-password"): (More info: https://goo.gl/9p2vKq) %o @ https://edu.bpmsoft.ru/baza-znaniy/konstruktor/:0
[    1725ms] [VERBOSE] [DOM] Input elements should have autocomplete attributes (suggested: "new-password"): (More info: https://goo.gl/9p2vKq) %o @ https://edu.bpmsoft.ru/baza-znaniy/konstruktor/:0
[    1726ms] [VERBOSE] [DOM] Input elements should have autocomplete attributes (suggested: "new-password"): (More info: https://goo.gl/9p2vKq) %o @ https://edu.bpmsoft.ru/baza-znaniy/konstruktor/:0
[    1726ms] [VERBOSE] [DOM] Input elements should have autocomplete attributes (suggested: "current-password"): (More info: https://goo.gl/9p2vKq) %o @ https://edu.bpmsoft.ru/baza-znaniy/konstruktor/:0
[    1726ms] [VERBOSE] [DOM] Input elements should have autocomplete attributes (suggested: "new-password"): (More info: https://goo.gl/9p2vKq) %o @ https://edu.bpmsoft.ru/baza-znaniy/konstruktor/:0
[    1726ms] [VERBOSE] [DOM] Input elements should have autocomplete attributes (suggested: "new-password"): (More info: https://goo.gl/9p2vKq) %o @ https://edu.bpmsoft.ru/baza-znaniy/konstruktor/:0
[    1795ms] [ERROR] Access to fetch at 'https://ipapi.co/json' from origin 'https://edu.bpmsoft.ru' has been blocked by CORS policy: No 'Access-Control-Allow-Origin' header is present on the requested resource. @ https://edu.bpmsoft.ru/baza-znaniy/konstruktor/:0
[    1795ms] [ERROR] Failed to load resource: net::ERR_FAILED @ https://ipapi.co/json:0
[    1873ms] [LOG] error SyntaxError: Unexpected token '_', "__ym__prom"... is not valid JSON @ https://edu.bpmsoft.ru/baza-znaniy/konstruktor/:101
[    1886ms] [LOG] error SyntaxError: Unexpected token '_', "__ym__prom"... is not valid JSON @ https://edu.bpmsoft.ru/baza-znaniy/konstruktor/:101
[    1950ms] [LOG] error SyntaxError: Unexpected token '_', "__ym__prom"... is not valid JSON @ https://edu.bpmsoft.ru/baza-znaniy/konstruktor/:101
[    1955ms] [LOG] error SyntaxError: Unexpected token '_', "__ym__prom"... is not valid JSON @ https://edu.bpmsoft.ru/baza-znaniy/konstruktor/:101
[    1966ms] [LOG] error SyntaxError: Unexpected token '_', "__ym__prom"... is not valid JSON @ https://edu.bpmsoft.ru/baza-znaniy/konstruktor/:101
[    1967ms] [LOG] error SyntaxError: Unexpected token '_', "__ym__prom"... is not valid JSON @ https://edu.bpmsoft.ru/baza-znaniy/konstruktor/:101
[    1968ms] [LOG] error SyntaxError: Unexpected token '_', "__ym__prom"... is not valid JSON @ https://edu.bpmsoft.ru/baza-znaniy/konstruktor/:101
[    2522ms] [LOG] error SyntaxError: Unexpected token '_', "__ym__prom"... is not valid JSON @ https://edu.bpmsoft.ru/baza-znaniy/konstruktor/:101
[    2657ms] [LOG] error SyntaxError: Unexpected token '_', "__ym__prom"... is not valid JSON @ https://edu.bpmsoft.ru/baza-znaniy/konstruktor/:101
[    2658ms] [LOG] error SyntaxError: Unexpected token '_', "__ym__prom"... is not valid JSON @ https://edu.bpmsoft.ru/baza-znaniy/konstruktor/:101
[    2660ms] [LOG] error SyntaxError: Unexpected token '_', "__ym__prom"... is not valid JSON @ https://edu.bpmsoft.ru/baza-znaniy/konstruktor/:101
[    2662ms] [LOG] error SyntaxError: Unexpected token '_', "__ym__prom"... is not valid JSON @ https://edu.bpmsoft.ru/baza-znaniy/konstruktor/:101
[    2663ms] [LOG] error SyntaxError: Unexpected token '_', "__ym__prom"... is not valid JSON @ https://edu.bpmsoft.ru/baza-znaniy/konstruktor/:101
[    2664ms] [LOG] error SyntaxError: Unexpected token '_', "__ym__prom"... is not valid JSON @ https://edu.bpmsoft.ru/baza-znaniy/konstruktor/:101
[    2665ms] [LOG] error SyntaxError: Unexpected token '_', "__ym__prom"... is not valid JSON @ https://edu.bpmsoft.ru/baza-znaniy/konstruktor/:101
[    2666ms] [LOG] error SyntaxError: Unexpected token '_', "__ym__prom"... is not valid JSON @ https://edu.bpmsoft.ru/baza-znaniy/konstruktor/:101
[    2668ms] [LOG] error SyntaxError: Unexpected token '_', "__ym__prom"... is not valid JSON @ https://edu.bpmsoft.ru/baza-znaniy/konstruktor/:101
[    2669ms] [LOG] error SyntaxError: Unexpected token '_', "__ym__prom"... is not valid JSON @ https://edu.bpmsoft.ru/baza-znaniy/konstruktor/:101
[    2670ms] [LOG] error SyntaxError: Unexpected token '_', "__ym__prom"... is not valid JSON @ https://edu.bpmsoft.ru/baza-znaniy/konstruktor/:101
[    2670ms] [LOG] error SyntaxError: Unexpected token '_', "__ym__prom"... is not valid JSON @ https://edu.bpmsoft.ru/baza-znaniy/konstruktor/:101
[    2671ms] [LOG] error SyntaxError: Unexpected token '_', "__ym__prom"... is not valid JSON @ https://edu.bpmsoft.ru/baza-znaniy/konstruktor/:101
[    2672ms] [LOG] error SyntaxError: Unexpected token '_', "__ym__prom"... is not valid JSON @ https://edu.bpmsoft.ru/baza-znaniy/konstruktor/:101
[    2673ms] [LOG] error SyntaxError: Unexpected token '_', "__ym__prom"... is not valid JSON @ https://edu.bpmsoft.ru/baza-znaniy/konstruktor/:101
[    2673ms] [LOG] error SyntaxError: Unexpected token '_', "__ym__prom"... is not valid JSON @ https://edu.bpmsoft.ru/baza-znaniy/konstruktor/:101
[    2674ms] [LOG] error SyntaxError: Unexpected token '_', "__ym__prom"... is not valid JSON @ https://edu.bpmsoft.ru/baza-znaniy/konstruktor/:101
[    2675ms] [LOG] error SyntaxError: Unexpected token '_', "__ym__prom"... is not valid JSON @ https://edu.bpmsoft.ru/baza-znaniy/konstruktor/:101
[    2676ms] [LOG] error SyntaxError: Unexpected token '_', "__ym__prom"... is not valid JSON @ https://edu.bpmsoft.ru/baza-znaniy/konstruktor/:101
[    2679ms] [LOG] error SyntaxError: Unexpected token '_', "__ym__prom"... is not valid JSON @ https://edu.bpmsoft.ru/baza-znaniy/konstruktor/:101
[    2680ms] [LOG] error SyntaxError: Unexpected token '_', "__ym__prom"... is not valid JSON @ https://edu.bpmsoft.ru/baza-znaniy/konstruktor/:101
[    2681ms] [LOG] error SyntaxError: Unexpected token '_', "__ym__prom"... is not valid JSON @ https://edu.bpmsoft.ru/baza-znaniy/konstruktor/:101
[    2681ms] [LOG] error SyntaxError: Unexpected token '_', "__ym__prom"... is not valid JSON @ https://edu.bpmsoft.ru/baza-znaniy/konstruktor/:101
[    2682ms] [LOG] error SyntaxError: Unexpected token '_', "__ym__prom"... is not valid JSON @ https://edu.bpmsoft.ru/baza-znaniy/konstruktor/:101
[    2683ms] [LOG] error SyntaxError: Unexpected token '_', "__ym__prom"... is not valid JSON @ https://edu.bpmsoft.ru/baza-znaniy/konstruktor/:101
[    2683ms] [LOG] error SyntaxError: Unexpected token '_', "__ym__prom"... is not valid JSON @ https://edu.bpmsoft.ru/baza-znaniy/konstruktor/:101
[    2684ms] [LOG] error SyntaxError: Unexpected token '_', "__ym__prom"... is not valid JSON @ https://edu.bpmsoft.ru/baza-znaniy/konstruktor/:101
[    2685ms] [LOG] error SyntaxError: Unexpected token '_', "__ym__prom"... is not valid JSON @ https://edu.bpmsoft.ru/baza-znaniy/konstruktor/:101
[    2686ms] [LOG] error SyntaxError: Unexpected token '_', "__ym__prom"... is not valid JSON @ https://edu.bpmsoft.ru/baza-znaniy/konstruktor/:101
[    2687ms] [LOG] error SyntaxError: Unexpected token '_', "__ym__prom"... is not valid JSON @ https://edu.bpmsoft.ru/baza-znaniy/konstruktor/:101
[    2687ms] [LOG] error SyntaxError: Unexpected token '_', "__ym__prom"... is not valid JSON @ https://edu.bpmsoft.ru/baza-znaniy/konstruktor/:101
[    2688ms] [LOG] error SyntaxError: Unexpected token '_', "__ym__prom"... is not valid JSON @ https://edu.bpmsoft.ru/baza-znaniy/konstruktor/:101
[    2689ms] [LOG] error SyntaxError: Unexpected token '_', "__ym__prom"... is not valid JSON @ https://edu.bpmsoft.ru/baza-znaniy/konstruktor/:101
[    2690ms] [LOG] error SyntaxError: Unexpected token '_', "__ym__prom"... is not valid JSON @ https://edu.bpmsoft.ru/baza-znaniy/konstruktor/:101
[    2690ms] [LOG] error SyntaxError: Unexpected token '_', "__ym__prom"... is not valid JSON @ https://edu.bpmsoft.ru/baza-znaniy/konstruktor/:101
[    2692ms] [LOG] error SyntaxError: Unexpected token '_', "__ym__prom"... is not valid JSON @ https://edu.bpmsoft.ru/baza-znaniy/konstruktor/:101
[    2692ms] [LOG] error SyntaxError: Unexpected token '_', "__ym__prom"... is not valid JSON @ https://edu.bpmsoft.ru/baza-znaniy/konstruktor/:101
[    2693ms] [LOG] error SyntaxError: Unexpected token '_', "__ym__prom"... is not valid JSON @ https://edu.bpmsoft.ru/baza-znaniy/konstruktor/:101
[    2695ms] [LOG] error SyntaxError: Unexpected token '_', "__ym__prom"... is not valid JSON @ https://edu.bpmsoft.ru/baza-znaniy/konstruktor/:101
[    2696ms] [LOG] error SyntaxError: Unexpected token '_', "__ym__prom"... is not valid JSON @ https://edu.bpmsoft.ru/baza-znaniy/konstruktor/:101
[    2696ms] [LOG] error SyntaxError: Unexpected token '_', "__ym__prom"... is not valid JSON @ https://edu.bpmsoft.ru/baza-znaniy/konstruktor/:101
[    2698ms] [LOG] error SyntaxError: Unexpected token '_', "__ym__prom"... is not valid JSON @ https://edu.bpmsoft.ru/baza-znaniy/konstruktor/:101
[    2699ms] [LOG] error SyntaxError: Unexpected token '_', "__ym__prom"... is not valid JSON @ https://edu.bpmsoft.ru/baza-znaniy/konstruktor/:101
[    2699ms] [LOG] error SyntaxError: Unexpected token '_', "__ym__prom"... is not valid JSON @ https://edu.bpmsoft.ru/baza-znaniy/konstruktor/:101
[    2700ms] [LOG] error SyntaxError: Unexpected token '_', "__ym__prom"... is not valid JSON @ https://edu.bpmsoft.ru/baza-znaniy/konstruktor/:101
[    2700ms] [LOG] error SyntaxError: Unexpected token '_', "__ym__prom"... is not valid JSON @ https://edu.bpmsoft.ru/baza-znaniy/konstruktor/:101
[    2701ms] [LOG] error SyntaxError: Unexpected token '_', "__ym__prom"... is not valid JSON @ https://edu.bpmsoft.ru/baza-znaniy/konstruktor/:101
[    2701ms] [LOG] error SyntaxError: Unexpected token '_', "__ym__prom"... is not valid JSON @ https://edu.bpmsoft.ru/baza-znaniy/konstruktor/:101
[    2702ms] [LOG] error SyntaxError: Unexpected token '_', "__ym__prom"... is not valid JSON @ https://edu.bpmsoft.ru/baza-znaniy/konstruktor/:101
[    2702ms] [LOG] error SyntaxError: Unexpected token '_', "__ym__prom"... is not valid JSON @ https://edu.bpmsoft.ru/baza-znaniy/konstruktor/:101
[    2703ms] [LOG] error SyntaxError: Unexpected token '_', "__ym__prom"... is not valid JSON @ https://edu.bpmsoft.ru/baza-znaniy/konstruktor/:101
[    2703ms] [LOG] error SyntaxError: Unexpected token '_', "__ym__prom"... is not valid JSON @ https://edu.bpmsoft.ru/baza-znaniy/konstruktor/:101
[    2704ms] [LOG] error SyntaxError: Unexpected token '_', "__ym__prom"... is not valid JSON @ https://edu.bpmsoft.ru/baza-znaniy/konstruktor/:101
[    2705ms] [LOG] error SyntaxError: Unexpected token '_', "__ym__prom"... is not valid JSON @ https://edu.bpmsoft.ru/baza-znaniy/konstruktor/:101
[    2705ms] [LOG] error SyntaxError: Unexpected token '_', "__ym__prom"... is not valid JSON @ https://edu.bpmsoft.ru/baza-znaniy/konstruktor/:101
[    2706ms] [LOG] error SyntaxError: Unexpected token '_', "__ym__prom"... is not valid JSON @ https://edu.bpmsoft.ru/baza-znaniy/konstruktor/:101
[    2706ms] [LOG] error SyntaxError: Unexpected token '_', "__ym__prom"... is not valid JSON @ https://edu.bpmsoft.ru/baza-znaniy/konstruktor/:101
[    2707ms] [LOG] error SyntaxError: Unexpected token '_', "__ym__prom"... is not valid JSON @ https://edu.bpmsoft.ru/baza-znaniy/konstruktor/:101
[    2707ms] [LOG] error SyntaxError: Unexpected token '_', "__ym__prom"... is not valid JSON @ https://edu.bpmsoft.ru/baza-znaniy/konstruktor/:101
[    2708ms] [LOG] error SyntaxError: Unexpected token '_', "__ym__prom"... is not valid JSON @ https://edu.bpmsoft.ru/baza-znaniy/konstruktor/:101
[    2708ms] [LOG] error SyntaxError: Unexpected token '_', "__ym__prom"... is not valid JSON @ https://edu.bpmsoft.ru/baza-znaniy/konstruktor/:101
[    2709ms] [LOG] error SyntaxError: Unexpected token '_', "__ym__prom"... is not valid JSON @ https://edu.bpmsoft.ru/baza-znaniy/konstruktor/:101
[    2711ms] [LOG] error SyntaxError: Unexpected token '_', "__ym__prom"... is not valid JSON @ https://edu.bpmsoft.ru/baza-znaniy/konstruktor/:101
[    2712ms] [LOG] error SyntaxError: Unexpected token '_', "__ym__prom"... is not valid JSON @ https://edu.bpmsoft.ru/baza-znaniy/konstruktor/:101
[    2713ms] [LOG] error SyntaxError: Unexpected token '_', "__ym__prom"... is not valid JSON @ https://edu.bpmsoft.ru/baza-znaniy/konstruktor/:101
[    2713ms] [LOG] error SyntaxError: Unexpected token '_', "__ym__prom"... is not valid JSON @ https://edu.bpmsoft.ru/baza-znaniy/konstruktor/:101
[    2714ms] [LOG] error SyntaxError: Unexpected token '_', "__ym__prom"... is not valid JSON @ https://edu.bpmsoft.ru/baza-znaniy/konstruktor/:101
[    2714ms] [LOG] error SyntaxError: Unexpected token '_', "__ym__prom"... is not valid JSON @ https://edu.bpmsoft.ru/baza-znaniy/konstruktor/:101
[    2715ms] [LOG] error SyntaxError: Unexpected token '_', "__ym__prom"... is not valid JSON @ https://edu.bpmsoft.ru/baza-znaniy/konstruktor/:101
[    2715ms] [LOG] error SyntaxError: Unexpected token '_', "__ym__prom"... is not valid JSON @ https://edu.bpmsoft.ru/baza-znaniy/konstruktor/:101
[    2716ms] [LOG] error SyntaxError: Unexpected token '_', "__ym__prom"... is not valid JSON @ https://edu.bpmsoft.ru/baza-znaniy/konstruktor/:101
[    2716ms] [LOG] error SyntaxError: Unexpected token '_', "__ym__prom"... is not valid JSON @ https://edu.bpmsoft.ru/baza-znaniy/konstruktor/:101
[    2717ms] [LOG] error SyntaxError: Unexpected token '_', "__ym__prom"... is not valid JSON @ https://edu.bpmsoft.ru/baza-znaniy/konstruktor/:101
[    2717ms] [LOG] error SyntaxError: Unexpected token '_', "__ym__prom"... is not valid JSON @ https://edu.bpmsoft.ru/baza-znaniy/konstruktor/:101
[    2718ms] [LOG] error SyntaxError: Unexpected token '_', "__ym__prom"... is not valid JSON @ https://edu.bpmsoft.ru/baza-znaniy/konstruktor/:101
[    2718ms] [LOG] error SyntaxError: Unexpected token '_', "__ym__prom"... is not valid JSON @ https://edu.bpmsoft.ru/baza-znaniy/konstruktor/:101
[    2719ms] [LOG] error SyntaxError: Unexpected token '_', "__ym__prom"... is not valid JSON @ https://edu.bpmsoft.ru/baza-znaniy/konstruktor/:101
[    2719ms] [LOG] error SyntaxError: Unexpected token '_', "__ym__prom"... is not valid JSON @ https://edu.bpmsoft.ru/baza-znaniy/konstruktor/:101
[    2720ms] [LOG] error SyntaxError: Unexpected token '_', "__ym__prom"... is not valid JSON @ https://edu.bpmsoft.ru/baza-znaniy/konstruktor/:101
[    2721ms] [LOG] error SyntaxError: Unexpected token '_', "__ym__prom"... is not valid JSON @ https://edu.bpmsoft.ru/baza-znaniy/konstruktor/:101
[    2721ms] [LOG] error SyntaxError: Unexpected token '_', "__ym__prom"... is not valid JSON @ https://edu.bpmsoft.ru/baza-znaniy/konstruktor/:101
[    2722ms] [LOG] error SyntaxError: Unexpected token '_', "__ym__prom"... is not valid JSON @ https://edu.bpmsoft.ru/baza-znaniy/konstruktor/:101
[    2722ms] [LOG] error SyntaxError: Unexpected token '_', "__ym__prom"... is not valid JSON @ https://edu.bpmsoft.ru/baza-znaniy/konstruktor/:101
[    2723ms] [LOG] error SyntaxError: Unexpected token '_', "__ym__prom"... is not valid JSON @ https://edu.bpmsoft.ru/baza-znaniy/konstruktor/:101
[    2723ms] [LOG] error SyntaxError: Unexpected token '_', "__ym__prom"... is not valid JSON @ https://edu.bpmsoft.ru/baza-znaniy/konstruktor/:101
[    2724ms] [LOG] error SyntaxError: Unexpected token '_', "__ym__prom"... is not valid JSON @ https://edu.bpmsoft.ru/baza-znaniy/konstruktor/:101
[    2724ms] [LOG] error SyntaxError: Unexpected token '_', "__ym__prom"... is not valid JSON @ https://edu.bpmsoft.ru/baza-znaniy/konstruktor/:101
[    2725ms] [LOG] error SyntaxError: Unexpected token '_', "__ym__prom"... is not valid JSON @ https://edu.bpmsoft.ru/baza-znaniy/konstruktor/:101
[    2725ms] [LOG] error SyntaxError: Unexpected token '_', "__ym__prom"... is not valid JSON @ https://edu.bpmsoft.ru/baza-znaniy/konstruktor/:101
[    2726ms] [LOG] error SyntaxError: Unexpected token '_', "__ym__prom"... is not valid JSON @ https://edu.bpmsoft.ru/baza-znaniy/konstruktor/:101
[    2728ms] [LOG] error SyntaxError: Unexpected token '_', "__ym__prom"... is not valid JSON @ https://edu.bpmsoft.ru/baza-znaniy/konstruktor/:101
[    2729ms] [LOG] error SyntaxError: Unexpected token '_', "__ym__prom"... is not valid JSON @ https://edu.bpmsoft.ru/baza-znaniy/konstruktor/:101
[    2729ms] [LOG] error SyntaxError: Unexpected token '_', "__ym__prom"... is not valid JSON @ https://edu.bpmsoft.ru/baza-znaniy/konstruktor/:101
[    2730ms] [LOG] error SyntaxError: Unexpected token '_', "__ym__prom"... is not valid JSON @ https://edu.bpmsoft.ru/baza-znaniy/konstruktor/:101
[    2730ms] [LOG] error SyntaxError: Unexpected token '_', "__ym__prom"... is not valid JSON @ https://edu.bpmsoft.ru/baza-znaniy/konstruktor/:101
[    2731ms] [LOG] error SyntaxError: Unexpected token '_', "__ym__prom"... is not valid JSON @ https://edu.bpmsoft.ru/baza-znaniy/konstruktor/:101
[    2731ms] [LOG] error SyntaxError: Unexpected token '_', "__ym__prom"... is not valid JSON @ https://edu.bpmsoft.ru/baza-znaniy/konstruktor/:101
[    2732ms] [LOG] error SyntaxError: Unexpected token '_', "__ym__prom"... is not valid JSON @ https://edu.bpmsoft.ru/baza-znaniy/konstruktor/:101
[    2732ms] [LOG] error SyntaxError: Unexpected token '_', "__ym__prom"... is not valid JSON @ https://edu.bpmsoft.ru/baza-znaniy/konstruktor/:101
[    2733ms] [LOG] error SyntaxError: Unexpected token '_', "__ym__prom"... is not valid JSON @ https://edu.bpmsoft.ru/baza-znaniy/konstruktor/:101
[    2733ms] [LOG] error SyntaxError: Unexpected token '_', "__ym__prom"... is not valid JSON @ https://edu.bpmsoft.ru/baza-znaniy/konstruktor/:101
[    2734ms] [LOG] error SyntaxError: Unexpected token '_', "__ym__prom"... is not valid JSON @ https://edu.bpmsoft.ru/baza-znaniy/konstruktor/:101
[    2734ms] [LOG] error SyntaxError: Unexpected token '_', "__ym__prom"... is not valid JSON @ https://edu.bpmsoft.ru/baza-znaniy/konstruktor/:101
[    2735ms] [LOG] error SyntaxError: Unexpected token '_', "__ym__prom"... is not valid JSON @ https://edu.bpmsoft.ru/baza-znaniy/konstruktor/:101
[    2735ms] [LOG] error SyntaxError: Unexpected token '_', "__ym__prom"... is not valid JSON @ https://edu.bpmsoft.ru/baza-znaniy/konstruktor/:101
[    2736ms] [LOG] error SyntaxError: Unexpected token '_', "__ym__prom"... is not valid JSON @ https://edu.bpmsoft.ru/baza-znaniy/konstruktor/:101
[    2736ms] [LOG] error SyntaxError: Unexpected token '_', "__ym__prom"... is not valid JSON @ https://edu.bpmsoft.ru/baza-znaniy/konstruktor/:101
[    2737ms] [LOG] error SyntaxError: Unexpected token '_', "__ym__prom"... is not valid JSON @ https://edu.bpmsoft.ru/baza-znaniy/konstruktor/:101
[    2738ms] [LOG] error SyntaxError: Unexpected token '_', "__ym__prom"... is not valid JSON @ https://edu.bpmsoft.ru/baza-znaniy/konstruktor/:101
[    2738ms] [LOG] error SyntaxError: Unexpected token '_', "__ym__prom"... is not valid JSON @ https://edu.bpmsoft.ru/baza-znaniy/konstruktor/:101
[    2739ms] [LOG] error SyntaxError: Unexpected token '_', "__ym__prom"... is not valid JSON @ https://edu.bpmsoft.ru/baza-znaniy/konstruktor/:101
[    2739ms] [LOG] error SyntaxError: Unexpected token '_', "__ym__prom"... is not valid JSON @ https://edu.bpmsoft.ru/baza-znaniy/konstruktor/:101
[    2740ms] [LOG] error SyntaxError: Unexpected token '_', "__ym__prom"... is not valid JSON @ https://edu.bpmsoft.ru/baza-znaniy/konstruktor/:101
[    2741ms] [LOG] error SyntaxError: Unexpected token '_', "__ym__prom"... is not valid JSON @ https://edu.bpmsoft.ru/baza-znaniy/konstruktor/:101
[    2741ms] [LOG] error SyntaxError: Unexpected token '_', "__ym__prom"... is not valid JSON @ https://edu.bpmsoft.ru/baza-znaniy/konstruktor/:101
[    2742ms] [LOG] error SyntaxError: Unexpected token '_', "__ym__prom"... is not valid JSON @ https://edu.bpmsoft.ru/baza-znaniy/konstruktor/:101
[    2743ms] [LOG] error SyntaxError: Unexpected token '_', "__ym__prom"... is not valid JSON @ https://edu.bpmsoft.ru/baza-znaniy/konstruktor/:101
[    2745ms] [LOG] error SyntaxError: Unexpected token '_', "__ym__prom"... is not valid JSON @ https://edu.bpmsoft.ru/baza-znaniy/konstruktor/:101
[    2746ms] [LOG] error SyntaxError: Unexpected token '_', "__ym__prom"... is not valid JSON @ https://edu.bpmsoft.ru/baza-znaniy/konstruktor/:101
[    2747ms] [LOG] error SyntaxError: Unexpected token '_', "__ym__prom"... is not valid JSON @ https://edu.bpmsoft.ru/baza-znaniy/konstruktor/:101
[    2748ms] [LOG] error SyntaxError: Unexpected token '_', "__ym__prom"... is not valid JSON @ https://edu.bpmsoft.ru/baza-znaniy/konstruktor/:101
[    2748ms] [LOG] error SyntaxError: Unexpected token '_', "__ym__prom"... is not valid JSON @ https://edu.bpmsoft.ru/baza-znaniy/konstruktor/:101
[    2749ms] [LOG] error SyntaxError: Unexpected token '_', "__ym__prom"... is not valid JSON @ https://edu.bpmsoft.ru/baza-znaniy/konstruktor/:101
[    2750ms] [LOG] error SyntaxError: Unexpected token '_', "__ym__prom"... is not valid JSON @ https://edu.bpmsoft.ru/baza-znaniy/konstruktor/:101
[    2751ms] [LOG] error SyntaxError: Unexpected token '_', "__ym__prom"... is not valid JSON @ https://edu.bpmsoft.ru/baza-znaniy/konstruktor/:101
[    2751ms] [LOG] error SyntaxError: Unexpected token '_', "__ym__prom"... is not valid JSON @ https://edu.bpmsoft.ru/baza-znaniy/konstruktor/:101
[    2752ms] [LOG] error SyntaxError: Unexpected token '_', "__ym__prom"... is not valid JSON @ https://edu.bpmsoft.ru/baza-znaniy/konstruktor/:101
[    2753ms] [LOG] error SyntaxError: Unexpected token '_', "__ym__prom"... is not valid JSON @ https://edu.bpmsoft.ru/baza-znaniy/konstruktor/:101
[    2754ms] [LOG] error SyntaxError: Unexpected token '_', "__ym__prom"... is not valid JSON @ https://edu.bpmsoft.ru/baza-znaniy/konstruktor/:101
[    2755ms] [LOG] error SyntaxError: Unexpected token '_', "__ym__prom"... is not valid JSON @ https://edu.bpmsoft.ru/baza-znaniy/konstruktor/:101
[    2756ms] [LOG] error SyntaxError: Unexpected token '_', "__ym__prom"... is not valid JSON @ https://edu.bpmsoft.ru/baza-znaniy/konstruktor/:101
[    2756ms] [LOG] error SyntaxError: Unexpected token '_', "__ym__prom"... is not valid JSON @ https://edu.bpmsoft.ru/baza-znaniy/konstruktor/:101
[    2757ms] [LOG] error SyntaxError: Unexpected token '_', "__ym__prom"... is not valid JSON @ https://edu.bpmsoft.ru/baza-znaniy/konstruktor/:101
[    2757ms] [LOG] error SyntaxError: Unexpected token '_', "__ym__prom"... is not valid JSON @ https://edu.bpmsoft.ru/baza-znaniy/konstruktor/:101
[    2758ms] [LOG] error SyntaxError: Unexpected token '_', "__ym__prom"... is not valid JSON @ https://edu.bpmsoft.ru/baza-znaniy/konstruktor/:101
[    2759ms] [LOG] error SyntaxError: Unexpected token '_', "__ym__prom"... is not valid JSON @ https://edu.bpmsoft.ru/baza-znaniy/konstruktor/:101
[    2760ms] [LOG] error SyntaxError: Unexpected token '_', "__ym__prom"... is not valid JSON @ https://edu.bpmsoft.ru/baza-znaniy/konstruktor/:101
[    2762ms] [LOG] error SyntaxError: Unexpected token '_', "__ym__prom"... is not valid JSON @ https://edu.bpmsoft.ru/baza-znaniy/konstruktor/:101
[    2763ms] [LOG] error SyntaxError: Unexpected token '_', "__ym__prom"... is not valid JSON @ https://edu.bpmsoft.ru/baza-znaniy/konstruktor/:101
[    2764ms] [LOG] error SyntaxError: Unexpected token '_', "__ym__prom"... is not valid JSON @ https://edu.bpmsoft.ru/baza-znaniy/konstruktor/:101
[    2765ms] [LOG] error SyntaxError: Unexpected token '_', "__ym__prom"... is not valid JSON @ https://edu.bpmsoft.ru/baza-znaniy/konstruktor/:101
[    2766ms] [LOG] error SyntaxError: Unexpected token '_', "__ym__prom"... is not valid JSON @ https://edu.bpmsoft.ru/baza-znaniy/konstruktor/:101
[    2767ms] [LOG] error SyntaxError: Unexpected token '_', "__ym__prom"... is not valid JSON @ https://edu.bpmsoft.ru/baza-znaniy/konstruktor/:101
[    2768ms] [LOG] error SyntaxError: Unexpected token '_', "__ym__prom"... is not valid JSON @ https://edu.bpmsoft.ru/baza-znaniy/konstruktor/:101
[    2768ms] [LOG] error SyntaxError: Unexpected token '_', "__ym__prom"... is not valid JSON @ https://edu.bpmsoft.ru/baza-znaniy/konstruktor/:101
[    2769ms] [LOG] error SyntaxError: Unexpected token '_', "__ym__prom"... is not valid JSON @ https://edu.bpmsoft.ru/baza-znaniy/konstruktor/:101
[    2769ms] [LOG] error SyntaxError: Unexpected token '_', "__ym__prom"... is not valid JSON @ https://edu.bpmsoft.ru/baza-znaniy/konstruktor/:101
[    2770ms] [LOG] error SyntaxError: Unexpected token '_', "__ym__prom"... is not valid JSON @ https://edu.bpmsoft.ru/baza-znaniy/konstruktor/:101
[    2770ms] [LOG] error SyntaxError: Unexpected token '_', "__ym__prom"... is not valid JSON @ https://edu.bpmsoft.ru/baza-znaniy/konstruktor/:101
[    2771ms] [LOG] error SyntaxError: Unexpected token '_', "__ym__prom"... is not valid JSON @ https://edu.bpmsoft.ru/baza-znaniy/konstruktor/:101
[    2771ms] [LOG] error SyntaxError: Unexpected token '_', "__ym__prom"... is not valid JSON @ https://edu.bpmsoft.ru/baza-znaniy/konstruktor/:101
[    2772ms] [LOG] error SyntaxError: Unexpected token '_', "__ym__prom"... is not valid JSON @ https://edu.bpmsoft.ru/baza-znaniy/konstruktor/:101
[    2773ms] [LOG] error SyntaxError: Unexpected token '_', "__ym__prom"... is not valid JSON @ https://edu.bpmsoft.ru/baza-znaniy/konstruktor/:101
[    2774ms] [LOG] error SyntaxError: Unexpected token '_', "__ym__prom"... is not valid JSON @ https://edu.bpmsoft.ru/baza-znaniy/konstruktor/:101
[    2774ms] [LOG] error SyntaxError: Unexpected token '_', "__ym__prom"... is not valid JSON @ https://edu.bpmsoft.ru/baza-znaniy/konstruktor/:101
[    2774ms] [LOG] error SyntaxError: Unexpected token '_', "__ym__prom"... is not valid JSON @ https://edu.bpmsoft.ru/baza-znaniy/konstruktor/:101
[    2775ms] [LOG] error SyntaxError: Unexpected token '_', "__ym__prom"... is not valid JSON @ https://edu.bpmsoft.ru/baza-znaniy/konstruktor/:101
[    2775ms] [LOG] error SyntaxError: Unexpected token '_', "__ym__prom"... is not valid JSON @ https://edu.bpmsoft.ru/baza-znaniy/konstruktor/:101
[    2777ms] [LOG] error SyntaxError: Unexpected token '_', "__ym__prom"... is not valid JSON @ https://edu.bpmsoft.ru/baza-znaniy/konstruktor/:101
[    2779ms] [LOG] error SyntaxError: Unexpected token '_', "__ym__prom"... is not valid JSON @ https://edu.bpmsoft.ru/baza-znaniy/konstruktor/:101
