[     337ms] [ERROR] Failed to load resource: the server responded with a status of 404 (Not Found) @ https://bpmsoft.ru/baza-zaniy/magazin-prilozheniy/konstruktor-zaprosov/:0
[     572ms] [LOG] error SyntaxError: Unexpected token '_', "__ym__prom"... is not valid JSON @ https://bpmsoft.ru/baza-zaniy/magazin-prilozheniy/konstruktor-zaprosov/:101
[     574ms] [LOG] error SyntaxError: Unexpected token '_', "__ym__prom"... is not valid JSON @ https://bpmsoft.ru/baza-zaniy/magazin-prilozheniy/konstruktor-zaprosov/:101
[     816ms] [VERBOSE] [DOM] Input elements should have autocomplete attributes (suggested: "current-password"): (More info: https://goo.gl/9p2vKq) %o @ https://bpmsoft.ru/baza-zaniy/magazin-prilozheniy/konstruktor-zaprosov/:0
[     817ms] [VERBOSE] [DOM] Input elements should have autocomplete attributes (suggested: "new-password"): (More info: https://goo.gl/9p2vKq) %o @ https://bpmsoft.ru/baza-zaniy/magazin-prilozheniy/konstruktor-zaprosov/:0
[     817ms] [VERBOSE] [DOM] Input elements should have autocomplete attributes (suggested: "new-password"): (More info: https://goo.gl/9p2vKq) %o @ https://bpmsoft.ru/baza-zaniy/magazin-prilozheniy/konstruktor-zaprosov/:0
[     817ms] [VERBOSE] [DOM] Input elements should have autocomplete attributes (suggested: "current-password"): (More info: https://goo.gl/9p2vKq) %o @ https://bpmsoft.ru/baza-zaniy/magazin-prilozheniy/konstruktor-zaprosov/:0
[     817ms] [VERBOSE] [DOM] Input elements should have autocomplete attributes (suggested: "new-password"): (More info: https://goo.gl/9p2vKq) %o @ https://bpmsoft.ru/baza-zaniy/magazin-prilozheniy/konstruktor-zaprosov/:0
[     817ms] [VERBOSE] [DOM] Input elements should have autocomplete attributes (suggested: "new-password"): (More info: https://goo.gl/9p2vKq) %o @ https://bpmsoft.ru/baza-zaniy/magazin-prilozheniy/konstruktor-zaprosov/:0
[     843ms] [ERROR] Access to fetch at 'https://ipapi.co/json' from origin 'https://bpmsoft.ru' has been blocked by CORS policy: No 'Access-Control-Allow-Origin' header is present on the requested resource. @ https://bpmsoft.ru/baza-zaniy/magazin-prilozheniy/konstruktor-zaprosov/:0
[     843ms] [ERROR] Failed to load resource: net::ERR_FAILED @ https://ipapi.co/json:0
[     874ms] [LOG] error SyntaxError: Unexpected token '_', "__ym__prom"... is not valid JSON @ https://bpmsoft.ru/baza-zaniy/magazin-prilozheniy/konstruktor-zaprosov/:101
[     876ms] [LOG] error SyntaxError: Unexpected token '_', "__ym__prom"... is not valid JSON @ https://bpmsoft.ru/baza-zaniy/magazin-prilozheniy/konstruktor-zaprosov/:101
[     883ms] [LOG] error SyntaxError: Unexpected token '_', "__ym__prom"... is not valid JSON @ https://bpmsoft.ru/baza-zaniy/magazin-prilozheniy/konstruktor-zaprosov/:101
[     887ms] [LOG] error SyntaxError: Unexpected token '_', "__ym__prom"... is not valid JSON @ https://bpmsoft.ru/baza-zaniy/magazin-prilozheniy/konstruktor-zaprosov/:101
[     887ms] [LOG] error SyntaxError: Unexpected token '_', "__ym__prom"... is not valid JSON @ https://bpmsoft.ru/baza-zaniy/magazin-prilozheniy/konstruktor-zaprosov/:101
[    1214ms] [LOG] error SyntaxError: Unexpected token '_', "__ym__prom"... is not valid JSON @ https://bpmsoft.ru/baza-zaniy/magazin-prilozheniy/konstruktor-zaprosov/:101
[    1215ms] [LOG] error SyntaxError: Unexpected token '_', "__ym__prom"... is not valid JSON @ https://bpmsoft.ru/baza-zaniy/magazin-prilozheniy/konstruktor-zaprosov/:101
[    1216ms] [LOG] error SyntaxError: Unexpected token '_', "__ym__prom"... is not valid JSON @ https://bpmsoft.ru/baza-zaniy/magazin-prilozheniy/konstruktor-zaprosov/:101
[    1217ms] [LOG] error SyntaxError: Unexpected token '_', "__ym__prom"... is not valid JSON @ https://bpmsoft.ru/baza-zaniy/magazin-prilozheniy/konstruktor-zaprosov/:101
[    1219ms] [LOG] error SyntaxError: Unexpected token '_', "__ym__prom"... is not valid JSON @ https://bpmsoft.ru/baza-zaniy/magazin-prilozheniy/konstruktor-zaprosov/:101
[    1220ms] [LOG] error SyntaxError: Unexpected token '_', "__ym__prom"... is not valid JSON @ https://bpmsoft.ru/baza-zaniy/magazin-prilozheniy/konstruktor-zaprosov/:101
[    1220ms] [LOG] error SyntaxError: Unexpected token '_', "__ym__prom"... is not valid JSON @ https://bpmsoft.ru/baza-zaniy/magazin-prilozheniy/konstruktor-zaprosov/:101
[    1221ms] [LOG] error SyntaxError: Unexpected token '_', "__ym__prom"... is not valid JSON @ https://bpmsoft.ru/baza-zaniy/magazin-prilozheniy/konstruktor-zaprosov/:101
[    1222ms] [LOG] error SyntaxError: Unexpected token '_', "__ym__prom"... is not valid JSON @ https://bpmsoft.ru/baza-zaniy/magazin-prilozheniy/konstruktor-zaprosov/:101
[    1224ms] [LOG] error SyntaxError: Unexpected token '_', "__ym__prom"... is not valid JSON @ https://bpmsoft.ru/baza-zaniy/magazin-prilozheniy/konstruktor-zaprosov/:101
[    1225ms] [LOG] error SyntaxError: Unexpected token '_', "__ym__prom"... is not valid JSON @ https://bpmsoft.ru/baza-zaniy/magazin-prilozheniy/konstruktor-zaprosov/:101
[    1226ms] [LOG] error SyntaxError: Unexpected token '_', "__ym__prom"... is not valid JSON @ https://bpmsoft.ru/baza-zaniy/magazin-prilozheniy/konstruktor-zaprosov/:101
[    1227ms] [LOG] error SyntaxError: Unexpected token '_', "__ym__prom"... is not valid JSON @ https://bpmsoft.ru/baza-zaniy/magazin-prilozheniy/konstruktor-zaprosov/:101
[    1229ms] [LOG] error SyntaxError: Unexpected token '_', "__ym__prom"... is not valid JSON @ https://bpmsoft.ru/baza-zaniy/magazin-prilozheniy/konstruktor-zaprosov/:101
[    1230ms] [LOG] error SyntaxError: Unexpected token '_', "__ym__prom"... is not valid JSON @ https://bpmsoft.ru/baza-zaniy/magazin-prilozheniy/konstruktor-zaprosov/:101
[    1230ms] [LOG] error SyntaxError: Unexpected token '_', "__ym__prom"... is not valid JSON @ https://bpmsoft.ru/baza-zaniy/magazin-prilozheniy/konstruktor-zaprosov/:101
[    1232ms] [LOG] error SyntaxError: Unexpected token '_', "__ym__prom"... is not valid JSON @ https://bpmsoft.ru/baza-zaniy/magazin-prilozheniy/konstruktor-zaprosov/:101
[    1234ms] [LOG] error SyntaxError: Unexpected token '_', "__ym__prom"... is not valid JSON @ https://bpmsoft.ru/baza-zaniy/magazin-prilozheniy/konstruktor-zaprosov/:101
[    1236ms] [LOG] error SyntaxError: Unexpected token '_', "__ym__prom"... is not valid JSON @ https://bpmsoft.ru/baza-zaniy/magazin-prilozheniy/konstruktor-zaprosov/:101
[    1238ms] [LOG] error SyntaxError: Unexpected token '_', "__ym__prom"... is not valid JSON @ https://bpmsoft.ru/baza-zaniy/magazin-prilozheniy/konstruktor-zaprosov/:101
[    1240ms] [LOG] error SyntaxError: Unexpected token '_', "__ym__prom"... is not valid JSON @ https://bpmsoft.ru/baza-zaniy/magazin-prilozheniy/konstruktor-zaprosov/:101
[    1241ms] [LOG] error SyntaxError: Unexpected token '_', "__ym__prom"... is not valid JSON @ https://bpmsoft.ru/baza-zaniy/magazin-prilozheniy/konstruktor-zaprosov/:101
[    1242ms] [LOG] error SyntaxError: Unexpected token '_', "__ym__prom"... is not valid JSON @ https://bpmsoft.ru/baza-zaniy/magazin-prilozheniy/konstruktor-zaprosov/:101
[    1243ms] [LOG] error SyntaxError: Unexpected token '_', "__ym__prom"... is not valid JSON @ https://bpmsoft.ru/baza-zaniy/magazin-prilozheniy/konstruktor-zaprosov/:101
[    1245ms] [LOG] error SyntaxError: Unexpected token '_', "__ym__prom"... is not valid JSON @ https://bpmsoft.ru/baza-zaniy/magazin-prilozheniy/konstruktor-zaprosov/:101
[    1246ms] [LOG] error SyntaxError: Unexpected token '_', "__ym__prom"... is not valid JSON @ https://bpmsoft.ru/baza-zaniy/magazin-prilozheniy/konstruktor-zaprosov/:101
[    1247ms] [LOG] error SyntaxError: Unexpected token '_', "__ym__prom"... is not valid JSON @ https://bpmsoft.ru/baza-zaniy/magazin-prilozheniy/konstruktor-zaprosov/:101
[    1248ms] [LOG] error SyntaxError: Unexpected token '_', "__ym__prom"... is not valid JSON @ https://bpmsoft.ru/baza-zaniy/magazin-prilozheniy/konstruktor-zaprosov/:101
[    1249ms] [LOG] error SyntaxError: Unexpected token '_', "__ym__prom"... is not valid JSON @ https://bpmsoft.ru/baza-zaniy/magazin-prilozheniy/konstruktor-zaprosov/:101
[    1250ms] [LOG] error SyntaxError: Unexpected token '_', "__ym__prom"... is not valid JSON @ https://bpmsoft.ru/baza-zaniy/magazin-prilozheniy/konstruktor-zaprosov/:101
[    1251ms] [LOG] error SyntaxError: Unexpected token '_', "__ym__prom"... is not valid JSON @ https://bpmsoft.ru/baza-zaniy/magazin-prilozheniy/konstruktor-zaprosov/:101
[    1252ms] [LOG] error SyntaxError: Unexpected token '_', "__ym__prom"... is not valid JSON @ https://bpmsoft.ru/baza-zaniy/magazin-prilozheniy/konstruktor-zaprosov/:101
[    1254ms] [LOG] error SyntaxError: Unexpected token '_', "__ym__prom"... is not valid JSON @ https://bpmsoft.ru/baza-zaniy/magazin-prilozheniy/konstruktor-zaprosov/:101
[    1256ms] [LOG] error SyntaxError: Unexpected token '_', "__ym__prom"... is not valid JSON @ https://bpmsoft.ru/baza-zaniy/magazin-prilozheniy/konstruktor-zaprosov/:101
[    1257ms] [LOG] error SyntaxError: Unexpected token '_', "__ym__prom"... is not valid JSON @ https://bpmsoft.ru/baza-zaniy/magazin-prilozheniy/konstruktor-zaprosov/:101
[    1258ms] [LOG] error SyntaxError: Unexpected token '_', "__ym__prom"... is not valid JSON @ https://bpmsoft.ru/baza-zaniy/magazin-prilozheniy/konstruktor-zaprosov/:101
[    1259ms] [LOG] error SyntaxError: Unexpected token '_', "__ym__prom"... is not valid JSON @ https://bpmsoft.ru/baza-zaniy/magazin-prilozheniy/konstruktor-zaprosov/:101
[    1259ms] [LOG] error SyntaxError: Unexpected token '_', "__ym__prom"... is not valid JSON @ https://bpmsoft.ru/baza-zaniy/magazin-prilozheniy/konstruktor-zaprosov/:101
[    1260ms] [LOG] error SyntaxError: Unexpected token '_', "__ym__prom"... is not valid JSON @ https://bpmsoft.ru/baza-zaniy/magazin-prilozheniy/konstruktor-zaprosov/:101
[    1260ms] [LOG] error SyntaxError: Unexpected token '_', "__ym__prom"... is not valid JSON @ https://bpmsoft.ru/baza-zaniy/magazin-prilozheniy/konstruktor-zaprosov/:101
[    1260ms] [LOG] error SyntaxError: Unexpected token '_', "__ym__prom"... is not valid JSON @ https://bpmsoft.ru/baza-zaniy/magazin-prilozheniy/konstruktor-zaprosov/:101
[    1261ms] [LOG] error SyntaxError: Unexpected token '_', "__ym__prom"... is not valid JSON @ https://bpmsoft.ru/baza-zaniy/magazin-prilozheniy/konstruktor-zaprosov/:101
[    1261ms] [LOG] error SyntaxError: Unexpected token '_', "__ym__prom"... is not valid JSON @ https://bpmsoft.ru/baza-zaniy/magazin-prilozheniy/konstruktor-zaprosov/:101
[    1262ms] [LOG] error SyntaxError: Unexpected token '_', "__ym__prom"... is not valid JSON @ https://bpmsoft.ru/baza-zaniy/magazin-prilozheniy/konstruktor-zaprosov/:101
[    1262ms] [LOG] error SyntaxError: Unexpected token '_', "__ym__prom"... is not valid JSON @ https://bpmsoft.ru/baza-zaniy/magazin-prilozheniy/konstruktor-zaprosov/:101
[    1263ms] [LOG] error SyntaxError: Unexpected token '_', "__ym__prom"... is not valid JSON @ https://bpmsoft.ru/baza-zaniy/magazin-prilozheniy/konstruktor-zaprosov/:101
[    1263ms] [LOG] error SyntaxError: Unexpected token '_', "__ym__prom"... is not valid JSON @ https://bpmsoft.ru/baza-zaniy/magazin-prilozheniy/konstruktor-zaprosov/:101
[    1263ms] [LOG] error SyntaxError: Unexpected token '_', "__ym__prom"... is not valid JSON @ https://bpmsoft.ru/baza-zaniy/magazin-prilozheniy/konstruktor-zaprosov/:101
[    1264ms] [LOG] error SyntaxError: Unexpected token '_', "__ym__prom"... is not valid JSON @ https://bpmsoft.ru/baza-zaniy/magazin-prilozheniy/konstruktor-zaprosov/:101
[    1264ms] [LOG] error SyntaxError: Unexpected token '_', "__ym__prom"... is not valid JSON @ https://bpmsoft.ru/baza-zaniy/magazin-prilozheniy/konstruktor-zaprosov/:101
[    1265ms] [LOG] error SyntaxError: Unexpected token '_', "__ym__prom"... is not valid JSON @ https://bpmsoft.ru/baza-zaniy/magazin-prilozheniy/konstruktor-zaprosov/:101
[    1265ms] [LOG] error SyntaxError: Unexpected token '_', "__ym__prom"... is not valid JSON @ https://bpmsoft.ru/baza-zaniy/magazin-prilozheniy/konstruktor-zaprosov/:101
[    1266ms] [LOG] error SyntaxError: Unexpected token '_', "__ym__prom"... is not valid JSON @ https://bpmsoft.ru/baza-zaniy/magazin-prilozheniy/konstruktor-zaprosov/:101
[    1266ms] [LOG] error SyntaxError: Unexpected token '_', "__ym__prom"... is not valid JSON @ https://bpmsoft.ru/baza-zaniy/magazin-prilozheniy/konstruktor-zaprosov/:101
[    1267ms] [LOG] error SyntaxError: Unexpected token '_', "__ym__prom"... is not valid JSON @ https://bpmsoft.ru/baza-zaniy/magazin-prilozheniy/konstruktor-zaprosov/:101
[    1270ms] [LOG] error SyntaxError: Unexpected token '_', "__ym__prom"... is not valid JSON @ https://bpmsoft.ru/baza-zaniy/magazin-prilozheniy/konstruktor-zaprosov/:101
[    1271ms] [LOG] error SyntaxError: Unexpected token '_', "__ym__prom"... is not valid JSON @ https://bpmsoft.ru/baza-zaniy/magazin-prilozheniy/konstruktor-zaprosov/:101
[    1272ms] [LOG] error SyntaxError: Unexpected token '_', "__ym__prom"... is not valid JSON @ https://bpmsoft.ru/baza-zaniy/magazin-prilozheniy/konstruktor-zaprosov/:101
[    1273ms] [LOG] error SyntaxError: Unexpected token '_', "__ym__prom"... is not valid JSON @ https://bpmsoft.ru/baza-zaniy/magazin-prilozheniy/konstruktor-zaprosov/:101
[    1273ms] [LOG] error SyntaxError: Unexpected token '_', "__ym__prom"... is not valid JSON @ https://bpmsoft.ru/baza-zaniy/magazin-prilozheniy/konstruktor-zaprosov/:101
[    1274ms] [LOG] error SyntaxError: Unexpected token '_', "__ym__prom"... is not valid JSON @ https://bpmsoft.ru/baza-zaniy/magazin-prilozheniy/konstruktor-zaprosov/:101
[    1275ms] [LOG] error SyntaxError: Unexpected token '_', "__ym__prom"... is not valid JSON @ https://bpmsoft.ru/baza-zaniy/magazin-prilozheniy/konstruktor-zaprosov/:101
[    1276ms] [LOG] error SyntaxError: Unexpected token '_', "__ym__prom"... is not valid JSON @ https://bpmsoft.ru/baza-zaniy/magazin-prilozheniy/konstruktor-zaprosov/:101
[    1276ms] [LOG] error SyntaxError: Unexpected token '_', "__ym__prom"... is not valid JSON @ https://bpmsoft.ru/baza-zaniy/magazin-prilozheniy/konstruktor-zaprosov/:101
[    1277ms] [LOG] error SyntaxError: Unexpected token '_', "__ym__prom"... is not valid JSON @ https://bpmsoft.ru/baza-zaniy/magazin-prilozheniy/konstruktor-zaprosov/:101
[    1277ms] [LOG] error SyntaxError: Unexpected token '_', "__ym__prom"... is not valid JSON @ https://bpmsoft.ru/baza-zaniy/magazin-prilozheniy/konstruktor-zaprosov/:101
[    1278ms] [LOG] error SyntaxError: Unexpected token '_', "__ym__prom"... is not valid JSON @ https://bpmsoft.ru/baza-zaniy/magazin-prilozheniy/konstruktor-zaprosov/:101
[    1278ms] [LOG] error SyntaxError: Unexpected token '_', "__ym__prom"... is not valid JSON @ https://bpmsoft.ru/baza-zaniy/magazin-prilozheniy/konstruktor-zaprosov/:101
[    1279ms] [LOG] error SyntaxError: Unexpected token '_', "__ym__prom"... is not valid JSON @ https://bpmsoft.ru/baza-zaniy/magazin-prilozheniy/konstruktor-zaprosov/:101
[    1279ms] [LOG] error SyntaxError: Unexpected token '_', "__ym__prom"... is not valid JSON @ https://bpmsoft.ru/baza-zaniy/magazin-prilozheniy/konstruktor-zaprosov/:101
[    1280ms] [LOG] error SyntaxError: Unexpected token '_', "__ym__prom"... is not valid JSON @ https://bpmsoft.ru/baza-zaniy/magazin-prilozheniy/konstruktor-zaprosov/:101
[    1280ms] [LOG] error SyntaxError: Unexpected token '_', "__ym__prom"... is not valid JSON @ https://bpmsoft.ru/baza-zaniy/magazin-prilozheniy/konstruktor-zaprosov/:101
[    1280ms] [LOG] error SyntaxError: Unexpected token '_', "__ym__prom"... is not valid JSON @ https://bpmsoft.ru/baza-zaniy/magazin-prilozheniy/konstruktor-zaprosov/:101
[    1281ms] [LOG] error SyntaxError: Unexpected token '_', "__ym__prom"... is not valid JSON @ https://bpmsoft.ru/baza-zaniy/magazin-prilozheniy/konstruktor-zaprosov/:101
[    1281ms] [LOG] error SyntaxError: Unexpected token '_', "__ym__prom"... is not valid JSON @ https://bpmsoft.ru/baza-zaniy/magazin-prilozheniy/konstruktor-zaprosov/:101
[    1282ms] [LOG] error SyntaxError: Unexpected token '_', "__ym__prom"... is not valid JSON @ https://bpmsoft.ru/baza-zaniy/magazin-prilozheniy/konstruktor-zaprosov/:101
[    1282ms] [LOG] error SyntaxError: Unexpected token '_', "__ym__prom"... is not valid JSON @ https://bpmsoft.ru/baza-zaniy/magazin-prilozheniy/konstruktor-zaprosov/:101
[    1283ms] [LOG] error SyntaxError: Unexpected token '_', "__ym__prom"... is not valid JSON @ https://bpmsoft.ru/baza-zaniy/magazin-prilozheniy/konstruktor-zaprosov/:101
[    1284ms] [LOG] error SyntaxError: Unexpected token '_', "__ym__prom"... is not valid JSON @ https://bpmsoft.ru/baza-zaniy/magazin-prilozheniy/konstruktor-zaprosov/:101
[    1285ms] [LOG] error SyntaxError: Unexpected token '_', "__ym__prom"... is not valid JSON @ https://bpmsoft.ru/baza-zaniy/magazin-prilozheniy/konstruktor-zaprosov/:101
[    1287ms] [LOG] error SyntaxError: Unexpected token '_', "__ym__prom"... is not valid JSON @ https://bpmsoft.ru/baza-zaniy/magazin-prilozheniy/konstruktor-zaprosov/:101
[    1287ms] [LOG] error SyntaxError: Unexpected token '_', "__ym__prom"... is not valid JSON @ https://bpmsoft.ru/baza-zaniy/magazin-prilozheniy/konstruktor-zaprosov/:101
[    1288ms] [LOG] error SyntaxError: Unexpected token '_', "__ym__prom"... is not valid JSON @ https://bpmsoft.ru/baza-zaniy/magazin-prilozheniy/konstruktor-zaprosov/:101
[    1288ms] [LOG] error SyntaxError: Unexpected token '_', "__ym__prom"... is not valid JSON @ https://bpmsoft.ru/baza-zaniy/magazin-prilozheniy/konstruktor-zaprosov/:101
[    1289ms] [LOG] error SyntaxError: Unexpected token '_', "__ym__prom"... is not valid JSON @ https://bpmsoft.ru/baza-zaniy/magazin-prilozheniy/konstruktor-zaprosov/:101
[    1290ms] [LOG] error SyntaxError: Unexpected token '_', "__ym__prom"... is not valid JSON @ https://bpmsoft.ru/baza-zaniy/magazin-prilozheniy/konstruktor-zaprosov/:101
[    1290ms] [LOG] error SyntaxError: Unexpected token '_', "__ym__prom"... is not valid JSON @ https://bpmsoft.ru/baza-zaniy/magazin-prilozheniy/konstruktor-zaprosov/:101
[    1291ms] [LOG] error SyntaxError: Unexpected token '_', "__ym__prom"... is not valid JSON @ https://bpmsoft.ru/baza-zaniy/magazin-prilozheniy/konstruktor-zaprosov/:101
[    1291ms] [LOG] error SyntaxError: Unexpected token '_', "__ym__prom"... is not valid JSON @ https://bpmsoft.ru/baza-zaniy/magazin-prilozheniy/konstruktor-zaprosov/:101
[    1292ms] [LOG] error SyntaxError: Unexpected token '_', "__ym__prom"... is not valid JSON @ https://bpmsoft.ru/baza-zaniy/magazin-prilozheniy/konstruktor-zaprosov/:101
[    1292ms] [LOG] error SyntaxError: Unexpected token '_', "__ym__prom"... is not valid JSON @ https://bpmsoft.ru/baza-zaniy/magazin-prilozheniy/konstruktor-zaprosov/:101
[    1292ms] [LOG] error SyntaxError: Unexpected token '_', "__ym__prom"... is not valid JSON @ https://bpmsoft.ru/baza-zaniy/magazin-prilozheniy/konstruktor-zaprosov/:101
[    1293ms] [LOG] error SyntaxError: Unexpected token '_', "__ym__prom"... is not valid JSON @ https://bpmsoft.ru/baza-zaniy/magazin-prilozheniy/konstruktor-zaprosov/:101
[    1293ms] [LOG] error SyntaxError: Unexpected token '_', "__ym__prom"... is not valid JSON @ https://bpmsoft.ru/baza-zaniy/magazin-prilozheniy/konstruktor-zaprosov/:101
[    1293ms] [LOG] error SyntaxError: Unexpected token '_', "__ym__prom"... is not valid JSON @ https://bpmsoft.ru/baza-zaniy/magazin-prilozheniy/konstruktor-zaprosov/:101
[    1294ms] [LOG] error SyntaxError: Unexpected token '_', "__ym__prom"... is not valid JSON @ https://bpmsoft.ru/baza-zaniy/magazin-prilozheniy/konstruktor-zaprosov/:101
[    1294ms] [LOG] error SyntaxError: Unexpected token '_', "__ym__prom"... is not valid JSON @ https://bpmsoft.ru/baza-zaniy/magazin-prilozheniy/konstruktor-zaprosov/:101
[    1294ms] [LOG] error SyntaxError: Unexpected token '_', "__ym__prom"... is not valid JSON @ https://bpmsoft.ru/baza-zaniy/magazin-prilozheniy/konstruktor-zaprosov/:101
[    1295ms] [LOG] error SyntaxError: Unexpected token '_', "__ym__prom"... is not valid JSON @ https://bpmsoft.ru/baza-zaniy/magazin-prilozheniy/konstruktor-zaprosov/:101
[    1295ms] [LOG] error SyntaxError: Unexpected token '_', "__ym__prom"... is not valid JSON @ https://bpmsoft.ru/baza-zaniy/magazin-prilozheniy/konstruktor-zaprosov/:101
[    1295ms] [LOG] error SyntaxError: Unexpected token '_', "__ym__prom"... is not valid JSON @ https://bpmsoft.ru/baza-zaniy/magazin-prilozheniy/konstruktor-zaprosov/:101
[    1296ms] [LOG] error SyntaxError: Unexpected token '_', "__ym__prom"... is not valid JSON @ https://bpmsoft.ru/baza-zaniy/magazin-prilozheniy/konstruktor-zaprosov/:101
[    1296ms] [LOG] error SyntaxError: Unexpected token '_', "__ym__prom"... is not valid JSON @ https://bpmsoft.ru/baza-zaniy/magazin-prilozheniy/konstruktor-zaprosov/:101
[    1296ms] [LOG] error SyntaxError: Unexpected token '_', "__ym__prom"... is not valid JSON @ https://bpmsoft.ru/baza-zaniy/magazin-prilozheniy/konstruktor-zaprosov/:101
[    1297ms] [LOG] error SyntaxError: Unexpected token '_', "__ym__prom"... is not valid JSON @ https://bpmsoft.ru/baza-zaniy/magazin-prilozheniy/konstruktor-zaprosov/:101
[    1297ms] [LOG] error SyntaxError: Unexpected token '_', "__ym__prom"... is not valid JSON @ https://bpmsoft.ru/baza-zaniy/magazin-prilozheniy/konstruktor-zaprosov/:101
[    1298ms] [LOG] error SyntaxError: Unexpected token '_', "__ym__prom"... is not valid JSON @ https://bpmsoft.ru/baza-zaniy/magazin-prilozheniy/konstruktor-zaprosov/:101
[    1298ms] [LOG] error SyntaxError: Unexpected token '_', "__ym__prom"... is not valid JSON @ https://bpmsoft.ru/baza-zaniy/magazin-prilozheniy/konstruktor-zaprosov/:101
[    1298ms] [LOG] error SyntaxError: Unexpected token '_', "__ym__prom"... is not valid JSON @ https://bpmsoft.ru/baza-zaniy/magazin-prilozheniy/konstruktor-zaprosov/:101
[    1299ms] [LOG] error SyntaxError: Unexpected token '_', "__ym__prom"... is not valid JSON @ https://bpmsoft.ru/baza-zaniy/magazin-prilozheniy/konstruktor-zaprosov/:101
[    1299ms] [LOG] error SyntaxError: Unexpected token '_', "__ym__prom"... is not valid JSON @ https://bpmsoft.ru/baza-zaniy/magazin-prilozheniy/konstruktor-zaprosov/:101
[    1299ms] [LOG] error SyntaxError: Unexpected token '_', "__ym__prom"... is not valid JSON @ https://bpmsoft.ru/baza-zaniy/magazin-prilozheniy/konstruktor-zaprosov/:101
[    1300ms] [LOG] error SyntaxError: Unexpected token '_', "__ym__prom"... is not valid JSON @ https://bpmsoft.ru/baza-zaniy/magazin-prilozheniy/konstruktor-zaprosov/:101
[    1301ms] [LOG] error SyntaxError: Unexpected token '_', "__ym__prom"... is not valid JSON @ https://bpmsoft.ru/baza-zaniy/magazin-prilozheniy/konstruktor-zaprosov/:101
[    1303ms] [LOG] error SyntaxError: Unexpected token '_', "__ym__prom"... is not valid JSON @ https://bpmsoft.ru/baza-zaniy/magazin-prilozheniy/konstruktor-zaprosov/:101
[    1303ms] [LOG] error SyntaxError: Unexpected token '_', "__ym__prom"... is not valid JSON @ https://bpmsoft.ru/baza-zaniy/magazin-prilozheniy/konstruktor-zaprosov/:101
[    1304ms] [LOG] error SyntaxError: Unexpected token '_', "__ym__prom"... is not valid JSON @ https://bpmsoft.ru/baza-zaniy/magazin-prilozheniy/konstruktor-zaprosov/:101
[    1304ms] [LOG] error SyntaxError: Unexpected token '_', "__ym__prom"... is not valid JSON @ https://bpmsoft.ru/baza-zaniy/magazin-prilozheniy/konstruktor-zaprosov/:101
[    1305ms] [LOG] error SyntaxError: Unexpected token '_', "__ym__prom"... is not valid JSON @ https://bpmsoft.ru/baza-zaniy/magazin-prilozheniy/konstruktor-zaprosov/:101
[    1305ms] [LOG] error SyntaxError: Unexpected token '_', "__ym__prom"... is not valid JSON @ https://bpmsoft.ru/baza-zaniy/magazin-prilozheniy/konstruktor-zaprosov/:101
[    1305ms] [LOG] error SyntaxError: Unexpected token '_', "__ym__prom"... is not valid JSON @ https://bpmsoft.ru/baza-zaniy/magazin-prilozheniy/konstruktor-zaprosov/:101
[    1306ms] [LOG] error SyntaxError: Unexpected token '_', "__ym__prom"... is not valid JSON @ https://bpmsoft.ru/baza-zaniy/magazin-prilozheniy/konstruktor-zaprosov/:101
[    1306ms] [LOG] error SyntaxError: Unexpected token '_', "__ym__prom"... is not valid JSON @ https://bpmsoft.ru/baza-zaniy/magazin-prilozheniy/konstruktor-zaprosov/:101
[    1306ms] [LOG] error SyntaxError: Unexpected token '_', "__ym__prom"... is not valid JSON @ https://bpmsoft.ru/baza-zaniy/magazin-prilozheniy/konstruktor-zaprosov/:101
[    1307ms] [LOG] error SyntaxError: Unexpected token '_', "__ym__prom"... is not valid JSON @ https://bpmsoft.ru/baza-zaniy/magazin-prilozheniy/konstruktor-zaprosov/:101
[    1307ms] [LOG] error SyntaxError: Unexpected token '_', "__ym__prom"... is not valid JSON @ https://bpmsoft.ru/baza-zaniy/magazin-prilozheniy/konstruktor-zaprosov/:101
[    1307ms] [LOG] error SyntaxError: Unexpected token '_', "__ym__prom"... is not valid JSON @ https://bpmsoft.ru/baza-zaniy/magazin-prilozheniy/konstruktor-zaprosov/:101
[    1307ms] [LOG] error SyntaxError: Unexpected token '_', "__ym__prom"... is not valid JSON @ https://bpmsoft.ru/baza-zaniy/magazin-prilozheniy/konstruktor-zaprosov/:101
[    1308ms] [LOG] error SyntaxError: Unexpected token '_', "__ym__prom"... is not valid JSON @ https://bpmsoft.ru/baza-zaniy/magazin-prilozheniy/konstruktor-zaprosov/:101
[    1308ms] [LOG] error SyntaxError: Unexpected token '_', "__ym__prom"... is not valid JSON @ https://bpmsoft.ru/baza-zaniy/magazin-prilozheniy/konstruktor-zaprosov/:101
[    1308ms] [LOG] error SyntaxError: Unexpected token '_', "__ym__prom"... is not valid JSON @ https://bpmsoft.ru/baza-zaniy/magazin-prilozheniy/konstruktor-zaprosov/:101
[    1309ms] [LOG] error SyntaxError: Unexpected token '_', "__ym__prom"... is not valid JSON @ https://bpmsoft.ru/baza-zaniy/magazin-prilozheniy/konstruktor-zaprosov/:101
[    1309ms] [LOG] error SyntaxError: Unexpected token '_', "__ym__prom"... is not valid JSON @ https://bpmsoft.ru/baza-zaniy/magazin-prilozheniy/konstruktor-zaprosov/:101
[    1309ms] [LOG] error SyntaxError: Unexpected token '_', "__ym__prom"... is not valid JSON @ https://bpmsoft.ru/baza-zaniy/magazin-prilozheniy/konstruktor-zaprosov/:101
[    1310ms] [LOG] error SyntaxError: Unexpected token '_', "__ym__prom"... is not valid JSON @ https://bpmsoft.ru/baza-zaniy/magazin-prilozheniy/konstruktor-zaprosov/:101
[    1310ms] [LOG] error SyntaxError: Unexpected token '_', "__ym__prom"... is not valid JSON @ https://bpmsoft.ru/baza-zaniy/magazin-prilozheniy/konstruktor-zaprosov/:101
[    1310ms] [LOG] error SyntaxError: Unexpected token '_', "__ym__prom"... is not valid JSON @ https://bpmsoft.ru/baza-zaniy/magazin-prilozheniy/konstruktor-zaprosov/:101
[    1311ms] [LOG] error SyntaxError: Unexpected token '_', "__ym__prom"... is not valid JSON @ https://bpmsoft.ru/baza-zaniy/magazin-prilozheniy/konstruktor-zaprosov/:101
[    1311ms] [LOG] error SyntaxError: Unexpected token '_', "__ym__prom"... is not valid JSON @ https://bpmsoft.ru/baza-zaniy/magazin-prilozheniy/konstruktor-zaprosov/:101
[    1311ms] [LOG] error SyntaxError: Unexpected token '_', "__ym__prom"... is not valid JSON @ https://bpmsoft.ru/baza-zaniy/magazin-prilozheniy/konstruktor-zaprosov/:101
[    1311ms] [LOG] error SyntaxError: Unexpected token '_', "__ym__prom"... is not valid JSON @ https://bpmsoft.ru/baza-zaniy/magazin-prilozheniy/konstruktor-zaprosov/:101
[    1312ms] [LOG] error SyntaxError: Unexpected token '_', "__ym__prom"... is not valid JSON @ https://bpmsoft.ru/baza-zaniy/magazin-prilozheniy/konstruktor-zaprosov/:101
[    1312ms] [LOG] error SyntaxError: Unexpected token '_', "__ym__prom"... is not valid JSON @ https://bpmsoft.ru/baza-zaniy/magazin-prilozheniy/konstruktor-zaprosov/:101
[    1312ms] [LOG] error SyntaxError: Unexpected token '_', "__ym__prom"... is not valid JSON @ https://bpmsoft.ru/baza-zaniy/magazin-prilozheniy/konstruktor-zaprosov/:101
[    1312ms] [LOG] error SyntaxError: Unexpected token '_', "__ym__prom"... is not valid JSON @ https://bpmsoft.ru/baza-zaniy/magazin-prilozheniy/konstruktor-zaprosov/:101
[    1313ms] [LOG] error SyntaxError: Unexpected token '_', "__ym__prom"... is not valid JSON @ https://bpmsoft.ru/baza-zaniy/magazin-prilozheniy/konstruktor-zaprosov/:101
[    1313ms] [LOG] error SyntaxError: Unexpected token '_', "__ym__prom"... is not valid JSON @ https://bpmsoft.ru/baza-zaniy/magazin-prilozheniy/konstruktor-zaprosov/:101
[    1313ms] [LOG] error SyntaxError: Unexpected token '_', "__ym__prom"... is not valid JSON @ https://bpmsoft.ru/baza-zaniy/magazin-prilozheniy/konstruktor-zaprosov/:101
[    1314ms] [LOG] error SyntaxError: Unexpected token '_', "__ym__prom"... is not valid JSON @ https://bpmsoft.ru/baza-zaniy/magazin-prilozheniy/konstruktor-zaprosov/:101
[    1314ms] [LOG] error SyntaxError: Unexpected token '_', "__ym__prom"... is not valid JSON @ https://bpmsoft.ru/baza-zaniy/magazin-prilozheniy/konstruktor-zaprosov/:101
[    1314ms] [LOG] error SyntaxError: Unexpected token '_', "__ym__prom"... is not valid JSON @ https://bpmsoft.ru/baza-zaniy/magazin-prilozheniy/konstruktor-zaprosov/:101
[    1315ms] [LOG] error SyntaxError: Unexpected token '_', "__ym__prom"... is not valid JSON @ https://bpmsoft.ru/baza-zaniy/magazin-prilozheniy/konstruktor-zaprosov/:101
[    1315ms] [LOG] error SyntaxError: Unexpected token '_', "__ym__prom"... is not valid JSON @ https://bpmsoft.ru/baza-zaniy/magazin-prilozheniy/konstruktor-zaprosov/:101
[    1315ms] [LOG] error SyntaxError: Unexpected token '_', "__ym__prom"... is not valid JSON @ https://bpmsoft.ru/baza-zaniy/magazin-prilozheniy/konstruktor-zaprosov/:101
[    1316ms] [LOG] error SyntaxError: Unexpected token '_', "__ym__prom"... is not valid JSON @ https://bpmsoft.ru/baza-zaniy/magazin-prilozheniy/konstruktor-zaprosov/:101
[    1316ms] [LOG] error SyntaxError: Unexpected token '_', "__ym__prom"... is not valid JSON @ https://bpmsoft.ru/baza-zaniy/magazin-prilozheniy/konstruktor-zaprosov/:101
[    1316ms] [LOG] error SyntaxError: Unexpected token '_', "__ym__prom"... is not valid JSON @ https://bpmsoft.ru/baza-zaniy/magazin-prilozheniy/konstruktor-zaprosov/:101
[    1317ms] [LOG] error SyntaxError: Unexpected token '_', "__ym__prom"... is not valid JSON @ https://bpmsoft.ru/baza-zaniy/magazin-prilozheniy/konstruktor-zaprosov/:101
[    1318ms] [LOG] error SyntaxError: Unexpected token '_', "__ym__prom"... is not valid JSON @ https://bpmsoft.ru/baza-zaniy/magazin-prilozheniy/konstruktor-zaprosov/:101
[    1319ms] [LOG] error SyntaxError: Unexpected token '_', "__ym__prom"... is not valid JSON @ https://bpmsoft.ru/baza-zaniy/magazin-prilozheniy/konstruktor-zaprosov/:101
[    1321ms] [LOG] error SyntaxError: Unexpected token '_', "__ym__prom"... is not valid JSON @ https://bpmsoft.ru/baza-zaniy/magazin-prilozheniy/konstruktor-zaprosov/:101
