[     311ms] [ERROR] Failed to load resource: the server responded with a status of 404 (Not Found) @ https://bpmsoft.ru/baza-zaniy/magazin-prilozheniy/:0
[     588ms] [LOG] error SyntaxError: Unexpected token '_', "__ym__prom"... is not valid JSON @ https://bpmsoft.ru/baza-zaniy/magazin-prilozheniy/:101
[     591ms] [LOG] error SyntaxError: Unexpected token '_', "__ym__prom"... is not valid JSON @ https://bpmsoft.ru/baza-zaniy/magazin-prilozheniy/:101
[     617ms] [LOG] error SyntaxError: Unexpected token '_', "__ym__prom"... is not valid JSON @ https://bpmsoft.ru/baza-zaniy/magazin-prilozheniy/:101
[     620ms] [LOG] error SyntaxError: Unexpected token '_', "__ym__prom"... is not valid JSON @ https://bpmsoft.ru/baza-zaniy/magazin-prilozheniy/:101
[     622ms] [LOG] error SyntaxError: Unexpected token '_', "__ym__prom"... is not valid JSON @ https://bpmsoft.ru/baza-zaniy/magazin-prilozheniy/:101
[     623ms] [LOG] error SyntaxError: Unexpected token '_', "__ym__prom"... is not valid JSON @ https://bpmsoft.ru/baza-zaniy/magazin-prilozheniy/:101
[     633ms] [LOG] error SyntaxError: Unexpected token '_', "__ym__prom"... is not valid JSON @ https://bpmsoft.ru/baza-zaniy/magazin-prilozheniy/:101
[     871ms] [VERBOSE] [DOM] Input elements should have autocomplete attributes (suggested: "current-password"): (More info: https://goo.gl/9p2vKq) %o @ https://bpmsoft.ru/baza-zaniy/magazin-prilozheniy/:0
[     871ms] [VERBOSE] [DOM] Input elements should have autocomplete attributes (suggested: "new-password"): (More info: https://goo.gl/9p2vKq) %o @ https://bpmsoft.ru/baza-zaniy/magazin-prilozheniy/:0
[     871ms] [VERBOSE] [DOM] Input elements should have autocomplete attributes (suggested: "new-password"): (More info: https://goo.gl/9p2vKq) %o @ https://bpmsoft.ru/baza-zaniy/magazin-prilozheniy/:0
[     871ms] [VERBOSE] [DOM] Input elements should have autocomplete attributes (suggested: "current-password"): (More info: https://goo.gl/9p2vKq) %o @ https://bpmsoft.ru/baza-zaniy/magazin-prilozheniy/:0
[     871ms] [VERBOSE] [DOM] Input elements should have autocomplete attributes (suggested: "new-password"): (More info: https://goo.gl/9p2vKq) %o @ https://bpmsoft.ru/baza-zaniy/magazin-prilozheniy/:0
[     871ms] [VERBOSE] [DOM] Input elements should have autocomplete attributes (suggested: "new-password"): (More info: https://goo.gl/9p2vKq) %o @ https://bpmsoft.ru/baza-zaniy/magazin-prilozheniy/:0
[     896ms] [ERROR] Access to fetch at 'https://ipapi.co/json' from origin 'https://bpmsoft.ru' has been blocked by CORS policy: No 'Access-Control-Allow-Origin' header is present on the requested resource. @ https://bpmsoft.ru/baza-zaniy/magazin-prilozheniy/:0
[     897ms] [ERROR] Failed to load resource: net::ERR_FAILED @ https://ipapi.co/json:0
[    1269ms] [LOG] error SyntaxError: Unexpected token '_', "__ym__prom"... is not valid JSON @ https://bpmsoft.ru/baza-zaniy/magazin-prilozheniy/:101
[    1270ms] [LOG] error SyntaxError: Unexpected token '_', "__ym__prom"... is not valid JSON @ https://bpmsoft.ru/baza-zaniy/magazin-prilozheniy/:101
[    1271ms] [LOG] error SyntaxError: Unexpected token '_', "__ym__prom"... is not valid JSON @ https://bpmsoft.ru/baza-zaniy/magazin-prilozheniy/:101
[    1272ms] [LOG] error SyntaxError: Unexpected token '_', "__ym__prom"... is not valid JSON @ https://bpmsoft.ru/baza-zaniy/magazin-prilozheniy/:101
[    1273ms] [LOG] error SyntaxError: Unexpected token '_', "__ym__prom"... is not valid JSON @ https://bpmsoft.ru/baza-zaniy/magazin-prilozheniy/:101
[    1274ms] [LOG] error SyntaxError: Unexpected token '_', "__ym__prom"... is not valid JSON @ https://bpmsoft.ru/baza-zaniy/magazin-prilozheniy/:101
[    1274ms] [LOG] error SyntaxError: Unexpected token '_', "__ym__prom"... is not valid JSON @ https://bpmsoft.ru/baza-zaniy/magazin-prilozheniy/:101
[    1275ms] [LOG] error SyntaxError: Unexpected token '_', "__ym__prom"... is not valid JSON @ https://bpmsoft.ru/baza-zaniy/magazin-prilozheniy/:101
[    1278ms] [LOG] error SyntaxError: Unexpected token '_', "__ym__prom"... is not valid JSON @ https://bpmsoft.ru/baza-zaniy/magazin-prilozheniy/:101
[    1282ms] [LOG] error SyntaxError: Unexpected token '_', "__ym__prom"... is not valid JSON @ https://bpmsoft.ru/baza-zaniy/magazin-prilozheniy/:101
[    1283ms] [LOG] error SyntaxError: Unexpected token '_', "__ym__prom"... is not valid JSON @ https://bpmsoft.ru/baza-zaniy/magazin-prilozheniy/:101
[    1284ms] [LOG] error SyntaxError: Unexpected token '_', "__ym__prom"... is not valid JSON @ https://bpmsoft.ru/baza-zaniy/magazin-prilozheniy/:101
[    1284ms] [LOG] error SyntaxError: Unexpected token '_', "__ym__prom"... is not valid JSON @ https://bpmsoft.ru/baza-zaniy/magazin-prilozheniy/:101
[    1285ms] [LOG] error SyntaxError: Unexpected token '_', "__ym__prom"... is not valid JSON @ https://bpmsoft.ru/baza-zaniy/magazin-prilozheniy/:101
[    1285ms] [LOG] error SyntaxError: Unexpected token '_', "__ym__prom"... is not valid JSON @ https://bpmsoft.ru/baza-zaniy/magazin-prilozheniy/:101
[    1286ms] [LOG] error SyntaxError: Unexpected token '_', "__ym__prom"... is not valid JSON @ https://bpmsoft.ru/baza-zaniy/magazin-prilozheniy/:101
[    1287ms] [LOG] error SyntaxError: Unexpected token '_', "__ym__prom"... is not valid JSON @ https://bpmsoft.ru/baza-zaniy/magazin-prilozheniy/:101
[    1287ms] [LOG] error SyntaxError: Unexpected token '_', "__ym__prom"... is not valid JSON @ https://bpmsoft.ru/baza-zaniy/magazin-prilozheniy/:101
[    1288ms] [LOG] error SyntaxError: Unexpected token '_', "__ym__prom"... is not valid JSON @ https://bpmsoft.ru/baza-zaniy/magazin-prilozheniy/:101
[    1289ms] [LOG] error SyntaxError: Unexpected token '_', "__ym__prom"... is not valid JSON @ https://bpmsoft.ru/baza-zaniy/magazin-prilozheniy/:101
[    1289ms] [LOG] error SyntaxError: Unexpected token '_', "__ym__prom"... is not valid JSON @ https://bpmsoft.ru/baza-zaniy/magazin-prilozheniy/:101
[    1290ms] [LOG] error SyntaxError: Unexpected token '_', "__ym__prom"... is not valid JSON @ https://bpmsoft.ru/baza-zaniy/magazin-prilozheniy/:101
[    1291ms] [LOG] error SyntaxError: Unexpected token '_', "__ym__prom"... is not valid JSON @ https://bpmsoft.ru/baza-zaniy/magazin-prilozheniy/:101
[    1292ms] [LOG] error SyntaxError: Unexpected token '_', "__ym__prom"... is not valid JSON @ https://bpmsoft.ru/baza-zaniy/magazin-prilozheniy/:101
[    1293ms] [LOG] error SyntaxError: Unexpected token '_', "__ym__prom"... is not valid JSON @ https://bpmsoft.ru/baza-zaniy/magazin-prilozheniy/:101
[    1294ms] [LOG] error SyntaxError: Unexpected token '_', "__ym__prom"... is not valid JSON @ https://bpmsoft.ru/baza-zaniy/magazin-prilozheniy/:101
[    1295ms] [LOG] error SyntaxError: Unexpected token '_', "__ym__prom"... is not valid JSON @ https://bpmsoft.ru/baza-zaniy/magazin-prilozheniy/:101
[    1296ms] [LOG] error SyntaxError: Unexpected token '_', "__ym__prom"... is not valid JSON @ https://bpmsoft.ru/baza-zaniy/magazin-prilozheniy/:101
[    1296ms] [LOG] error SyntaxError: Unexpected token '_', "__ym__prom"... is not valid JSON @ https://bpmsoft.ru/baza-zaniy/magazin-prilozheniy/:101
[    1297ms] [LOG] error SyntaxError: Unexpected token '_', "__ym__prom"... is not valid JSON @ https://bpmsoft.ru/baza-zaniy/magazin-prilozheniy/:101
[    1297ms] [LOG] error SyntaxError: Unexpected token '_', "__ym__prom"... is not valid JSON @ https://bpmsoft.ru/baza-zaniy/magazin-prilozheniy/:101
[    1298ms] [LOG] error SyntaxError: Unexpected token '_', "__ym__prom"... is not valid JSON @ https://bpmsoft.ru/baza-zaniy/magazin-prilozheniy/:101
[    1299ms] [LOG] error SyntaxError: Unexpected token '_', "__ym__prom"... is not valid JSON @ https://bpmsoft.ru/baza-zaniy/magazin-prilozheniy/:101
[    1299ms] [LOG] error SyntaxError: Unexpected token '_', "__ym__prom"... is not valid JSON @ https://bpmsoft.ru/baza-zaniy/magazin-prilozheniy/:101
[    1300ms] [LOG] error SyntaxError: Unexpected token '_', "__ym__prom"... is not valid JSON @ https://bpmsoft.ru/baza-zaniy/magazin-prilozheniy/:101
[    1300ms] [LOG] error SyntaxError: Unexpected token '_', "__ym__prom"... is not valid JSON @ https://bpmsoft.ru/baza-zaniy/magazin-prilozheniy/:101
[    1301ms] [LOG] error SyntaxError: Unexpected token '_', "__ym__prom"... is not valid JSON @ https://bpmsoft.ru/baza-zaniy/magazin-prilozheniy/:101
[    1301ms] [LOG] error SyntaxError: Unexpected token '_', "__ym__prom"... is not valid JSON @ https://bpmsoft.ru/baza-zaniy/magazin-prilozheniy/:101
[    1302ms] [LOG] error SyntaxError: Unexpected token '_', "__ym__prom"... is not valid JSON @ https://bpmsoft.ru/baza-zaniy/magazin-prilozheniy/:101
[    1303ms] [LOG] error SyntaxError: Unexpected token '_', "__ym__prom"... is not valid JSON @ https://bpmsoft.ru/baza-zaniy/magazin-prilozheniy/:101
[    1303ms] [LOG] error SyntaxError: Unexpected token '_', "__ym__prom"... is not valid JSON @ https://bpmsoft.ru/baza-zaniy/magazin-prilozheniy/:101
[    1304ms] [LOG] error SyntaxError: Unexpected token '_', "__ym__prom"... is not valid JSON @ https://bpmsoft.ru/baza-zaniy/magazin-prilozheniy/:101
[    1304ms] [LOG] error SyntaxError: Unexpected token '_', "__ym__prom"... is not valid JSON @ https://bpmsoft.ru/baza-zaniy/magazin-prilozheniy/:101
[    1305ms] [LOG] error SyntaxError: Unexpected token '_', "__ym__prom"... is not valid JSON @ https://bpmsoft.ru/baza-zaniy/magazin-prilozheniy/:101
[    1305ms] [LOG] error SyntaxError: Unexpected token '_', "__ym__prom"... is not valid JSON @ https://bpmsoft.ru/baza-zaniy/magazin-prilozheniy/:101
[    1306ms] [LOG] error SyntaxError: Unexpected token '_', "__ym__prom"... is not valid JSON @ https://bpmsoft.ru/baza-zaniy/magazin-prilozheniy/:101
[    1306ms] [LOG] error SyntaxError: Unexpected token '_', "__ym__prom"... is not valid JSON @ https://bpmsoft.ru/baza-zaniy/magazin-prilozheniy/:101
[    1307ms] [LOG] error SyntaxError: Unexpected token '_', "__ym__prom"... is not valid JSON @ https://bpmsoft.ru/baza-zaniy/magazin-prilozheniy/:101
[    1307ms] [LOG] error SyntaxError: Unexpected token '_', "__ym__prom"... is not valid JSON @ https://bpmsoft.ru/baza-zaniy/magazin-prilozheniy/:101
[    1308ms] [LOG] error SyntaxError: Unexpected token '_', "__ym__prom"... is not valid JSON @ https://bpmsoft.ru/baza-zaniy/magazin-prilozheniy/:101
[    1309ms] [LOG] error SyntaxError: Unexpected token '_', "__ym__prom"... is not valid JSON @ https://bpmsoft.ru/baza-zaniy/magazin-prilozheniy/:101
[    1310ms] [LOG] error SyntaxError: Unexpected token '_', "__ym__prom"... is not valid JSON @ https://bpmsoft.ru/baza-zaniy/magazin-prilozheniy/:101
[    1311ms] [LOG] error SyntaxError: Unexpected token '_', "__ym__prom"... is not valid JSON @ https://bpmsoft.ru/baza-zaniy/magazin-prilozheniy/:101
[    1312ms] [LOG] error SyntaxError: Unexpected token '_', "__ym__prom"... is not valid JSON @ https://bpmsoft.ru/baza-zaniy/magazin-prilozheniy/:101
[    1313ms] [LOG] error SyntaxError: Unexpected token '_', "__ym__prom"... is not valid JSON @ https://bpmsoft.ru/baza-zaniy/magazin-prilozheniy/:101
[    1313ms] [LOG] error SyntaxError: Unexpected token '_', "__ym__prom"... is not valid JSON @ https://bpmsoft.ru/baza-zaniy/magazin-prilozheniy/:101
[    1314ms] [LOG] error SyntaxError: Unexpected token '_', "__ym__prom"... is not valid JSON @ https://bpmsoft.ru/baza-zaniy/magazin-prilozheniy/:101
[    1314ms] [LOG] error SyntaxError: Unexpected token '_', "__ym__prom"... is not valid JSON @ https://bpmsoft.ru/baza-zaniy/magazin-prilozheniy/:101
[    1315ms] [LOG] error SyntaxError: Unexpected token '_', "__ym__prom"... is not valid JSON @ https://bpmsoft.ru/baza-zaniy/magazin-prilozheniy/:101
[    1315ms] [LOG] error SyntaxError: Unexpected token '_', "__ym__prom"... is not valid JSON @ https://bpmsoft.ru/baza-zaniy/magazin-prilozheniy/:101
[    1316ms] [LOG] error SyntaxError: Unexpected token '_', "__ym__prom"... is not valid JSON @ https://bpmsoft.ru/baza-zaniy/magazin-prilozheniy/:101
[    1316ms] [LOG] error SyntaxError: Unexpected token '_', "__ym__prom"... is not valid JSON @ https://bpmsoft.ru/baza-zaniy/magazin-prilozheniy/:101
[    1317ms] [LOG] error SyntaxError: Unexpected token '_', "__ym__prom"... is not valid JSON @ https://bpmsoft.ru/baza-zaniy/magazin-prilozheniy/:101
[    1317ms] [LOG] error SyntaxError: Unexpected token '_', "__ym__prom"... is not valid JSON @ https://bpmsoft.ru/baza-zaniy/magazin-prilozheniy/:101
[    1318ms] [LOG] error SyntaxError: Unexpected token '_', "__ym__prom"... is not valid JSON @ https://bpmsoft.ru/baza-zaniy/magazin-prilozheniy/:101
[    1318ms] [LOG] error SyntaxError: Unexpected token '_', "__ym__prom"... is not valid JSON @ https://bpmsoft.ru/baza-zaniy/magazin-prilozheniy/:101
[    1319ms] [LOG] error SyntaxError: Unexpected token '_', "__ym__prom"... is not valid JSON @ https://bpmsoft.ru/baza-zaniy/magazin-prilozheniy/:101
[    1320ms] [LOG] error SyntaxError: Unexpected token '_', "__ym__prom"... is not valid JSON @ https://bpmsoft.ru/baza-zaniy/magazin-prilozheniy/:101
[    1320ms] [LOG] error SyntaxError: Unexpected token '_', "__ym__prom"... is not valid JSON @ https://bpmsoft.ru/baza-zaniy/magazin-prilozheniy/:101
[    1320ms] [LOG] error SyntaxError: Unexpected token '_', "__ym__prom"... is not valid JSON @ https://bpmsoft.ru/baza-zaniy/magazin-prilozheniy/:101
[    1321ms] [LOG] error SyntaxError: Unexpected token '_', "__ym__prom"... is not valid JSON @ https://bpmsoft.ru/baza-zaniy/magazin-prilozheniy/:101
[    1321ms] [LOG] error SyntaxError: Unexpected token '_', "__ym__prom"... is not valid JSON @ https://bpmsoft.ru/baza-zaniy/magazin-prilozheniy/:101
[    1322ms] [LOG] error SyntaxError: Unexpected token '_', "__ym__prom"... is not valid JSON @ https://bpmsoft.ru/baza-zaniy/magazin-prilozheniy/:101
[    1322ms] [LOG] error SyntaxError: Unexpected token '_', "__ym__prom"... is not valid JSON @ https://bpmsoft.ru/baza-zaniy/magazin-prilozheniy/:101
[    1323ms] [LOG] error SyntaxError: Unexpected token '_', "__ym__prom"... is not valid JSON @ https://bpmsoft.ru/baza-zaniy/magazin-prilozheniy/:101
[    1324ms] [LOG] error SyntaxError: Unexpected token '_', "__ym__prom"... is not valid JSON @ https://bpmsoft.ru/baza-zaniy/magazin-prilozheniy/:101
[    1324ms] [LOG] error SyntaxError: Unexpected token '_', "__ym__prom"... is not valid JSON @ https://bpmsoft.ru/baza-zaniy/magazin-prilozheniy/:101
[    1325ms] [LOG] error SyntaxError: Unexpected token '_', "__ym__prom"... is not valid JSON @ https://bpmsoft.ru/baza-zaniy/magazin-prilozheniy/:101
[    1327ms] [LOG] error SyntaxError: Unexpected token '_', "__ym__prom"... is not valid JSON @ https://bpmsoft.ru/baza-zaniy/magazin-prilozheniy/:101
[    1327ms] [LOG] error SyntaxError: Unexpected token '_', "__ym__prom"... is not valid JSON @ https://bpmsoft.ru/baza-zaniy/magazin-prilozheniy/:101
[    1328ms] [LOG] error SyntaxError: Unexpected token '_', "__ym__prom"... is not valid JSON @ https://bpmsoft.ru/baza-zaniy/magazin-prilozheniy/:101
[    1329ms] [LOG] error SyntaxError: Unexpected token '_', "__ym__prom"... is not valid JSON @ https://bpmsoft.ru/baza-zaniy/magazin-prilozheniy/:101
[    1329ms] [LOG] error SyntaxError: Unexpected token '_', "__ym__prom"... is not valid JSON @ https://bpmsoft.ru/baza-zaniy/magazin-prilozheniy/:101
[    1330ms] [LOG] error SyntaxError: Unexpected token '_', "__ym__prom"... is not valid JSON @ https://bpmsoft.ru/baza-zaniy/magazin-prilozheniy/:101
[    1330ms] [LOG] error SyntaxError: Unexpected token '_', "__ym__prom"... is not valid JSON @ https://bpmsoft.ru/baza-zaniy/magazin-prilozheniy/:101
[    1331ms] [LOG] error SyntaxError: Unexpected token '_', "__ym__prom"... is not valid JSON @ https://bpmsoft.ru/baza-zaniy/magazin-prilozheniy/:101
[    1331ms] [LOG] error SyntaxError: Unexpected token '_', "__ym__prom"... is not valid JSON @ https://bpmsoft.ru/baza-zaniy/magazin-prilozheniy/:101
[    1332ms] [LOG] error SyntaxError: Unexpected token '_', "__ym__prom"... is not valid JSON @ https://bpmsoft.ru/baza-zaniy/magazin-prilozheniy/:101
[    1332ms] [LOG] error SyntaxError: Unexpected token '_', "__ym__prom"... is not valid JSON @ https://bpmsoft.ru/baza-zaniy/magazin-prilozheniy/:101
[    1333ms] [LOG] error SyntaxError: Unexpected token '_', "__ym__prom"... is not valid JSON @ https://bpmsoft.ru/baza-zaniy/magazin-prilozheniy/:101
[    1333ms] [LOG] error SyntaxError: Unexpected token '_', "__ym__prom"... is not valid JSON @ https://bpmsoft.ru/baza-zaniy/magazin-prilozheniy/:101
[    1333ms] [LOG] error SyntaxError: Unexpected token '_', "__ym__prom"... is not valid JSON @ https://bpmsoft.ru/baza-zaniy/magazin-prilozheniy/:101
[    1334ms] [LOG] error SyntaxError: Unexpected token '_', "__ym__prom"... is not valid JSON @ https://bpmsoft.ru/baza-zaniy/magazin-prilozheniy/:101
[    1334ms] [LOG] error SyntaxError: Unexpected token '_', "__ym__prom"... is not valid JSON @ https://bpmsoft.ru/baza-zaniy/magazin-prilozheniy/:101
[    1335ms] [LOG] error SyntaxError: Unexpected token '_', "__ym__prom"... is not valid JSON @ https://bpmsoft.ru/baza-zaniy/magazin-prilozheniy/:101
[    1336ms] [LOG] error SyntaxError: Unexpected token '_', "__ym__prom"... is not valid JSON @ https://bpmsoft.ru/baza-zaniy/magazin-prilozheniy/:101
[    1336ms] [LOG] error SyntaxError: Unexpected token '_', "__ym__prom"... is not valid JSON @ https://bpmsoft.ru/baza-zaniy/magazin-prilozheniy/:101
[    1337ms] [LOG] error SyntaxError: Unexpected token '_', "__ym__prom"... is not valid JSON @ https://bpmsoft.ru/baza-zaniy/magazin-prilozheniy/:101
[    1337ms] [LOG] error SyntaxError: Unexpected token '_', "__ym__prom"... is not valid JSON @ https://bpmsoft.ru/baza-zaniy/magazin-prilozheniy/:101
[    1338ms] [LOG] error SyntaxError: Unexpected token '_', "__ym__prom"... is not valid JSON @ https://bpmsoft.ru/baza-zaniy/magazin-prilozheniy/:101
[    1338ms] [LOG] error SyntaxError: Unexpected token '_', "__ym__prom"... is not valid JSON @ https://bpmsoft.ru/baza-zaniy/magazin-prilozheniy/:101
[    1338ms] [LOG] error SyntaxError: Unexpected token '_', "__ym__prom"... is not valid JSON @ https://bpmsoft.ru/baza-zaniy/magazin-prilozheniy/:101
[    1339ms] [LOG] error SyntaxError: Unexpected token '_', "__ym__prom"... is not valid JSON @ https://bpmsoft.ru/baza-zaniy/magazin-prilozheniy/:101
[    1339ms] [LOG] error SyntaxError: Unexpected token '_', "__ym__prom"... is not valid JSON @ https://bpmsoft.ru/baza-zaniy/magazin-prilozheniy/:101
[    1340ms] [LOG] error SyntaxError: Unexpected token '_', "__ym__prom"... is not valid JSON @ https://bpmsoft.ru/baza-zaniy/magazin-prilozheniy/:101
[    1340ms] [LOG] error SyntaxError: Unexpected token '_', "__ym__prom"... is not valid JSON @ https://bpmsoft.ru/baza-zaniy/magazin-prilozheniy/:101
[    1341ms] [LOG] error SyntaxError: Unexpected token '_', "__ym__prom"... is not valid JSON @ https://bpmsoft.ru/baza-zaniy/magazin-prilozheniy/:101
[    1342ms] [LOG] error SyntaxError: Unexpected token '_', "__ym__prom"... is not valid JSON @ https://bpmsoft.ru/baza-zaniy/magazin-prilozheniy/:101
[    1343ms] [LOG] error SyntaxError: Unexpected token '_', "__ym__prom"... is not valid JSON @ https://bpmsoft.ru/baza-zaniy/magazin-prilozheniy/:101
[    1344ms] [LOG] error SyntaxError: Unexpected token '_', "__ym__prom"... is not valid JSON @ https://bpmsoft.ru/baza-zaniy/magazin-prilozheniy/:101
[    1345ms] [LOG] error SyntaxError: Unexpected token '_', "__ym__prom"... is not valid JSON @ https://bpmsoft.ru/baza-zaniy/magazin-prilozheniy/:101
[    1345ms] [LOG] error SyntaxError: Unexpected token '_', "__ym__prom"... is not valid JSON @ https://bpmsoft.ru/baza-zaniy/magazin-prilozheniy/:101
[    1346ms] [LOG] error SyntaxError: Unexpected token '_', "__ym__prom"... is not valid JSON @ https://bpmsoft.ru/baza-zaniy/magazin-prilozheniy/:101
[    1347ms] [LOG] error SyntaxError: Unexpected token '_', "__ym__prom"... is not valid JSON @ https://bpmsoft.ru/baza-zaniy/magazin-prilozheniy/:101
[    1347ms] [LOG] error SyntaxError: Unexpected token '_', "__ym__prom"... is not valid JSON @ https://bpmsoft.ru/baza-zaniy/magazin-prilozheniy/:101
[    1347ms] [LOG] error SyntaxError: Unexpected token '_', "__ym__prom"... is not valid JSON @ https://bpmsoft.ru/baza-zaniy/magazin-prilozheniy/:101
[    1348ms] [LOG] error SyntaxError: Unexpected token '_', "__ym__prom"... is not valid JSON @ https://bpmsoft.ru/baza-zaniy/magazin-prilozheniy/:101
[    1348ms] [LOG] error SyntaxError: Unexpected token '_', "__ym__prom"... is not valid JSON @ https://bpmsoft.ru/baza-zaniy/magazin-prilozheniy/:101
[    1349ms] [LOG] error SyntaxError: Unexpected token '_', "__ym__prom"... is not valid JSON @ https://bpmsoft.ru/baza-zaniy/magazin-prilozheniy/:101
[    1350ms] [LOG] error SyntaxError: Unexpected token '_', "__ym__prom"... is not valid JSON @ https://bpmsoft.ru/baza-zaniy/magazin-prilozheniy/:101
[    1350ms] [LOG] error SyntaxError: Unexpected token '_', "__ym__prom"... is not valid JSON @ https://bpmsoft.ru/baza-zaniy/magazin-prilozheniy/:101
[    1351ms] [LOG] error SyntaxError: Unexpected token '_', "__ym__prom"... is not valid JSON @ https://bpmsoft.ru/baza-zaniy/magazin-prilozheniy/:101
[    1351ms] [LOG] error SyntaxError: Unexpected token '_', "__ym__prom"... is not valid JSON @ https://bpmsoft.ru/baza-zaniy/magazin-prilozheniy/:101
[    1352ms] [LOG] error SyntaxError: Unexpected token '_', "__ym__prom"... is not valid JSON @ https://bpmsoft.ru/baza-zaniy/magazin-prilozheniy/:101
[    1352ms] [LOG] error SyntaxError: Unexpected token '_', "__ym__prom"... is not valid JSON @ https://bpmsoft.ru/baza-zaniy/magazin-prilozheniy/:101
[    1353ms] [LOG] error SyntaxError: Unexpected token '_', "__ym__prom"... is not valid JSON @ https://bpmsoft.ru/baza-zaniy/magazin-prilozheniy/:101
[    1353ms] [LOG] error SyntaxError: Unexpected token '_', "__ym__prom"... is not valid JSON @ https://bpmsoft.ru/baza-zaniy/magazin-prilozheniy/:101
[    1354ms] [LOG] error SyntaxError: Unexpected token '_', "__ym__prom"... is not valid JSON @ https://bpmsoft.ru/baza-zaniy/magazin-prilozheniy/:101
[    1354ms] [LOG] error SyntaxError: Unexpected token '_', "__ym__prom"... is not valid JSON @ https://bpmsoft.ru/baza-zaniy/magazin-prilozheniy/:101
[    1355ms] [LOG] error SyntaxError: Unexpected token '_', "__ym__prom"... is not valid JSON @ https://bpmsoft.ru/baza-zaniy/magazin-prilozheniy/:101
[    1355ms] [LOG] error SyntaxError: Unexpected token '_', "__ym__prom"... is not valid JSON @ https://bpmsoft.ru/baza-zaniy/magazin-prilozheniy/:101
[    1356ms] [LOG] error SyntaxError: Unexpected token '_', "__ym__prom"... is not valid JSON @ https://bpmsoft.ru/baza-zaniy/magazin-prilozheniy/:101
[    1356ms] [LOG] error SyntaxError: Unexpected token '_', "__ym__prom"... is not valid JSON @ https://bpmsoft.ru/baza-zaniy/magazin-prilozheniy/:101
[    1357ms] [LOG] error SyntaxError: Unexpected token '_', "__ym__prom"... is not valid JSON @ https://bpmsoft.ru/baza-zaniy/magazin-prilozheniy/:101
[    1357ms] [LOG] error SyntaxError: Unexpected token '_', "__ym__prom"... is not valid JSON @ https://bpmsoft.ru/baza-zaniy/magazin-prilozheniy/:101
[    1358ms] [LOG] error SyntaxError: Unexpected token '_', "__ym__prom"... is not valid JSON @ https://bpmsoft.ru/baza-zaniy/magazin-prilozheniy/:101
[    1360ms] [LOG] error SyntaxError: Unexpected token '_', "__ym__prom"... is not valid JSON @ https://bpmsoft.ru/baza-zaniy/magazin-prilozheniy/:101
[    1361ms] [LOG] error SyntaxError: Unexpected token '_', "__ym__prom"... is not valid JSON @ https://bpmsoft.ru/baza-zaniy/magazin-prilozheniy/:101
[    1362ms] [LOG] error SyntaxError: Unexpected token '_', "__ym__prom"... is not valid JSON @ https://bpmsoft.ru/baza-zaniy/magazin-prilozheniy/:101
[    1363ms] [LOG] error SyntaxError: Unexpected token '_', "__ym__prom"... is not valid JSON @ https://bpmsoft.ru/baza-zaniy/magazin-prilozheniy/:101
[    1363ms] [LOG] error SyntaxError: Unexpected token '_', "__ym__prom"... is not valid JSON @ https://bpmsoft.ru/baza-zaniy/magazin-prilozheniy/:101
[    1364ms] [LOG] error SyntaxError: Unexpected token '_', "__ym__prom"... is not valid JSON @ https://bpmsoft.ru/baza-zaniy/magazin-prilozheniy/:101
[    1365ms] [LOG] error SyntaxError: Unexpected token '_', "__ym__prom"... is not valid JSON @ https://bpmsoft.ru/baza-zaniy/magazin-prilozheniy/:101
[    1365ms] [LOG] error SyntaxError: Unexpected token '_', "__ym__prom"... is not valid JSON @ https://bpmsoft.ru/baza-zaniy/magazin-prilozheniy/:101
[    1366ms] [LOG] error SyntaxError: Unexpected token '_', "__ym__prom"... is not valid JSON @ https://bpmsoft.ru/baza-zaniy/magazin-prilozheniy/:101
[    1366ms] [LOG] error SyntaxError: Unexpected token '_', "__ym__prom"... is not valid JSON @ https://bpmsoft.ru/baza-zaniy/magazin-prilozheniy/:101
[    1367ms] [LOG] error SyntaxError: Unexpected token '_', "__ym__prom"... is not valid JSON @ https://bpmsoft.ru/baza-zaniy/magazin-prilozheniy/:101
[    1367ms] [LOG] error SyntaxError: Unexpected token '_', "__ym__prom"... is not valid JSON @ https://bpmsoft.ru/baza-zaniy/magazin-prilozheniy/:101
[    1368ms] [LOG] error SyntaxError: Unexpected token '_', "__ym__prom"... is not valid JSON @ https://bpmsoft.ru/baza-zaniy/magazin-prilozheniy/:101
[    1368ms] [LOG] error SyntaxError: Unexpected token '_', "__ym__prom"... is not valid JSON @ https://bpmsoft.ru/baza-zaniy/magazin-prilozheniy/:101
[    1368ms] [LOG] error SyntaxError: Unexpected token '_', "__ym__prom"... is not valid JSON @ https://bpmsoft.ru/baza-zaniy/magazin-prilozheniy/:101
[    1369ms] [LOG] error SyntaxError: Unexpected token '_', "__ym__prom"... is not valid JSON @ https://bpmsoft.ru/baza-zaniy/magazin-prilozheniy/:101
[    1369ms] [LOG] error SyntaxError: Unexpected token '_', "__ym__prom"... is not valid JSON @ https://bpmsoft.ru/baza-zaniy/magazin-prilozheniy/:101
[    1370ms] [LOG] error SyntaxError: Unexpected token '_', "__ym__prom"... is not valid JSON @ https://bpmsoft.ru/baza-zaniy/magazin-prilozheniy/:101
[    1370ms] [LOG] error SyntaxError: Unexpected token '_', "__ym__prom"... is not valid JSON @ https://bpmsoft.ru/baza-zaniy/magazin-prilozheniy/:101
[    1370ms] [LOG] error SyntaxError: Unexpected token '_', "__ym__prom"... is not valid JSON @ https://bpmsoft.ru/baza-zaniy/magazin-prilozheniy/:101
[    1371ms] [LOG] error SyntaxError: Unexpected token '_', "__ym__prom"... is not valid JSON @ https://bpmsoft.ru/baza-zaniy/magazin-prilozheniy/:101
[    1371ms] [LOG] error SyntaxError: Unexpected token '_', "__ym__prom"... is not valid JSON @ https://bpmsoft.ru/baza-zaniy/magazin-prilozheniy/:101
[    1372ms] [LOG] error SyntaxError: Unexpected token '_', "__ym__prom"... is not valid JSON @ https://bpmsoft.ru/baza-zaniy/magazin-prilozheniy/:101
[    1372ms] [LOG] error SyntaxError: Unexpected token '_', "__ym__prom"... is not valid JSON @ https://bpmsoft.ru/baza-zaniy/magazin-prilozheniy/:101
