[    1653ms] [VERBOSE] [DOM] Input elements should have autocomplete attributes (suggested: "current-password"): (More info: https://goo.gl/9p2vKq) %o @ https://edu.bpmsoft.ru/baza-znaniy/dannye/operatsii-s-dannymi-front-end/?version=1.9:0
[    1653ms] [VERBOSE] [DOM] Input elements should have autocomplete attributes (suggested: "new-password"): (More info: https://goo.gl/9p2vKq) %o @ https://edu.bpmsoft.ru/baza-znaniy/dannye/operatsii-s-dannymi-front-end/?version=1.9:0
[    1653ms] [VERBOSE] [DOM] Input elements should have autocomplete attributes (suggested: "new-password"): (More info: https://goo.gl/9p2vKq) %o @ https://edu.bpmsoft.ru/baza-znaniy/dannye/operatsii-s-dannymi-front-end/?version=1.9:0
[    1653ms] [VERBOSE] [DOM] Input elements should have autocomplete attributes (suggested: "current-password"): (More info: https://goo.gl/9p2vKq) %o @ https://edu.bpmsoft.ru/baza-znaniy/dannye/operatsii-s-dannymi-front-end/?version=1.9:0
[    1654ms] [VERBOSE] [DOM] Input elements should have autocomplete attributes (suggested: "new-password"): (More info: https://goo.gl/9p2vKq) %o @ https://edu.bpmsoft.ru/baza-znaniy/dannye/operatsii-s-dannymi-front-end/?version=1.9:0
[    1654ms] [VERBOSE] [DOM] Input elements should have autocomplete attributes (suggested: "new-password"): (More info: https://goo.gl/9p2vKq) %o @ https://edu.bpmsoft.ru/baza-znaniy/dannye/operatsii-s-dannymi-front-end/?version=1.9:0
[    1700ms] [ERROR] Access to fetch at 'https://ipapi.co/json' from origin 'https://edu.bpmsoft.ru' has been blocked by CORS policy: No 'Access-Control-Allow-Origin' header is present on the requested resource. @ https://edu.bpmsoft.ru/baza-znaniy/dannye/operatsii-s-dannymi-front-end/?version=1.9:0
[    1700ms] [ERROR] Failed to load resource: net::ERR_FAILED @ https://ipapi.co/json:0
[    1871ms] [LOG] error SyntaxError: Unexpected token '_', "__ym__prom"... is not valid JSON @ https://edu.bpmsoft.ru/baza-znaniy/dannye/operatsii-s-dannymi-front-end/?version=1.9:114
[    1874ms] [LOG] error SyntaxError: Unexpected token '_', "__ym__prom"... is not valid JSON @ https://edu.bpmsoft.ru/baza-znaniy/dannye/operatsii-s-dannymi-front-end/?version=1.9:114
[    2165ms] [LOG] error SyntaxError: Unexpected token '_', "__ym__prom"... is not valid JSON @ https://edu.bpmsoft.ru/baza-znaniy/dannye/operatsii-s-dannymi-front-end/?version=1.9:114
[    2170ms] [LOG] error SyntaxError: Unexpected token '_', "__ym__prom"... is not valid JSON @ https://edu.bpmsoft.ru/baza-znaniy/dannye/operatsii-s-dannymi-front-end/?version=1.9:114
[    2172ms] [LOG] error SyntaxError: Unexpected token '_', "__ym__prom"... is not valid JSON @ https://edu.bpmsoft.ru/baza-znaniy/dannye/operatsii-s-dannymi-front-end/?version=1.9:114
[    2174ms] [LOG] error SyntaxError: Unexpected token '_', "__ym__prom"... is not valid JSON @ https://edu.bpmsoft.ru/baza-znaniy/dannye/operatsii-s-dannymi-front-end/?version=1.9:114
[    2175ms] [LOG] error SyntaxError: Unexpected token '_', "__ym__prom"... is not valid JSON @ https://edu.bpmsoft.ru/baza-znaniy/dannye/operatsii-s-dannymi-front-end/?version=1.9:114
[    2452ms] [LOG] error SyntaxError: Unexpected token '_', "__ym__prom"... is not valid JSON @ https://edu.bpmsoft.ru/baza-znaniy/dannye/operatsii-s-dannymi-front-end/?version=1.9:114
[    2453ms] [LOG] error SyntaxError: Unexpected token '_', "__ym__prom"... is not valid JSON @ https://edu.bpmsoft.ru/baza-znaniy/dannye/operatsii-s-dannymi-front-end/?version=1.9:114
[    2454ms] [LOG] error SyntaxError: Unexpected token '_', "__ym__prom"... is not valid JSON @ https://edu.bpmsoft.ru/baza-znaniy/dannye/operatsii-s-dannymi-front-end/?version=1.9:114
[    2454ms] [LOG] error SyntaxError: Unexpected token '_', "__ym__prom"... is not valid JSON @ https://edu.bpmsoft.ru/baza-znaniy/dannye/operatsii-s-dannymi-front-end/?version=1.9:114
[    2455ms] [LOG] error SyntaxError: Unexpected token '_', "__ym__prom"... is not valid JSON @ https://edu.bpmsoft.ru/baza-znaniy/dannye/operatsii-s-dannymi-front-end/?version=1.9:114
[    2456ms] [LOG] error SyntaxError: Unexpected token '_', "__ym__prom"... is not valid JSON @ https://edu.bpmsoft.ru/baza-znaniy/dannye/operatsii-s-dannymi-front-end/?version=1.9:114
[    2457ms] [LOG] error SyntaxError: Unexpected token '_', "__ym__prom"... is not valid JSON @ https://edu.bpmsoft.ru/baza-znaniy/dannye/operatsii-s-dannymi-front-end/?version=1.9:114
[    2457ms] [LOG] error SyntaxError: Unexpected token '_', "__ym__prom"... is not valid JSON @ https://edu.bpmsoft.ru/baza-znaniy/dannye/operatsii-s-dannymi-front-end/?version=1.9:114
[    2458ms] [LOG] error SyntaxError: Unexpected token '_', "__ym__prom"... is not valid JSON @ https://edu.bpmsoft.ru/baza-znaniy/dannye/operatsii-s-dannymi-front-end/?version=1.9:114
[    2458ms] [LOG] error SyntaxError: Unexpected token '_', "__ym__prom"... is not valid JSON @ https://edu.bpmsoft.ru/baza-znaniy/dannye/operatsii-s-dannymi-front-end/?version=1.9:114
[    2459ms] [LOG] error SyntaxError: Unexpected token '_', "__ym__prom"... is not valid JSON @ https://edu.bpmsoft.ru/baza-znaniy/dannye/operatsii-s-dannymi-front-end/?version=1.9:114
[    2459ms] [LOG] error SyntaxError: Unexpected token '_', "__ym__prom"... is not valid JSON @ https://edu.bpmsoft.ru/baza-znaniy/dannye/operatsii-s-dannymi-front-end/?version=1.9:114
[    2460ms] [LOG] error SyntaxError: Unexpected token '_', "__ym__prom"... is not valid JSON @ https://edu.bpmsoft.ru/baza-znaniy/dannye/operatsii-s-dannymi-front-end/?version=1.9:114
[    2462ms] [LOG] error SyntaxError: Unexpected token '_', "__ym__prom"... is not valid JSON @ https://edu.bpmsoft.ru/baza-znaniy/dannye/operatsii-s-dannymi-front-end/?version=1.9:114
[    2463ms] [LOG] error SyntaxError: Unexpected token '_', "__ym__prom"... is not valid JSON @ https://edu.bpmsoft.ru/baza-znaniy/dannye/operatsii-s-dannymi-front-end/?version=1.9:114
[    2464ms] [LOG] error SyntaxError: Unexpected token '_', "__ym__prom"... is not valid JSON @ https://edu.bpmsoft.ru/baza-znaniy/dannye/operatsii-s-dannymi-front-end/?version=1.9:114
[    2464ms] [LOG] error SyntaxError: Unexpected token '_', "__ym__prom"... is not valid JSON @ https://edu.bpmsoft.ru/baza-znaniy/dannye/operatsii-s-dannymi-front-end/?version=1.9:114
[    2465ms] [LOG] error SyntaxError: Unexpected token '_', "__ym__prom"... is not valid JSON @ https://edu.bpmsoft.ru/baza-znaniy/dannye/operatsii-s-dannymi-front-end/?version=1.9:114
[    2465ms] [LOG] error SyntaxError: Unexpected token '_', "__ym__prom"... is not valid JSON @ https://edu.bpmsoft.ru/baza-znaniy/dannye/operatsii-s-dannymi-front-end/?version=1.9:114
[    2466ms] [LOG] error SyntaxError: Unexpected token '_', "__ym__prom"... is not valid JSON @ https://edu.bpmsoft.ru/baza-znaniy/dannye/operatsii-s-dannymi-front-end/?version=1.9:114
[    2466ms] [LOG] error SyntaxError: Unexpected token '_', "__ym__prom"... is not valid JSON @ https://edu.bpmsoft.ru/baza-znaniy/dannye/operatsii-s-dannymi-front-end/?version=1.9:114
[    2466ms] [LOG] error SyntaxError: Unexpected token '_', "__ym__prom"... is not valid JSON @ https://edu.bpmsoft.ru/baza-znaniy/dannye/operatsii-s-dannymi-front-end/?version=1.9:114
[    2467ms] [LOG] error SyntaxError: Unexpected token '_', "__ym__prom"... is not valid JSON @ https://edu.bpmsoft.ru/baza-znaniy/dannye/operatsii-s-dannymi-front-end/?version=1.9:114
[    2468ms] [LOG] error SyntaxError: Unexpected token '_', "__ym__prom"... is not valid JSON @ https://edu.bpmsoft.ru/baza-znaniy/dannye/operatsii-s-dannymi-front-end/?version=1.9:114
[    2468ms] [LOG] error SyntaxError: Unexpected token '_', "__ym__prom"... is not valid JSON @ https://edu.bpmsoft.ru/baza-znaniy/dannye/operatsii-s-dannymi-front-end/?version=1.9:114
[    2469ms] [LOG] error SyntaxError: Unexpected token '_', "__ym__prom"... is not valid JSON @ https://edu.bpmsoft.ru/baza-znaniy/dannye/operatsii-s-dannymi-front-end/?version=1.9:114
[    2469ms] [LOG] error SyntaxError: Unexpected token '_', "__ym__prom"... is not valid JSON @ https://edu.bpmsoft.ru/baza-znaniy/dannye/operatsii-s-dannymi-front-end/?version=1.9:114
[    2470ms] [LOG] error SyntaxError: Unexpected token '_', "__ym__prom"... is not valid JSON @ https://edu.bpmsoft.ru/baza-znaniy/dannye/operatsii-s-dannymi-front-end/?version=1.9:114
[    2470ms] [LOG] error SyntaxError: Unexpected token '_', "__ym__prom"... is not valid JSON @ https://edu.bpmsoft.ru/baza-znaniy/dannye/operatsii-s-dannymi-front-end/?version=1.9:114
[    2471ms] [LOG] error SyntaxError: Unexpected token '_', "__ym__prom"... is not valid JSON @ https://edu.bpmsoft.ru/baza-znaniy/dannye/operatsii-s-dannymi-front-end/?version=1.9:114
[    2471ms] [LOG] error SyntaxError: Unexpected token '_', "__ym__prom"... is not valid JSON @ https://edu.bpmsoft.ru/baza-znaniy/dannye/operatsii-s-dannymi-front-end/?version=1.9:114
[    2472ms] [LOG] error SyntaxError: Unexpected token '_', "__ym__prom"... is not valid JSON @ https://edu.bpmsoft.ru/baza-znaniy/dannye/operatsii-s-dannymi-front-end/?version=1.9:114
[    2472ms] [LOG] error SyntaxError: Unexpected token '_', "__ym__prom"... is not valid JSON @ https://edu.bpmsoft.ru/baza-znaniy/dannye/operatsii-s-dannymi-front-end/?version=1.9:114
[    2473ms] [LOG] error SyntaxError: Unexpected token '_', "__ym__prom"... is not valid JSON @ https://edu.bpmsoft.ru/baza-znaniy/dannye/operatsii-s-dannymi-front-end/?version=1.9:114
[    2473ms] [LOG] error SyntaxError: Unexpected token '_', "__ym__prom"... is not valid JSON @ https://edu.bpmsoft.ru/baza-znaniy/dannye/operatsii-s-dannymi-front-end/?version=1.9:114
[    2474ms] [LOG] error SyntaxError: Unexpected token '_', "__ym__prom"... is not valid JSON @ https://edu.bpmsoft.ru/baza-znaniy/dannye/operatsii-s-dannymi-front-end/?version=1.9:114
[    2474ms] [LOG] error SyntaxError: Unexpected token '_', "__ym__prom"... is not valid JSON @ https://edu.bpmsoft.ru/baza-znaniy/dannye/operatsii-s-dannymi-front-end/?version=1.9:114
[    2475ms] [LOG] error SyntaxError: Unexpected token '_', "__ym__prom"... is not valid JSON @ https://edu.bpmsoft.ru/baza-znaniy/dannye/operatsii-s-dannymi-front-end/?version=1.9:114
[    2475ms] [LOG] error SyntaxError: Unexpected token '_', "__ym__prom"... is not valid JSON @ https://edu.bpmsoft.ru/baza-znaniy/dannye/operatsii-s-dannymi-front-end/?version=1.9:114
[    2475ms] [LOG] error SyntaxError: Unexpected token '_', "__ym__prom"... is not valid JSON @ https://edu.bpmsoft.ru/baza-znaniy/dannye/operatsii-s-dannymi-front-end/?version=1.9:114
[    2476ms] [LOG] error SyntaxError: Unexpected token '_', "__ym__prom"... is not valid JSON @ https://edu.bpmsoft.ru/baza-znaniy/dannye/operatsii-s-dannymi-front-end/?version=1.9:114
[    2477ms] [LOG] error SyntaxError: Unexpected token '_', "__ym__prom"... is not valid JSON @ https://edu.bpmsoft.ru/baza-znaniy/dannye/operatsii-s-dannymi-front-end/?version=1.9:114
[    2477ms] [LOG] error SyntaxError: Unexpected token '_', "__ym__prom"... is not valid JSON @ https://edu.bpmsoft.ru/baza-znaniy/dannye/operatsii-s-dannymi-front-end/?version=1.9:114
[    2478ms] [LOG] error SyntaxError: Unexpected token '_', "__ym__prom"... is not valid JSON @ https://edu.bpmsoft.ru/baza-znaniy/dannye/operatsii-s-dannymi-front-end/?version=1.9:114
[    2479ms] [LOG] error SyntaxError: Unexpected token '_', "__ym__prom"... is not valid JSON @ https://edu.bpmsoft.ru/baza-znaniy/dannye/operatsii-s-dannymi-front-end/?version=1.9:114
[    2480ms] [LOG] error SyntaxError: Unexpected token '_', "__ym__prom"... is not valid JSON @ https://edu.bpmsoft.ru/baza-znaniy/dannye/operatsii-s-dannymi-front-end/?version=1.9:114
[    2480ms] [LOG] error SyntaxError: Unexpected token '_', "__ym__prom"... is not valid JSON @ https://edu.bpmsoft.ru/baza-znaniy/dannye/operatsii-s-dannymi-front-end/?version=1.9:114
[    2480ms] [LOG] error SyntaxError: Unexpected token '_', "__ym__prom"... is not valid JSON @ https://edu.bpmsoft.ru/baza-znaniy/dannye/operatsii-s-dannymi-front-end/?version=1.9:114
[    2481ms] [LOG] error SyntaxError: Unexpected token '_', "__ym__prom"... is not valid JSON @ https://edu.bpmsoft.ru/baza-znaniy/dannye/operatsii-s-dannymi-front-end/?version=1.9:114
[    2481ms] [LOG] error SyntaxError: Unexpected token '_', "__ym__prom"... is not valid JSON @ https://edu.bpmsoft.ru/baza-znaniy/dannye/operatsii-s-dannymi-front-end/?version=1.9:114
[    2482ms] [LOG] error SyntaxError: Unexpected token '_', "__ym__prom"... is not valid JSON @ https://edu.bpmsoft.ru/baza-znaniy/dannye/operatsii-s-dannymi-front-end/?version=1.9:114
[    2482ms] [LOG] error SyntaxError: Unexpected token '_', "__ym__prom"... is not valid JSON @ https://edu.bpmsoft.ru/baza-znaniy/dannye/operatsii-s-dannymi-front-end/?version=1.9:114
[    2483ms] [LOG] error SyntaxError: Unexpected token '_', "__ym__prom"... is not valid JSON @ https://edu.bpmsoft.ru/baza-znaniy/dannye/operatsii-s-dannymi-front-end/?version=1.9:114
[    2483ms] [LOG] error SyntaxError: Unexpected token '_', "__ym__prom"... is not valid JSON @ https://edu.bpmsoft.ru/baza-znaniy/dannye/operatsii-s-dannymi-front-end/?version=1.9:114
[    2484ms] [LOG] error SyntaxError: Unexpected token '_', "__ym__prom"... is not valid JSON @ https://edu.bpmsoft.ru/baza-znaniy/dannye/operatsii-s-dannymi-front-end/?version=1.9:114
[    2484ms] [LOG] error SyntaxError: Unexpected token '_', "__ym__prom"... is not valid JSON @ https://edu.bpmsoft.ru/baza-znaniy/dannye/operatsii-s-dannymi-front-end/?version=1.9:114
[    2485ms] [LOG] error SyntaxError: Unexpected token '_', "__ym__prom"... is not valid JSON @ https://edu.bpmsoft.ru/baza-znaniy/dannye/operatsii-s-dannymi-front-end/?version=1.9:114
[    2485ms] [LOG] error SyntaxError: Unexpected token '_', "__ym__prom"... is not valid JSON @ https://edu.bpmsoft.ru/baza-znaniy/dannye/operatsii-s-dannymi-front-end/?version=1.9:114
[    2486ms] [LOG] error SyntaxError: Unexpected token '_', "__ym__prom"... is not valid JSON @ https://edu.bpmsoft.ru/baza-znaniy/dannye/operatsii-s-dannymi-front-end/?version=1.9:114
[    2486ms] [LOG] error SyntaxError: Unexpected token '_', "__ym__prom"... is not valid JSON @ https://edu.bpmsoft.ru/baza-znaniy/dannye/operatsii-s-dannymi-front-end/?version=1.9:114
[    2486ms] [LOG] error SyntaxError: Unexpected token '_', "__ym__prom"... is not valid JSON @ https://edu.bpmsoft.ru/baza-znaniy/dannye/operatsii-s-dannymi-front-end/?version=1.9:114
[    2487ms] [LOG] error SyntaxError: Unexpected token '_', "__ym__prom"... is not valid JSON @ https://edu.bpmsoft.ru/baza-znaniy/dannye/operatsii-s-dannymi-front-end/?version=1.9:114
[    2487ms] [LOG] error SyntaxError: Unexpected token '_', "__ym__prom"... is not valid JSON @ https://edu.bpmsoft.ru/baza-znaniy/dannye/operatsii-s-dannymi-front-end/?version=1.9:114
[    2488ms] [LOG] error SyntaxError: Unexpected token '_', "__ym__prom"... is not valid JSON @ https://edu.bpmsoft.ru/baza-znaniy/dannye/operatsii-s-dannymi-front-end/?version=1.9:114
[    2488ms] [LOG] error SyntaxError: Unexpected token '_', "__ym__prom"... is not valid JSON @ https://edu.bpmsoft.ru/baza-znaniy/dannye/operatsii-s-dannymi-front-end/?version=1.9:114
[    2488ms] [LOG] error SyntaxError: Unexpected token '_', "__ym__prom"... is not valid JSON @ https://edu.bpmsoft.ru/baza-znaniy/dannye/operatsii-s-dannymi-front-end/?version=1.9:114
[    2489ms] [LOG] error SyntaxError: Unexpected token '_', "__ym__prom"... is not valid JSON @ https://edu.bpmsoft.ru/baza-znaniy/dannye/operatsii-s-dannymi-front-end/?version=1.9:114
[    2489ms] [LOG] error SyntaxError: Unexpected token '_', "__ym__prom"... is not valid JSON @ https://edu.bpmsoft.ru/baza-znaniy/dannye/operatsii-s-dannymi-front-end/?version=1.9:114
[    2490ms] [LOG] error SyntaxError: Unexpected token '_', "__ym__prom"... is not valid JSON @ https://edu.bpmsoft.ru/baza-znaniy/dannye/operatsii-s-dannymi-front-end/?version=1.9:114
[    2490ms] [LOG] error SyntaxError: Unexpected token '_', "__ym__prom"... is not valid JSON @ https://edu.bpmsoft.ru/baza-znaniy/dannye/operatsii-s-dannymi-front-end/?version=1.9:114
[    2491ms] [LOG] error SyntaxError: Unexpected token '_', "__ym__prom"... is not valid JSON @ https://edu.bpmsoft.ru/baza-znaniy/dannye/operatsii-s-dannymi-front-end/?version=1.9:114
[    2491ms] [LOG] error SyntaxError: Unexpected token '_', "__ym__prom"... is not valid JSON @ https://edu.bpmsoft.ru/baza-znaniy/dannye/operatsii-s-dannymi-front-end/?version=1.9:114
[    2491ms] [LOG] error SyntaxError: Unexpected token '_', "__ym__prom"... is not valid JSON @ https://edu.bpmsoft.ru/baza-znaniy/dannye/operatsii-s-dannymi-front-end/?version=1.9:114
[    2492ms] [LOG] error SyntaxError: Unexpected token '_', "__ym__prom"... is not valid JSON @ https://edu.bpmsoft.ru/baza-znaniy/dannye/operatsii-s-dannymi-front-end/?version=1.9:114
[    2492ms] [LOG] error SyntaxError: Unexpected token '_', "__ym__prom"... is not valid JSON @ https://edu.bpmsoft.ru/baza-znaniy/dannye/operatsii-s-dannymi-front-end/?version=1.9:114
[    2493ms] [LOG] error SyntaxError: Unexpected token '_', "__ym__prom"... is not valid JSON @ https://edu.bpmsoft.ru/baza-znaniy/dannye/operatsii-s-dannymi-front-end/?version=1.9:114
[    2493ms] [LOG] error SyntaxError: Unexpected token '_', "__ym__prom"... is not valid JSON @ https://edu.bpmsoft.ru/baza-znaniy/dannye/operatsii-s-dannymi-front-end/?version=1.9:114
[    2494ms] [LOG] error SyntaxError: Unexpected token '_', "__ym__prom"... is not valid JSON @ https://edu.bpmsoft.ru/baza-znaniy/dannye/operatsii-s-dannymi-front-end/?version=1.9:114
[    2495ms] [LOG] error SyntaxError: Unexpected token '_', "__ym__prom"... is not valid JSON @ https://edu.bpmsoft.ru/baza-znaniy/dannye/operatsii-s-dannymi-front-end/?version=1.9:114
[    2496ms] [LOG] error SyntaxError: Unexpected token '_', "__ym__prom"... is not valid JSON @ https://edu.bpmsoft.ru/baza-znaniy/dannye/operatsii-s-dannymi-front-end/?version=1.9:114
[    2496ms] [LOG] error SyntaxError: Unexpected token '_', "__ym__prom"... is not valid JSON @ https://edu.bpmsoft.ru/baza-znaniy/dannye/operatsii-s-dannymi-front-end/?version=1.9:114
[    2497ms] [LOG] error SyntaxError: Unexpected token '_', "__ym__prom"... is not valid JSON @ https://edu.bpmsoft.ru/baza-znaniy/dannye/operatsii-s-dannymi-front-end/?version=1.9:114
[    2497ms] [LOG] error SyntaxError: Unexpected token '_', "__ym__prom"... is not valid JSON @ https://edu.bpmsoft.ru/baza-znaniy/dannye/operatsii-s-dannymi-front-end/?version=1.9:114
[    2498ms] [LOG] error SyntaxError: Unexpected token '_', "__ym__prom"... is not valid JSON @ https://edu.bpmsoft.ru/baza-znaniy/dannye/operatsii-s-dannymi-front-end/?version=1.9:114
[    2498ms] [LOG] error SyntaxError: Unexpected token '_', "__ym__prom"... is not valid JSON @ https://edu.bpmsoft.ru/baza-znaniy/dannye/operatsii-s-dannymi-front-end/?version=1.9:114
[    2498ms] [LOG] error SyntaxError: Unexpected token '_', "__ym__prom"... is not valid JSON @ https://edu.bpmsoft.ru/baza-znaniy/dannye/operatsii-s-dannymi-front-end/?version=1.9:114
[    2499ms] [LOG] error SyntaxError: Unexpected token '_', "__ym__prom"... is not valid JSON @ https://edu.bpmsoft.ru/baza-znaniy/dannye/operatsii-s-dannymi-front-end/?version=1.9:114
[    2499ms] [LOG] error SyntaxError: Unexpected token '_', "__ym__prom"... is not valid JSON @ https://edu.bpmsoft.ru/baza-znaniy/dannye/operatsii-s-dannymi-front-end/?version=1.9:114
[    2499ms] [LOG] error SyntaxError: Unexpected token '_', "__ym__prom"... is not valid JSON @ https://edu.bpmsoft.ru/baza-znaniy/dannye/operatsii-s-dannymi-front-end/?version=1.9:114
[    2500ms] [LOG] error SyntaxError: Unexpected token '_', "__ym__prom"... is not valid JSON @ https://edu.bpmsoft.ru/baza-znaniy/dannye/operatsii-s-dannymi-front-end/?version=1.9:114
[    2500ms] [LOG] error SyntaxError: Unexpected token '_', "__ym__prom"... is not valid JSON @ https://edu.bpmsoft.ru/baza-znaniy/dannye/operatsii-s-dannymi-front-end/?version=1.9:114
[    2501ms] [LOG] error SyntaxError: Unexpected token '_', "__ym__prom"... is not valid JSON @ https://edu.bpmsoft.ru/baza-znaniy/dannye/operatsii-s-dannymi-front-end/?version=1.9:114
[    2501ms] [LOG] error SyntaxError: Unexpected token '_', "__ym__prom"... is not valid JSON @ https://edu.bpmsoft.ru/baza-znaniy/dannye/operatsii-s-dannymi-front-end/?version=1.9:114
[    2502ms] [LOG] error SyntaxError: Unexpected token '_', "__ym__prom"... is not valid JSON @ https://edu.bpmsoft.ru/baza-znaniy/dannye/operatsii-s-dannymi-front-end/?version=1.9:114
[    2502ms] [LOG] error SyntaxError: Unexpected token '_', "__ym__prom"... is not valid JSON @ https://edu.bpmsoft.ru/baza-znaniy/dannye/operatsii-s-dannymi-front-end/?version=1.9:114
[    2503ms] [LOG] error SyntaxError: Unexpected token '_', "__ym__prom"... is not valid JSON @ https://edu.bpmsoft.ru/baza-znaniy/dannye/operatsii-s-dannymi-front-end/?version=1.9:114
[    2503ms] [LOG] error SyntaxError: Unexpected token '_', "__ym__prom"... is not valid JSON @ https://edu.bpmsoft.ru/baza-znaniy/dannye/operatsii-s-dannymi-front-end/?version=1.9:114
[    2503ms] [LOG] error SyntaxError: Unexpected token '_', "__ym__prom"... is not valid JSON @ https://edu.bpmsoft.ru/baza-znaniy/dannye/operatsii-s-dannymi-front-end/?version=1.9:114
[    2504ms] [LOG] error SyntaxError: Unexpected token '_', "__ym__prom"... is not valid JSON @ https://edu.bpmsoft.ru/baza-znaniy/dannye/operatsii-s-dannymi-front-end/?version=1.9:114
[    2504ms] [LOG] error SyntaxError: Unexpected token '_', "__ym__prom"... is not valid JSON @ https://edu.bpmsoft.ru/baza-znaniy/dannye/operatsii-s-dannymi-front-end/?version=1.9:114
[    2505ms] [LOG] error SyntaxError: Unexpected token '_', "__ym__prom"... is not valid JSON @ https://edu.bpmsoft.ru/baza-znaniy/dannye/operatsii-s-dannymi-front-end/?version=1.9:114
[    2505ms] [LOG] error SyntaxError: Unexpected token '_', "__ym__prom"... is not valid JSON @ https://edu.bpmsoft.ru/baza-znaniy/dannye/operatsii-s-dannymi-front-end/?version=1.9:114
[    2505ms] [LOG] error SyntaxError: Unexpected token '_', "__ym__prom"... is not valid JSON @ https://edu.bpmsoft.ru/baza-znaniy/dannye/operatsii-s-dannymi-front-end/?version=1.9:114
[    2506ms] [LOG] error SyntaxError: Unexpected token '_', "__ym__prom"... is not valid JSON @ https://edu.bpmsoft.ru/baza-znaniy/dannye/operatsii-s-dannymi-front-end/?version=1.9:114
[    2506ms] [LOG] error SyntaxError: Unexpected token '_', "__ym__prom"... is not valid JSON @ https://edu.bpmsoft.ru/baza-znaniy/dannye/operatsii-s-dannymi-front-end/?version=1.9:114
[    2506ms] [LOG] error SyntaxError: Unexpected token '_', "__ym__prom"... is not valid JSON @ https://edu.bpmsoft.ru/baza-znaniy/dannye/operatsii-s-dannymi-front-end/?version=1.9:114
[    2507ms] [LOG] error SyntaxError: Unexpected token '_', "__ym__prom"... is not valid JSON @ https://edu.bpmsoft.ru/baza-znaniy/dannye/operatsii-s-dannymi-front-end/?version=1.9:114
[    2507ms] [LOG] error SyntaxError: Unexpected token '_', "__ym__prom"... is not valid JSON @ https://edu.bpmsoft.ru/baza-znaniy/dannye/operatsii-s-dannymi-front-end/?version=1.9:114
[    2507ms] [LOG] error SyntaxError: Unexpected token '_', "__ym__prom"... is not valid JSON @ https://edu.bpmsoft.ru/baza-znaniy/dannye/operatsii-s-dannymi-front-end/?version=1.9:114
[    2508ms] [LOG] error SyntaxError: Unexpected token '_', "__ym__prom"... is not valid JSON @ https://edu.bpmsoft.ru/baza-znaniy/dannye/operatsii-s-dannymi-front-end/?version=1.9:114
[    2508ms] [LOG] error SyntaxError: Unexpected token '_', "__ym__prom"... is not valid JSON @ https://edu.bpmsoft.ru/baza-znaniy/dannye/operatsii-s-dannymi-front-end/?version=1.9:114
[    2508ms] [LOG] error SyntaxError: Unexpected token '_', "__ym__prom"... is not valid JSON @ https://edu.bpmsoft.ru/baza-znaniy/dannye/operatsii-s-dannymi-front-end/?version=1.9:114
[    2509ms] [LOG] error SyntaxError: Unexpected token '_', "__ym__prom"... is not valid JSON @ https://edu.bpmsoft.ru/baza-znaniy/dannye/operatsii-s-dannymi-front-end/?version=1.9:114
[    2509ms] [LOG] error SyntaxError: Unexpected token '_', "__ym__prom"... is not valid JSON @ https://edu.bpmsoft.ru/baza-znaniy/dannye/operatsii-s-dannymi-front-end/?version=1.9:114
[    2509ms] [LOG] error SyntaxError: Unexpected token '_', "__ym__prom"... is not valid JSON @ https://edu.bpmsoft.ru/baza-znaniy/dannye/operatsii-s-dannymi-front-end/?version=1.9:114
[    2510ms] [LOG] error SyntaxError: Unexpected token '_', "__ym__prom"... is not valid JSON @ https://edu.bpmsoft.ru/baza-znaniy/dannye/operatsii-s-dannymi-front-end/?version=1.9:114
[    2511ms] [LOG] error SyntaxError: Unexpected token '_', "__ym__prom"... is not valid JSON @ https://edu.bpmsoft.ru/baza-znaniy/dannye/operatsii-s-dannymi-front-end/?version=1.9:114
[    2512ms] [LOG] error SyntaxError: Unexpected token '_', "__ym__prom"... is not valid JSON @ https://edu.bpmsoft.ru/baza-znaniy/dannye/operatsii-s-dannymi-front-end/?version=1.9:114
[    2513ms] [LOG] error SyntaxError: Unexpected token '_', "__ym__prom"... is not valid JSON @ https://edu.bpmsoft.ru/baza-znaniy/dannye/operatsii-s-dannymi-front-end/?version=1.9:114
[    2513ms] [LOG] error SyntaxError: Unexpected token '_', "__ym__prom"... is not valid JSON @ https://edu.bpmsoft.ru/baza-znaniy/dannye/operatsii-s-dannymi-front-end/?version=1.9:114
[    2514ms] [LOG] error SyntaxError: Unexpected token '_', "__ym__prom"... is not valid JSON @ https://edu.bpmsoft.ru/baza-znaniy/dannye/operatsii-s-dannymi-front-end/?version=1.9:114
[    2514ms] [LOG] error SyntaxError: Unexpected token '_', "__ym__prom"... is not valid JSON @ https://edu.bpmsoft.ru/baza-znaniy/dannye/operatsii-s-dannymi-front-end/?version=1.9:114
[    2515ms] [LOG] error SyntaxError: Unexpected token '_', "__ym__prom"... is not valid JSON @ https://edu.bpmsoft.ru/baza-znaniy/dannye/operatsii-s-dannymi-front-end/?version=1.9:114
[    2515ms] [LOG] error SyntaxError: Unexpected token '_', "__ym__prom"... is not valid JSON @ https://edu.bpmsoft.ru/baza-znaniy/dannye/operatsii-s-dannymi-front-end/?version=1.9:114
[    2516ms] [LOG] error SyntaxError: Unexpected token '_', "__ym__prom"... is not valid JSON @ https://edu.bpmsoft.ru/baza-znaniy/dannye/operatsii-s-dannymi-front-end/?version=1.9:114
[    2517ms] [LOG] error SyntaxError: Unexpected token '_', "__ym__prom"... is not valid JSON @ https://edu.bpmsoft.ru/baza-znaniy/dannye/operatsii-s-dannymi-front-end/?version=1.9:114
[    2518ms] [LOG] error SyntaxError: Unexpected token '_', "__ym__prom"... is not valid JSON @ https://edu.bpmsoft.ru/baza-znaniy/dannye/operatsii-s-dannymi-front-end/?version=1.9:114
[    2518ms] [LOG] error SyntaxError: Unexpected token '_', "__ym__prom"... is not valid JSON @ https://edu.bpmsoft.ru/baza-znaniy/dannye/operatsii-s-dannymi-front-end/?version=1.9:114
[    2518ms] [LOG] error SyntaxError: Unexpected token '_', "__ym__prom"... is not valid JSON @ https://edu.bpmsoft.ru/baza-znaniy/dannye/operatsii-s-dannymi-front-end/?version=1.9:114
[    2518ms] [LOG] error SyntaxError: Unexpected token '_', "__ym__prom"... is not valid JSON @ https://edu.bpmsoft.ru/baza-znaniy/dannye/operatsii-s-dannymi-front-end/?version=1.9:114
[    2519ms] [LOG] error SyntaxError: Unexpected token '_', "__ym__prom"... is not valid JSON @ https://edu.bpmsoft.ru/baza-znaniy/dannye/operatsii-s-dannymi-front-end/?version=1.9:114
[    2519ms] [LOG] error SyntaxError: Unexpected token '_', "__ym__prom"... is not valid JSON @ https://edu.bpmsoft.ru/baza-znaniy/dannye/operatsii-s-dannymi-front-end/?version=1.9:114
[    2519ms] [LOG] error SyntaxError: Unexpected token '_', "__ym__prom"... is not valid JSON @ https://edu.bpmsoft.ru/baza-znaniy/dannye/operatsii-s-dannymi-front-end/?version=1.9:114
[    2520ms] [LOG] error SyntaxError: Unexpected token '_', "__ym__prom"... is not valid JSON @ https://edu.bpmsoft.ru/baza-znaniy/dannye/operatsii-s-dannymi-front-end/?version=1.9:114
[    2520ms] [LOG] error SyntaxError: Unexpected token '_', "__ym__prom"... is not valid JSON @ https://edu.bpmsoft.ru/baza-znaniy/dannye/operatsii-s-dannymi-front-end/?version=1.9:114
[    2521ms] [LOG] error SyntaxError: Unexpected token '_', "__ym__prom"... is not valid JSON @ https://edu.bpmsoft.ru/baza-znaniy/dannye/operatsii-s-dannymi-front-end/?version=1.9:114
[    2521ms] [LOG] error SyntaxError: Unexpected token '_', "__ym__prom"... is not valid JSON @ https://edu.bpmsoft.ru/baza-znaniy/dannye/operatsii-s-dannymi-front-end/?version=1.9:114
[    2521ms] [LOG] error SyntaxError: Unexpected token '_', "__ym__prom"... is not valid JSON @ https://edu.bpmsoft.ru/baza-znaniy/dannye/operatsii-s-dannymi-front-end/?version=1.9:114
[    2521ms] [LOG] error SyntaxError: Unexpected token '_', "__ym__prom"... is not valid JSON @ https://edu.bpmsoft.ru/baza-znaniy/dannye/operatsii-s-dannymi-front-end/?version=1.9:114
[    2522ms] [LOG] error SyntaxError: Unexpected token '_', "__ym__prom"... is not valid JSON @ https://edu.bpmsoft.ru/baza-znaniy/dannye/operatsii-s-dannymi-front-end/?version=1.9:114
[    2522ms] [LOG] error SyntaxError: Unexpected token '_', "__ym__prom"... is not valid JSON @ https://edu.bpmsoft.ru/baza-znaniy/dannye/operatsii-s-dannymi-front-end/?version=1.9:114
[    2523ms] [LOG] error SyntaxError: Unexpected token '_', "__ym__prom"... is not valid JSON @ https://edu.bpmsoft.ru/baza-znaniy/dannye/operatsii-s-dannymi-front-end/?version=1.9:114
[    2523ms] [LOG] error SyntaxError: Unexpected token '_', "__ym__prom"... is not valid JSON @ https://edu.bpmsoft.ru/baza-znaniy/dannye/operatsii-s-dannymi-front-end/?version=1.9:114
[    2523ms] [LOG] error SyntaxError: Unexpected token '_', "__ym__prom"... is not valid JSON @ https://edu.bpmsoft.ru/baza-znaniy/dannye/operatsii-s-dannymi-front-end/?version=1.9:114
[    2524ms] [LOG] error SyntaxError: Unexpected token '_', "__ym__prom"... is not valid JSON @ https://edu.bpmsoft.ru/baza-znaniy/dannye/operatsii-s-dannymi-front-end/?version=1.9:114
[    2524ms] [LOG] error SyntaxError: Unexpected token '_', "__ym__prom"... is not valid JSON @ https://edu.bpmsoft.ru/baza-znaniy/dannye/operatsii-s-dannymi-front-end/?version=1.9:114
[    2524ms] [LOG] error SyntaxError: Unexpected token '_', "__ym__prom"... is not valid JSON @ https://edu.bpmsoft.ru/baza-znaniy/dannye/operatsii-s-dannymi-front-end/?version=1.9:114
[    2525ms] [LOG] error SyntaxError: Unexpected token '_', "__ym__prom"... is not valid JSON @ https://edu.bpmsoft.ru/baza-znaniy/dannye/operatsii-s-dannymi-front-end/?version=1.9:114
[    2525ms] [LOG] error SyntaxError: Unexpected token '_', "__ym__prom"... is not valid JSON @ https://edu.bpmsoft.ru/baza-znaniy/dannye/operatsii-s-dannymi-front-end/?version=1.9:114
[    2525ms] [LOG] error SyntaxError: Unexpected token '_', "__ym__prom"... is not valid JSON @ https://edu.bpmsoft.ru/baza-znaniy/dannye/operatsii-s-dannymi-front-end/?version=1.9:114
[    2525ms] [LOG] error SyntaxError: Unexpected token '_', "__ym__prom"... is not valid JSON @ https://edu.bpmsoft.ru/baza-znaniy/dannye/operatsii-s-dannymi-front-end/?version=1.9:114
[    2526ms] [LOG] error SyntaxError: Unexpected token '_', "__ym__prom"... is not valid JSON @ https://edu.bpmsoft.ru/baza-znaniy/dannye/operatsii-s-dannymi-front-end/?version=1.9:114
[    2526ms] [LOG] error SyntaxError: Unexpected token '_', "__ym__prom"... is not valid JSON @ https://edu.bpmsoft.ru/baza-znaniy/dannye/operatsii-s-dannymi-front-end/?version=1.9:114
[    2527ms] [LOG] error SyntaxError: Unexpected token '_', "__ym__prom"... is not valid JSON @ https://edu.bpmsoft.ru/baza-znaniy/dannye/operatsii-s-dannymi-front-end/?version=1.9:114
[    2527ms] [LOG] error SyntaxError: Unexpected token '_', "__ym__prom"... is not valid JSON @ https://edu.bpmsoft.ru/baza-znaniy/dannye/operatsii-s-dannymi-front-end/?version=1.9:114
[    2529ms] [LOG] error SyntaxError: Unexpected token '_', "__ym__prom"... is not valid JSON @ https://edu.bpmsoft.ru/baza-znaniy/dannye/operatsii-s-dannymi-front-end/?version=1.9:114
[    2529ms] [LOG] error SyntaxError: Unexpected token '_', "__ym__prom"... is not valid JSON @ https://edu.bpmsoft.ru/baza-znaniy/dannye/operatsii-s-dannymi-front-end/?version=1.9:114
[    2530ms] [LOG] error SyntaxError: Unexpected token '_', "__ym__prom"... is not valid JSON @ https://edu.bpmsoft.ru/baza-znaniy/dannye/operatsii-s-dannymi-front-end/?version=1.9:114
[    2530ms] [LOG] error SyntaxError: Unexpected token '_', "__ym__prom"... is not valid JSON @ https://edu.bpmsoft.ru/baza-znaniy/dannye/operatsii-s-dannymi-front-end/?version=1.9:114
[    2531ms] [LOG] error SyntaxError: Unexpected token '_', "__ym__prom"... is not valid JSON @ https://edu.bpmsoft.ru/baza-znaniy/dannye/operatsii-s-dannymi-front-end/?version=1.9:114
[    2531ms] [LOG] error SyntaxError: Unexpected token '_', "__ym__prom"... is not valid JSON @ https://edu.bpmsoft.ru/baza-znaniy/dannye/operatsii-s-dannymi-front-end/?version=1.9:114
[    2531ms] [LOG] error SyntaxError: Unexpected token '_', "__ym__prom"... is not valid JSON @ https://edu.bpmsoft.ru/baza-znaniy/dannye/operatsii-s-dannymi-front-end/?version=1.9:114
[    2532ms] [LOG] error SyntaxError: Unexpected token '_', "__ym__prom"... is not valid JSON @ https://edu.bpmsoft.ru/baza-znaniy/dannye/operatsii-s-dannymi-front-end/?version=1.9:114
[    2532ms] [LOG] error SyntaxError: Unexpected token '_', "__ym__prom"... is not valid JSON @ https://edu.bpmsoft.ru/baza-znaniy/dannye/operatsii-s-dannymi-front-end/?version=1.9:114
[    2532ms] [LOG] error SyntaxError: Unexpected token '_', "__ym__prom"... is not valid JSON @ https://edu.bpmsoft.ru/baza-znaniy/dannye/operatsii-s-dannymi-front-end/?version=1.9:114
[    2532ms] [LOG] error SyntaxError: Unexpected token '_', "__ym__prom"... is not valid JSON @ https://edu.bpmsoft.ru/baza-znaniy/dannye/operatsii-s-dannymi-front-end/?version=1.9:114
[    2533ms] [LOG] error SyntaxError: Unexpected token '_', "__ym__prom"... is not valid JSON @ https://edu.bpmsoft.ru/baza-znaniy/dannye/operatsii-s-dannymi-front-end/?version=1.9:114
[    2533ms] [LOG] error SyntaxError: Unexpected token '_', "__ym__prom"... is not valid JSON @ https://edu.bpmsoft.ru/baza-znaniy/dannye/operatsii-s-dannymi-front-end/?version=1.9:114
