[    1047ms] [LOG] error SyntaxError: Unexpected token '_', "__ym__prom"... is not valid JSON @ https://edu.bpmsoft.ru/baza-znaniy/diagnostika/:101
[    1048ms] [LOG] error SyntaxError: Unexpected token '_', "__ym__prom"... is not valid JSON @ https://edu.bpmsoft.ru/baza-znaniy/diagnostika/:101
[    1214ms] [VERBOSE] [DOM] Input elements should have autocomplete attributes (suggested: "current-password"): (More info: https://goo.gl/9p2vKq) %o @ https://edu.bpmsoft.ru/baza-znaniy/diagnostika/:0
[    1214ms] [VERBOSE] [DOM] Input elements should have autocomplete attributes (suggested: "new-password"): (More info: https://goo.gl/9p2vKq) %o @ https://edu.bpmsoft.ru/baza-znaniy/diagnostika/:0
[    1214ms] [VERBOSE] [DOM] Input elements should have autocomplete attributes (suggested: "new-password"): (More info: https://goo.gl/9p2vKq) %o @ https://edu.bpmsoft.ru/baza-znaniy/diagnostika/:0
[    1214ms] [VERBOSE] [DOM] Input elements should have autocomplete attributes (suggested: "current-password"): (More info: https://goo.gl/9p2vKq) %o @ https://edu.bpmsoft.ru/baza-znaniy/diagnostika/:0
[    1214ms] [VERBOSE] [DOM] Input elements should have autocomplete attributes (suggested: "new-password"): (More info: https://goo.gl/9p2vKq) %o @ https://edu.bpmsoft.ru/baza-znaniy/diagnostika/:0
[    1214ms] [VERBOSE] [DOM] Input elements should have autocomplete attributes (suggested: "new-password"): (More info: https://goo.gl/9p2vKq) %o @ https://edu.bpmsoft.ru/baza-znaniy/diagnostika/:0
[    1263ms] [ERROR] Access to fetch at 'https://ipapi.co/json' from origin 'https://edu.bpmsoft.ru' has been blocked by CORS policy: No 'Access-Control-Allow-Origin' header is present on the requested resource. @ https://edu.bpmsoft.ru/baza-znaniy/diagnostika/:0
[    1263ms] [ERROR] Failed to load resource: net::ERR_FAILED @ https://ipapi.co/json:0
[    1298ms] [LOG] error SyntaxError: Unexpected token '_', "__ym__prom"... is not valid JSON @ https://edu.bpmsoft.ru/baza-znaniy/diagnostika/:101
[    1303ms] [LOG] error SyntaxError: Unexpected token '_', "__ym__prom"... is not valid JSON @ https://edu.bpmsoft.ru/baza-znaniy/diagnostika/:101
[    1304ms] [LOG] error SyntaxError: Unexpected token '_', "__ym__prom"... is not valid JSON @ https://edu.bpmsoft.ru/baza-znaniy/diagnostika/:101
[    1306ms] [LOG] error SyntaxError: Unexpected token '_', "__ym__prom"... is not valid JSON @ https://edu.bpmsoft.ru/baza-znaniy/diagnostika/:101
[    1308ms] [LOG] error SyntaxError: Unexpected token '_', "__ym__prom"... is not valid JSON @ https://edu.bpmsoft.ru/baza-znaniy/diagnostika/:101
[    1642ms] [LOG] error SyntaxError: Unexpected token '_', "__ym__prom"... is not valid JSON @ https://edu.bpmsoft.ru/baza-znaniy/diagnostika/:101
[    1943ms] [LOG] error SyntaxError: Unexpected token '_', "__ym__prom"... is not valid JSON @ https://edu.bpmsoft.ru/baza-znaniy/diagnostika/:101
[    1944ms] [LOG] error SyntaxError: Unexpected token '_', "__ym__prom"... is not valid JSON @ https://edu.bpmsoft.ru/baza-znaniy/diagnostika/:101
[    1944ms] [LOG] error SyntaxError: Unexpected token '_', "__ym__prom"... is not valid JSON @ https://edu.bpmsoft.ru/baza-znaniy/diagnostika/:101
[    1945ms] [LOG] error SyntaxError: Unexpected token '_', "__ym__prom"... is not valid JSON @ https://edu.bpmsoft.ru/baza-znaniy/diagnostika/:101
[    1945ms] [LOG] error SyntaxError: Unexpected token '_', "__ym__prom"... is not valid JSON @ https://edu.bpmsoft.ru/baza-znaniy/diagnostika/:101
[    1946ms] [LOG] error SyntaxError: Unexpected token '_', "__ym__prom"... is not valid JSON @ https://edu.bpmsoft.ru/baza-znaniy/diagnostika/:101
[    1946ms] [LOG] error SyntaxError: Unexpected token '_', "__ym__prom"... is not valid JSON @ https://edu.bpmsoft.ru/baza-znaniy/diagnostika/:101
[    1947ms] [LOG] error SyntaxError: Unexpected token '_', "__ym__prom"... is not valid JSON @ https://edu.bpmsoft.ru/baza-znaniy/diagnostika/:101
[    1947ms] [LOG] error SyntaxError: Unexpected token '_', "__ym__prom"... is not valid JSON @ https://edu.bpmsoft.ru/baza-znaniy/diagnostika/:101
[    1948ms] [LOG] error SyntaxError: Unexpected token '_', "__ym__prom"... is not valid JSON @ https://edu.bpmsoft.ru/baza-znaniy/diagnostika/:101
[    1948ms] [LOG] error SyntaxError: Unexpected token '_', "__ym__prom"... is not valid JSON @ https://edu.bpmsoft.ru/baza-znaniy/diagnostika/:101
[    1949ms] [LOG] error SyntaxError: Unexpected token '_', "__ym__prom"... is not valid JSON @ https://edu.bpmsoft.ru/baza-znaniy/diagnostika/:101
[    1949ms] [LOG] error SyntaxError: Unexpected token '_', "__ym__prom"... is not valid JSON @ https://edu.bpmsoft.ru/baza-znaniy/diagnostika/:101
[    1950ms] [LOG] error SyntaxError: Unexpected token '_', "__ym__prom"... is not valid JSON @ https://edu.bpmsoft.ru/baza-znaniy/diagnostika/:101
[    1950ms] [LOG] error SyntaxError: Unexpected token '_', "__ym__prom"... is not valid JSON @ https://edu.bpmsoft.ru/baza-znaniy/diagnostika/:101
[    1951ms] [LOG] error SyntaxError: Unexpected token '_', "__ym__prom"... is not valid JSON @ https://edu.bpmsoft.ru/baza-znaniy/diagnostika/:101
[    1952ms] [LOG] error SyntaxError: Unexpected token '_', "__ym__prom"... is not valid JSON @ https://edu.bpmsoft.ru/baza-znaniy/diagnostika/:101
[    1953ms] [LOG] error SyntaxError: Unexpected token '_', "__ym__prom"... is not valid JSON @ https://edu.bpmsoft.ru/baza-znaniy/diagnostika/:101
[    1954ms] [LOG] error SyntaxError: Unexpected token '_', "__ym__prom"... is not valid JSON @ https://edu.bpmsoft.ru/baza-znaniy/diagnostika/:101
[    1954ms] [LOG] error SyntaxError: Unexpected token '_', "__ym__prom"... is not valid JSON @ https://edu.bpmsoft.ru/baza-znaniy/diagnostika/:101
[    1955ms] [LOG] error SyntaxError: Unexpected token '_', "__ym__prom"... is not valid JSON @ https://edu.bpmsoft.ru/baza-znaniy/diagnostika/:101
[    1955ms] [LOG] error SyntaxError: Unexpected token '_', "__ym__prom"... is not valid JSON @ https://edu.bpmsoft.ru/baza-znaniy/diagnostika/:101
[    1956ms] [LOG] error SyntaxError: Unexpected token '_', "__ym__prom"... is not valid JSON @ https://edu.bpmsoft.ru/baza-znaniy/diagnostika/:101
[    1956ms] [LOG] error SyntaxError: Unexpected token '_', "__ym__prom"... is not valid JSON @ https://edu.bpmsoft.ru/baza-znaniy/diagnostika/:101
[    1957ms] [LOG] error SyntaxError: Unexpected token '_', "__ym__prom"... is not valid JSON @ https://edu.bpmsoft.ru/baza-znaniy/diagnostika/:101
[    1957ms] [LOG] error SyntaxError: Unexpected token '_', "__ym__prom"... is not valid JSON @ https://edu.bpmsoft.ru/baza-znaniy/diagnostika/:101
[    1958ms] [LOG] error SyntaxError: Unexpected token '_', "__ym__prom"... is not valid JSON @ https://edu.bpmsoft.ru/baza-znaniy/diagnostika/:101
[    1958ms] [LOG] error SyntaxError: Unexpected token '_', "__ym__prom"... is not valid JSON @ https://edu.bpmsoft.ru/baza-znaniy/diagnostika/:101
[    1959ms] [LOG] error SyntaxError: Unexpected token '_', "__ym__prom"... is not valid JSON @ https://edu.bpmsoft.ru/baza-znaniy/diagnostika/:101
[    1960ms] [LOG] error SyntaxError: Unexpected token '_', "__ym__prom"... is not valid JSON @ https://edu.bpmsoft.ru/baza-znaniy/diagnostika/:101
[    1960ms] [LOG] error SyntaxError: Unexpected token '_', "__ym__prom"... is not valid JSON @ https://edu.bpmsoft.ru/baza-znaniy/diagnostika/:101
[    1960ms] [LOG] error SyntaxError: Unexpected token '_', "__ym__prom"... is not valid JSON @ https://edu.bpmsoft.ru/baza-znaniy/diagnostika/:101
[    1961ms] [LOG] error SyntaxError: Unexpected token '_', "__ym__prom"... is not valid JSON @ https://edu.bpmsoft.ru/baza-znaniy/diagnostika/:101
[    1961ms] [LOG] error SyntaxError: Unexpected token '_', "__ym__prom"... is not valid JSON @ https://edu.bpmsoft.ru/baza-znaniy/diagnostika/:101
[    1962ms] [LOG] error SyntaxError: Unexpected token '_', "__ym__prom"... is not valid JSON @ https://edu.bpmsoft.ru/baza-znaniy/diagnostika/:101
[    1962ms] [LOG] error SyntaxError: Unexpected token '_', "__ym__prom"... is not valid JSON @ https://edu.bpmsoft.ru/baza-znaniy/diagnostika/:101
[    1963ms] [LOG] error SyntaxError: Unexpected token '_', "__ym__prom"... is not valid JSON @ https://edu.bpmsoft.ru/baza-znaniy/diagnostika/:101
[    1963ms] [LOG] error SyntaxError: Unexpected token '_', "__ym__prom"... is not valid JSON @ https://edu.bpmsoft.ru/baza-znaniy/diagnostika/:101
[    1963ms] [LOG] error SyntaxError: Unexpected token '_', "__ym__prom"... is not valid JSON @ https://edu.bpmsoft.ru/baza-znaniy/diagnostika/:101
[    1964ms] [LOG] error SyntaxError: Unexpected token '_', "__ym__prom"... is not valid JSON @ https://edu.bpmsoft.ru/baza-znaniy/diagnostika/:101
[    1964ms] [LOG] error SyntaxError: Unexpected token '_', "__ym__prom"... is not valid JSON @ https://edu.bpmsoft.ru/baza-znaniy/diagnostika/:101
[    1965ms] [LOG] error SyntaxError: Unexpected token '_', "__ym__prom"... is not valid JSON @ https://edu.bpmsoft.ru/baza-znaniy/diagnostika/:101
[    1965ms] [LOG] error SyntaxError: Unexpected token '_', "__ym__prom"... is not valid JSON @ https://edu.bpmsoft.ru/baza-znaniy/diagnostika/:101
[    1966ms] [LOG] error SyntaxError: Unexpected token '_', "__ym__prom"... is not valid JSON @ https://edu.bpmsoft.ru/baza-znaniy/diagnostika/:101
[    1966ms] [LOG] error SyntaxError: Unexpected token '_', "__ym__prom"... is not valid JSON @ https://edu.bpmsoft.ru/baza-znaniy/diagnostika/:101
[    1967ms] [LOG] error SyntaxError: Unexpected token '_', "__ym__prom"... is not valid JSON @ https://edu.bpmsoft.ru/baza-znaniy/diagnostika/:101
[    1967ms] [LOG] error SyntaxError: Unexpected token '_', "__ym__prom"... is not valid JSON @ https://edu.bpmsoft.ru/baza-znaniy/diagnostika/:101
[    1968ms] [LOG] error SyntaxError: Unexpected token '_', "__ym__prom"... is not valid JSON @ https://edu.bpmsoft.ru/baza-znaniy/diagnostika/:101
[    1969ms] [LOG] error SyntaxError: Unexpected token '_', "__ym__prom"... is not valid JSON @ https://edu.bpmsoft.ru/baza-znaniy/diagnostika/:101
[    1970ms] [LOG] error SyntaxError: Unexpected token '_', "__ym__prom"... is not valid JSON @ https://edu.bpmsoft.ru/baza-znaniy/diagnostika/:101
[    1971ms] [LOG] error SyntaxError: Unexpected token '_', "__ym__prom"... is not valid JSON @ https://edu.bpmsoft.ru/baza-znaniy/diagnostika/:101
[    1971ms] [LOG] error SyntaxError: Unexpected token '_', "__ym__prom"... is not valid JSON @ https://edu.bpmsoft.ru/baza-znaniy/diagnostika/:101
[    1972ms] [LOG] error SyntaxError: Unexpected token '_', "__ym__prom"... is not valid JSON @ https://edu.bpmsoft.ru/baza-znaniy/diagnostika/:101
[    1972ms] [LOG] error SyntaxError: Unexpected token '_', "__ym__prom"... is not valid JSON @ https://edu.bpmsoft.ru/baza-znaniy/diagnostika/:101
[    1972ms] [LOG] error SyntaxError: Unexpected token '_', "__ym__prom"... is not valid JSON @ https://edu.bpmsoft.ru/baza-znaniy/diagnostika/:101
[    1973ms] [LOG] error SyntaxError: Unexpected token '_', "__ym__prom"... is not valid JSON @ https://edu.bpmsoft.ru/baza-znaniy/diagnostika/:101
[    1973ms] [LOG] error SyntaxError: Unexpected token '_', "__ym__prom"... is not valid JSON @ https://edu.bpmsoft.ru/baza-znaniy/diagnostika/:101
[    1974ms] [LOG] error SyntaxError: Unexpected token '_', "__ym__prom"... is not valid JSON @ https://edu.bpmsoft.ru/baza-znaniy/diagnostika/:101
[    1974ms] [LOG] error SyntaxError: Unexpected token '_', "__ym__prom"... is not valid JSON @ https://edu.bpmsoft.ru/baza-znaniy/diagnostika/:101
[    1975ms] [LOG] error SyntaxError: Unexpected token '_', "__ym__prom"... is not valid JSON @ https://edu.bpmsoft.ru/baza-znaniy/diagnostika/:101
[    1975ms] [LOG] error SyntaxError: Unexpected token '_', "__ym__prom"... is not valid JSON @ https://edu.bpmsoft.ru/baza-znaniy/diagnostika/:101
[    1975ms] [LOG] error SyntaxError: Unexpected token '_', "__ym__prom"... is not valid JSON @ https://edu.bpmsoft.ru/baza-znaniy/diagnostika/:101
[    1976ms] [LOG] error SyntaxError: Unexpected token '_', "__ym__prom"... is not valid JSON @ https://edu.bpmsoft.ru/baza-znaniy/diagnostika/:101
[    1976ms] [LOG] error SyntaxError: Unexpected token '_', "__ym__prom"... is not valid JSON @ https://edu.bpmsoft.ru/baza-znaniy/diagnostika/:101
[    1977ms] [LOG] error SyntaxError: Unexpected token '_', "__ym__prom"... is not valid JSON @ https://edu.bpmsoft.ru/baza-znaniy/diagnostika/:101
[    1977ms] [LOG] error SyntaxError: Unexpected token '_', "__ym__prom"... is not valid JSON @ https://edu.bpmsoft.ru/baza-znaniy/diagnostika/:101
[    1977ms] [LOG] error SyntaxError: Unexpected token '_', "__ym__prom"... is not valid JSON @ https://edu.bpmsoft.ru/baza-znaniy/diagnostika/:101
[    1978ms] [LOG] error SyntaxError: Unexpected token '_', "__ym__prom"... is not valid JSON @ https://edu.bpmsoft.ru/baza-znaniy/diagnostika/:101
[    1978ms] [LOG] error SyntaxError: Unexpected token '_', "__ym__prom"... is not valid JSON @ https://edu.bpmsoft.ru/baza-znaniy/diagnostika/:101
[    1979ms] [LOG] error SyntaxError: Unexpected token '_', "__ym__prom"... is not valid JSON @ https://edu.bpmsoft.ru/baza-znaniy/diagnostika/:101
[    1979ms] [LOG] error SyntaxError: Unexpected token '_', "__ym__prom"... is not valid JSON @ https://edu.bpmsoft.ru/baza-znaniy/diagnostika/:101
[    1979ms] [LOG] error SyntaxError: Unexpected token '_', "__ym__prom"... is not valid JSON @ https://edu.bpmsoft.ru/baza-znaniy/diagnostika/:101
[    1980ms] [LOG] error SyntaxError: Unexpected token '_', "__ym__prom"... is not valid JSON @ https://edu.bpmsoft.ru/baza-znaniy/diagnostika/:101
[    1980ms] [LOG] error SyntaxError: Unexpected token '_', "__ym__prom"... is not valid JSON @ https://edu.bpmsoft.ru/baza-znaniy/diagnostika/:101
[    1981ms] [LOG] error SyntaxError: Unexpected token '_', "__ym__prom"... is not valid JSON @ https://edu.bpmsoft.ru/baza-znaniy/diagnostika/:101
[    1981ms] [LOG] error SyntaxError: Unexpected token '_', "__ym__prom"... is not valid JSON @ https://edu.bpmsoft.ru/baza-znaniy/diagnostika/:101
[    1981ms] [LOG] error SyntaxError: Unexpected token '_', "__ym__prom"... is not valid JSON @ https://edu.bpmsoft.ru/baza-znaniy/diagnostika/:101
[    1982ms] [LOG] error SyntaxError: Unexpected token '_', "__ym__prom"... is not valid JSON @ https://edu.bpmsoft.ru/baza-znaniy/diagnostika/:101
[    1982ms] [LOG] error SyntaxError: Unexpected token '_', "__ym__prom"... is not valid JSON @ https://edu.bpmsoft.ru/baza-znaniy/diagnostika/:101
[    1983ms] [LOG] error SyntaxError: Unexpected token '_', "__ym__prom"... is not valid JSON @ https://edu.bpmsoft.ru/baza-znaniy/diagnostika/:101
[    1983ms] [LOG] error SyntaxError: Unexpected token '_', "__ym__prom"... is not valid JSON @ https://edu.bpmsoft.ru/baza-znaniy/diagnostika/:101
[    1983ms] [LOG] error SyntaxError: Unexpected token '_', "__ym__prom"... is not valid JSON @ https://edu.bpmsoft.ru/baza-znaniy/diagnostika/:101
[    1984ms] [LOG] error SyntaxError: Unexpected token '_', "__ym__prom"... is not valid JSON @ https://edu.bpmsoft.ru/baza-znaniy/diagnostika/:101
[    1985ms] [LOG] error SyntaxError: Unexpected token '_', "__ym__prom"... is not valid JSON @ https://edu.bpmsoft.ru/baza-znaniy/diagnostika/:101
[    1986ms] [LOG] error SyntaxError: Unexpected token '_', "__ym__prom"... is not valid JSON @ https://edu.bpmsoft.ru/baza-znaniy/diagnostika/:101
[    1986ms] [LOG] error SyntaxError: Unexpected token '_', "__ym__prom"... is not valid JSON @ https://edu.bpmsoft.ru/baza-znaniy/diagnostika/:101
[    1987ms] [LOG] error SyntaxError: Unexpected token '_', "__ym__prom"... is not valid JSON @ https://edu.bpmsoft.ru/baza-znaniy/diagnostika/:101
[    1988ms] [LOG] error SyntaxError: Unexpected token '_', "__ym__prom"... is not valid JSON @ https://edu.bpmsoft.ru/baza-znaniy/diagnostika/:101
[    1988ms] [LOG] error SyntaxError: Unexpected token '_', "__ym__prom"... is not valid JSON @ https://edu.bpmsoft.ru/baza-znaniy/diagnostika/:101
[    1989ms] [LOG] error SyntaxError: Unexpected token '_', "__ym__prom"... is not valid JSON @ https://edu.bpmsoft.ru/baza-znaniy/diagnostika/:101
[    1989ms] [LOG] error SyntaxError: Unexpected token '_', "__ym__prom"... is not valid JSON @ https://edu.bpmsoft.ru/baza-znaniy/diagnostika/:101
[    1990ms] [LOG] error SyntaxError: Unexpected token '_', "__ym__prom"... is not valid JSON @ https://edu.bpmsoft.ru/baza-znaniy/diagnostika/:101
[    1990ms] [LOG] error SyntaxError: Unexpected token '_', "__ym__prom"... is not valid JSON @ https://edu.bpmsoft.ru/baza-znaniy/diagnostika/:101
[    1990ms] [LOG] error SyntaxError: Unexpected token '_', "__ym__prom"... is not valid JSON @ https://edu.bpmsoft.ru/baza-znaniy/diagnostika/:101
[    1991ms] [LOG] error SyntaxError: Unexpected token '_', "__ym__prom"... is not valid JSON @ https://edu.bpmsoft.ru/baza-znaniy/diagnostika/:101
[    1991ms] [LOG] error SyntaxError: Unexpected token '_', "__ym__prom"... is not valid JSON @ https://edu.bpmsoft.ru/baza-znaniy/diagnostika/:101
[    1991ms] [LOG] error SyntaxError: Unexpected token '_', "__ym__prom"... is not valid JSON @ https://edu.bpmsoft.ru/baza-znaniy/diagnostika/:101
[    1992ms] [LOG] error SyntaxError: Unexpected token '_', "__ym__prom"... is not valid JSON @ https://edu.bpmsoft.ru/baza-znaniy/diagnostika/:101
[    1992ms] [LOG] error SyntaxError: Unexpected token '_', "__ym__prom"... is not valid JSON @ https://edu.bpmsoft.ru/baza-znaniy/diagnostika/:101
[    1992ms] [LOG] error SyntaxError: Unexpected token '_', "__ym__prom"... is not valid JSON @ https://edu.bpmsoft.ru/baza-znaniy/diagnostika/:101
[    1993ms] [LOG] error SyntaxError: Unexpected token '_', "__ym__prom"... is not valid JSON @ https://edu.bpmsoft.ru/baza-znaniy/diagnostika/:101
[    1993ms] [LOG] error SyntaxError: Unexpected token '_', "__ym__prom"... is not valid JSON @ https://edu.bpmsoft.ru/baza-znaniy/diagnostika/:101
[    1993ms] [LOG] error SyntaxError: Unexpected token '_', "__ym__prom"... is not valid JSON @ https://edu.bpmsoft.ru/baza-znaniy/diagnostika/:101
[    1994ms] [LOG] error SyntaxError: Unexpected token '_', "__ym__prom"... is not valid JSON @ https://edu.bpmsoft.ru/baza-znaniy/diagnostika/:101
[    1994ms] [LOG] error SyntaxError: Unexpected token '_', "__ym__prom"... is not valid JSON @ https://edu.bpmsoft.ru/baza-znaniy/diagnostika/:101
[    1994ms] [LOG] error SyntaxError: Unexpected token '_', "__ym__prom"... is not valid JSON @ https://edu.bpmsoft.ru/baza-znaniy/diagnostika/:101
[    1995ms] [LOG] error SyntaxError: Unexpected token '_', "__ym__prom"... is not valid JSON @ https://edu.bpmsoft.ru/baza-znaniy/diagnostika/:101
[    1995ms] [LOG] error SyntaxError: Unexpected token '_', "__ym__prom"... is not valid JSON @ https://edu.bpmsoft.ru/baza-znaniy/diagnostika/:101
[    1996ms] [LOG] error SyntaxError: Unexpected token '_', "__ym__prom"... is not valid JSON @ https://edu.bpmsoft.ru/baza-znaniy/diagnostika/:101
[    1996ms] [LOG] error SyntaxError: Unexpected token '_', "__ym__prom"... is not valid JSON @ https://edu.bpmsoft.ru/baza-znaniy/diagnostika/:101
[    1996ms] [LOG] error SyntaxError: Unexpected token '_', "__ym__prom"... is not valid JSON @ https://edu.bpmsoft.ru/baza-znaniy/diagnostika/:101
[    1997ms] [LOG] error SyntaxError: Unexpected token '_', "__ym__prom"... is not valid JSON @ https://edu.bpmsoft.ru/baza-znaniy/diagnostika/:101
[    1997ms] [LOG] error SyntaxError: Unexpected token '_', "__ym__prom"... is not valid JSON @ https://edu.bpmsoft.ru/baza-znaniy/diagnostika/:101
[    1997ms] [LOG] error SyntaxError: Unexpected token '_', "__ym__prom"... is not valid JSON @ https://edu.bpmsoft.ru/baza-znaniy/diagnostika/:101
[    1998ms] [LOG] error SyntaxError: Unexpected token '_', "__ym__prom"... is not valid JSON @ https://edu.bpmsoft.ru/baza-znaniy/diagnostika/:101
[    1998ms] [LOG] error SyntaxError: Unexpected token '_', "__ym__prom"... is not valid JSON @ https://edu.bpmsoft.ru/baza-znaniy/diagnostika/:101
[    1998ms] [LOG] error SyntaxError: Unexpected token '_', "__ym__prom"... is not valid JSON @ https://edu.bpmsoft.ru/baza-znaniy/diagnostika/:101
[    1999ms] [LOG] error SyntaxError: Unexpected token '_', "__ym__prom"... is not valid JSON @ https://edu.bpmsoft.ru/baza-znaniy/diagnostika/:101
[    1999ms] [LOG] error SyntaxError: Unexpected token '_', "__ym__prom"... is not valid JSON @ https://edu.bpmsoft.ru/baza-znaniy/diagnostika/:101
[    1999ms] [LOG] error SyntaxError: Unexpected token '_', "__ym__prom"... is not valid JSON @ https://edu.bpmsoft.ru/baza-znaniy/diagnostika/:101
[    2000ms] [LOG] error SyntaxError: Unexpected token '_', "__ym__prom"... is not valid JSON @ https://edu.bpmsoft.ru/baza-znaniy/diagnostika/:101
[    2000ms] [LOG] error SyntaxError: Unexpected token '_', "__ym__prom"... is not valid JSON @ https://edu.bpmsoft.ru/baza-znaniy/diagnostika/:101
[    2000ms] [LOG] error SyntaxError: Unexpected token '_', "__ym__prom"... is not valid JSON @ https://edu.bpmsoft.ru/baza-znaniy/diagnostika/:101
[    2001ms] [LOG] error SyntaxError: Unexpected token '_', "__ym__prom"... is not valid JSON @ https://edu.bpmsoft.ru/baza-znaniy/diagnostika/:101
[    2001ms] [LOG] error SyntaxError: Unexpected token '_', "__ym__prom"... is not valid JSON @ https://edu.bpmsoft.ru/baza-znaniy/diagnostika/:101
[    2002ms] [LOG] error SyntaxError: Unexpected token '_', "__ym__prom"... is not valid JSON @ https://edu.bpmsoft.ru/baza-znaniy/diagnostika/:101
[    2003ms] [LOG] error SyntaxError: Unexpected token '_', "__ym__prom"... is not valid JSON @ https://edu.bpmsoft.ru/baza-znaniy/diagnostika/:101
[    2004ms] [LOG] error SyntaxError: Unexpected token '_', "__ym__prom"... is not valid JSON @ https://edu.bpmsoft.ru/baza-znaniy/diagnostika/:101
[    2004ms] [LOG] error SyntaxError: Unexpected token '_', "__ym__prom"... is not valid JSON @ https://edu.bpmsoft.ru/baza-znaniy/diagnostika/:101
[    2005ms] [LOG] error SyntaxError: Unexpected token '_', "__ym__prom"... is not valid JSON @ https://edu.bpmsoft.ru/baza-znaniy/diagnostika/:101
[    2005ms] [LOG] error SyntaxError: Unexpected token '_', "__ym__prom"... is not valid JSON @ https://edu.bpmsoft.ru/baza-znaniy/diagnostika/:101
[    2005ms] [LOG] error SyntaxError: Unexpected token '_', "__ym__prom"... is not valid JSON @ https://edu.bpmsoft.ru/baza-znaniy/diagnostika/:101
[    2006ms] [LOG] error SyntaxError: Unexpected token '_', "__ym__prom"... is not valid JSON @ https://edu.bpmsoft.ru/baza-znaniy/diagnostika/:101
[    2006ms] [LOG] error SyntaxError: Unexpected token '_', "__ym__prom"... is not valid JSON @ https://edu.bpmsoft.ru/baza-znaniy/diagnostika/:101
[    2007ms] [LOG] error SyntaxError: Unexpected token '_', "__ym__prom"... is not valid JSON @ https://edu.bpmsoft.ru/baza-znaniy/diagnostika/:101
[    2007ms] [LOG] error SyntaxError: Unexpected token '_', "__ym__prom"... is not valid JSON @ https://edu.bpmsoft.ru/baza-znaniy/diagnostika/:101
[    2008ms] [LOG] error SyntaxError: Unexpected token '_', "__ym__prom"... is not valid JSON @ https://edu.bpmsoft.ru/baza-znaniy/diagnostika/:101
[    2008ms] [LOG] error SyntaxError: Unexpected token '_', "__ym__prom"... is not valid JSON @ https://edu.bpmsoft.ru/baza-znaniy/diagnostika/:101
[    2009ms] [LOG] error SyntaxError: Unexpected token '_', "__ym__prom"... is not valid JSON @ https://edu.bpmsoft.ru/baza-znaniy/diagnostika/:101
[    2009ms] [LOG] error SyntaxError: Unexpected token '_', "__ym__prom"... is not valid JSON @ https://edu.bpmsoft.ru/baza-znaniy/diagnostika/:101
[    2010ms] [LOG] error SyntaxError: Unexpected token '_', "__ym__prom"... is not valid JSON @ https://edu.bpmsoft.ru/baza-znaniy/diagnostika/:101
[    2010ms] [LOG] error SyntaxError: Unexpected token '_', "__ym__prom"... is not valid JSON @ https://edu.bpmsoft.ru/baza-znaniy/diagnostika/:101
[    2010ms] [LOG] error SyntaxError: Unexpected token '_', "__ym__prom"... is not valid JSON @ https://edu.bpmsoft.ru/baza-znaniy/diagnostika/:101
[    2011ms] [LOG] error SyntaxError: Unexpected token '_', "__ym__prom"... is not valid JSON @ https://edu.bpmsoft.ru/baza-znaniy/diagnostika/:101
[    2011ms] [LOG] error SyntaxError: Unexpected token '_', "__ym__prom"... is not valid JSON @ https://edu.bpmsoft.ru/baza-znaniy/diagnostika/:101
[    2012ms] [LOG] error SyntaxError: Unexpected token '_', "__ym__prom"... is not valid JSON @ https://edu.bpmsoft.ru/baza-znaniy/diagnostika/:101
[    2012ms] [LOG] error SyntaxError: Unexpected token '_', "__ym__prom"... is not valid JSON @ https://edu.bpmsoft.ru/baza-znaniy/diagnostika/:101
[    2012ms] [LOG] error SyntaxError: Unexpected token '_', "__ym__prom"... is not valid JSON @ https://edu.bpmsoft.ru/baza-znaniy/diagnostika/:101
[    2013ms] [LOG] error SyntaxError: Unexpected token '_', "__ym__prom"... is not valid JSON @ https://edu.bpmsoft.ru/baza-znaniy/diagnostika/:101
[    2013ms] [LOG] error SyntaxError: Unexpected token '_', "__ym__prom"... is not valid JSON @ https://edu.bpmsoft.ru/baza-znaniy/diagnostika/:101
[    2013ms] [LOG] error SyntaxError: Unexpected token '_', "__ym__prom"... is not valid JSON @ https://edu.bpmsoft.ru/baza-znaniy/diagnostika/:101
[    2013ms] [LOG] error SyntaxError: Unexpected token '_', "__ym__prom"... is not valid JSON @ https://edu.bpmsoft.ru/baza-znaniy/diagnostika/:101
[    2014ms] [LOG] error SyntaxError: Unexpected token '_', "__ym__prom"... is not valid JSON @ https://edu.bpmsoft.ru/baza-znaniy/diagnostika/:101
[    2014ms] [LOG] error SyntaxError: Unexpected token '_', "__ym__prom"... is not valid JSON @ https://edu.bpmsoft.ru/baza-znaniy/diagnostika/:101
[    2014ms] [LOG] error SyntaxError: Unexpected token '_', "__ym__prom"... is not valid JSON @ https://edu.bpmsoft.ru/baza-znaniy/diagnostika/:101
[    2015ms] [LOG] error SyntaxError: Unexpected token '_', "__ym__prom"... is not valid JSON @ https://edu.bpmsoft.ru/baza-znaniy/diagnostika/:101
[    2015ms] [LOG] error SyntaxError: Unexpected token '_', "__ym__prom"... is not valid JSON @ https://edu.bpmsoft.ru/baza-znaniy/diagnostika/:101
[    2015ms] [LOG] error SyntaxError: Unexpected token '_', "__ym__prom"... is not valid JSON @ https://edu.bpmsoft.ru/baza-znaniy/diagnostika/:101
[    2016ms] [LOG] error SyntaxError: Unexpected token '_', "__ym__prom"... is not valid JSON @ https://edu.bpmsoft.ru/baza-znaniy/diagnostika/:101
[    2016ms] [LOG] error SyntaxError: Unexpected token '_', "__ym__prom"... is not valid JSON @ https://edu.bpmsoft.ru/baza-znaniy/diagnostika/:101
