[    1780ms] [VERBOSE] [DOM] Input elements should have autocomplete attributes (suggested: "current-password"): (More info: https://goo.gl/9p2vKq) %o @ https://bpmsoft.ru/avtorizatsiya/:0
[    1780ms] [VERBOSE] [DOM] Input elements should have autocomplete attributes (suggested: "new-password"): (More info: https://goo.gl/9p2vKq) %o @ https://bpmsoft.ru/avtorizatsiya/:0
[    1780ms] [VERBOSE] [DOM] Input elements should have autocomplete attributes (suggested: "new-password"): (More info: https://goo.gl/9p2vKq) %o @ https://bpmsoft.ru/avtorizatsiya/:0
[    1780ms] [VERBOSE] [DOM] Input elements should have autocomplete attributes (suggested: "current-password"): (More info: https://goo.gl/9p2vKq) %o @ https://bpmsoft.ru/avtorizatsiya/:0
[    1780ms] [VERBOSE] [DOM] Input elements should have autocomplete attributes (suggested: "new-password"): (More info: https://goo.gl/9p2vKq) %o @ https://bpmsoft.ru/avtorizatsiya/:0
[    1780ms] [VERBOSE] [DOM] Input elements should have autocomplete attributes (suggested: "new-password"): (More info: https://goo.gl/9p2vKq) %o @ https://bpmsoft.ru/avtorizatsiya/:0
[    2009ms] [LOG] error SyntaxError: Unexpected token '_', "__ym__prom"... is not valid JSON @ https://bpmsoft.ru/avtorizatsiya/:103
[    2017ms] [LOG] error SyntaxError: Unexpected token '_', "__ym__prom"... is not valid JSON @ https://bpmsoft.ru/avtorizatsiya/:103
[    2020ms] [LOG] error SyntaxError: Unexpected token '_', "__ym__prom"... is not valid JSON @ https://bpmsoft.ru/avtorizatsiya/:103
[    2994ms] [LOG] error SyntaxError: Unexpected token '_', "__ym__prom"... is not valid JSON @ https://bpmsoft.ru/avtorizatsiya/:103
[    3052ms] [LOG] error SyntaxError: Unexpected token '_', "__ym__prom"... is not valid JSON @ https://bpmsoft.ru/avtorizatsiya/:103
[    3061ms] [LOG] error SyntaxError: Unexpected token '_', "__ym__prom"... is not valid JSON @ https://bpmsoft.ru/avtorizatsiya/:103
[    3067ms] [LOG] error SyntaxError: Unexpected token '_', "__ym__prom"... is not valid JSON @ https://bpmsoft.ru/avtorizatsiya/:103
[    3070ms] [LOG] error SyntaxError: Unexpected token '_', "__ym__prom"... is not valid JSON @ https://bpmsoft.ru/avtorizatsiya/:103
[    3334ms] [LOG] error SyntaxError: Unexpected token '_', "__ym__prom"... is not valid JSON @ https://bpmsoft.ru/avtorizatsiya/:103
[    3334ms] [LOG] error SyntaxError: Unexpected token '_', "__ym__prom"... is not valid JSON @ https://bpmsoft.ru/avtorizatsiya/:103
[    3335ms] [LOG] error SyntaxError: Unexpected token '_', "__ym__prom"... is not valid JSON @ https://bpmsoft.ru/avtorizatsiya/:103
[    3335ms] [LOG] error SyntaxError: Unexpected token '_', "__ym__prom"... is not valid JSON @ https://bpmsoft.ru/avtorizatsiya/:103
[    3335ms] [LOG] error SyntaxError: Unexpected token '_', "__ym__prom"... is not valid JSON @ https://bpmsoft.ru/avtorizatsiya/:103
[    3336ms] [LOG] error SyntaxError: Unexpected token '_', "__ym__prom"... is not valid JSON @ https://bpmsoft.ru/avtorizatsiya/:103
[    3337ms] [LOG] error SyntaxError: Unexpected token '_', "__ym__prom"... is not valid JSON @ https://bpmsoft.ru/avtorizatsiya/:103
[    3337ms] [LOG] error SyntaxError: Unexpected token '_', "__ym__prom"... is not valid JSON @ https://bpmsoft.ru/avtorizatsiya/:103
[    3338ms] [LOG] error SyntaxError: Unexpected token '_', "__ym__prom"... is not valid JSON @ https://bpmsoft.ru/avtorizatsiya/:103
[    3338ms] [LOG] error SyntaxError: Unexpected token '_', "__ym__prom"... is not valid JSON @ https://bpmsoft.ru/avtorizatsiya/:103
[    3340ms] [LOG] error SyntaxError: Unexpected token '_', "__ym__prom"... is not valid JSON @ https://bpmsoft.ru/avtorizatsiya/:103
[    3341ms] [LOG] error SyntaxError: Unexpected token '_', "__ym__prom"... is not valid JSON @ https://bpmsoft.ru/avtorizatsiya/:103
[    3343ms] [LOG] error SyntaxError: Unexpected token '_', "__ym__prom"... is not valid JSON @ https://bpmsoft.ru/avtorizatsiya/:103
[    3344ms] [LOG] error SyntaxError: Unexpected token '_', "__ym__prom"... is not valid JSON @ https://bpmsoft.ru/avtorizatsiya/:103
[    3346ms] [LOG] error SyntaxError: Unexpected token '_', "__ym__prom"... is not valid JSON @ https://bpmsoft.ru/avtorizatsiya/:103
[    3346ms] [LOG] error SyntaxError: Unexpected token '_', "__ym__prom"... is not valid JSON @ https://bpmsoft.ru/avtorizatsiya/:103
[    3347ms] [LOG] error SyntaxError: Unexpected token '_', "__ym__prom"... is not valid JSON @ https://bpmsoft.ru/avtorizatsiya/:103
[    3347ms] [LOG] error SyntaxError: Unexpected token '_', "__ym__prom"... is not valid JSON @ https://bpmsoft.ru/avtorizatsiya/:103
[    3348ms] [LOG] error SyntaxError: Unexpected token '_', "__ym__prom"... is not valid JSON @ https://bpmsoft.ru/avtorizatsiya/:103
[    3348ms] [LOG] error SyntaxError: Unexpected token '_', "__ym__prom"... is not valid JSON @ https://bpmsoft.ru/avtorizatsiya/:103
[    3349ms] [LOG] error SyntaxError: Unexpected token '_', "__ym__prom"... is not valid JSON @ https://bpmsoft.ru/avtorizatsiya/:103
[    3349ms] [LOG] error SyntaxError: Unexpected token '_', "__ym__prom"... is not valid JSON @ https://bpmsoft.ru/avtorizatsiya/:103
[    3350ms] [LOG] error SyntaxError: Unexpected token '_', "__ym__prom"... is not valid JSON @ https://bpmsoft.ru/avtorizatsiya/:103
[    3350ms] [LOG] error SyntaxError: Unexpected token '_', "__ym__prom"... is not valid JSON @ https://bpmsoft.ru/avtorizatsiya/:103
[    3351ms] [LOG] error SyntaxError: Unexpected token '_', "__ym__prom"... is not valid JSON @ https://bpmsoft.ru/avtorizatsiya/:103
[    3352ms] [LOG] error SyntaxError: Unexpected token '_', "__ym__prom"... is not valid JSON @ https://bpmsoft.ru/avtorizatsiya/:103
[    3352ms] [LOG] error SyntaxError: Unexpected token '_', "__ym__prom"... is not valid JSON @ https://bpmsoft.ru/avtorizatsiya/:103
[    3352ms] [LOG] error SyntaxError: Unexpected token '_', "__ym__prom"... is not valid JSON @ https://bpmsoft.ru/avtorizatsiya/:103
[    3353ms] [LOG] error SyntaxError: Unexpected token '_', "__ym__prom"... is not valid JSON @ https://bpmsoft.ru/avtorizatsiya/:103
[    3353ms] [LOG] error SyntaxError: Unexpected token '_', "__ym__prom"... is not valid JSON @ https://bpmsoft.ru/avtorizatsiya/:103
[    3354ms] [LOG] error SyntaxError: Unexpected token '_', "__ym__prom"... is not valid JSON @ https://bpmsoft.ru/avtorizatsiya/:103
[    3355ms] [LOG] error SyntaxError: Unexpected token '_', "__ym__prom"... is not valid JSON @ https://bpmsoft.ru/avtorizatsiya/:103
[    3356ms] [LOG] error SyntaxError: Unexpected token '_', "__ym__prom"... is not valid JSON @ https://bpmsoft.ru/avtorizatsiya/:103
[    3357ms] [LOG] error SyntaxError: Unexpected token '_', "__ym__prom"... is not valid JSON @ https://bpmsoft.ru/avtorizatsiya/:103
[    3358ms] [LOG] error SyntaxError: Unexpected token '_', "__ym__prom"... is not valid JSON @ https://bpmsoft.ru/avtorizatsiya/:103
[    3359ms] [LOG] error SyntaxError: Unexpected token '_', "__ym__prom"... is not valid JSON @ https://bpmsoft.ru/avtorizatsiya/:103
[    3360ms] [LOG] error SyntaxError: Unexpected token '_', "__ym__prom"... is not valid JSON @ https://bpmsoft.ru/avtorizatsiya/:103
[    3361ms] [LOG] error SyntaxError: Unexpected token '_', "__ym__prom"... is not valid JSON @ https://bpmsoft.ru/avtorizatsiya/:103
[    3361ms] [LOG] error SyntaxError: Unexpected token '_', "__ym__prom"... is not valid JSON @ https://bpmsoft.ru/avtorizatsiya/:103
[    3362ms] [LOG] error SyntaxError: Unexpected token '_', "__ym__prom"... is not valid JSON @ https://bpmsoft.ru/avtorizatsiya/:103
[    3362ms] [LOG] error SyntaxError: Unexpected token '_', "__ym__prom"... is not valid JSON @ https://bpmsoft.ru/avtorizatsiya/:103
[    3363ms] [LOG] error SyntaxError: Unexpected token '_', "__ym__prom"... is not valid JSON @ https://bpmsoft.ru/avtorizatsiya/:103
[    3363ms] [LOG] error SyntaxError: Unexpected token '_', "__ym__prom"... is not valid JSON @ https://bpmsoft.ru/avtorizatsiya/:103
[    3363ms] [LOG] error SyntaxError: Unexpected token '_', "__ym__prom"... is not valid JSON @ https://bpmsoft.ru/avtorizatsiya/:103
[    3364ms] [LOG] error SyntaxError: Unexpected token '_', "__ym__prom"... is not valid JSON @ https://bpmsoft.ru/avtorizatsiya/:103
[    3364ms] [LOG] error SyntaxError: Unexpected token '_', "__ym__prom"... is not valid JSON @ https://bpmsoft.ru/avtorizatsiya/:103
[    3365ms] [LOG] error SyntaxError: Unexpected token '_', "__ym__prom"... is not valid JSON @ https://bpmsoft.ru/avtorizatsiya/:103
[    3365ms] [LOG] error SyntaxError: Unexpected token '_', "__ym__prom"... is not valid JSON @ https://bpmsoft.ru/avtorizatsiya/:103
[    3365ms] [LOG] error SyntaxError: Unexpected token '_', "__ym__prom"... is not valid JSON @ https://bpmsoft.ru/avtorizatsiya/:103
[    3366ms] [LOG] error SyntaxError: Unexpected token '_', "__ym__prom"... is not valid JSON @ https://bpmsoft.ru/avtorizatsiya/:103
[    3366ms] [LOG] error SyntaxError: Unexpected token '_', "__ym__prom"... is not valid JSON @ https://bpmsoft.ru/avtorizatsiya/:103
[    3367ms] [LOG] error SyntaxError: Unexpected token '_', "__ym__prom"... is not valid JSON @ https://bpmsoft.ru/avtorizatsiya/:103
[    3367ms] [LOG] error SyntaxError: Unexpected token '_', "__ym__prom"... is not valid JSON @ https://bpmsoft.ru/avtorizatsiya/:103
[    3367ms] [LOG] error SyntaxError: Unexpected token '_', "__ym__prom"... is not valid JSON @ https://bpmsoft.ru/avtorizatsiya/:103
[    3368ms] [LOG] error SyntaxError: Unexpected token '_', "__ym__prom"... is not valid JSON @ https://bpmsoft.ru/avtorizatsiya/:103
[    3368ms] [LOG] error SyntaxError: Unexpected token '_', "__ym__prom"... is not valid JSON @ https://bpmsoft.ru/avtorizatsiya/:103
[    3369ms] [LOG] error SyntaxError: Unexpected token '_', "__ym__prom"... is not valid JSON @ https://bpmsoft.ru/avtorizatsiya/:103
[    3369ms] [LOG] error SyntaxError: Unexpected token '_', "__ym__prom"... is not valid JSON @ https://bpmsoft.ru/avtorizatsiya/:103
[    3370ms] [LOG] error SyntaxError: Unexpected token '_', "__ym__prom"... is not valid JSON @ https://bpmsoft.ru/avtorizatsiya/:103
[    3370ms] [LOG] error SyntaxError: Unexpected token '_', "__ym__prom"... is not valid JSON @ https://bpmsoft.ru/avtorizatsiya/:103
[    3371ms] [LOG] error SyntaxError: Unexpected token '_', "__ym__prom"... is not valid JSON @ https://bpmsoft.ru/avtorizatsiya/:103
[    3371ms] [LOG] error SyntaxError: Unexpected token '_', "__ym__prom"... is not valid JSON @ https://bpmsoft.ru/avtorizatsiya/:103
[    3371ms] [LOG] error SyntaxError: Unexpected token '_', "__ym__prom"... is not valid JSON @ https://bpmsoft.ru/avtorizatsiya/:103
[    3373ms] [LOG] error SyntaxError: Unexpected token '_', "__ym__prom"... is not valid JSON @ https://bpmsoft.ru/avtorizatsiya/:103
[    3374ms] [LOG] error SyntaxError: Unexpected token '_', "__ym__prom"... is not valid JSON @ https://bpmsoft.ru/avtorizatsiya/:103
[    3376ms] [LOG] error SyntaxError: Unexpected token '_', "__ym__prom"... is not valid JSON @ https://bpmsoft.ru/avtorizatsiya/:103
[    3377ms] [LOG] error SyntaxError: Unexpected token '_', "__ym__prom"... is not valid JSON @ https://bpmsoft.ru/avtorizatsiya/:103
[    3379ms] [LOG] error SyntaxError: Unexpected token '_', "__ym__prom"... is not valid JSON @ https://bpmsoft.ru/avtorizatsiya/:103
[    3379ms] [LOG] error SyntaxError: Unexpected token '_', "__ym__prom"... is not valid JSON @ https://bpmsoft.ru/avtorizatsiya/:103
[    3380ms] [LOG] error SyntaxError: Unexpected token '_', "__ym__prom"... is not valid JSON @ https://bpmsoft.ru/avtorizatsiya/:103
[    3380ms] [LOG] error SyntaxError: Unexpected token '_', "__ym__prom"... is not valid JSON @ https://bpmsoft.ru/avtorizatsiya/:103
[    3380ms] [LOG] error SyntaxError: Unexpected token '_', "__ym__prom"... is not valid JSON @ https://bpmsoft.ru/avtorizatsiya/:103
[    3381ms] [LOG] error SyntaxError: Unexpected token '_', "__ym__prom"... is not valid JSON @ https://bpmsoft.ru/avtorizatsiya/:103
[    3381ms] [LOG] error SyntaxError: Unexpected token '_', "__ym__prom"... is not valid JSON @ https://bpmsoft.ru/avtorizatsiya/:103
[    3381ms] [LOG] error SyntaxError: Unexpected token '_', "__ym__prom"... is not valid JSON @ https://bpmsoft.ru/avtorizatsiya/:103
[    3382ms] [LOG] error SyntaxError: Unexpected token '_', "__ym__prom"... is not valid JSON @ https://bpmsoft.ru/avtorizatsiya/:103
[    3382ms] [LOG] error SyntaxError: Unexpected token '_', "__ym__prom"... is not valid JSON @ https://bpmsoft.ru/avtorizatsiya/:103
[    3382ms] [LOG] error SyntaxError: Unexpected token '_', "__ym__prom"... is not valid JSON @ https://bpmsoft.ru/avtorizatsiya/:103
[    3383ms] [LOG] error SyntaxError: Unexpected token '_', "__ym__prom"... is not valid JSON @ https://bpmsoft.ru/avtorizatsiya/:103
[    3383ms] [LOG] error SyntaxError: Unexpected token '_', "__ym__prom"... is not valid JSON @ https://bpmsoft.ru/avtorizatsiya/:103
[    3383ms] [LOG] error SyntaxError: Unexpected token '_', "__ym__prom"... is not valid JSON @ https://bpmsoft.ru/avtorizatsiya/:103
[    3384ms] [LOG] error SyntaxError: Unexpected token '_', "__ym__prom"... is not valid JSON @ https://bpmsoft.ru/avtorizatsiya/:103
[    3384ms] [LOG] error SyntaxError: Unexpected token '_', "__ym__prom"... is not valid JSON @ https://bpmsoft.ru/avtorizatsiya/:103
[    3384ms] [LOG] error SyntaxError: Unexpected token '_', "__ym__prom"... is not valid JSON @ https://bpmsoft.ru/avtorizatsiya/:103
[    3385ms] [LOG] error SyntaxError: Unexpected token '_', "__ym__prom"... is not valid JSON @ https://bpmsoft.ru/avtorizatsiya/:103
[    3386ms] [LOG] error SyntaxError: Unexpected token '_', "__ym__prom"... is not valid JSON @ https://bpmsoft.ru/avtorizatsiya/:103
[    3386ms] [LOG] error SyntaxError: Unexpected token '_', "__ym__prom"... is not valid JSON @ https://bpmsoft.ru/avtorizatsiya/:103
[    3387ms] [LOG] error SyntaxError: Unexpected token '_', "__ym__prom"... is not valid JSON @ https://bpmsoft.ru/avtorizatsiya/:103
[    3388ms] [LOG] error SyntaxError: Unexpected token '_', "__ym__prom"... is not valid JSON @ https://bpmsoft.ru/avtorizatsiya/:103
[    3390ms] [LOG] error SyntaxError: Unexpected token '_', "__ym__prom"... is not valid JSON @ https://bpmsoft.ru/avtorizatsiya/:103
[    3391ms] [LOG] error SyntaxError: Unexpected token '_', "__ym__prom"... is not valid JSON @ https://bpmsoft.ru/avtorizatsiya/:103
[    3392ms] [LOG] error SyntaxError: Unexpected token '_', "__ym__prom"... is not valid JSON @ https://bpmsoft.ru/avtorizatsiya/:103
[    3393ms] [LOG] error SyntaxError: Unexpected token '_', "__ym__prom"... is not valid JSON @ https://bpmsoft.ru/avtorizatsiya/:103
[    3393ms] [LOG] error SyntaxError: Unexpected token '_', "__ym__prom"... is not valid JSON @ https://bpmsoft.ru/avtorizatsiya/:103
[    3395ms] [LOG] error SyntaxError: Unexpected token '_', "__ym__prom"... is not valid JSON @ https://bpmsoft.ru/avtorizatsiya/:103
[    3395ms] [LOG] error SyntaxError: Unexpected token '_', "__ym__prom"... is not valid JSON @ https://bpmsoft.ru/avtorizatsiya/:103
[    3396ms] [LOG] error SyntaxError: Unexpected token '_', "__ym__prom"... is not valid JSON @ https://bpmsoft.ru/avtorizatsiya/:103
[    3396ms] [LOG] error SyntaxError: Unexpected token '_', "__ym__prom"... is not valid JSON @ https://bpmsoft.ru/avtorizatsiya/:103
[    3396ms] [LOG] error SyntaxError: Unexpected token '_', "__ym__prom"... is not valid JSON @ https://bpmsoft.ru/avtorizatsiya/:103
[    3396ms] [LOG] error SyntaxError: Unexpected token '_', "__ym__prom"... is not valid JSON @ https://bpmsoft.ru/avtorizatsiya/:103
[    3397ms] [LOG] error SyntaxError: Unexpected token '_', "__ym__prom"... is not valid JSON @ https://bpmsoft.ru/avtorizatsiya/:103
[    3397ms] [LOG] error SyntaxError: Unexpected token '_', "__ym__prom"... is not valid JSON @ https://bpmsoft.ru/avtorizatsiya/:103
[    3398ms] [LOG] error SyntaxError: Unexpected token '_', "__ym__prom"... is not valid JSON @ https://bpmsoft.ru/avtorizatsiya/:103
[    3398ms] [LOG] error SyntaxError: Unexpected token '_', "__ym__prom"... is not valid JSON @ https://bpmsoft.ru/avtorizatsiya/:103
[    3398ms] [LOG] error SyntaxError: Unexpected token '_', "__ym__prom"... is not valid JSON @ https://bpmsoft.ru/avtorizatsiya/:103
[    3399ms] [LOG] error SyntaxError: Unexpected token '_', "__ym__prom"... is not valid JSON @ https://bpmsoft.ru/avtorizatsiya/:103
[    3399ms] [LOG] error SyntaxError: Unexpected token '_', "__ym__prom"... is not valid JSON @ https://bpmsoft.ru/avtorizatsiya/:103
[    3399ms] [LOG] error SyntaxError: Unexpected token '_', "__ym__prom"... is not valid JSON @ https://bpmsoft.ru/avtorizatsiya/:103
[    3400ms] [LOG] error SyntaxError: Unexpected token '_', "__ym__prom"... is not valid JSON @ https://bpmsoft.ru/avtorizatsiya/:103
[    3400ms] [LOG] error SyntaxError: Unexpected token '_', "__ym__prom"... is not valid JSON @ https://bpmsoft.ru/avtorizatsiya/:103
[    3401ms] [LOG] error SyntaxError: Unexpected token '_', "__ym__prom"... is not valid JSON @ https://bpmsoft.ru/avtorizatsiya/:103
[    3401ms] [LOG] error SyntaxError: Unexpected token '_', "__ym__prom"... is not valid JSON @ https://bpmsoft.ru/avtorizatsiya/:103
[    3402ms] [LOG] error SyntaxError: Unexpected token '_', "__ym__prom"... is not valid JSON @ https://bpmsoft.ru/avtorizatsiya/:103
[    3402ms] [LOG] error SyntaxError: Unexpected token '_', "__ym__prom"... is not valid JSON @ https://bpmsoft.ru/avtorizatsiya/:103
[    3402ms] [LOG] error SyntaxError: Unexpected token '_', "__ym__prom"... is not valid JSON @ https://bpmsoft.ru/avtorizatsiya/:103
[    3403ms] [LOG] error SyntaxError: Unexpected token '_', "__ym__prom"... is not valid JSON @ https://bpmsoft.ru/avtorizatsiya/:103
[    3403ms] [LOG] error SyntaxError: Unexpected token '_', "__ym__prom"... is not valid JSON @ https://bpmsoft.ru/avtorizatsiya/:103
[    3403ms] [LOG] error SyntaxError: Unexpected token '_', "__ym__prom"... is not valid JSON @ https://bpmsoft.ru/avtorizatsiya/:103
[    3404ms] [LOG] error SyntaxError: Unexpected token '_', "__ym__prom"... is not valid JSON @ https://bpmsoft.ru/avtorizatsiya/:103
[    3404ms] [LOG] error SyntaxError: Unexpected token '_', "__ym__prom"... is not valid JSON @ https://bpmsoft.ru/avtorizatsiya/:103
[    3405ms] [LOG] error SyntaxError: Unexpected token '_', "__ym__prom"... is not valid JSON @ https://bpmsoft.ru/avtorizatsiya/:103
[    3405ms] [LOG] error SyntaxError: Unexpected token '_', "__ym__prom"... is not valid JSON @ https://bpmsoft.ru/avtorizatsiya/:103
[    3406ms] [LOG] error SyntaxError: Unexpected token '_', "__ym__prom"... is not valid JSON @ https://bpmsoft.ru/avtorizatsiya/:103
[    3407ms] [LOG] error SyntaxError: Unexpected token '_', "__ym__prom"... is not valid JSON @ https://bpmsoft.ru/avtorizatsiya/:103
[    3407ms] [LOG] error SyntaxError: Unexpected token '_', "__ym__prom"... is not valid JSON @ https://bpmsoft.ru/avtorizatsiya/:103
[    3409ms] [LOG] error SyntaxError: Unexpected token '_', "__ym__prom"... is not valid JSON @ https://bpmsoft.ru/avtorizatsiya/:103
[    3410ms] [LOG] error SyntaxError: Unexpected token '_', "__ym__prom"... is not valid JSON @ https://bpmsoft.ru/avtorizatsiya/:103
[    3410ms] [LOG] error SyntaxError: Unexpected token '_', "__ym__prom"... is not valid JSON @ https://bpmsoft.ru/avtorizatsiya/:103
[    3410ms] [LOG] error SyntaxError: Unexpected token '_', "__ym__prom"... is not valid JSON @ https://bpmsoft.ru/avtorizatsiya/:103
[    3412ms] [LOG] error SyntaxError: Unexpected token '_', "__ym__prom"... is not valid JSON @ https://bpmsoft.ru/avtorizatsiya/:103
[    3413ms] [LOG] error SyntaxError: Unexpected token '_', "__ym__prom"... is not valid JSON @ https://bpmsoft.ru/avtorizatsiya/:103
[    3413ms] [LOG] error SyntaxError: Unexpected token '_', "__ym__prom"... is not valid JSON @ https://bpmsoft.ru/avtorizatsiya/:103
[    3414ms] [LOG] error SyntaxError: Unexpected token '_', "__ym__prom"... is not valid JSON @ https://bpmsoft.ru/avtorizatsiya/:103
[    3414ms] [LOG] error SyntaxError: Unexpected token '_', "__ym__prom"... is not valid JSON @ https://bpmsoft.ru/avtorizatsiya/:103
[    3414ms] [LOG] error SyntaxError: Unexpected token '_', "__ym__prom"... is not valid JSON @ https://bpmsoft.ru/avtorizatsiya/:103
[    3414ms] [LOG] error SyntaxError: Unexpected token '_', "__ym__prom"... is not valid JSON @ https://bpmsoft.ru/avtorizatsiya/:103
[    3415ms] [LOG] error SyntaxError: Unexpected token '_', "__ym__prom"... is not valid JSON @ https://bpmsoft.ru/avtorizatsiya/:103
[    3415ms] [LOG] error SyntaxError: Unexpected token '_', "__ym__prom"... is not valid JSON @ https://bpmsoft.ru/avtorizatsiya/:103
[    3416ms] [LOG] error SyntaxError: Unexpected token '_', "__ym__prom"... is not valid JSON @ https://bpmsoft.ru/avtorizatsiya/:103
[    3416ms] [LOG] error SyntaxError: Unexpected token '_', "__ym__prom"... is not valid JSON @ https://bpmsoft.ru/avtorizatsiya/:103
[    3417ms] [LOG] error SyntaxError: Unexpected token '_', "__ym__prom"... is not valid JSON @ https://bpmsoft.ru/avtorizatsiya/:103
[    3417ms] [LOG] error SyntaxError: Unexpected token '_', "__ym__prom"... is not valid JSON @ https://bpmsoft.ru/avtorizatsiya/:103
[    3417ms] [LOG] error SyntaxError: Unexpected token '_', "__ym__prom"... is not valid JSON @ https://bpmsoft.ru/avtorizatsiya/:103
[    3418ms] [LOG] error SyntaxError: Unexpected token '_', "__ym__prom"... is not valid JSON @ https://bpmsoft.ru/avtorizatsiya/:103
[    3418ms] [LOG] error SyntaxError: Unexpected token '_', "__ym__prom"... is not valid JSON @ https://bpmsoft.ru/avtorizatsiya/:103
[    3418ms] [LOG] error SyntaxError: Unexpected token '_', "__ym__prom"... is not valid JSON @ https://bpmsoft.ru/avtorizatsiya/:103
[    3419ms] [LOG] error SyntaxError: Unexpected token '_', "__ym__prom"... is not valid JSON @ https://bpmsoft.ru/avtorizatsiya/:103
[    3419ms] [LOG] error SyntaxError: Unexpected token '_', "__ym__prom"... is not valid JSON @ https://bpmsoft.ru/avtorizatsiya/:103
[    3419ms] [LOG] error SyntaxError: Unexpected token '_', "__ym__prom"... is not valid JSON @ https://bpmsoft.ru/avtorizatsiya/:103
[    3420ms] [LOG] error SyntaxError: Unexpected token '_', "__ym__prom"... is not valid JSON @ https://bpmsoft.ru/avtorizatsiya/:103
[    3420ms] [LOG] error SyntaxError: Unexpected token '_', "__ym__prom"... is not valid JSON @ https://bpmsoft.ru/avtorizatsiya/:103
[    3420ms] [LOG] error SyntaxError: Unexpected token '_', "__ym__prom"... is not valid JSON @ https://bpmsoft.ru/avtorizatsiya/:103
[    3420ms] [LOG] error SyntaxError: Unexpected token '_', "__ym__prom"... is not valid JSON @ https://bpmsoft.ru/avtorizatsiya/:103
[    3421ms] [LOG] error SyntaxError: Unexpected token '_', "__ym__prom"... is not valid JSON @ https://bpmsoft.ru/avtorizatsiya/:103
[    3421ms] [LOG] error SyntaxError: Unexpected token '_', "__ym__prom"... is not valid JSON @ https://bpmsoft.ru/avtorizatsiya/:103
[    3421ms] [LOG] error SyntaxError: Unexpected token '_', "__ym__prom"... is not valid JSON @ https://bpmsoft.ru/avtorizatsiya/:103
[    3422ms] [LOG] error SyntaxError: Unexpected token '_', "__ym__prom"... is not valid JSON @ https://bpmsoft.ru/avtorizatsiya/:103
[    3423ms] [LOG] error SyntaxError: Unexpected token '_', "__ym__prom"... is not valid JSON @ https://bpmsoft.ru/avtorizatsiya/:103
[    3424ms] [LOG] error SyntaxError: Unexpected token '_', "__ym__prom"... is not valid JSON @ https://bpmsoft.ru/avtorizatsiya/:103
[    3425ms] [LOG] error SyntaxError: Unexpected token '_', "__ym__prom"... is not valid JSON @ https://bpmsoft.ru/avtorizatsiya/:103
[    3427ms] [LOG] error SyntaxError: Unexpected token '_', "__ym__prom"... is not valid JSON @ https://bpmsoft.ru/avtorizatsiya/:103
[    3428ms] [LOG] error SyntaxError: Unexpected token '_', "__ym__prom"... is not valid JSON @ https://bpmsoft.ru/avtorizatsiya/:103
[    3428ms] [LOG] error SyntaxError: Unexpected token '_', "__ym__prom"... is not valid JSON @ https://bpmsoft.ru/avtorizatsiya/:103
[    3429ms] [LOG] error SyntaxError: Unexpected token '_', "__ym__prom"... is not valid JSON @ https://bpmsoft.ru/avtorizatsiya/:103
[    3430ms] [LOG] error SyntaxError: Unexpected token '_', "__ym__prom"... is not valid JSON @ https://bpmsoft.ru/avtorizatsiya/:103
[    3431ms] [LOG] error SyntaxError: Unexpected token '_', "__ym__prom"... is not valid JSON @ https://bpmsoft.ru/avtorizatsiya/:103
[    3431ms] [LOG] error SyntaxError: Unexpected token '_', "__ym__prom"... is not valid JSON @ https://bpmsoft.ru/avtorizatsiya/:103
[    3433ms] [LOG] error SyntaxError: Unexpected token '_', "__ym__prom"... is not valid JSON @ https://bpmsoft.ru/avtorizatsiya/:103
[   10436ms] [VERBOSE] [DOM] Input elements should have autocomplete attributes (suggested: "current-password"): (More info: https://goo.gl/9p2vKq) %o @ https://edu.bpmsoft.ru/baza-znaniy/obshchie-printsipy-razrabotki/?version=1.9:0
[   10436ms] [VERBOSE] [DOM] Input elements should have autocomplete attributes (suggested: "new-password"): (More info: https://goo.gl/9p2vKq) %o @ https://edu.bpmsoft.ru/baza-znaniy/obshchie-printsipy-razrabotki/?version=1.9:0
[   10436ms] [VERBOSE] [DOM] Input elements should have autocomplete attributes (suggested: "new-password"): (More info: https://goo.gl/9p2vKq) %o @ https://edu.bpmsoft.ru/baza-znaniy/obshchie-printsipy-razrabotki/?version=1.9:0
[   10436ms] [VERBOSE] [DOM] Input elements should have autocomplete attributes (suggested: "current-password"): (More info: https://goo.gl/9p2vKq) %o @ https://edu.bpmsoft.ru/baza-znaniy/obshchie-printsipy-razrabotki/?version=1.9:0
[   10436ms] [VERBOSE] [DOM] Input elements should have autocomplete attributes (suggested: "new-password"): (More info: https://goo.gl/9p2vKq) %o @ https://edu.bpmsoft.ru/baza-znaniy/obshchie-printsipy-razrabotki/?version=1.9:0
[   10436ms] [VERBOSE] [DOM] Input elements should have autocomplete attributes (suggested: "new-password"): (More info: https://goo.gl/9p2vKq) %o @ https://edu.bpmsoft.ru/baza-znaniy/obshchie-printsipy-razrabotki/?version=1.9:0
[   10471ms] [ERROR] Failed to load resource: net::ERR_SSL_BAD_RECORD_MAC_ALERT @ https://edu.bpmsoft.ru/bitrix/tools/conversion/ajax_counter.php:0
[   10668ms] [LOG] error SyntaxError: Unexpected token '_', "__ym__prom"... is not valid JSON @ https://edu.bpmsoft.ru/baza-znaniy/obshchie-printsipy-razrabotki/?version=1.9:101
[   10670ms] [LOG] error SyntaxError: Unexpected token '_', "__ym__prom"... is not valid JSON @ https://edu.bpmsoft.ru/baza-znaniy/obshchie-printsipy-razrabotki/?version=1.9:101
[   10701ms] [LOG] error SyntaxError: Unexpected token '_', "__ym__prom"... is not valid JSON @ https://edu.bpmsoft.ru/baza-znaniy/obshchie-printsipy-razrabotki/?version=1.9:101
[   10706ms] [LOG] error SyntaxError: Unexpected token '_', "__ym__prom"... is not valid JSON @ https://edu.bpmsoft.ru/baza-znaniy/obshchie-printsipy-razrabotki/?version=1.9:101
[   10707ms] [LOG] error SyntaxError: Unexpected token '_', "__ym__prom"... is not valid JSON @ https://edu.bpmsoft.ru/baza-znaniy/obshchie-printsipy-razrabotki/?version=1.9:101
[   10710ms] [LOG] error SyntaxError: Unexpected token '_', "__ym__prom"... is not valid JSON @ https://edu.bpmsoft.ru/baza-znaniy/obshchie-printsipy-razrabotki/?version=1.9:101
[   11481ms] [LOG] error SyntaxError: Unexpected token '_', "__ym__prom"... is not valid JSON @ https://edu.bpmsoft.ru/baza-znaniy/obshchie-printsipy-razrabotki/?version=1.9:101
[   11632ms] [LOG] error SyntaxError: Unexpected token '_', "__ym__prom"... is not valid JSON @ https://edu.bpmsoft.ru/baza-znaniy/obshchie-printsipy-razrabotki/?version=1.9:101
[   11632ms] [LOG] error SyntaxError: Unexpected token '_', "__ym__prom"... is not valid JSON @ https://edu.bpmsoft.ru/baza-znaniy/obshchie-printsipy-razrabotki/?version=1.9:101
[   11633ms] [LOG] error SyntaxError: Unexpected token '_', "__ym__prom"... is not valid JSON @ https://edu.bpmsoft.ru/baza-znaniy/obshchie-printsipy-razrabotki/?version=1.9:101
[   11634ms] [LOG] error SyntaxError: Unexpected token '_', "__ym__prom"... is not valid JSON @ https://edu.bpmsoft.ru/baza-znaniy/obshchie-printsipy-razrabotki/?version=1.9:101
[   11634ms] [LOG] error SyntaxError: Unexpected token '_', "__ym__prom"... is not valid JSON @ https://edu.bpmsoft.ru/baza-znaniy/obshchie-printsipy-razrabotki/?version=1.9:101
[   11635ms] [LOG] error SyntaxError: Unexpected token '_', "__ym__prom"... is not valid JSON @ https://edu.bpmsoft.ru/baza-znaniy/obshchie-printsipy-razrabotki/?version=1.9:101
[   11636ms] [LOG] error SyntaxError: Unexpected token '_', "__ym__prom"... is not valid JSON @ https://edu.bpmsoft.ru/baza-znaniy/obshchie-printsipy-razrabotki/?version=1.9:101
[   11636ms] [LOG] error SyntaxError: Unexpected token '_', "__ym__prom"... is not valid JSON @ https://edu.bpmsoft.ru/baza-znaniy/obshchie-printsipy-razrabotki/?version=1.9:101
[   11637ms] [LOG] error SyntaxError: Unexpected token '_', "__ym__prom"... is not valid JSON @ https://edu.bpmsoft.ru/baza-znaniy/obshchie-printsipy-razrabotki/?version=1.9:101
[   11637ms] [LOG] error SyntaxError: Unexpected token '_', "__ym__prom"... is not valid JSON @ https://edu.bpmsoft.ru/baza-znaniy/obshchie-printsipy-razrabotki/?version=1.9:101
[   11638ms] [LOG] error SyntaxError: Unexpected token '_', "__ym__prom"... is not valid JSON @ https://edu.bpmsoft.ru/baza-znaniy/obshchie-printsipy-razrabotki/?version=1.9:101
[   11638ms] [LOG] error SyntaxError: Unexpected token '_', "__ym__prom"... is not valid JSON @ https://edu.bpmsoft.ru/baza-znaniy/obshchie-printsipy-razrabotki/?version=1.9:101
[   11639ms] [LOG] error SyntaxError: Unexpected token '_', "__ym__prom"... is not valid JSON @ https://edu.bpmsoft.ru/baza-znaniy/obshchie-printsipy-razrabotki/?version=1.9:101
[   11640ms] [LOG] error SyntaxError: Unexpected token '_', "__ym__prom"... is not valid JSON @ https://edu.bpmsoft.ru/baza-znaniy/obshchie-printsipy-razrabotki/?version=1.9:101
[   11640ms] [LOG] error SyntaxError: Unexpected token '_', "__ym__prom"... is not valid JSON @ https://edu.bpmsoft.ru/baza-znaniy/obshchie-printsipy-razrabotki/?version=1.9:101
[   11641ms] [LOG] error SyntaxError: Unexpected token '_', "__ym__prom"... is not valid JSON @ https://edu.bpmsoft.ru/baza-znaniy/obshchie-printsipy-razrabotki/?version=1.9:101
[   11641ms] [LOG] error SyntaxError: Unexpected token '_', "__ym__prom"... is not valid JSON @ https://edu.bpmsoft.ru/baza-znaniy/obshchie-printsipy-razrabotki/?version=1.9:101
[   11642ms] [LOG] error SyntaxError: Unexpected token '_', "__ym__prom"... is not valid JSON @ https://edu.bpmsoft.ru/baza-znaniy/obshchie-printsipy-razrabotki/?version=1.9:101
[   11643ms] [LOG] error SyntaxError: Unexpected token '_', "__ym__prom"... is not valid JSON @ https://edu.bpmsoft.ru/baza-znaniy/obshchie-printsipy-razrabotki/?version=1.9:101
[   11643ms] [LOG] error SyntaxError: Unexpected token '_', "__ym__prom"... is not valid JSON @ https://edu.bpmsoft.ru/baza-znaniy/obshchie-printsipy-razrabotki/?version=1.9:101
[   11644ms] [LOG] error SyntaxError: Unexpected token '_', "__ym__prom"... is not valid JSON @ https://edu.bpmsoft.ru/baza-znaniy/obshchie-printsipy-razrabotki/?version=1.9:101
[   11644ms] [LOG] error SyntaxError: Unexpected token '_', "__ym__prom"... is not valid JSON @ https://edu.bpmsoft.ru/baza-znaniy/obshchie-printsipy-razrabotki/?version=1.9:101
[   11645ms] [LOG] error SyntaxError: Unexpected token '_', "__ym__prom"... is not valid JSON @ https://edu.bpmsoft.ru/baza-znaniy/obshchie-printsipy-razrabotki/?version=1.9:101
[   11645ms] [LOG] error SyntaxError: Unexpected token '_', "__ym__prom"... is not valid JSON @ https://edu.bpmsoft.ru/baza-znaniy/obshchie-printsipy-razrabotki/?version=1.9:101
[   11646ms] [LOG] error SyntaxError: Unexpected token '_', "__ym__prom"... is not valid JSON @ https://edu.bpmsoft.ru/baza-znaniy/obshchie-printsipy-razrabotki/?version=1.9:101
[   11647ms] [LOG] error SyntaxError: Unexpected token '_', "__ym__prom"... is not valid JSON @ https://edu.bpmsoft.ru/baza-znaniy/obshchie-printsipy-razrabotki/?version=1.9:101
[   11648ms] [LOG] error SyntaxError: Unexpected token '_', "__ym__prom"... is not valid JSON @ https://edu.bpmsoft.ru/baza-znaniy/obshchie-printsipy-razrabotki/?version=1.9:101
[   11649ms] [LOG] error SyntaxError: Unexpected token '_', "__ym__prom"... is not valid JSON @ https://edu.bpmsoft.ru/baza-znaniy/obshchie-printsipy-razrabotki/?version=1.9:101
[   11649ms] [LOG] error SyntaxError: Unexpected token '_', "__ym__prom"... is not valid JSON @ https://edu.bpmsoft.ru/baza-znaniy/obshchie-printsipy-razrabotki/?version=1.9:101
[   11650ms] [LOG] error SyntaxError: Unexpected token '_', "__ym__prom"... is not valid JSON @ https://edu.bpmsoft.ru/baza-znaniy/obshchie-printsipy-razrabotki/?version=1.9:101
[   11650ms] [LOG] error SyntaxError: Unexpected token '_', "__ym__prom"... is not valid JSON @ https://edu.bpmsoft.ru/baza-znaniy/obshchie-printsipy-razrabotki/?version=1.9:101
[   11651ms] [LOG] error SyntaxError: Unexpected token '_', "__ym__prom"... is not valid JSON @ https://edu.bpmsoft.ru/baza-znaniy/obshchie-printsipy-razrabotki/?version=1.9:101
[   11651ms] [LOG] error SyntaxError: Unexpected token '_', "__ym__prom"... is not valid JSON @ https://edu.bpmsoft.ru/baza-znaniy/obshchie-printsipy-razrabotki/?version=1.9:101
[   11652ms] [LOG] error SyntaxError: Unexpected token '_', "__ym__prom"... is not valid JSON @ https://edu.bpmsoft.ru/baza-znaniy/obshchie-printsipy-razrabotki/?version=1.9:101
[   11652ms] [LOG] error SyntaxError: Unexpected token '_', "__ym__prom"... is not valid JSON @ https://edu.bpmsoft.ru/baza-znaniy/obshchie-printsipy-razrabotki/?version=1.9:101
[   11653ms] [LOG] error SyntaxError: Unexpected token '_', "__ym__prom"... is not valid JSON @ https://edu.bpmsoft.ru/baza-znaniy/obshchie-printsipy-razrabotki/?version=1.9:101
[   11654ms] [LOG] error SyntaxError: Unexpected token '_', "__ym__prom"... is not valid JSON @ https://edu.bpmsoft.ru/baza-znaniy/obshchie-printsipy-razrabotki/?version=1.9:101
[   11654ms] [LOG] error SyntaxError: Unexpected token '_', "__ym__prom"... is not valid JSON @ https://edu.bpmsoft.ru/baza-znaniy/obshchie-printsipy-razrabotki/?version=1.9:101
[   11655ms] [LOG] error SyntaxError: Unexpected token '_', "__ym__prom"... is not valid JSON @ https://edu.bpmsoft.ru/baza-znaniy/obshchie-printsipy-razrabotki/?version=1.9:101
[   11655ms] [LOG] error SyntaxError: Unexpected token '_', "__ym__prom"... is not valid JSON @ https://edu.bpmsoft.ru/baza-znaniy/obshchie-printsipy-razrabotki/?version=1.9:101
[   11656ms] [LOG] error SyntaxError: Unexpected token '_', "__ym__prom"... is not valid JSON @ https://edu.bpmsoft.ru/baza-znaniy/obshchie-printsipy-razrabotki/?version=1.9:101
[   11656ms] [LOG] error SyntaxError: Unexpected token '_', "__ym__prom"... is not valid JSON @ https://edu.bpmsoft.ru/baza-znaniy/obshchie-printsipy-razrabotki/?version=1.9:101
[   11657ms] [LOG] error SyntaxError: Unexpected token '_', "__ym__prom"... is not valid JSON @ https://edu.bpmsoft.ru/baza-znaniy/obshchie-printsipy-razrabotki/?version=1.9:101
[   11657ms] [LOG] error SyntaxError: Unexpected token '_', "__ym__prom"... is not valid JSON @ https://edu.bpmsoft.ru/baza-znaniy/obshchie-printsipy-razrabotki/?version=1.9:101
[   11658ms] [LOG] error SyntaxError: Unexpected token '_', "__ym__prom"... is not valid JSON @ https://edu.bpmsoft.ru/baza-znaniy/obshchie-printsipy-razrabotki/?version=1.9:101
[   11658ms] [LOG] error SyntaxError: Unexpected token '_', "__ym__prom"... is not valid JSON @ https://edu.bpmsoft.ru/baza-znaniy/obshchie-printsipy-razrabotki/?version=1.9:101
[   11659ms] [LOG] error SyntaxError: Unexpected token '_', "__ym__prom"... is not valid JSON @ https://edu.bpmsoft.ru/baza-znaniy/obshchie-printsipy-razrabotki/?version=1.9:101
[   11659ms] [LOG] error SyntaxError: Unexpected token '_', "__ym__prom"... is not valid JSON @ https://edu.bpmsoft.ru/baza-znaniy/obshchie-printsipy-razrabotki/?version=1.9:101
[   11660ms] [LOG] error SyntaxError: Unexpected token '_', "__ym__prom"... is not valid JSON @ https://edu.bpmsoft.ru/baza-znaniy/obshchie-printsipy-razrabotki/?version=1.9:101
[   11660ms] [LOG] error SyntaxError: Unexpected token '_', "__ym__prom"... is not valid JSON @ https://edu.bpmsoft.ru/baza-znaniy/obshchie-printsipy-razrabotki/?version=1.9:101
[   11661ms] [LOG] error SyntaxError: Unexpected token '_', "__ym__prom"... is not valid JSON @ https://edu.bpmsoft.ru/baza-znaniy/obshchie-printsipy-razrabotki/?version=1.9:101
[   11662ms] [LOG] error SyntaxError: Unexpected token '_', "__ym__prom"... is not valid JSON @ https://edu.bpmsoft.ru/baza-znaniy/obshchie-printsipy-razrabotki/?version=1.9:101
[   11662ms] [LOG] error SyntaxError: Unexpected token '_', "__ym__prom"... is not valid JSON @ https://edu.bpmsoft.ru/baza-znaniy/obshchie-printsipy-razrabotki/?version=1.9:101
[   11663ms] [LOG] error SyntaxError: Unexpected token '_', "__ym__prom"... is not valid JSON @ https://edu.bpmsoft.ru/baza-znaniy/obshchie-printsipy-razrabotki/?version=1.9:101
[   11664ms] [LOG] error SyntaxError: Unexpected token '_', "__ym__prom"... is not valid JSON @ https://edu.bpmsoft.ru/baza-znaniy/obshchie-printsipy-razrabotki/?version=1.9:101
[   11665ms] [LOG] error SyntaxError: Unexpected token '_', "__ym__prom"... is not valid JSON @ https://edu.bpmsoft.ru/baza-znaniy/obshchie-printsipy-razrabotki/?version=1.9:101
[   11666ms] [LOG] error SyntaxError: Unexpected token '_', "__ym__prom"... is not valid JSON @ https://edu.bpmsoft.ru/baza-znaniy/obshchie-printsipy-razrabotki/?version=1.9:101
[   11666ms] [LOG] error SyntaxError: Unexpected token '_', "__ym__prom"... is not valid JSON @ https://edu.bpmsoft.ru/baza-znaniy/obshchie-printsipy-razrabotki/?version=1.9:101
[   11667ms] [LOG] error SyntaxError: Unexpected token '_', "__ym__prom"... is not valid JSON @ https://edu.bpmsoft.ru/baza-znaniy/obshchie-printsipy-razrabotki/?version=1.9:101
[   11668ms] [LOG] error SyntaxError: Unexpected token '_', "__ym__prom"... is not valid JSON @ https://edu.bpmsoft.ru/baza-znaniy/obshchie-printsipy-razrabotki/?version=1.9:101
[   11668ms] [LOG] error SyntaxError: Unexpected token '_', "__ym__prom"... is not valid JSON @ https://edu.bpmsoft.ru/baza-znaniy/obshchie-printsipy-razrabotki/?version=1.9:101
[   11669ms] [LOG] error SyntaxError: Unexpected token '_', "__ym__prom"... is not valid JSON @ https://edu.bpmsoft.ru/baza-znaniy/obshchie-printsipy-razrabotki/?version=1.9:101
[   11669ms] [LOG] error SyntaxError: Unexpected token '_', "__ym__prom"... is not valid JSON @ https://edu.bpmsoft.ru/baza-znaniy/obshchie-printsipy-razrabotki/?version=1.9:101
[   11670ms] [LOG] error SyntaxError: Unexpected token '_', "__ym__prom"... is not valid JSON @ https://edu.bpmsoft.ru/baza-znaniy/obshchie-printsipy-razrabotki/?version=1.9:101
[   11670ms] [LOG] error SyntaxError: Unexpected token '_', "__ym__prom"... is not valid JSON @ https://edu.bpmsoft.ru/baza-znaniy/obshchie-printsipy-razrabotki/?version=1.9:101
[   11671ms] [LOG] error SyntaxError: Unexpected token '_', "__ym__prom"... is not valid JSON @ https://edu.bpmsoft.ru/baza-znaniy/obshchie-printsipy-razrabotki/?version=1.9:101
[   11671ms] [LOG] error SyntaxError: Unexpected token '_', "__ym__prom"... is not valid JSON @ https://edu.bpmsoft.ru/baza-znaniy/obshchie-printsipy-razrabotki/?version=1.9:101
[   11672ms] [LOG] error SyntaxError: Unexpected token '_', "__ym__prom"... is not valid JSON @ https://edu.bpmsoft.ru/baza-znaniy/obshchie-printsipy-razrabotki/?version=1.9:101
[   11672ms] [LOG] error SyntaxError: Unexpected token '_', "__ym__prom"... is not valid JSON @ https://edu.bpmsoft.ru/baza-znaniy/obshchie-printsipy-razrabotki/?version=1.9:101
[   11673ms] [LOG] error SyntaxError: Unexpected token '_', "__ym__prom"... is not valid JSON @ https://edu.bpmsoft.ru/baza-znaniy/obshchie-printsipy-razrabotki/?version=1.9:101
[   11673ms] [LOG] error SyntaxError: Unexpected token '_', "__ym__prom"... is not valid JSON @ https://edu.bpmsoft.ru/baza-znaniy/obshchie-printsipy-razrabotki/?version=1.9:101
[   11674ms] [LOG] error SyntaxError: Unexpected token '_', "__ym__prom"... is not valid JSON @ https://edu.bpmsoft.ru/baza-znaniy/obshchie-printsipy-razrabotki/?version=1.9:101
[   11674ms] [LOG] error SyntaxError: Unexpected token '_', "__ym__prom"... is not valid JSON @ https://edu.bpmsoft.ru/baza-znaniy/obshchie-printsipy-razrabotki/?version=1.9:101
[   11675ms] [LOG] error SyntaxError: Unexpected token '_', "__ym__prom"... is not valid JSON @ https://edu.bpmsoft.ru/baza-znaniy/obshchie-printsipy-razrabotki/?version=1.9:101
[   11676ms] [LOG] error SyntaxError: Unexpected token '_', "__ym__prom"... is not valid JSON @ https://edu.bpmsoft.ru/baza-znaniy/obshchie-printsipy-razrabotki/?version=1.9:101
[   11676ms] [LOG] error SyntaxError: Unexpected token '_', "__ym__prom"... is not valid JSON @ https://edu.bpmsoft.ru/baza-znaniy/obshchie-printsipy-razrabotki/?version=1.9:101
[   11677ms] [LOG] error SyntaxError: Unexpected token '_', "__ym__prom"... is not valid JSON @ https://edu.bpmsoft.ru/baza-znaniy/obshchie-printsipy-razrabotki/?version=1.9:101
[   11677ms] [LOG] error SyntaxError: Unexpected token '_', "__ym__prom"... is not valid JSON @ https://edu.bpmsoft.ru/baza-znaniy/obshchie-printsipy-razrabotki/?version=1.9:101
[   11678ms] [LOG] error SyntaxError: Unexpected token '_', "__ym__prom"... is not valid JSON @ https://edu.bpmsoft.ru/baza-znaniy/obshchie-printsipy-razrabotki/?version=1.9:101
[   11678ms] [LOG] error SyntaxError: Unexpected token '_', "__ym__prom"... is not valid JSON @ https://edu.bpmsoft.ru/baza-znaniy/obshchie-printsipy-razrabotki/?version=1.9:101
[   11679ms] [LOG] error SyntaxError: Unexpected token '_', "__ym__prom"... is not valid JSON @ https://edu.bpmsoft.ru/baza-znaniy/obshchie-printsipy-razrabotki/?version=1.9:101
[   11679ms] [LOG] error SyntaxError: Unexpected token '_', "__ym__prom"... is not valid JSON @ https://edu.bpmsoft.ru/baza-znaniy/obshchie-printsipy-razrabotki/?version=1.9:101
[   11680ms] [LOG] error SyntaxError: Unexpected token '_', "__ym__prom"... is not valid JSON @ https://edu.bpmsoft.ru/baza-znaniy/obshchie-printsipy-razrabotki/?version=1.9:101
[   11681ms] [LOG] error SyntaxError: Unexpected token '_', "__ym__prom"... is not valid JSON @ https://edu.bpmsoft.ru/baza-znaniy/obshchie-printsipy-razrabotki/?version=1.9:101
[   11682ms] [LOG] error SyntaxError: Unexpected token '_', "__ym__prom"... is not valid JSON @ https://edu.bpmsoft.ru/baza-znaniy/obshchie-printsipy-razrabotki/?version=1.9:101
[   11683ms] [LOG] error SyntaxError: Unexpected token '_', "__ym__prom"... is not valid JSON @ https://edu.bpmsoft.ru/baza-znaniy/obshchie-printsipy-razrabotki/?version=1.9:101
[   11683ms] [LOG] error SyntaxError: Unexpected token '_', "__ym__prom"... is not valid JSON @ https://edu.bpmsoft.ru/baza-znaniy/obshchie-printsipy-razrabotki/?version=1.9:101
[   11684ms] [LOG] error SyntaxError: Unexpected token '_', "__ym__prom"... is not valid JSON @ https://edu.bpmsoft.ru/baza-znaniy/obshchie-printsipy-razrabotki/?version=1.9:101
[   11684ms] [LOG] error SyntaxError: Unexpected token '_', "__ym__prom"... is not valid JSON @ https://edu.bpmsoft.ru/baza-znaniy/obshchie-printsipy-razrabotki/?version=1.9:101
[   11685ms] [LOG] error SyntaxError: Unexpected token '_', "__ym__prom"... is not valid JSON @ https://edu.bpmsoft.ru/baza-znaniy/obshchie-printsipy-razrabotki/?version=1.9:101
[   11685ms] [LOG] error SyntaxError: Unexpected token '_', "__ym__prom"... is not valid JSON @ https://edu.bpmsoft.ru/baza-znaniy/obshchie-printsipy-razrabotki/?version=1.9:101
[   11686ms] [LOG] error SyntaxError: Unexpected token '_', "__ym__prom"... is not valid JSON @ https://edu.bpmsoft.ru/baza-znaniy/obshchie-printsipy-razrabotki/?version=1.9:101
[   11686ms] [LOG] error SyntaxError: Unexpected token '_', "__ym__prom"... is not valid JSON @ https://edu.bpmsoft.ru/baza-znaniy/obshchie-printsipy-razrabotki/?version=1.9:101
[   11687ms] [LOG] error SyntaxError: Unexpected token '_', "__ym__prom"... is not valid JSON @ https://edu.bpmsoft.ru/baza-znaniy/obshchie-printsipy-razrabotki/?version=1.9:101
[   11687ms] [LOG] error SyntaxError: Unexpected token '_', "__ym__prom"... is not valid JSON @ https://edu.bpmsoft.ru/baza-znaniy/obshchie-printsipy-razrabotki/?version=1.9:101
[   11688ms] [LOG] error SyntaxError: Unexpected token '_', "__ym__prom"... is not valid JSON @ https://edu.bpmsoft.ru/baza-znaniy/obshchie-printsipy-razrabotki/?version=1.9:101
[   11688ms] [LOG] error SyntaxError: Unexpected token '_', "__ym__prom"... is not valid JSON @ https://edu.bpmsoft.ru/baza-znaniy/obshchie-printsipy-razrabotki/?version=1.9:101
[   11688ms] [LOG] error SyntaxError: Unexpected token '_', "__ym__prom"... is not valid JSON @ https://edu.bpmsoft.ru/baza-znaniy/obshchie-printsipy-razrabotki/?version=1.9:101
[   11689ms] [LOG] error SyntaxError: Unexpected token '_', "__ym__prom"... is not valid JSON @ https://edu.bpmsoft.ru/baza-znaniy/obshchie-printsipy-razrabotki/?version=1.9:101
[   11689ms] [LOG] error SyntaxError: Unexpected token '_', "__ym__prom"... is not valid JSON @ https://edu.bpmsoft.ru/baza-znaniy/obshchie-printsipy-razrabotki/?version=1.9:101
[   11690ms] [LOG] error SyntaxError: Unexpected token '_', "__ym__prom"... is not valid JSON @ https://edu.bpmsoft.ru/baza-znaniy/obshchie-printsipy-razrabotki/?version=1.9:101
[   11690ms] [LOG] error SyntaxError: Unexpected token '_', "__ym__prom"... is not valid JSON @ https://edu.bpmsoft.ru/baza-znaniy/obshchie-printsipy-razrabotki/?version=1.9:101
[   11690ms] [LOG] error SyntaxError: Unexpected token '_', "__ym__prom"... is not valid JSON @ https://edu.bpmsoft.ru/baza-znaniy/obshchie-printsipy-razrabotki/?version=1.9:101
[   11691ms] [LOG] error SyntaxError: Unexpected token '_', "__ym__prom"... is not valid JSON @ https://edu.bpmsoft.ru/baza-znaniy/obshchie-printsipy-razrabotki/?version=1.9:101
[   11691ms] [LOG] error SyntaxError: Unexpected token '_', "__ym__prom"... is not valid JSON @ https://edu.bpmsoft.ru/baza-znaniy/obshchie-printsipy-razrabotki/?version=1.9:101
[   11692ms] [LOG] error SyntaxError: Unexpected token '_', "__ym__prom"... is not valid JSON @ https://edu.bpmsoft.ru/baza-znaniy/obshchie-printsipy-razrabotki/?version=1.9:101
[   11692ms] [LOG] error SyntaxError: Unexpected token '_', "__ym__prom"... is not valid JSON @ https://edu.bpmsoft.ru/baza-znaniy/obshchie-printsipy-razrabotki/?version=1.9:101
[   11693ms] [LOG] error SyntaxError: Unexpected token '_', "__ym__prom"... is not valid JSON @ https://edu.bpmsoft.ru/baza-znaniy/obshchie-printsipy-razrabotki/?version=1.9:101
[   11693ms] [LOG] error SyntaxError: Unexpected token '_', "__ym__prom"... is not valid JSON @ https://edu.bpmsoft.ru/baza-znaniy/obshchie-printsipy-razrabotki/?version=1.9:101
[   11694ms] [LOG] error SyntaxError: Unexpected token '_', "__ym__prom"... is not valid JSON @ https://edu.bpmsoft.ru/baza-znaniy/obshchie-printsipy-razrabotki/?version=1.9:101
[   11694ms] [LOG] error SyntaxError: Unexpected token '_', "__ym__prom"... is not valid JSON @ https://edu.bpmsoft.ru/baza-znaniy/obshchie-printsipy-razrabotki/?version=1.9:101
[   11695ms] [LOG] error SyntaxError: Unexpected token '_', "__ym__prom"... is not valid JSON @ https://edu.bpmsoft.ru/baza-znaniy/obshchie-printsipy-razrabotki/?version=1.9:101
[   11695ms] [LOG] error SyntaxError: Unexpected token '_', "__ym__prom"... is not valid JSON @ https://edu.bpmsoft.ru/baza-znaniy/obshchie-printsipy-razrabotki/?version=1.9:101
[   11696ms] [LOG] error SyntaxError: Unexpected token '_', "__ym__prom"... is not valid JSON @ https://edu.bpmsoft.ru/baza-znaniy/obshchie-printsipy-razrabotki/?version=1.9:101
[   11697ms] [LOG] error SyntaxError: Unexpected token '_', "__ym__prom"... is not valid JSON @ https://edu.bpmsoft.ru/baza-znaniy/obshchie-printsipy-razrabotki/?version=1.9:101
[   11698ms] [LOG] error SyntaxError: Unexpected token '_', "__ym__prom"... is not valid JSON @ https://edu.bpmsoft.ru/baza-znaniy/obshchie-printsipy-razrabotki/?version=1.9:101
[   11698ms] [LOG] error SyntaxError: Unexpected token '_', "__ym__prom"... is not valid JSON @ https://edu.bpmsoft.ru/baza-znaniy/obshchie-printsipy-razrabotki/?version=1.9:101
[   11700ms] [LOG] error SyntaxError: Unexpected token '_', "__ym__prom"... is not valid JSON @ https://edu.bpmsoft.ru/baza-znaniy/obshchie-printsipy-razrabotki/?version=1.9:101
[   11700ms] [LOG] error SyntaxError: Unexpected token '_', "__ym__prom"... is not valid JSON @ https://edu.bpmsoft.ru/baza-znaniy/obshchie-printsipy-razrabotki/?version=1.9:101
[   11700ms] [LOG] error SyntaxError: Unexpected token '_', "__ym__prom"... is not valid JSON @ https://edu.bpmsoft.ru/baza-znaniy/obshchie-printsipy-razrabotki/?version=1.9:101
[   11701ms] [LOG] error SyntaxError: Unexpected token '_', "__ym__prom"... is not valid JSON @ https://edu.bpmsoft.ru/baza-znaniy/obshchie-printsipy-razrabotki/?version=1.9:101
[   11701ms] [LOG] error SyntaxError: Unexpected token '_', "__ym__prom"... is not valid JSON @ https://edu.bpmsoft.ru/baza-znaniy/obshchie-printsipy-razrabotki/?version=1.9:101
[   11702ms] [LOG] error SyntaxError: Unexpected token '_', "__ym__prom"... is not valid JSON @ https://edu.bpmsoft.ru/baza-znaniy/obshchie-printsipy-razrabotki/?version=1.9:101
[   11702ms] [LOG] error SyntaxError: Unexpected token '_', "__ym__prom"... is not valid JSON @ https://edu.bpmsoft.ru/baza-znaniy/obshchie-printsipy-razrabotki/?version=1.9:101
[   11702ms] [LOG] error SyntaxError: Unexpected token '_', "__ym__prom"... is not valid JSON @ https://edu.bpmsoft.ru/baza-znaniy/obshchie-printsipy-razrabotki/?version=1.9:101
[   11703ms] [LOG] error SyntaxError: Unexpected token '_', "__ym__prom"... is not valid JSON @ https://edu.bpmsoft.ru/baza-znaniy/obshchie-printsipy-razrabotki/?version=1.9:101
[   11703ms] [LOG] error SyntaxError: Unexpected token '_', "__ym__prom"... is not valid JSON @ https://edu.bpmsoft.ru/baza-znaniy/obshchie-printsipy-razrabotki/?version=1.9:101
[   11704ms] [LOG] error SyntaxError: Unexpected token '_', "__ym__prom"... is not valid JSON @ https://edu.bpmsoft.ru/baza-znaniy/obshchie-printsipy-razrabotki/?version=1.9:101
[   11704ms] [LOG] error SyntaxError: Unexpected token '_', "__ym__prom"... is not valid JSON @ https://edu.bpmsoft.ru/baza-znaniy/obshchie-printsipy-razrabotki/?version=1.9:101
[   11704ms] [LOG] error SyntaxError: Unexpected token '_', "__ym__prom"... is not valid JSON @ https://edu.bpmsoft.ru/baza-znaniy/obshchie-printsipy-razrabotki/?version=1.9:101
[   11705ms] [LOG] error SyntaxError: Unexpected token '_', "__ym__prom"... is not valid JSON @ https://edu.bpmsoft.ru/baza-znaniy/obshchie-printsipy-razrabotki/?version=1.9:101
[   11705ms] [LOG] error SyntaxError: Unexpected token '_', "__ym__prom"... is not valid JSON @ https://edu.bpmsoft.ru/baza-znaniy/obshchie-printsipy-razrabotki/?version=1.9:101
[   11706ms] [LOG] error SyntaxError: Unexpected token '_', "__ym__prom"... is not valid JSON @ https://edu.bpmsoft.ru/baza-znaniy/obshchie-printsipy-razrabotki/?version=1.9:101
[   11706ms] [LOG] error SyntaxError: Unexpected token '_', "__ym__prom"... is not valid JSON @ https://edu.bpmsoft.ru/baza-znaniy/obshchie-printsipy-razrabotki/?version=1.9:101
[   11706ms] [LOG] error SyntaxError: Unexpected token '_', "__ym__prom"... is not valid JSON @ https://edu.bpmsoft.ru/baza-znaniy/obshchie-printsipy-razrabotki/?version=1.9:101
[   11707ms] [LOG] error SyntaxError: Unexpected token '_', "__ym__prom"... is not valid JSON @ https://edu.bpmsoft.ru/baza-znaniy/obshchie-printsipy-razrabotki/?version=1.9:101
[   11708ms] [LOG] error SyntaxError: Unexpected token '_', "__ym__prom"... is not valid JSON @ https://edu.bpmsoft.ru/baza-znaniy/obshchie-printsipy-razrabotki/?version=1.9:101
[   11708ms] [LOG] error SyntaxError: Unexpected token '_', "__ym__prom"... is not valid JSON @ https://edu.bpmsoft.ru/baza-znaniy/obshchie-printsipy-razrabotki/?version=1.9:101
[   11708ms] [LOG] error SyntaxError: Unexpected token '_', "__ym__prom"... is not valid JSON @ https://edu.bpmsoft.ru/baza-znaniy/obshchie-printsipy-razrabotki/?version=1.9:101
[   11709ms] [LOG] error SyntaxError: Unexpected token '_', "__ym__prom"... is not valid JSON @ https://edu.bpmsoft.ru/baza-znaniy/obshchie-printsipy-razrabotki/?version=1.9:101
[   11709ms] [LOG] error SyntaxError: Unexpected token '_', "__ym__prom"... is not valid JSON @ https://edu.bpmsoft.ru/baza-znaniy/obshchie-printsipy-razrabotki/?version=1.9:101
[   11709ms] [LOG] error SyntaxError: Unexpected token '_', "__ym__prom"... is not valid JSON @ https://edu.bpmsoft.ru/baza-znaniy/obshchie-printsipy-razrabotki/?version=1.9:101
[   11710ms] [LOG] error SyntaxError: Unexpected token '_', "__ym__prom"... is not valid JSON @ https://edu.bpmsoft.ru/baza-znaniy/obshchie-printsipy-razrabotki/?version=1.9:101
[   11710ms] [LOG] error SyntaxError: Unexpected token '_', "__ym__prom"... is not valid JSON @ https://edu.bpmsoft.ru/baza-znaniy/obshchie-printsipy-razrabotki/?version=1.9:101
[   11710ms] [LOG] error SyntaxError: Unexpected token '_', "__ym__prom"... is not valid JSON @ https://edu.bpmsoft.ru/baza-znaniy/obshchie-printsipy-razrabotki/?version=1.9:101
[   11711ms] [LOG] error SyntaxError: Unexpected token '_', "__ym__prom"... is not valid JSON @ https://edu.bpmsoft.ru/baza-znaniy/obshchie-printsipy-razrabotki/?version=1.9:101
[   11711ms] [LOG] error SyntaxError: Unexpected token '_', "__ym__prom"... is not valid JSON @ https://edu.bpmsoft.ru/baza-znaniy/obshchie-printsipy-razrabotki/?version=1.9:101
[   11711ms] [LOG] error SyntaxError: Unexpected token '_', "__ym__prom"... is not valid JSON @ https://edu.bpmsoft.ru/baza-znaniy/obshchie-printsipy-razrabotki/?version=1.9:101
[   11712ms] [LOG] error SyntaxError: Unexpected token '_', "__ym__prom"... is not valid JSON @ https://edu.bpmsoft.ru/baza-znaniy/obshchie-printsipy-razrabotki/?version=1.9:101
[   11712ms] [LOG] error SyntaxError: Unexpected token '_', "__ym__prom"... is not valid JSON @ https://edu.bpmsoft.ru/baza-znaniy/obshchie-printsipy-razrabotki/?version=1.9:101
[   11714ms] [LOG] error SyntaxError: Unexpected token '_', "__ym__prom"... is not valid JSON @ https://edu.bpmsoft.ru/baza-znaniy/obshchie-printsipy-razrabotki/?version=1.9:101
[   11716ms] [LOG] error SyntaxError: Unexpected token '_', "__ym__prom"... is not valid JSON @ https://edu.bpmsoft.ru/baza-znaniy/obshchie-printsipy-razrabotki/?version=1.9:101
[   11716ms] [LOG] error SyntaxError: Unexpected token '_', "__ym__prom"... is not valid JSON @ https://edu.bpmsoft.ru/baza-znaniy/obshchie-printsipy-razrabotki/?version=1.9:101
[   11717ms] [LOG] error SyntaxError: Unexpected token '_', "__ym__prom"... is not valid JSON @ https://edu.bpmsoft.ru/baza-znaniy/obshchie-printsipy-razrabotki/?version=1.9:101
[   11718ms] [LOG] error SyntaxError: Unexpected token '_', "__ym__prom"... is not valid JSON @ https://edu.bpmsoft.ru/baza-znaniy/obshchie-printsipy-razrabotki/?version=1.9:101
[   11719ms] [LOG] error SyntaxError: Unexpected token '_', "__ym__prom"... is not valid JSON @ https://edu.bpmsoft.ru/baza-znaniy/obshchie-printsipy-razrabotki/?version=1.9:101
[   11719ms] [LOG] error SyntaxError: Unexpected token '_', "__ym__prom"... is not valid JSON @ https://edu.bpmsoft.ru/baza-znaniy/obshchie-printsipy-razrabotki/?version=1.9:101
[   11719ms] [LOG] error SyntaxError: Unexpected token '_', "__ym__prom"... is not valid JSON @ https://edu.bpmsoft.ru/baza-znaniy/obshchie-printsipy-razrabotki/?version=1.9:101
[   11720ms] [LOG] error SyntaxError: Unexpected token '_', "__ym__prom"... is not valid JSON @ https://edu.bpmsoft.ru/baza-znaniy/obshchie-printsipy-razrabotki/?version=1.9:101
[   11720ms] [LOG] error SyntaxError: Unexpected token '_', "__ym__prom"... is not valid JSON @ https://edu.bpmsoft.ru/baza-znaniy/obshchie-printsipy-razrabotki/?version=1.9:101
