[     306ms] [ERROR] Failed to load resource: the server responded with a status of 404 (Not Found) @ https://bpmsoft.ru/baza-zaniy/nastroyka-portala/stranitsa-vkhoda-na-portal/?version=1.9:0
[     575ms] [LOG] error SyntaxError: Unexpected token '_', "__ym__prom"... is not valid JSON @ https://bpmsoft.ru/baza-zaniy/nastroyka-portala/stranitsa-vkhoda-na-portal/?version=1.9:101
[     831ms] [VERBOSE] [DOM] Input elements should have autocomplete attributes (suggested: "current-password"): (More info: https://goo.gl/9p2vKq) %o @ https://bpmsoft.ru/baza-zaniy/nastroyka-portala/stranitsa-vkhoda-na-portal/?version=1.9:0
[     831ms] [VERBOSE] [DOM] Input elements should have autocomplete attributes (suggested: "new-password"): (More info: https://goo.gl/9p2vKq) %o @ https://bpmsoft.ru/baza-zaniy/nastroyka-portala/stranitsa-vkhoda-na-portal/?version=1.9:0
[     831ms] [VERBOSE] [DOM] Input elements should have autocomplete attributes (suggested: "new-password"): (More info: https://goo.gl/9p2vKq) %o @ https://bpmsoft.ru/baza-zaniy/nastroyka-portala/stranitsa-vkhoda-na-portal/?version=1.9:0
[     831ms] [VERBOSE] [DOM] Input elements should have autocomplete attributes (suggested: "current-password"): (More info: https://goo.gl/9p2vKq) %o @ https://bpmsoft.ru/baza-zaniy/nastroyka-portala/stranitsa-vkhoda-na-portal/?version=1.9:0
[     832ms] [VERBOSE] [DOM] Input elements should have autocomplete attributes (suggested: "new-password"): (More info: https://goo.gl/9p2vKq) %o @ https://bpmsoft.ru/baza-zaniy/nastroyka-portala/stranitsa-vkhoda-na-portal/?version=1.9:0
[     832ms] [VERBOSE] [DOM] Input elements should have autocomplete attributes (suggested: "new-password"): (More info: https://goo.gl/9p2vKq) %o @ https://bpmsoft.ru/baza-zaniy/nastroyka-portala/stranitsa-vkhoda-na-portal/?version=1.9:0
[     846ms] [LOG] error SyntaxError: Unexpected token '_', "__ym__prom"... is not valid JSON @ https://bpmsoft.ru/baza-zaniy/nastroyka-portala/stranitsa-vkhoda-na-portal/?version=1.9:101
[     888ms] [LOG] error SyntaxError: Unexpected token '_', "__ym__prom"... is not valid JSON @ https://bpmsoft.ru/baza-zaniy/nastroyka-portala/stranitsa-vkhoda-na-portal/?version=1.9:101
[     896ms] [LOG] error SyntaxError: Unexpected token '_', "__ym__prom"... is not valid JSON @ https://bpmsoft.ru/baza-zaniy/nastroyka-portala/stranitsa-vkhoda-na-portal/?version=1.9:101
[     900ms] [LOG] error SyntaxError: Unexpected token '_', "__ym__prom"... is not valid JSON @ https://bpmsoft.ru/baza-zaniy/nastroyka-portala/stranitsa-vkhoda-na-portal/?version=1.9:101
[     902ms] [LOG] error SyntaxError: Unexpected token '_', "__ym__prom"... is not valid JSON @ https://bpmsoft.ru/baza-zaniy/nastroyka-portala/stranitsa-vkhoda-na-portal/?version=1.9:101
[     903ms] [LOG] error SyntaxError: Unexpected token '_', "__ym__prom"... is not valid JSON @ https://bpmsoft.ru/baza-zaniy/nastroyka-portala/stranitsa-vkhoda-na-portal/?version=1.9:101
[     996ms] [LOG] error SyntaxError: Unexpected token '_', "__ym__prom"... is not valid JSON @ https://bpmsoft.ru/baza-zaniy/nastroyka-portala/stranitsa-vkhoda-na-portal/?version=1.9:101
[     997ms] [LOG] error SyntaxError: Unexpected token '_', "__ym__prom"... is not valid JSON @ https://bpmsoft.ru/baza-zaniy/nastroyka-portala/stranitsa-vkhoda-na-portal/?version=1.9:101
[     998ms] [LOG] error SyntaxError: Unexpected token '_', "__ym__prom"... is not valid JSON @ https://bpmsoft.ru/baza-zaniy/nastroyka-portala/stranitsa-vkhoda-na-portal/?version=1.9:101
[     998ms] [LOG] error SyntaxError: Unexpected token '_', "__ym__prom"... is not valid JSON @ https://bpmsoft.ru/baza-zaniy/nastroyka-portala/stranitsa-vkhoda-na-portal/?version=1.9:101
[     999ms] [LOG] error SyntaxError: Unexpected token '_', "__ym__prom"... is not valid JSON @ https://bpmsoft.ru/baza-zaniy/nastroyka-portala/stranitsa-vkhoda-na-portal/?version=1.9:101
[     999ms] [LOG] error SyntaxError: Unexpected token '_', "__ym__prom"... is not valid JSON @ https://bpmsoft.ru/baza-zaniy/nastroyka-portala/stranitsa-vkhoda-na-portal/?version=1.9:101
[    1000ms] [LOG] error SyntaxError: Unexpected token '_', "__ym__prom"... is not valid JSON @ https://bpmsoft.ru/baza-zaniy/nastroyka-portala/stranitsa-vkhoda-na-portal/?version=1.9:101
[    1001ms] [LOG] error SyntaxError: Unexpected token '_', "__ym__prom"... is not valid JSON @ https://bpmsoft.ru/baza-zaniy/nastroyka-portala/stranitsa-vkhoda-na-portal/?version=1.9:101
[    1001ms] [LOG] error SyntaxError: Unexpected token '_', "__ym__prom"... is not valid JSON @ https://bpmsoft.ru/baza-zaniy/nastroyka-portala/stranitsa-vkhoda-na-portal/?version=1.9:101
[    1002ms] [LOG] error SyntaxError: Unexpected token '_', "__ym__prom"... is not valid JSON @ https://bpmsoft.ru/baza-zaniy/nastroyka-portala/stranitsa-vkhoda-na-portal/?version=1.9:101
[    1002ms] [LOG] error SyntaxError: Unexpected token '_', "__ym__prom"... is not valid JSON @ https://bpmsoft.ru/baza-zaniy/nastroyka-portala/stranitsa-vkhoda-na-portal/?version=1.9:101
[    1003ms] [LOG] error SyntaxError: Unexpected token '_', "__ym__prom"... is not valid JSON @ https://bpmsoft.ru/baza-zaniy/nastroyka-portala/stranitsa-vkhoda-na-portal/?version=1.9:101
[    1004ms] [LOG] error SyntaxError: Unexpected token '_', "__ym__prom"... is not valid JSON @ https://bpmsoft.ru/baza-zaniy/nastroyka-portala/stranitsa-vkhoda-na-portal/?version=1.9:101
[    1004ms] [LOG] error SyntaxError: Unexpected token '_', "__ym__prom"... is not valid JSON @ https://bpmsoft.ru/baza-zaniy/nastroyka-portala/stranitsa-vkhoda-na-portal/?version=1.9:101
[    1005ms] [LOG] error SyntaxError: Unexpected token '_', "__ym__prom"... is not valid JSON @ https://bpmsoft.ru/baza-zaniy/nastroyka-portala/stranitsa-vkhoda-na-portal/?version=1.9:101
[    1006ms] [LOG] error SyntaxError: Unexpected token '_', "__ym__prom"... is not valid JSON @ https://bpmsoft.ru/baza-zaniy/nastroyka-portala/stranitsa-vkhoda-na-portal/?version=1.9:101
[    1006ms] [LOG] error SyntaxError: Unexpected token '_', "__ym__prom"... is not valid JSON @ https://bpmsoft.ru/baza-zaniy/nastroyka-portala/stranitsa-vkhoda-na-portal/?version=1.9:101
[    1007ms] [LOG] error SyntaxError: Unexpected token '_', "__ym__prom"... is not valid JSON @ https://bpmsoft.ru/baza-zaniy/nastroyka-portala/stranitsa-vkhoda-na-portal/?version=1.9:101
[    1008ms] [LOG] error SyntaxError: Unexpected token '_', "__ym__prom"... is not valid JSON @ https://bpmsoft.ru/baza-zaniy/nastroyka-portala/stranitsa-vkhoda-na-portal/?version=1.9:101
[    1009ms] [LOG] error SyntaxError: Unexpected token '_', "__ym__prom"... is not valid JSON @ https://bpmsoft.ru/baza-zaniy/nastroyka-portala/stranitsa-vkhoda-na-portal/?version=1.9:101
[    1009ms] [LOG] error SyntaxError: Unexpected token '_', "__ym__prom"... is not valid JSON @ https://bpmsoft.ru/baza-zaniy/nastroyka-portala/stranitsa-vkhoda-na-portal/?version=1.9:101
[    1010ms] [LOG] error SyntaxError: Unexpected token '_', "__ym__prom"... is not valid JSON @ https://bpmsoft.ru/baza-zaniy/nastroyka-portala/stranitsa-vkhoda-na-portal/?version=1.9:101
[    1010ms] [LOG] error SyntaxError: Unexpected token '_', "__ym__prom"... is not valid JSON @ https://bpmsoft.ru/baza-zaniy/nastroyka-portala/stranitsa-vkhoda-na-portal/?version=1.9:101
[    1011ms] [LOG] error SyntaxError: Unexpected token '_', "__ym__prom"... is not valid JSON @ https://bpmsoft.ru/baza-zaniy/nastroyka-portala/stranitsa-vkhoda-na-portal/?version=1.9:101
[    1011ms] [LOG] error SyntaxError: Unexpected token '_', "__ym__prom"... is not valid JSON @ https://bpmsoft.ru/baza-zaniy/nastroyka-portala/stranitsa-vkhoda-na-portal/?version=1.9:101
[    1012ms] [LOG] error SyntaxError: Unexpected token '_', "__ym__prom"... is not valid JSON @ https://bpmsoft.ru/baza-zaniy/nastroyka-portala/stranitsa-vkhoda-na-portal/?version=1.9:101
[    1013ms] [LOG] error SyntaxError: Unexpected token '_', "__ym__prom"... is not valid JSON @ https://bpmsoft.ru/baza-zaniy/nastroyka-portala/stranitsa-vkhoda-na-portal/?version=1.9:101
[    1013ms] [LOG] error SyntaxError: Unexpected token '_', "__ym__prom"... is not valid JSON @ https://bpmsoft.ru/baza-zaniy/nastroyka-portala/stranitsa-vkhoda-na-portal/?version=1.9:101
[    1014ms] [LOG] error SyntaxError: Unexpected token '_', "__ym__prom"... is not valid JSON @ https://bpmsoft.ru/baza-zaniy/nastroyka-portala/stranitsa-vkhoda-na-portal/?version=1.9:101
[    1014ms] [LOG] error SyntaxError: Unexpected token '_', "__ym__prom"... is not valid JSON @ https://bpmsoft.ru/baza-zaniy/nastroyka-portala/stranitsa-vkhoda-na-portal/?version=1.9:101
[    1015ms] [LOG] error SyntaxError: Unexpected token '_', "__ym__prom"... is not valid JSON @ https://bpmsoft.ru/baza-zaniy/nastroyka-portala/stranitsa-vkhoda-na-portal/?version=1.9:101
[    1015ms] [LOG] error SyntaxError: Unexpected token '_', "__ym__prom"... is not valid JSON @ https://bpmsoft.ru/baza-zaniy/nastroyka-portala/stranitsa-vkhoda-na-portal/?version=1.9:101
[    1016ms] [LOG] error SyntaxError: Unexpected token '_', "__ym__prom"... is not valid JSON @ https://bpmsoft.ru/baza-zaniy/nastroyka-portala/stranitsa-vkhoda-na-portal/?version=1.9:101
[    1016ms] [LOG] error SyntaxError: Unexpected token '_', "__ym__prom"... is not valid JSON @ https://bpmsoft.ru/baza-zaniy/nastroyka-portala/stranitsa-vkhoda-na-portal/?version=1.9:101
[    1017ms] [LOG] error SyntaxError: Unexpected token '_', "__ym__prom"... is not valid JSON @ https://bpmsoft.ru/baza-zaniy/nastroyka-portala/stranitsa-vkhoda-na-portal/?version=1.9:101
[    1018ms] [LOG] error SyntaxError: Unexpected token '_', "__ym__prom"... is not valid JSON @ https://bpmsoft.ru/baza-zaniy/nastroyka-portala/stranitsa-vkhoda-na-portal/?version=1.9:101
[    1019ms] [LOG] error SyntaxError: Unexpected token '_', "__ym__prom"... is not valid JSON @ https://bpmsoft.ru/baza-zaniy/nastroyka-portala/stranitsa-vkhoda-na-portal/?version=1.9:101
[    1019ms] [LOG] error SyntaxError: Unexpected token '_', "__ym__prom"... is not valid JSON @ https://bpmsoft.ru/baza-zaniy/nastroyka-portala/stranitsa-vkhoda-na-portal/?version=1.9:101
[    1020ms] [LOG] error SyntaxError: Unexpected token '_', "__ym__prom"... is not valid JSON @ https://bpmsoft.ru/baza-zaniy/nastroyka-portala/stranitsa-vkhoda-na-portal/?version=1.9:101
[    1021ms] [LOG] error SyntaxError: Unexpected token '_', "__ym__prom"... is not valid JSON @ https://bpmsoft.ru/baza-zaniy/nastroyka-portala/stranitsa-vkhoda-na-portal/?version=1.9:101
[    1022ms] [LOG] error SyntaxError: Unexpected token '_', "__ym__prom"... is not valid JSON @ https://bpmsoft.ru/baza-zaniy/nastroyka-portala/stranitsa-vkhoda-na-portal/?version=1.9:101
[    1023ms] [LOG] error SyntaxError: Unexpected token '_', "__ym__prom"... is not valid JSON @ https://bpmsoft.ru/baza-zaniy/nastroyka-portala/stranitsa-vkhoda-na-portal/?version=1.9:101
[    1024ms] [LOG] error SyntaxError: Unexpected token '_', "__ym__prom"... is not valid JSON @ https://bpmsoft.ru/baza-zaniy/nastroyka-portala/stranitsa-vkhoda-na-portal/?version=1.9:101
[    1024ms] [LOG] error SyntaxError: Unexpected token '_', "__ym__prom"... is not valid JSON @ https://bpmsoft.ru/baza-zaniy/nastroyka-portala/stranitsa-vkhoda-na-portal/?version=1.9:101
[    1025ms] [LOG] error SyntaxError: Unexpected token '_', "__ym__prom"... is not valid JSON @ https://bpmsoft.ru/baza-zaniy/nastroyka-portala/stranitsa-vkhoda-na-portal/?version=1.9:101
[    1026ms] [LOG] error SyntaxError: Unexpected token '_', "__ym__prom"... is not valid JSON @ https://bpmsoft.ru/baza-zaniy/nastroyka-portala/stranitsa-vkhoda-na-portal/?version=1.9:101
[    1026ms] [LOG] error SyntaxError: Unexpected token '_', "__ym__prom"... is not valid JSON @ https://bpmsoft.ru/baza-zaniy/nastroyka-portala/stranitsa-vkhoda-na-portal/?version=1.9:101
[    1027ms] [LOG] error SyntaxError: Unexpected token '_', "__ym__prom"... is not valid JSON @ https://bpmsoft.ru/baza-zaniy/nastroyka-portala/stranitsa-vkhoda-na-portal/?version=1.9:101
[    1028ms] [LOG] error SyntaxError: Unexpected token '_', "__ym__prom"... is not valid JSON @ https://bpmsoft.ru/baza-zaniy/nastroyka-portala/stranitsa-vkhoda-na-portal/?version=1.9:101
[    1028ms] [LOG] error SyntaxError: Unexpected token '_', "__ym__prom"... is not valid JSON @ https://bpmsoft.ru/baza-zaniy/nastroyka-portala/stranitsa-vkhoda-na-portal/?version=1.9:101
[    1029ms] [LOG] error SyntaxError: Unexpected token '_', "__ym__prom"... is not valid JSON @ https://bpmsoft.ru/baza-zaniy/nastroyka-portala/stranitsa-vkhoda-na-portal/?version=1.9:101
[    1030ms] [LOG] error SyntaxError: Unexpected token '_', "__ym__prom"... is not valid JSON @ https://bpmsoft.ru/baza-zaniy/nastroyka-portala/stranitsa-vkhoda-na-portal/?version=1.9:101
[    1030ms] [LOG] error SyntaxError: Unexpected token '_', "__ym__prom"... is not valid JSON @ https://bpmsoft.ru/baza-zaniy/nastroyka-portala/stranitsa-vkhoda-na-portal/?version=1.9:101
[    1031ms] [LOG] error SyntaxError: Unexpected token '_', "__ym__prom"... is not valid JSON @ https://bpmsoft.ru/baza-zaniy/nastroyka-portala/stranitsa-vkhoda-na-portal/?version=1.9:101
[    1031ms] [LOG] error SyntaxError: Unexpected token '_', "__ym__prom"... is not valid JSON @ https://bpmsoft.ru/baza-zaniy/nastroyka-portala/stranitsa-vkhoda-na-portal/?version=1.9:101
[    1032ms] [LOG] error SyntaxError: Unexpected token '_', "__ym__prom"... is not valid JSON @ https://bpmsoft.ru/baza-zaniy/nastroyka-portala/stranitsa-vkhoda-na-portal/?version=1.9:101
[    1032ms] [LOG] error SyntaxError: Unexpected token '_', "__ym__prom"... is not valid JSON @ https://bpmsoft.ru/baza-zaniy/nastroyka-portala/stranitsa-vkhoda-na-portal/?version=1.9:101
[    1033ms] [LOG] error SyntaxError: Unexpected token '_', "__ym__prom"... is not valid JSON @ https://bpmsoft.ru/baza-zaniy/nastroyka-portala/stranitsa-vkhoda-na-portal/?version=1.9:101
[    1034ms] [LOG] error SyntaxError: Unexpected token '_', "__ym__prom"... is not valid JSON @ https://bpmsoft.ru/baza-zaniy/nastroyka-portala/stranitsa-vkhoda-na-portal/?version=1.9:101
[    1034ms] [LOG] error SyntaxError: Unexpected token '_', "__ym__prom"... is not valid JSON @ https://bpmsoft.ru/baza-zaniy/nastroyka-portala/stranitsa-vkhoda-na-portal/?version=1.9:101
[    1035ms] [LOG] error SyntaxError: Unexpected token '_', "__ym__prom"... is not valid JSON @ https://bpmsoft.ru/baza-zaniy/nastroyka-portala/stranitsa-vkhoda-na-portal/?version=1.9:101
[    1035ms] [LOG] error SyntaxError: Unexpected token '_', "__ym__prom"... is not valid JSON @ https://bpmsoft.ru/baza-zaniy/nastroyka-portala/stranitsa-vkhoda-na-portal/?version=1.9:101
[    1036ms] [LOG] error SyntaxError: Unexpected token '_', "__ym__prom"... is not valid JSON @ https://bpmsoft.ru/baza-zaniy/nastroyka-portala/stranitsa-vkhoda-na-portal/?version=1.9:101
[    1036ms] [LOG] error SyntaxError: Unexpected token '_', "__ym__prom"... is not valid JSON @ https://bpmsoft.ru/baza-zaniy/nastroyka-portala/stranitsa-vkhoda-na-portal/?version=1.9:101
[    1037ms] [LOG] error SyntaxError: Unexpected token '_', "__ym__prom"... is not valid JSON @ https://bpmsoft.ru/baza-zaniy/nastroyka-portala/stranitsa-vkhoda-na-portal/?version=1.9:101
[    1040ms] [LOG] error SyntaxError: Unexpected token '_', "__ym__prom"... is not valid JSON @ https://bpmsoft.ru/baza-zaniy/nastroyka-portala/stranitsa-vkhoda-na-portal/?version=1.9:101
[    1041ms] [LOG] error SyntaxError: Unexpected token '_', "__ym__prom"... is not valid JSON @ https://bpmsoft.ru/baza-zaniy/nastroyka-portala/stranitsa-vkhoda-na-portal/?version=1.9:101
[    1042ms] [LOG] error SyntaxError: Unexpected token '_', "__ym__prom"... is not valid JSON @ https://bpmsoft.ru/baza-zaniy/nastroyka-portala/stranitsa-vkhoda-na-portal/?version=1.9:101
[    1042ms] [LOG] error SyntaxError: Unexpected token '_', "__ym__prom"... is not valid JSON @ https://bpmsoft.ru/baza-zaniy/nastroyka-portala/stranitsa-vkhoda-na-portal/?version=1.9:101
[    1043ms] [LOG] error SyntaxError: Unexpected token '_', "__ym__prom"... is not valid JSON @ https://bpmsoft.ru/baza-zaniy/nastroyka-portala/stranitsa-vkhoda-na-portal/?version=1.9:101
[    1044ms] [LOG] error SyntaxError: Unexpected token '_', "__ym__prom"... is not valid JSON @ https://bpmsoft.ru/baza-zaniy/nastroyka-portala/stranitsa-vkhoda-na-portal/?version=1.9:101
[    1044ms] [LOG] error SyntaxError: Unexpected token '_', "__ym__prom"... is not valid JSON @ https://bpmsoft.ru/baza-zaniy/nastroyka-portala/stranitsa-vkhoda-na-portal/?version=1.9:101
[    1045ms] [LOG] error SyntaxError: Unexpected token '_', "__ym__prom"... is not valid JSON @ https://bpmsoft.ru/baza-zaniy/nastroyka-portala/stranitsa-vkhoda-na-portal/?version=1.9:101
[    1045ms] [LOG] error SyntaxError: Unexpected token '_', "__ym__prom"... is not valid JSON @ https://bpmsoft.ru/baza-zaniy/nastroyka-portala/stranitsa-vkhoda-na-portal/?version=1.9:101
[    1046ms] [LOG] error SyntaxError: Unexpected token '_', "__ym__prom"... is not valid JSON @ https://bpmsoft.ru/baza-zaniy/nastroyka-portala/stranitsa-vkhoda-na-portal/?version=1.9:101
[    1046ms] [LOG] error SyntaxError: Unexpected token '_', "__ym__prom"... is not valid JSON @ https://bpmsoft.ru/baza-zaniy/nastroyka-portala/stranitsa-vkhoda-na-portal/?version=1.9:101
[    1047ms] [LOG] error SyntaxError: Unexpected token '_', "__ym__prom"... is not valid JSON @ https://bpmsoft.ru/baza-zaniy/nastroyka-portala/stranitsa-vkhoda-na-portal/?version=1.9:101
[    1047ms] [LOG] error SyntaxError: Unexpected token '_', "__ym__prom"... is not valid JSON @ https://bpmsoft.ru/baza-zaniy/nastroyka-portala/stranitsa-vkhoda-na-portal/?version=1.9:101
[    1047ms] [LOG] error SyntaxError: Unexpected token '_', "__ym__prom"... is not valid JSON @ https://bpmsoft.ru/baza-zaniy/nastroyka-portala/stranitsa-vkhoda-na-portal/?version=1.9:101
[    1048ms] [LOG] error SyntaxError: Unexpected token '_', "__ym__prom"... is not valid JSON @ https://bpmsoft.ru/baza-zaniy/nastroyka-portala/stranitsa-vkhoda-na-portal/?version=1.9:101
[    1048ms] [LOG] error SyntaxError: Unexpected token '_', "__ym__prom"... is not valid JSON @ https://bpmsoft.ru/baza-zaniy/nastroyka-portala/stranitsa-vkhoda-na-portal/?version=1.9:101
[    1049ms] [LOG] error SyntaxError: Unexpected token '_', "__ym__prom"... is not valid JSON @ https://bpmsoft.ru/baza-zaniy/nastroyka-portala/stranitsa-vkhoda-na-portal/?version=1.9:101
[    1049ms] [LOG] error SyntaxError: Unexpected token '_', "__ym__prom"... is not valid JSON @ https://bpmsoft.ru/baza-zaniy/nastroyka-portala/stranitsa-vkhoda-na-portal/?version=1.9:101
[    1050ms] [LOG] error SyntaxError: Unexpected token '_', "__ym__prom"... is not valid JSON @ https://bpmsoft.ru/baza-zaniy/nastroyka-portala/stranitsa-vkhoda-na-portal/?version=1.9:101
[    1050ms] [LOG] error SyntaxError: Unexpected token '_', "__ym__prom"... is not valid JSON @ https://bpmsoft.ru/baza-zaniy/nastroyka-portala/stranitsa-vkhoda-na-portal/?version=1.9:101
[    1050ms] [LOG] error SyntaxError: Unexpected token '_', "__ym__prom"... is not valid JSON @ https://bpmsoft.ru/baza-zaniy/nastroyka-portala/stranitsa-vkhoda-na-portal/?version=1.9:101
[    1051ms] [LOG] error SyntaxError: Unexpected token '_', "__ym__prom"... is not valid JSON @ https://bpmsoft.ru/baza-zaniy/nastroyka-portala/stranitsa-vkhoda-na-portal/?version=1.9:101
[    1051ms] [LOG] error SyntaxError: Unexpected token '_', "__ym__prom"... is not valid JSON @ https://bpmsoft.ru/baza-zaniy/nastroyka-portala/stranitsa-vkhoda-na-portal/?version=1.9:101
[    1052ms] [LOG] error SyntaxError: Unexpected token '_', "__ym__prom"... is not valid JSON @ https://bpmsoft.ru/baza-zaniy/nastroyka-portala/stranitsa-vkhoda-na-portal/?version=1.9:101
[    1053ms] [LOG] error SyntaxError: Unexpected token '_', "__ym__prom"... is not valid JSON @ https://bpmsoft.ru/baza-zaniy/nastroyka-portala/stranitsa-vkhoda-na-portal/?version=1.9:101
[    1053ms] [LOG] error SyntaxError: Unexpected token '_', "__ym__prom"... is not valid JSON @ https://bpmsoft.ru/baza-zaniy/nastroyka-portala/stranitsa-vkhoda-na-portal/?version=1.9:101
[    1053ms] [LOG] error SyntaxError: Unexpected token '_', "__ym__prom"... is not valid JSON @ https://bpmsoft.ru/baza-zaniy/nastroyka-portala/stranitsa-vkhoda-na-portal/?version=1.9:101
[    1054ms] [LOG] error SyntaxError: Unexpected token '_', "__ym__prom"... is not valid JSON @ https://bpmsoft.ru/baza-zaniy/nastroyka-portala/stranitsa-vkhoda-na-portal/?version=1.9:101
[    1054ms] [LOG] error SyntaxError: Unexpected token '_', "__ym__prom"... is not valid JSON @ https://bpmsoft.ru/baza-zaniy/nastroyka-portala/stranitsa-vkhoda-na-portal/?version=1.9:101
[    1055ms] [LOG] error SyntaxError: Unexpected token '_', "__ym__prom"... is not valid JSON @ https://bpmsoft.ru/baza-zaniy/nastroyka-portala/stranitsa-vkhoda-na-portal/?version=1.9:101
[    1055ms] [LOG] error SyntaxError: Unexpected token '_', "__ym__prom"... is not valid JSON @ https://bpmsoft.ru/baza-zaniy/nastroyka-portala/stranitsa-vkhoda-na-portal/?version=1.9:101
[    1056ms] [LOG] error SyntaxError: Unexpected token '_', "__ym__prom"... is not valid JSON @ https://bpmsoft.ru/baza-zaniy/nastroyka-portala/stranitsa-vkhoda-na-portal/?version=1.9:101
[    1057ms] [LOG] error SyntaxError: Unexpected token '_', "__ym__prom"... is not valid JSON @ https://bpmsoft.ru/baza-zaniy/nastroyka-portala/stranitsa-vkhoda-na-portal/?version=1.9:101
[    1057ms] [LOG] error SyntaxError: Unexpected token '_', "__ym__prom"... is not valid JSON @ https://bpmsoft.ru/baza-zaniy/nastroyka-portala/stranitsa-vkhoda-na-portal/?version=1.9:101
[    1058ms] [LOG] error SyntaxError: Unexpected token '_', "__ym__prom"... is not valid JSON @ https://bpmsoft.ru/baza-zaniy/nastroyka-portala/stranitsa-vkhoda-na-portal/?version=1.9:101
[    1058ms] [LOG] error SyntaxError: Unexpected token '_', "__ym__prom"... is not valid JSON @ https://bpmsoft.ru/baza-zaniy/nastroyka-portala/stranitsa-vkhoda-na-portal/?version=1.9:101
[    1059ms] [LOG] error SyntaxError: Unexpected token '_', "__ym__prom"... is not valid JSON @ https://bpmsoft.ru/baza-zaniy/nastroyka-portala/stranitsa-vkhoda-na-portal/?version=1.9:101
[    1059ms] [LOG] error SyntaxError: Unexpected token '_', "__ym__prom"... is not valid JSON @ https://bpmsoft.ru/baza-zaniy/nastroyka-portala/stranitsa-vkhoda-na-portal/?version=1.9:101
[    1060ms] [LOG] error SyntaxError: Unexpected token '_', "__ym__prom"... is not valid JSON @ https://bpmsoft.ru/baza-zaniy/nastroyka-portala/stranitsa-vkhoda-na-portal/?version=1.9:101
[    1060ms] [LOG] error SyntaxError: Unexpected token '_', "__ym__prom"... is not valid JSON @ https://bpmsoft.ru/baza-zaniy/nastroyka-portala/stranitsa-vkhoda-na-portal/?version=1.9:101
[    1060ms] [LOG] error SyntaxError: Unexpected token '_', "__ym__prom"... is not valid JSON @ https://bpmsoft.ru/baza-zaniy/nastroyka-portala/stranitsa-vkhoda-na-portal/?version=1.9:101
[    1061ms] [LOG] error SyntaxError: Unexpected token '_', "__ym__prom"... is not valid JSON @ https://bpmsoft.ru/baza-zaniy/nastroyka-portala/stranitsa-vkhoda-na-portal/?version=1.9:101
[    1061ms] [LOG] error SyntaxError: Unexpected token '_', "__ym__prom"... is not valid JSON @ https://bpmsoft.ru/baza-zaniy/nastroyka-portala/stranitsa-vkhoda-na-portal/?version=1.9:101
[    1062ms] [LOG] error SyntaxError: Unexpected token '_', "__ym__prom"... is not valid JSON @ https://bpmsoft.ru/baza-zaniy/nastroyka-portala/stranitsa-vkhoda-na-portal/?version=1.9:101
[    1062ms] [LOG] error SyntaxError: Unexpected token '_', "__ym__prom"... is not valid JSON @ https://bpmsoft.ru/baza-zaniy/nastroyka-portala/stranitsa-vkhoda-na-portal/?version=1.9:101
[    1062ms] [LOG] error SyntaxError: Unexpected token '_', "__ym__prom"... is not valid JSON @ https://bpmsoft.ru/baza-zaniy/nastroyka-portala/stranitsa-vkhoda-na-portal/?version=1.9:101
[    1063ms] [LOG] error SyntaxError: Unexpected token '_', "__ym__prom"... is not valid JSON @ https://bpmsoft.ru/baza-zaniy/nastroyka-portala/stranitsa-vkhoda-na-portal/?version=1.9:101
[    1063ms] [LOG] error SyntaxError: Unexpected token '_', "__ym__prom"... is not valid JSON @ https://bpmsoft.ru/baza-zaniy/nastroyka-portala/stranitsa-vkhoda-na-portal/?version=1.9:101
[    1064ms] [LOG] error SyntaxError: Unexpected token '_', "__ym__prom"... is not valid JSON @ https://bpmsoft.ru/baza-zaniy/nastroyka-portala/stranitsa-vkhoda-na-portal/?version=1.9:101
[    1064ms] [LOG] error SyntaxError: Unexpected token '_', "__ym__prom"... is not valid JSON @ https://bpmsoft.ru/baza-zaniy/nastroyka-portala/stranitsa-vkhoda-na-portal/?version=1.9:101
[    1065ms] [LOG] error SyntaxError: Unexpected token '_', "__ym__prom"... is not valid JSON @ https://bpmsoft.ru/baza-zaniy/nastroyka-portala/stranitsa-vkhoda-na-portal/?version=1.9:101
[    1065ms] [LOG] error SyntaxError: Unexpected token '_', "__ym__prom"... is not valid JSON @ https://bpmsoft.ru/baza-zaniy/nastroyka-portala/stranitsa-vkhoda-na-portal/?version=1.9:101
[    1065ms] [LOG] error SyntaxError: Unexpected token '_', "__ym__prom"... is not valid JSON @ https://bpmsoft.ru/baza-zaniy/nastroyka-portala/stranitsa-vkhoda-na-portal/?version=1.9:101
[    1066ms] [LOG] error SyntaxError: Unexpected token '_', "__ym__prom"... is not valid JSON @ https://bpmsoft.ru/baza-zaniy/nastroyka-portala/stranitsa-vkhoda-na-portal/?version=1.9:101
[    1066ms] [LOG] error SyntaxError: Unexpected token '_', "__ym__prom"... is not valid JSON @ https://bpmsoft.ru/baza-zaniy/nastroyka-portala/stranitsa-vkhoda-na-portal/?version=1.9:101
[    1067ms] [LOG] error SyntaxError: Unexpected token '_', "__ym__prom"... is not valid JSON @ https://bpmsoft.ru/baza-zaniy/nastroyka-portala/stranitsa-vkhoda-na-portal/?version=1.9:101
[    1067ms] [LOG] error SyntaxError: Unexpected token '_', "__ym__prom"... is not valid JSON @ https://bpmsoft.ru/baza-zaniy/nastroyka-portala/stranitsa-vkhoda-na-portal/?version=1.9:101
[    1068ms] [LOG] error SyntaxError: Unexpected token '_', "__ym__prom"... is not valid JSON @ https://bpmsoft.ru/baza-zaniy/nastroyka-portala/stranitsa-vkhoda-na-portal/?version=1.9:101
[    1068ms] [LOG] error SyntaxError: Unexpected token '_', "__ym__prom"... is not valid JSON @ https://bpmsoft.ru/baza-zaniy/nastroyka-portala/stranitsa-vkhoda-na-portal/?version=1.9:101
[    1069ms] [LOG] error SyntaxError: Unexpected token '_', "__ym__prom"... is not valid JSON @ https://bpmsoft.ru/baza-zaniy/nastroyka-portala/stranitsa-vkhoda-na-portal/?version=1.9:101
[    1069ms] [LOG] error SyntaxError: Unexpected token '_', "__ym__prom"... is not valid JSON @ https://bpmsoft.ru/baza-zaniy/nastroyka-portala/stranitsa-vkhoda-na-portal/?version=1.9:101
[    1069ms] [LOG] error SyntaxError: Unexpected token '_', "__ym__prom"... is not valid JSON @ https://bpmsoft.ru/baza-zaniy/nastroyka-portala/stranitsa-vkhoda-na-portal/?version=1.9:101
[    1070ms] [LOG] error SyntaxError: Unexpected token '_', "__ym__prom"... is not valid JSON @ https://bpmsoft.ru/baza-zaniy/nastroyka-portala/stranitsa-vkhoda-na-portal/?version=1.9:101
[    1070ms] [LOG] error SyntaxError: Unexpected token '_', "__ym__prom"... is not valid JSON @ https://bpmsoft.ru/baza-zaniy/nastroyka-portala/stranitsa-vkhoda-na-portal/?version=1.9:101
[    1071ms] [LOG] error SyntaxError: Unexpected token '_', "__ym__prom"... is not valid JSON @ https://bpmsoft.ru/baza-zaniy/nastroyka-portala/stranitsa-vkhoda-na-portal/?version=1.9:101
[    1072ms] [LOG] error SyntaxError: Unexpected token '_', "__ym__prom"... is not valid JSON @ https://bpmsoft.ru/baza-zaniy/nastroyka-portala/stranitsa-vkhoda-na-portal/?version=1.9:101
[    1073ms] [LOG] error SyntaxError: Unexpected token '_', "__ym__prom"... is not valid JSON @ https://bpmsoft.ru/baza-zaniy/nastroyka-portala/stranitsa-vkhoda-na-portal/?version=1.9:101
[    1073ms] [LOG] error SyntaxError: Unexpected token '_', "__ym__prom"... is not valid JSON @ https://bpmsoft.ru/baza-zaniy/nastroyka-portala/stranitsa-vkhoda-na-portal/?version=1.9:101
[    1074ms] [LOG] error SyntaxError: Unexpected token '_', "__ym__prom"... is not valid JSON @ https://bpmsoft.ru/baza-zaniy/nastroyka-portala/stranitsa-vkhoda-na-portal/?version=1.9:101
[    1074ms] [LOG] error SyntaxError: Unexpected token '_', "__ym__prom"... is not valid JSON @ https://bpmsoft.ru/baza-zaniy/nastroyka-portala/stranitsa-vkhoda-na-portal/?version=1.9:101
[    1075ms] [LOG] error SyntaxError: Unexpected token '_', "__ym__prom"... is not valid JSON @ https://bpmsoft.ru/baza-zaniy/nastroyka-portala/stranitsa-vkhoda-na-portal/?version=1.9:101
[    1075ms] [LOG] error SyntaxError: Unexpected token '_', "__ym__prom"... is not valid JSON @ https://bpmsoft.ru/baza-zaniy/nastroyka-portala/stranitsa-vkhoda-na-portal/?version=1.9:101
[    1075ms] [LOG] error SyntaxError: Unexpected token '_', "__ym__prom"... is not valid JSON @ https://bpmsoft.ru/baza-zaniy/nastroyka-portala/stranitsa-vkhoda-na-portal/?version=1.9:101
[    1076ms] [LOG] error SyntaxError: Unexpected token '_', "__ym__prom"... is not valid JSON @ https://bpmsoft.ru/baza-zaniy/nastroyka-portala/stranitsa-vkhoda-na-portal/?version=1.9:101
[    1076ms] [LOG] error SyntaxError: Unexpected token '_', "__ym__prom"... is not valid JSON @ https://bpmsoft.ru/baza-zaniy/nastroyka-portala/stranitsa-vkhoda-na-portal/?version=1.9:101
[    1076ms] [LOG] error SyntaxError: Unexpected token '_', "__ym__prom"... is not valid JSON @ https://bpmsoft.ru/baza-zaniy/nastroyka-portala/stranitsa-vkhoda-na-portal/?version=1.9:101
[    1077ms] [LOG] error SyntaxError: Unexpected token '_', "__ym__prom"... is not valid JSON @ https://bpmsoft.ru/baza-zaniy/nastroyka-portala/stranitsa-vkhoda-na-portal/?version=1.9:101
[    1077ms] [LOG] error SyntaxError: Unexpected token '_', "__ym__prom"... is not valid JSON @ https://bpmsoft.ru/baza-zaniy/nastroyka-portala/stranitsa-vkhoda-na-portal/?version=1.9:101
[    1078ms] [LOG] error SyntaxError: Unexpected token '_', "__ym__prom"... is not valid JSON @ https://bpmsoft.ru/baza-zaniy/nastroyka-portala/stranitsa-vkhoda-na-portal/?version=1.9:101
[    1078ms] [LOG] error SyntaxError: Unexpected token '_', "__ym__prom"... is not valid JSON @ https://bpmsoft.ru/baza-zaniy/nastroyka-portala/stranitsa-vkhoda-na-portal/?version=1.9:101
[    1078ms] [LOG] error SyntaxError: Unexpected token '_', "__ym__prom"... is not valid JSON @ https://bpmsoft.ru/baza-zaniy/nastroyka-portala/stranitsa-vkhoda-na-portal/?version=1.9:101
[    1079ms] [LOG] error SyntaxError: Unexpected token '_', "__ym__prom"... is not valid JSON @ https://bpmsoft.ru/baza-zaniy/nastroyka-portala/stranitsa-vkhoda-na-portal/?version=1.9:101
[    1079ms] [LOG] error SyntaxError: Unexpected token '_', "__ym__prom"... is not valid JSON @ https://bpmsoft.ru/baza-zaniy/nastroyka-portala/stranitsa-vkhoda-na-portal/?version=1.9:101
[    1079ms] [LOG] error SyntaxError: Unexpected token '_', "__ym__prom"... is not valid JSON @ https://bpmsoft.ru/baza-zaniy/nastroyka-portala/stranitsa-vkhoda-na-portal/?version=1.9:101
[    1080ms] [LOG] error SyntaxError: Unexpected token '_', "__ym__prom"... is not valid JSON @ https://bpmsoft.ru/baza-zaniy/nastroyka-portala/stranitsa-vkhoda-na-portal/?version=1.9:101
[    1080ms] [LOG] error SyntaxError: Unexpected token '_', "__ym__prom"... is not valid JSON @ https://bpmsoft.ru/baza-zaniy/nastroyka-portala/stranitsa-vkhoda-na-portal/?version=1.9:101
[    1080ms] [LOG] error SyntaxError: Unexpected token '_', "__ym__prom"... is not valid JSON @ https://bpmsoft.ru/baza-zaniy/nastroyka-portala/stranitsa-vkhoda-na-portal/?version=1.9:101
[    1081ms] [LOG] error SyntaxError: Unexpected token '_', "__ym__prom"... is not valid JSON @ https://bpmsoft.ru/baza-zaniy/nastroyka-portala/stranitsa-vkhoda-na-portal/?version=1.9:101
[    1081ms] [LOG] error SyntaxError: Unexpected token '_', "__ym__prom"... is not valid JSON @ https://bpmsoft.ru/baza-zaniy/nastroyka-portala/stranitsa-vkhoda-na-portal/?version=1.9:101
[    1082ms] [LOG] error SyntaxError: Unexpected token '_', "__ym__prom"... is not valid JSON @ https://bpmsoft.ru/baza-zaniy/nastroyka-portala/stranitsa-vkhoda-na-portal/?version=1.9:101
[    1082ms] [LOG] error SyntaxError: Unexpected token '_', "__ym__prom"... is not valid JSON @ https://bpmsoft.ru/baza-zaniy/nastroyka-portala/stranitsa-vkhoda-na-portal/?version=1.9:101
[    1082ms] [LOG] error SyntaxError: Unexpected token '_', "__ym__prom"... is not valid JSON @ https://bpmsoft.ru/baza-zaniy/nastroyka-portala/stranitsa-vkhoda-na-portal/?version=1.9:101
[    1083ms] [LOG] error SyntaxError: Unexpected token '_', "__ym__prom"... is not valid JSON @ https://bpmsoft.ru/baza-zaniy/nastroyka-portala/stranitsa-vkhoda-na-portal/?version=1.9:101
[    1083ms] [LOG] error SyntaxError: Unexpected token '_', "__ym__prom"... is not valid JSON @ https://bpmsoft.ru/baza-zaniy/nastroyka-portala/stranitsa-vkhoda-na-portal/?version=1.9:101
[    1083ms] [LOG] error SyntaxError: Unexpected token '_', "__ym__prom"... is not valid JSON @ https://bpmsoft.ru/baza-zaniy/nastroyka-portala/stranitsa-vkhoda-na-portal/?version=1.9:101
[    1084ms] [LOG] error SyntaxError: Unexpected token '_', "__ym__prom"... is not valid JSON @ https://bpmsoft.ru/baza-zaniy/nastroyka-portala/stranitsa-vkhoda-na-portal/?version=1.9:101
