[     340ms] [ERROR] Failed to load resource: the server responded with a status of 404 (Not Found) @ https://bpmsoft.ru/baza-zaniy/operatsii-s-dannymi-back-end/dostup-k-dannym-cherez-orm/?version=1.9:0
[     417ms] [LOG] error SyntaxError: Unexpected token '_', "__ym__prom"... is not valid JSON @ https://bpmsoft.ru/baza-zaniy/operatsii-s-dannymi-back-end/dostup-k-dannym-cherez-orm/?version=1.9:101
[     419ms] [LOG] error SyntaxError: Unexpected token '_', "__ym__prom"... is not valid JSON @ https://bpmsoft.ru/baza-zaniy/operatsii-s-dannymi-back-end/dostup-k-dannym-cherez-orm/?version=1.9:101
[     544ms] [LOG] error SyntaxError: Unexpected token '_', "__ym__prom"... is not valid JSON @ https://bpmsoft.ru/baza-zaniy/operatsii-s-dannymi-back-end/dostup-k-dannym-cherez-orm/?version=1.9:101
[     553ms] [LOG] error SyntaxError: Unexpected token '_', "__ym__prom"... is not valid JSON @ https://bpmsoft.ru/baza-zaniy/operatsii-s-dannymi-back-end/dostup-k-dannym-cherez-orm/?version=1.9:101
[     576ms] [LOG] error SyntaxError: Unexpected token '_', "__ym__prom"... is not valid JSON @ https://bpmsoft.ru/baza-zaniy/operatsii-s-dannymi-back-end/dostup-k-dannym-cherez-orm/?version=1.9:101
[     583ms] [LOG] error SyntaxError: Unexpected token '_', "__ym__prom"... is not valid JSON @ https://bpmsoft.ru/baza-zaniy/operatsii-s-dannymi-back-end/dostup-k-dannym-cherez-orm/?version=1.9:101
[     584ms] [LOG] error SyntaxError: Unexpected token '_', "__ym__prom"... is not valid JSON @ https://bpmsoft.ru/baza-zaniy/operatsii-s-dannymi-back-end/dostup-k-dannym-cherez-orm/?version=1.9:101
[     683ms] [LOG] error SyntaxError: Unexpected token '_', "__ym__prom"... is not valid JSON @ https://bpmsoft.ru/baza-zaniy/operatsii-s-dannymi-back-end/dostup-k-dannym-cherez-orm/?version=1.9:101
[    1018ms] [VERBOSE] [DOM] Input elements should have autocomplete attributes (suggested: "current-password"): (More info: https://goo.gl/9p2vKq) %o @ https://bpmsoft.ru/baza-zaniy/operatsii-s-dannymi-back-end/dostup-k-dannym-cherez-orm/?version=1.9:0
[    1018ms] [VERBOSE] [DOM] Input elements should have autocomplete attributes (suggested: "new-password"): (More info: https://goo.gl/9p2vKq) %o @ https://bpmsoft.ru/baza-zaniy/operatsii-s-dannymi-back-end/dostup-k-dannym-cherez-orm/?version=1.9:0
[    1018ms] [VERBOSE] [DOM] Input elements should have autocomplete attributes (suggested: "new-password"): (More info: https://goo.gl/9p2vKq) %o @ https://bpmsoft.ru/baza-zaniy/operatsii-s-dannymi-back-end/dostup-k-dannym-cherez-orm/?version=1.9:0
[    1019ms] [VERBOSE] [DOM] Input elements should have autocomplete attributes (suggested: "current-password"): (More info: https://goo.gl/9p2vKq) %o @ https://bpmsoft.ru/baza-zaniy/operatsii-s-dannymi-back-end/dostup-k-dannym-cherez-orm/?version=1.9:0
[    1019ms] [VERBOSE] [DOM] Input elements should have autocomplete attributes (suggested: "new-password"): (More info: https://goo.gl/9p2vKq) %o @ https://bpmsoft.ru/baza-zaniy/operatsii-s-dannymi-back-end/dostup-k-dannym-cherez-orm/?version=1.9:0
[    1020ms] [VERBOSE] [DOM] Input elements should have autocomplete attributes (suggested: "new-password"): (More info: https://goo.gl/9p2vKq) %o @ https://bpmsoft.ru/baza-zaniy/operatsii-s-dannymi-back-end/dostup-k-dannym-cherez-orm/?version=1.9:0
[    1046ms] [ERROR] Access to fetch at 'https://ipapi.co/json' from origin 'https://bpmsoft.ru' has been blocked by CORS policy: No 'Access-Control-Allow-Origin' header is present on the requested resource. @ https://bpmsoft.ru/baza-zaniy/operatsii-s-dannymi-back-end/dostup-k-dannym-cherez-orm/?version=1.9:0
[    1046ms] [ERROR] Failed to load resource: net::ERR_FAILED @ https://ipapi.co/json:0
[    1115ms] [LOG] error SyntaxError: Unexpected token '_', "__ym__prom"... is not valid JSON @ https://bpmsoft.ru/baza-zaniy/operatsii-s-dannymi-back-end/dostup-k-dannym-cherez-orm/?version=1.9:101
[    1116ms] [LOG] error SyntaxError: Unexpected token '_', "__ym__prom"... is not valid JSON @ https://bpmsoft.ru/baza-zaniy/operatsii-s-dannymi-back-end/dostup-k-dannym-cherez-orm/?version=1.9:101
[    1116ms] [LOG] error SyntaxError: Unexpected token '_', "__ym__prom"... is not valid JSON @ https://bpmsoft.ru/baza-zaniy/operatsii-s-dannymi-back-end/dostup-k-dannym-cherez-orm/?version=1.9:101
[    1117ms] [LOG] error SyntaxError: Unexpected token '_', "__ym__prom"... is not valid JSON @ https://bpmsoft.ru/baza-zaniy/operatsii-s-dannymi-back-end/dostup-k-dannym-cherez-orm/?version=1.9:101
[    1117ms] [LOG] error SyntaxError: Unexpected token '_', "__ym__prom"... is not valid JSON @ https://bpmsoft.ru/baza-zaniy/operatsii-s-dannymi-back-end/dostup-k-dannym-cherez-orm/?version=1.9:101
[    1119ms] [LOG] error SyntaxError: Unexpected token '_', "__ym__prom"... is not valid JSON @ https://bpmsoft.ru/baza-zaniy/operatsii-s-dannymi-back-end/dostup-k-dannym-cherez-orm/?version=1.9:101
[    1120ms] [LOG] error SyntaxError: Unexpected token '_', "__ym__prom"... is not valid JSON @ https://bpmsoft.ru/baza-zaniy/operatsii-s-dannymi-back-end/dostup-k-dannym-cherez-orm/?version=1.9:101
[    1121ms] [LOG] error SyntaxError: Unexpected token '_', "__ym__prom"... is not valid JSON @ https://bpmsoft.ru/baza-zaniy/operatsii-s-dannymi-back-end/dostup-k-dannym-cherez-orm/?version=1.9:101
[    1122ms] [LOG] error SyntaxError: Unexpected token '_', "__ym__prom"... is not valid JSON @ https://bpmsoft.ru/baza-zaniy/operatsii-s-dannymi-back-end/dostup-k-dannym-cherez-orm/?version=1.9:101
[    1123ms] [LOG] error SyntaxError: Unexpected token '_', "__ym__prom"... is not valid JSON @ https://bpmsoft.ru/baza-zaniy/operatsii-s-dannymi-back-end/dostup-k-dannym-cherez-orm/?version=1.9:101
[    1123ms] [LOG] error SyntaxError: Unexpected token '_', "__ym__prom"... is not valid JSON @ https://bpmsoft.ru/baza-zaniy/operatsii-s-dannymi-back-end/dostup-k-dannym-cherez-orm/?version=1.9:101
[    1124ms] [LOG] error SyntaxError: Unexpected token '_', "__ym__prom"... is not valid JSON @ https://bpmsoft.ru/baza-zaniy/operatsii-s-dannymi-back-end/dostup-k-dannym-cherez-orm/?version=1.9:101
[    1124ms] [LOG] error SyntaxError: Unexpected token '_', "__ym__prom"... is not valid JSON @ https://bpmsoft.ru/baza-zaniy/operatsii-s-dannymi-back-end/dostup-k-dannym-cherez-orm/?version=1.9:101
[    1125ms] [LOG] error SyntaxError: Unexpected token '_', "__ym__prom"... is not valid JSON @ https://bpmsoft.ru/baza-zaniy/operatsii-s-dannymi-back-end/dostup-k-dannym-cherez-orm/?version=1.9:101
[    1125ms] [LOG] error SyntaxError: Unexpected token '_', "__ym__prom"... is not valid JSON @ https://bpmsoft.ru/baza-zaniy/operatsii-s-dannymi-back-end/dostup-k-dannym-cherez-orm/?version=1.9:101
[    1126ms] [LOG] error SyntaxError: Unexpected token '_', "__ym__prom"... is not valid JSON @ https://bpmsoft.ru/baza-zaniy/operatsii-s-dannymi-back-end/dostup-k-dannym-cherez-orm/?version=1.9:101
[    1126ms] [LOG] error SyntaxError: Unexpected token '_', "__ym__prom"... is not valid JSON @ https://bpmsoft.ru/baza-zaniy/operatsii-s-dannymi-back-end/dostup-k-dannym-cherez-orm/?version=1.9:101
[    1127ms] [LOG] error SyntaxError: Unexpected token '_', "__ym__prom"... is not valid JSON @ https://bpmsoft.ru/baza-zaniy/operatsii-s-dannymi-back-end/dostup-k-dannym-cherez-orm/?version=1.9:101
[    1127ms] [LOG] error SyntaxError: Unexpected token '_', "__ym__prom"... is not valid JSON @ https://bpmsoft.ru/baza-zaniy/operatsii-s-dannymi-back-end/dostup-k-dannym-cherez-orm/?version=1.9:101
[    1128ms] [LOG] error SyntaxError: Unexpected token '_', "__ym__prom"... is not valid JSON @ https://bpmsoft.ru/baza-zaniy/operatsii-s-dannymi-back-end/dostup-k-dannym-cherez-orm/?version=1.9:101
[    1128ms] [LOG] error SyntaxError: Unexpected token '_', "__ym__prom"... is not valid JSON @ https://bpmsoft.ru/baza-zaniy/operatsii-s-dannymi-back-end/dostup-k-dannym-cherez-orm/?version=1.9:101
[    1129ms] [LOG] error SyntaxError: Unexpected token '_', "__ym__prom"... is not valid JSON @ https://bpmsoft.ru/baza-zaniy/operatsii-s-dannymi-back-end/dostup-k-dannym-cherez-orm/?version=1.9:101
[    1129ms] [LOG] error SyntaxError: Unexpected token '_', "__ym__prom"... is not valid JSON @ https://bpmsoft.ru/baza-zaniy/operatsii-s-dannymi-back-end/dostup-k-dannym-cherez-orm/?version=1.9:101
[    1130ms] [LOG] error SyntaxError: Unexpected token '_', "__ym__prom"... is not valid JSON @ https://bpmsoft.ru/baza-zaniy/operatsii-s-dannymi-back-end/dostup-k-dannym-cherez-orm/?version=1.9:101
[    1130ms] [LOG] error SyntaxError: Unexpected token '_', "__ym__prom"... is not valid JSON @ https://bpmsoft.ru/baza-zaniy/operatsii-s-dannymi-back-end/dostup-k-dannym-cherez-orm/?version=1.9:101
[    1131ms] [LOG] error SyntaxError: Unexpected token '_', "__ym__prom"... is not valid JSON @ https://bpmsoft.ru/baza-zaniy/operatsii-s-dannymi-back-end/dostup-k-dannym-cherez-orm/?version=1.9:101
[    1132ms] [LOG] error SyntaxError: Unexpected token '_', "__ym__prom"... is not valid JSON @ https://bpmsoft.ru/baza-zaniy/operatsii-s-dannymi-back-end/dostup-k-dannym-cherez-orm/?version=1.9:101
[    1132ms] [LOG] error SyntaxError: Unexpected token '_', "__ym__prom"... is not valid JSON @ https://bpmsoft.ru/baza-zaniy/operatsii-s-dannymi-back-end/dostup-k-dannym-cherez-orm/?version=1.9:101
[    1133ms] [LOG] error SyntaxError: Unexpected token '_', "__ym__prom"... is not valid JSON @ https://bpmsoft.ru/baza-zaniy/operatsii-s-dannymi-back-end/dostup-k-dannym-cherez-orm/?version=1.9:101
[    1133ms] [LOG] error SyntaxError: Unexpected token '_', "__ym__prom"... is not valid JSON @ https://bpmsoft.ru/baza-zaniy/operatsii-s-dannymi-back-end/dostup-k-dannym-cherez-orm/?version=1.9:101
[    1133ms] [LOG] error SyntaxError: Unexpected token '_', "__ym__prom"... is not valid JSON @ https://bpmsoft.ru/baza-zaniy/operatsii-s-dannymi-back-end/dostup-k-dannym-cherez-orm/?version=1.9:101
[    1134ms] [LOG] error SyntaxError: Unexpected token '_', "__ym__prom"... is not valid JSON @ https://bpmsoft.ru/baza-zaniy/operatsii-s-dannymi-back-end/dostup-k-dannym-cherez-orm/?version=1.9:101
[    1134ms] [LOG] error SyntaxError: Unexpected token '_', "__ym__prom"... is not valid JSON @ https://bpmsoft.ru/baza-zaniy/operatsii-s-dannymi-back-end/dostup-k-dannym-cherez-orm/?version=1.9:101
[    1135ms] [LOG] error SyntaxError: Unexpected token '_', "__ym__prom"... is not valid JSON @ https://bpmsoft.ru/baza-zaniy/operatsii-s-dannymi-back-end/dostup-k-dannym-cherez-orm/?version=1.9:101
[    1137ms] [LOG] error SyntaxError: Unexpected token '_', "__ym__prom"... is not valid JSON @ https://bpmsoft.ru/baza-zaniy/operatsii-s-dannymi-back-end/dostup-k-dannym-cherez-orm/?version=1.9:101
[    1139ms] [LOG] error SyntaxError: Unexpected token '_', "__ym__prom"... is not valid JSON @ https://bpmsoft.ru/baza-zaniy/operatsii-s-dannymi-back-end/dostup-k-dannym-cherez-orm/?version=1.9:101
[    1139ms] [LOG] error SyntaxError: Unexpected token '_', "__ym__prom"... is not valid JSON @ https://bpmsoft.ru/baza-zaniy/operatsii-s-dannymi-back-end/dostup-k-dannym-cherez-orm/?version=1.9:101
[    1140ms] [LOG] error SyntaxError: Unexpected token '_', "__ym__prom"... is not valid JSON @ https://bpmsoft.ru/baza-zaniy/operatsii-s-dannymi-back-end/dostup-k-dannym-cherez-orm/?version=1.9:101
[    1140ms] [LOG] error SyntaxError: Unexpected token '_', "__ym__prom"... is not valid JSON @ https://bpmsoft.ru/baza-zaniy/operatsii-s-dannymi-back-end/dostup-k-dannym-cherez-orm/?version=1.9:101
[    1141ms] [LOG] error SyntaxError: Unexpected token '_', "__ym__prom"... is not valid JSON @ https://bpmsoft.ru/baza-zaniy/operatsii-s-dannymi-back-end/dostup-k-dannym-cherez-orm/?version=1.9:101
[    1141ms] [LOG] error SyntaxError: Unexpected token '_', "__ym__prom"... is not valid JSON @ https://bpmsoft.ru/baza-zaniy/operatsii-s-dannymi-back-end/dostup-k-dannym-cherez-orm/?version=1.9:101
[    1141ms] [LOG] error SyntaxError: Unexpected token '_', "__ym__prom"... is not valid JSON @ https://bpmsoft.ru/baza-zaniy/operatsii-s-dannymi-back-end/dostup-k-dannym-cherez-orm/?version=1.9:101
[    1142ms] [LOG] error SyntaxError: Unexpected token '_', "__ym__prom"... is not valid JSON @ https://bpmsoft.ru/baza-zaniy/operatsii-s-dannymi-back-end/dostup-k-dannym-cherez-orm/?version=1.9:101
[    1142ms] [LOG] error SyntaxError: Unexpected token '_', "__ym__prom"... is not valid JSON @ https://bpmsoft.ru/baza-zaniy/operatsii-s-dannymi-back-end/dostup-k-dannym-cherez-orm/?version=1.9:101
[    1143ms] [LOG] error SyntaxError: Unexpected token '_', "__ym__prom"... is not valid JSON @ https://bpmsoft.ru/baza-zaniy/operatsii-s-dannymi-back-end/dostup-k-dannym-cherez-orm/?version=1.9:101
[    1143ms] [LOG] error SyntaxError: Unexpected token '_', "__ym__prom"... is not valid JSON @ https://bpmsoft.ru/baza-zaniy/operatsii-s-dannymi-back-end/dostup-k-dannym-cherez-orm/?version=1.9:101
[    1144ms] [LOG] error SyntaxError: Unexpected token '_', "__ym__prom"... is not valid JSON @ https://bpmsoft.ru/baza-zaniy/operatsii-s-dannymi-back-end/dostup-k-dannym-cherez-orm/?version=1.9:101
[    1144ms] [LOG] error SyntaxError: Unexpected token '_', "__ym__prom"... is not valid JSON @ https://bpmsoft.ru/baza-zaniy/operatsii-s-dannymi-back-end/dostup-k-dannym-cherez-orm/?version=1.9:101
[    1145ms] [LOG] error SyntaxError: Unexpected token '_', "__ym__prom"... is not valid JSON @ https://bpmsoft.ru/baza-zaniy/operatsii-s-dannymi-back-end/dostup-k-dannym-cherez-orm/?version=1.9:101
[    1145ms] [LOG] error SyntaxError: Unexpected token '_', "__ym__prom"... is not valid JSON @ https://bpmsoft.ru/baza-zaniy/operatsii-s-dannymi-back-end/dostup-k-dannym-cherez-orm/?version=1.9:101
[    1146ms] [LOG] error SyntaxError: Unexpected token '_', "__ym__prom"... is not valid JSON @ https://bpmsoft.ru/baza-zaniy/operatsii-s-dannymi-back-end/dostup-k-dannym-cherez-orm/?version=1.9:101
[    1146ms] [LOG] error SyntaxError: Unexpected token '_', "__ym__prom"... is not valid JSON @ https://bpmsoft.ru/baza-zaniy/operatsii-s-dannymi-back-end/dostup-k-dannym-cherez-orm/?version=1.9:101
[    1147ms] [LOG] error SyntaxError: Unexpected token '_', "__ym__prom"... is not valid JSON @ https://bpmsoft.ru/baza-zaniy/operatsii-s-dannymi-back-end/dostup-k-dannym-cherez-orm/?version=1.9:101
[    1147ms] [LOG] error SyntaxError: Unexpected token '_', "__ym__prom"... is not valid JSON @ https://bpmsoft.ru/baza-zaniy/operatsii-s-dannymi-back-end/dostup-k-dannym-cherez-orm/?version=1.9:101
[    1148ms] [LOG] error SyntaxError: Unexpected token '_', "__ym__prom"... is not valid JSON @ https://bpmsoft.ru/baza-zaniy/operatsii-s-dannymi-back-end/dostup-k-dannym-cherez-orm/?version=1.9:101
[    1148ms] [LOG] error SyntaxError: Unexpected token '_', "__ym__prom"... is not valid JSON @ https://bpmsoft.ru/baza-zaniy/operatsii-s-dannymi-back-end/dostup-k-dannym-cherez-orm/?version=1.9:101
[    1149ms] [LOG] error SyntaxError: Unexpected token '_', "__ym__prom"... is not valid JSON @ https://bpmsoft.ru/baza-zaniy/operatsii-s-dannymi-back-end/dostup-k-dannym-cherez-orm/?version=1.9:101
[    1149ms] [LOG] error SyntaxError: Unexpected token '_', "__ym__prom"... is not valid JSON @ https://bpmsoft.ru/baza-zaniy/operatsii-s-dannymi-back-end/dostup-k-dannym-cherez-orm/?version=1.9:101
[    1150ms] [LOG] error SyntaxError: Unexpected token '_', "__ym__prom"... is not valid JSON @ https://bpmsoft.ru/baza-zaniy/operatsii-s-dannymi-back-end/dostup-k-dannym-cherez-orm/?version=1.9:101
[    1150ms] [LOG] error SyntaxError: Unexpected token '_', "__ym__prom"... is not valid JSON @ https://bpmsoft.ru/baza-zaniy/operatsii-s-dannymi-back-end/dostup-k-dannym-cherez-orm/?version=1.9:101
[    1151ms] [LOG] error SyntaxError: Unexpected token '_', "__ym__prom"... is not valid JSON @ https://bpmsoft.ru/baza-zaniy/operatsii-s-dannymi-back-end/dostup-k-dannym-cherez-orm/?version=1.9:101
[    1151ms] [LOG] error SyntaxError: Unexpected token '_', "__ym__prom"... is not valid JSON @ https://bpmsoft.ru/baza-zaniy/operatsii-s-dannymi-back-end/dostup-k-dannym-cherez-orm/?version=1.9:101
[    1152ms] [LOG] error SyntaxError: Unexpected token '_', "__ym__prom"... is not valid JSON @ https://bpmsoft.ru/baza-zaniy/operatsii-s-dannymi-back-end/dostup-k-dannym-cherez-orm/?version=1.9:101
[    1153ms] [LOG] error SyntaxError: Unexpected token '_', "__ym__prom"... is not valid JSON @ https://bpmsoft.ru/baza-zaniy/operatsii-s-dannymi-back-end/dostup-k-dannym-cherez-orm/?version=1.9:101
[    1154ms] [LOG] error SyntaxError: Unexpected token '_', "__ym__prom"... is not valid JSON @ https://bpmsoft.ru/baza-zaniy/operatsii-s-dannymi-back-end/dostup-k-dannym-cherez-orm/?version=1.9:101
[    1155ms] [LOG] error SyntaxError: Unexpected token '_', "__ym__prom"... is not valid JSON @ https://bpmsoft.ru/baza-zaniy/operatsii-s-dannymi-back-end/dostup-k-dannym-cherez-orm/?version=1.9:101
[    1155ms] [LOG] error SyntaxError: Unexpected token '_', "__ym__prom"... is not valid JSON @ https://bpmsoft.ru/baza-zaniy/operatsii-s-dannymi-back-end/dostup-k-dannym-cherez-orm/?version=1.9:101
[    1156ms] [LOG] error SyntaxError: Unexpected token '_', "__ym__prom"... is not valid JSON @ https://bpmsoft.ru/baza-zaniy/operatsii-s-dannymi-back-end/dostup-k-dannym-cherez-orm/?version=1.9:101
[    1156ms] [LOG] error SyntaxError: Unexpected token '_', "__ym__prom"... is not valid JSON @ https://bpmsoft.ru/baza-zaniy/operatsii-s-dannymi-back-end/dostup-k-dannym-cherez-orm/?version=1.9:101
[    1157ms] [LOG] error SyntaxError: Unexpected token '_', "__ym__prom"... is not valid JSON @ https://bpmsoft.ru/baza-zaniy/operatsii-s-dannymi-back-end/dostup-k-dannym-cherez-orm/?version=1.9:101
[    1157ms] [LOG] error SyntaxError: Unexpected token '_', "__ym__prom"... is not valid JSON @ https://bpmsoft.ru/baza-zaniy/operatsii-s-dannymi-back-end/dostup-k-dannym-cherez-orm/?version=1.9:101
[    1158ms] [LOG] error SyntaxError: Unexpected token '_', "__ym__prom"... is not valid JSON @ https://bpmsoft.ru/baza-zaniy/operatsii-s-dannymi-back-end/dostup-k-dannym-cherez-orm/?version=1.9:101
[    1158ms] [LOG] error SyntaxError: Unexpected token '_', "__ym__prom"... is not valid JSON @ https://bpmsoft.ru/baza-zaniy/operatsii-s-dannymi-back-end/dostup-k-dannym-cherez-orm/?version=1.9:101
[    1158ms] [LOG] error SyntaxError: Unexpected token '_', "__ym__prom"... is not valid JSON @ https://bpmsoft.ru/baza-zaniy/operatsii-s-dannymi-back-end/dostup-k-dannym-cherez-orm/?version=1.9:101
[    1159ms] [LOG] error SyntaxError: Unexpected token '_', "__ym__prom"... is not valid JSON @ https://bpmsoft.ru/baza-zaniy/operatsii-s-dannymi-back-end/dostup-k-dannym-cherez-orm/?version=1.9:101
[    1159ms] [LOG] error SyntaxError: Unexpected token '_', "__ym__prom"... is not valid JSON @ https://bpmsoft.ru/baza-zaniy/operatsii-s-dannymi-back-end/dostup-k-dannym-cherez-orm/?version=1.9:101
[    1160ms] [LOG] error SyntaxError: Unexpected token '_', "__ym__prom"... is not valid JSON @ https://bpmsoft.ru/baza-zaniy/operatsii-s-dannymi-back-end/dostup-k-dannym-cherez-orm/?version=1.9:101
[    1160ms] [LOG] error SyntaxError: Unexpected token '_', "__ym__prom"... is not valid JSON @ https://bpmsoft.ru/baza-zaniy/operatsii-s-dannymi-back-end/dostup-k-dannym-cherez-orm/?version=1.9:101
[    1160ms] [LOG] error SyntaxError: Unexpected token '_', "__ym__prom"... is not valid JSON @ https://bpmsoft.ru/baza-zaniy/operatsii-s-dannymi-back-end/dostup-k-dannym-cherez-orm/?version=1.9:101
[    1161ms] [LOG] error SyntaxError: Unexpected token '_', "__ym__prom"... is not valid JSON @ https://bpmsoft.ru/baza-zaniy/operatsii-s-dannymi-back-end/dostup-k-dannym-cherez-orm/?version=1.9:101
[    1161ms] [LOG] error SyntaxError: Unexpected token '_', "__ym__prom"... is not valid JSON @ https://bpmsoft.ru/baza-zaniy/operatsii-s-dannymi-back-end/dostup-k-dannym-cherez-orm/?version=1.9:101
[    1162ms] [LOG] error SyntaxError: Unexpected token '_', "__ym__prom"... is not valid JSON @ https://bpmsoft.ru/baza-zaniy/operatsii-s-dannymi-back-end/dostup-k-dannym-cherez-orm/?version=1.9:101
[    1162ms] [LOG] error SyntaxError: Unexpected token '_', "__ym__prom"... is not valid JSON @ https://bpmsoft.ru/baza-zaniy/operatsii-s-dannymi-back-end/dostup-k-dannym-cherez-orm/?version=1.9:101
[    1162ms] [LOG] error SyntaxError: Unexpected token '_', "__ym__prom"... is not valid JSON @ https://bpmsoft.ru/baza-zaniy/operatsii-s-dannymi-back-end/dostup-k-dannym-cherez-orm/?version=1.9:101
[    1163ms] [LOG] error SyntaxError: Unexpected token '_', "__ym__prom"... is not valid JSON @ https://bpmsoft.ru/baza-zaniy/operatsii-s-dannymi-back-end/dostup-k-dannym-cherez-orm/?version=1.9:101
[    1163ms] [LOG] error SyntaxError: Unexpected token '_', "__ym__prom"... is not valid JSON @ https://bpmsoft.ru/baza-zaniy/operatsii-s-dannymi-back-end/dostup-k-dannym-cherez-orm/?version=1.9:101
[    1164ms] [LOG] error SyntaxError: Unexpected token '_', "__ym__prom"... is not valid JSON @ https://bpmsoft.ru/baza-zaniy/operatsii-s-dannymi-back-end/dostup-k-dannym-cherez-orm/?version=1.9:101
[    1164ms] [LOG] error SyntaxError: Unexpected token '_', "__ym__prom"... is not valid JSON @ https://bpmsoft.ru/baza-zaniy/operatsii-s-dannymi-back-end/dostup-k-dannym-cherez-orm/?version=1.9:101
[    1164ms] [LOG] error SyntaxError: Unexpected token '_', "__ym__prom"... is not valid JSON @ https://bpmsoft.ru/baza-zaniy/operatsii-s-dannymi-back-end/dostup-k-dannym-cherez-orm/?version=1.9:101
[    1165ms] [LOG] error SyntaxError: Unexpected token '_', "__ym__prom"... is not valid JSON @ https://bpmsoft.ru/baza-zaniy/operatsii-s-dannymi-back-end/dostup-k-dannym-cherez-orm/?version=1.9:101
[    1165ms] [LOG] error SyntaxError: Unexpected token '_', "__ym__prom"... is not valid JSON @ https://bpmsoft.ru/baza-zaniy/operatsii-s-dannymi-back-end/dostup-k-dannym-cherez-orm/?version=1.9:101
[    1166ms] [LOG] error SyntaxError: Unexpected token '_', "__ym__prom"... is not valid JSON @ https://bpmsoft.ru/baza-zaniy/operatsii-s-dannymi-back-end/dostup-k-dannym-cherez-orm/?version=1.9:101
[    1166ms] [LOG] error SyntaxError: Unexpected token '_', "__ym__prom"... is not valid JSON @ https://bpmsoft.ru/baza-zaniy/operatsii-s-dannymi-back-end/dostup-k-dannym-cherez-orm/?version=1.9:101
[    1166ms] [LOG] error SyntaxError: Unexpected token '_', "__ym__prom"... is not valid JSON @ https://bpmsoft.ru/baza-zaniy/operatsii-s-dannymi-back-end/dostup-k-dannym-cherez-orm/?version=1.9:101
[    1167ms] [LOG] error SyntaxError: Unexpected token '_', "__ym__prom"... is not valid JSON @ https://bpmsoft.ru/baza-zaniy/operatsii-s-dannymi-back-end/dostup-k-dannym-cherez-orm/?version=1.9:101
[    1167ms] [LOG] error SyntaxError: Unexpected token '_', "__ym__prom"... is not valid JSON @ https://bpmsoft.ru/baza-zaniy/operatsii-s-dannymi-back-end/dostup-k-dannym-cherez-orm/?version=1.9:101
[    1168ms] [LOG] error SyntaxError: Unexpected token '_', "__ym__prom"... is not valid JSON @ https://bpmsoft.ru/baza-zaniy/operatsii-s-dannymi-back-end/dostup-k-dannym-cherez-orm/?version=1.9:101
[    1168ms] [LOG] error SyntaxError: Unexpected token '_', "__ym__prom"... is not valid JSON @ https://bpmsoft.ru/baza-zaniy/operatsii-s-dannymi-back-end/dostup-k-dannym-cherez-orm/?version=1.9:101
[    1169ms] [LOG] error SyntaxError: Unexpected token '_', "__ym__prom"... is not valid JSON @ https://bpmsoft.ru/baza-zaniy/operatsii-s-dannymi-back-end/dostup-k-dannym-cherez-orm/?version=1.9:101
[    1170ms] [LOG] error SyntaxError: Unexpected token '_', "__ym__prom"... is not valid JSON @ https://bpmsoft.ru/baza-zaniy/operatsii-s-dannymi-back-end/dostup-k-dannym-cherez-orm/?version=1.9:101
[    1171ms] [LOG] error SyntaxError: Unexpected token '_', "__ym__prom"... is not valid JSON @ https://bpmsoft.ru/baza-zaniy/operatsii-s-dannymi-back-end/dostup-k-dannym-cherez-orm/?version=1.9:101
[    1172ms] [LOG] error SyntaxError: Unexpected token '_', "__ym__prom"... is not valid JSON @ https://bpmsoft.ru/baza-zaniy/operatsii-s-dannymi-back-end/dostup-k-dannym-cherez-orm/?version=1.9:101
[    1172ms] [LOG] error SyntaxError: Unexpected token '_', "__ym__prom"... is not valid JSON @ https://bpmsoft.ru/baza-zaniy/operatsii-s-dannymi-back-end/dostup-k-dannym-cherez-orm/?version=1.9:101
[    1172ms] [LOG] error SyntaxError: Unexpected token '_', "__ym__prom"... is not valid JSON @ https://bpmsoft.ru/baza-zaniy/operatsii-s-dannymi-back-end/dostup-k-dannym-cherez-orm/?version=1.9:101
[    1173ms] [LOG] error SyntaxError: Unexpected token '_', "__ym__prom"... is not valid JSON @ https://bpmsoft.ru/baza-zaniy/operatsii-s-dannymi-back-end/dostup-k-dannym-cherez-orm/?version=1.9:101
[    1173ms] [LOG] error SyntaxError: Unexpected token '_', "__ym__prom"... is not valid JSON @ https://bpmsoft.ru/baza-zaniy/operatsii-s-dannymi-back-end/dostup-k-dannym-cherez-orm/?version=1.9:101
[    1174ms] [LOG] error SyntaxError: Unexpected token '_', "__ym__prom"... is not valid JSON @ https://bpmsoft.ru/baza-zaniy/operatsii-s-dannymi-back-end/dostup-k-dannym-cherez-orm/?version=1.9:101
[    1174ms] [LOG] error SyntaxError: Unexpected token '_', "__ym__prom"... is not valid JSON @ https://bpmsoft.ru/baza-zaniy/operatsii-s-dannymi-back-end/dostup-k-dannym-cherez-orm/?version=1.9:101
[    1174ms] [LOG] error SyntaxError: Unexpected token '_', "__ym__prom"... is not valid JSON @ https://bpmsoft.ru/baza-zaniy/operatsii-s-dannymi-back-end/dostup-k-dannym-cherez-orm/?version=1.9:101
[    1175ms] [LOG] error SyntaxError: Unexpected token '_', "__ym__prom"... is not valid JSON @ https://bpmsoft.ru/baza-zaniy/operatsii-s-dannymi-back-end/dostup-k-dannym-cherez-orm/?version=1.9:101
[    1175ms] [LOG] error SyntaxError: Unexpected token '_', "__ym__prom"... is not valid JSON @ https://bpmsoft.ru/baza-zaniy/operatsii-s-dannymi-back-end/dostup-k-dannym-cherez-orm/?version=1.9:101
[    1175ms] [LOG] error SyntaxError: Unexpected token '_', "__ym__prom"... is not valid JSON @ https://bpmsoft.ru/baza-zaniy/operatsii-s-dannymi-back-end/dostup-k-dannym-cherez-orm/?version=1.9:101
[    1176ms] [LOG] error SyntaxError: Unexpected token '_', "__ym__prom"... is not valid JSON @ https://bpmsoft.ru/baza-zaniy/operatsii-s-dannymi-back-end/dostup-k-dannym-cherez-orm/?version=1.9:101
[    1176ms] [LOG] error SyntaxError: Unexpected token '_', "__ym__prom"... is not valid JSON @ https://bpmsoft.ru/baza-zaniy/operatsii-s-dannymi-back-end/dostup-k-dannym-cherez-orm/?version=1.9:101
[    1177ms] [LOG] error SyntaxError: Unexpected token '_', "__ym__prom"... is not valid JSON @ https://bpmsoft.ru/baza-zaniy/operatsii-s-dannymi-back-end/dostup-k-dannym-cherez-orm/?version=1.9:101
[    1177ms] [LOG] error SyntaxError: Unexpected token '_', "__ym__prom"... is not valid JSON @ https://bpmsoft.ru/baza-zaniy/operatsii-s-dannymi-back-end/dostup-k-dannym-cherez-orm/?version=1.9:101
[    1177ms] [LOG] error SyntaxError: Unexpected token '_', "__ym__prom"... is not valid JSON @ https://bpmsoft.ru/baza-zaniy/operatsii-s-dannymi-back-end/dostup-k-dannym-cherez-orm/?version=1.9:101
[    1178ms] [LOG] error SyntaxError: Unexpected token '_', "__ym__prom"... is not valid JSON @ https://bpmsoft.ru/baza-zaniy/operatsii-s-dannymi-back-end/dostup-k-dannym-cherez-orm/?version=1.9:101
[    1178ms] [LOG] error SyntaxError: Unexpected token '_', "__ym__prom"... is not valid JSON @ https://bpmsoft.ru/baza-zaniy/operatsii-s-dannymi-back-end/dostup-k-dannym-cherez-orm/?version=1.9:101
[    1178ms] [LOG] error SyntaxError: Unexpected token '_', "__ym__prom"... is not valid JSON @ https://bpmsoft.ru/baza-zaniy/operatsii-s-dannymi-back-end/dostup-k-dannym-cherez-orm/?version=1.9:101
[    1179ms] [LOG] error SyntaxError: Unexpected token '_', "__ym__prom"... is not valid JSON @ https://bpmsoft.ru/baza-zaniy/operatsii-s-dannymi-back-end/dostup-k-dannym-cherez-orm/?version=1.9:101
[    1179ms] [LOG] error SyntaxError: Unexpected token '_', "__ym__prom"... is not valid JSON @ https://bpmsoft.ru/baza-zaniy/operatsii-s-dannymi-back-end/dostup-k-dannym-cherez-orm/?version=1.9:101
[    1180ms] [LOG] error SyntaxError: Unexpected token '_', "__ym__prom"... is not valid JSON @ https://bpmsoft.ru/baza-zaniy/operatsii-s-dannymi-back-end/dostup-k-dannym-cherez-orm/?version=1.9:101
[    1180ms] [LOG] error SyntaxError: Unexpected token '_', "__ym__prom"... is not valid JSON @ https://bpmsoft.ru/baza-zaniy/operatsii-s-dannymi-back-end/dostup-k-dannym-cherez-orm/?version=1.9:101
[    1180ms] [LOG] error SyntaxError: Unexpected token '_', "__ym__prom"... is not valid JSON @ https://bpmsoft.ru/baza-zaniy/operatsii-s-dannymi-back-end/dostup-k-dannym-cherez-orm/?version=1.9:101
[    1181ms] [LOG] error SyntaxError: Unexpected token '_', "__ym__prom"... is not valid JSON @ https://bpmsoft.ru/baza-zaniy/operatsii-s-dannymi-back-end/dostup-k-dannym-cherez-orm/?version=1.9:101
[    1181ms] [LOG] error SyntaxError: Unexpected token '_', "__ym__prom"... is not valid JSON @ https://bpmsoft.ru/baza-zaniy/operatsii-s-dannymi-back-end/dostup-k-dannym-cherez-orm/?version=1.9:101
[    1181ms] [LOG] error SyntaxError: Unexpected token '_', "__ym__prom"... is not valid JSON @ https://bpmsoft.ru/baza-zaniy/operatsii-s-dannymi-back-end/dostup-k-dannym-cherez-orm/?version=1.9:101
[    1182ms] [LOG] error SyntaxError: Unexpected token '_', "__ym__prom"... is not valid JSON @ https://bpmsoft.ru/baza-zaniy/operatsii-s-dannymi-back-end/dostup-k-dannym-cherez-orm/?version=1.9:101
[    1182ms] [LOG] error SyntaxError: Unexpected token '_', "__ym__prom"... is not valid JSON @ https://bpmsoft.ru/baza-zaniy/operatsii-s-dannymi-back-end/dostup-k-dannym-cherez-orm/?version=1.9:101
[    1182ms] [LOG] error SyntaxError: Unexpected token '_', "__ym__prom"... is not valid JSON @ https://bpmsoft.ru/baza-zaniy/operatsii-s-dannymi-back-end/dostup-k-dannym-cherez-orm/?version=1.9:101
[    1183ms] [LOG] error SyntaxError: Unexpected token '_', "__ym__prom"... is not valid JSON @ https://bpmsoft.ru/baza-zaniy/operatsii-s-dannymi-back-end/dostup-k-dannym-cherez-orm/?version=1.9:101
[    1183ms] [LOG] error SyntaxError: Unexpected token '_', "__ym__prom"... is not valid JSON @ https://bpmsoft.ru/baza-zaniy/operatsii-s-dannymi-back-end/dostup-k-dannym-cherez-orm/?version=1.9:101
[    1184ms] [LOG] error SyntaxError: Unexpected token '_', "__ym__prom"... is not valid JSON @ https://bpmsoft.ru/baza-zaniy/operatsii-s-dannymi-back-end/dostup-k-dannym-cherez-orm/?version=1.9:101
[    1184ms] [LOG] error SyntaxError: Unexpected token '_', "__ym__prom"... is not valid JSON @ https://bpmsoft.ru/baza-zaniy/operatsii-s-dannymi-back-end/dostup-k-dannym-cherez-orm/?version=1.9:101
[    1184ms] [LOG] error SyntaxError: Unexpected token '_', "__ym__prom"... is not valid JSON @ https://bpmsoft.ru/baza-zaniy/operatsii-s-dannymi-back-end/dostup-k-dannym-cherez-orm/?version=1.9:101
[    1185ms] [LOG] error SyntaxError: Unexpected token '_', "__ym__prom"... is not valid JSON @ https://bpmsoft.ru/baza-zaniy/operatsii-s-dannymi-back-end/dostup-k-dannym-cherez-orm/?version=1.9:101
[    1187ms] [LOG] error SyntaxError: Unexpected token '_', "__ym__prom"... is not valid JSON @ https://bpmsoft.ru/baza-zaniy/operatsii-s-dannymi-back-end/dostup-k-dannym-cherez-orm/?version=1.9:101
[    1188ms] [LOG] error SyntaxError: Unexpected token '_', "__ym__prom"... is not valid JSON @ https://bpmsoft.ru/baza-zaniy/operatsii-s-dannymi-back-end/dostup-k-dannym-cherez-orm/?version=1.9:101
[    1189ms] [LOG] error SyntaxError: Unexpected token '_', "__ym__prom"... is not valid JSON @ https://bpmsoft.ru/baza-zaniy/operatsii-s-dannymi-back-end/dostup-k-dannym-cherez-orm/?version=1.9:101
[    1189ms] [LOG] error SyntaxError: Unexpected token '_', "__ym__prom"... is not valid JSON @ https://bpmsoft.ru/baza-zaniy/operatsii-s-dannymi-back-end/dostup-k-dannym-cherez-orm/?version=1.9:101
[    1190ms] [LOG] error SyntaxError: Unexpected token '_', "__ym__prom"... is not valid JSON @ https://bpmsoft.ru/baza-zaniy/operatsii-s-dannymi-back-end/dostup-k-dannym-cherez-orm/?version=1.9:101
[    1190ms] [LOG] error SyntaxError: Unexpected token '_', "__ym__prom"... is not valid JSON @ https://bpmsoft.ru/baza-zaniy/operatsii-s-dannymi-back-end/dostup-k-dannym-cherez-orm/?version=1.9:101
[    1191ms] [LOG] error SyntaxError: Unexpected token '_', "__ym__prom"... is not valid JSON @ https://bpmsoft.ru/baza-zaniy/operatsii-s-dannymi-back-end/dostup-k-dannym-cherez-orm/?version=1.9:101
[    1191ms] [LOG] error SyntaxError: Unexpected token '_', "__ym__prom"... is not valid JSON @ https://bpmsoft.ru/baza-zaniy/operatsii-s-dannymi-back-end/dostup-k-dannym-cherez-orm/?version=1.9:101
[    1191ms] [LOG] error SyntaxError: Unexpected token '_', "__ym__prom"... is not valid JSON @ https://bpmsoft.ru/baza-zaniy/operatsii-s-dannymi-back-end/dostup-k-dannym-cherez-orm/?version=1.9:101
[    1191ms] [LOG] error SyntaxError: Unexpected token '_', "__ym__prom"... is not valid JSON @ https://bpmsoft.ru/baza-zaniy/operatsii-s-dannymi-back-end/dostup-k-dannym-cherez-orm/?version=1.9:101
[    1192ms] [LOG] error SyntaxError: Unexpected token '_', "__ym__prom"... is not valid JSON @ https://bpmsoft.ru/baza-zaniy/operatsii-s-dannymi-back-end/dostup-k-dannym-cherez-orm/?version=1.9:101
[    1192ms] [LOG] error SyntaxError: Unexpected token '_', "__ym__prom"... is not valid JSON @ https://bpmsoft.ru/baza-zaniy/operatsii-s-dannymi-back-end/dostup-k-dannym-cherez-orm/?version=1.9:101
[    1193ms] [LOG] error SyntaxError: Unexpected token '_', "__ym__prom"... is not valid JSON @ https://bpmsoft.ru/baza-zaniy/operatsii-s-dannymi-back-end/dostup-k-dannym-cherez-orm/?version=1.9:101
[    1193ms] [LOG] error SyntaxError: Unexpected token '_', "__ym__prom"... is not valid JSON @ https://bpmsoft.ru/baza-zaniy/operatsii-s-dannymi-back-end/dostup-k-dannym-cherez-orm/?version=1.9:101
[    1193ms] [LOG] error SyntaxError: Unexpected token '_', "__ym__prom"... is not valid JSON @ https://bpmsoft.ru/baza-zaniy/operatsii-s-dannymi-back-end/dostup-k-dannym-cherez-orm/?version=1.9:101
[    1193ms] [LOG] error SyntaxError: Unexpected token '_', "__ym__prom"... is not valid JSON @ https://bpmsoft.ru/baza-zaniy/operatsii-s-dannymi-back-end/dostup-k-dannym-cherez-orm/?version=1.9:101
[    1194ms] [LOG] error SyntaxError: Unexpected token '_', "__ym__prom"... is not valid JSON @ https://bpmsoft.ru/baza-zaniy/operatsii-s-dannymi-back-end/dostup-k-dannym-cherez-orm/?version=1.9:101
[    1194ms] [LOG] error SyntaxError: Unexpected token '_', "__ym__prom"... is not valid JSON @ https://bpmsoft.ru/baza-zaniy/operatsii-s-dannymi-back-end/dostup-k-dannym-cherez-orm/?version=1.9:101
[    1194ms] [LOG] error SyntaxError: Unexpected token '_', "__ym__prom"... is not valid JSON @ https://bpmsoft.ru/baza-zaniy/operatsii-s-dannymi-back-end/dostup-k-dannym-cherez-orm/?version=1.9:101
[    1195ms] [LOG] error SyntaxError: Unexpected token '_', "__ym__prom"... is not valid JSON @ https://bpmsoft.ru/baza-zaniy/operatsii-s-dannymi-back-end/dostup-k-dannym-cherez-orm/?version=1.9:101
[    1195ms] [LOG] error SyntaxError: Unexpected token '_', "__ym__prom"... is not valid JSON @ https://bpmsoft.ru/baza-zaniy/operatsii-s-dannymi-back-end/dostup-k-dannym-cherez-orm/?version=1.9:101
[    1195ms] [LOG] error SyntaxError: Unexpected token '_', "__ym__prom"... is not valid JSON @ https://bpmsoft.ru/baza-zaniy/operatsii-s-dannymi-back-end/dostup-k-dannym-cherez-orm/?version=1.9:101
[    1196ms] [LOG] error SyntaxError: Unexpected token '_', "__ym__prom"... is not valid JSON @ https://bpmsoft.ru/baza-zaniy/operatsii-s-dannymi-back-end/dostup-k-dannym-cherez-orm/?version=1.9:101
