[     355ms] [ERROR] Failed to load resource: the server responded with a status of 404 (Not Found) @ https://bpmsoft.ru/baza-zaniy/nastroyka-portala/stranitsa-vkhoda-na-portal/?version=1.9:0
[     586ms] [LOG] error SyntaxError: Unexpected token '_', "__ym__prom"... is not valid JSON @ https://bpmsoft.ru/baza-zaniy/nastroyka-portala/stranitsa-vkhoda-na-portal/?version=1.9:101
[     588ms] [LOG] error SyntaxError: Unexpected token '_', "__ym__prom"... is not valid JSON @ https://bpmsoft.ru/baza-zaniy/nastroyka-portala/stranitsa-vkhoda-na-portal/?version=1.9:101
[     621ms] [LOG] error SyntaxError: Unexpected token '_', "__ym__prom"... is not valid JSON @ https://bpmsoft.ru/baza-zaniy/nastroyka-portala/stranitsa-vkhoda-na-portal/?version=1.9:101
[     628ms] [LOG] error SyntaxError: Unexpected token '_', "__ym__prom"... is not valid JSON @ https://bpmsoft.ru/baza-zaniy/nastroyka-portala/stranitsa-vkhoda-na-portal/?version=1.9:101
[     632ms] [LOG] error SyntaxError: Unexpected token '_', "__ym__prom"... is not valid JSON @ https://bpmsoft.ru/baza-zaniy/nastroyka-portala/stranitsa-vkhoda-na-portal/?version=1.9:101
[     636ms] [LOG] error SyntaxError: Unexpected token '_', "__ym__prom"... is not valid JSON @ https://bpmsoft.ru/baza-zaniy/nastroyka-portala/stranitsa-vkhoda-na-portal/?version=1.9:101
[     859ms] [VERBOSE] [DOM] Input elements should have autocomplete attributes (suggested: "current-password"): (More info: https://goo.gl/9p2vKq) %o @ https://bpmsoft.ru/baza-zaniy/nastroyka-portala/stranitsa-vkhoda-na-portal/?version=1.9:0
[     859ms] [VERBOSE] [DOM] Input elements should have autocomplete attributes (suggested: "new-password"): (More info: https://goo.gl/9p2vKq) %o @ https://bpmsoft.ru/baza-zaniy/nastroyka-portala/stranitsa-vkhoda-na-portal/?version=1.9:0
[     859ms] [VERBOSE] [DOM] Input elements should have autocomplete attributes (suggested: "new-password"): (More info: https://goo.gl/9p2vKq) %o @ https://bpmsoft.ru/baza-zaniy/nastroyka-portala/stranitsa-vkhoda-na-portal/?version=1.9:0
[     859ms] [VERBOSE] [DOM] Input elements should have autocomplete attributes (suggested: "current-password"): (More info: https://goo.gl/9p2vKq) %o @ https://bpmsoft.ru/baza-zaniy/nastroyka-portala/stranitsa-vkhoda-na-portal/?version=1.9:0
[     859ms] [VERBOSE] [DOM] Input elements should have autocomplete attributes (suggested: "new-password"): (More info: https://goo.gl/9p2vKq) %o @ https://bpmsoft.ru/baza-zaniy/nastroyka-portala/stranitsa-vkhoda-na-portal/?version=1.9:0
[     859ms] [VERBOSE] [DOM] Input elements should have autocomplete attributes (suggested: "new-password"): (More info: https://goo.gl/9p2vKq) %o @ https://bpmsoft.ru/baza-zaniy/nastroyka-portala/stranitsa-vkhoda-na-portal/?version=1.9:0
[    1347ms] [LOG] error SyntaxError: Unexpected token '_', "__ym__prom"... is not valid JSON @ https://bpmsoft.ru/baza-zaniy/nastroyka-portala/stranitsa-vkhoda-na-portal/?version=1.9:101
[    1478ms] [LOG] error SyntaxError: Unexpected token '_', "__ym__prom"... is not valid JSON @ https://bpmsoft.ru/baza-zaniy/nastroyka-portala/stranitsa-vkhoda-na-portal/?version=1.9:101
[    1479ms] [LOG] error SyntaxError: Unexpected token '_', "__ym__prom"... is not valid JSON @ https://bpmsoft.ru/baza-zaniy/nastroyka-portala/stranitsa-vkhoda-na-portal/?version=1.9:101
[    1479ms] [LOG] error SyntaxError: Unexpected token '_', "__ym__prom"... is not valid JSON @ https://bpmsoft.ru/baza-zaniy/nastroyka-portala/stranitsa-vkhoda-na-portal/?version=1.9:101
[    1480ms] [LOG] error SyntaxError: Unexpected token '_', "__ym__prom"... is not valid JSON @ https://bpmsoft.ru/baza-zaniy/nastroyka-portala/stranitsa-vkhoda-na-portal/?version=1.9:101
[    1481ms] [LOG] error SyntaxError: Unexpected token '_', "__ym__prom"... is not valid JSON @ https://bpmsoft.ru/baza-zaniy/nastroyka-portala/stranitsa-vkhoda-na-portal/?version=1.9:101
[    1482ms] [LOG] error SyntaxError: Unexpected token '_', "__ym__prom"... is not valid JSON @ https://bpmsoft.ru/baza-zaniy/nastroyka-portala/stranitsa-vkhoda-na-portal/?version=1.9:101
[    1483ms] [LOG] error SyntaxError: Unexpected token '_', "__ym__prom"... is not valid JSON @ https://bpmsoft.ru/baza-zaniy/nastroyka-portala/stranitsa-vkhoda-na-portal/?version=1.9:101
[    1483ms] [LOG] error SyntaxError: Unexpected token '_', "__ym__prom"... is not valid JSON @ https://bpmsoft.ru/baza-zaniy/nastroyka-portala/stranitsa-vkhoda-na-portal/?version=1.9:101
[    1484ms] [LOG] error SyntaxError: Unexpected token '_', "__ym__prom"... is not valid JSON @ https://bpmsoft.ru/baza-zaniy/nastroyka-portala/stranitsa-vkhoda-na-portal/?version=1.9:101
[    1485ms] [LOG] error SyntaxError: Unexpected token '_', "__ym__prom"... is not valid JSON @ https://bpmsoft.ru/baza-zaniy/nastroyka-portala/stranitsa-vkhoda-na-portal/?version=1.9:101
[    1485ms] [LOG] error SyntaxError: Unexpected token '_', "__ym__prom"... is not valid JSON @ https://bpmsoft.ru/baza-zaniy/nastroyka-portala/stranitsa-vkhoda-na-portal/?version=1.9:101
[    1486ms] [LOG] error SyntaxError: Unexpected token '_', "__ym__prom"... is not valid JSON @ https://bpmsoft.ru/baza-zaniy/nastroyka-portala/stranitsa-vkhoda-na-portal/?version=1.9:101
[    1486ms] [LOG] error SyntaxError: Unexpected token '_', "__ym__prom"... is not valid JSON @ https://bpmsoft.ru/baza-zaniy/nastroyka-portala/stranitsa-vkhoda-na-portal/?version=1.9:101
[    1487ms] [LOG] error SyntaxError: Unexpected token '_', "__ym__prom"... is not valid JSON @ https://bpmsoft.ru/baza-zaniy/nastroyka-portala/stranitsa-vkhoda-na-portal/?version=1.9:101
[    1487ms] [LOG] error SyntaxError: Unexpected token '_', "__ym__prom"... is not valid JSON @ https://bpmsoft.ru/baza-zaniy/nastroyka-portala/stranitsa-vkhoda-na-portal/?version=1.9:101
[    1488ms] [LOG] error SyntaxError: Unexpected token '_', "__ym__prom"... is not valid JSON @ https://bpmsoft.ru/baza-zaniy/nastroyka-portala/stranitsa-vkhoda-na-portal/?version=1.9:101
[    1489ms] [LOG] error SyntaxError: Unexpected token '_', "__ym__prom"... is not valid JSON @ https://bpmsoft.ru/baza-zaniy/nastroyka-portala/stranitsa-vkhoda-na-portal/?version=1.9:101
[    1489ms] [LOG] error SyntaxError: Unexpected token '_', "__ym__prom"... is not valid JSON @ https://bpmsoft.ru/baza-zaniy/nastroyka-portala/stranitsa-vkhoda-na-portal/?version=1.9:101
[    1490ms] [LOG] error SyntaxError: Unexpected token '_', "__ym__prom"... is not valid JSON @ https://bpmsoft.ru/baza-zaniy/nastroyka-portala/stranitsa-vkhoda-na-portal/?version=1.9:101
[    1490ms] [LOG] error SyntaxError: Unexpected token '_', "__ym__prom"... is not valid JSON @ https://bpmsoft.ru/baza-zaniy/nastroyka-portala/stranitsa-vkhoda-na-portal/?version=1.9:101
[    1491ms] [LOG] error SyntaxError: Unexpected token '_', "__ym__prom"... is not valid JSON @ https://bpmsoft.ru/baza-zaniy/nastroyka-portala/stranitsa-vkhoda-na-portal/?version=1.9:101
[    1491ms] [LOG] error SyntaxError: Unexpected token '_', "__ym__prom"... is not valid JSON @ https://bpmsoft.ru/baza-zaniy/nastroyka-portala/stranitsa-vkhoda-na-portal/?version=1.9:101
[    1492ms] [LOG] error SyntaxError: Unexpected token '_', "__ym__prom"... is not valid JSON @ https://bpmsoft.ru/baza-zaniy/nastroyka-portala/stranitsa-vkhoda-na-portal/?version=1.9:101
[    1492ms] [LOG] error SyntaxError: Unexpected token '_', "__ym__prom"... is not valid JSON @ https://bpmsoft.ru/baza-zaniy/nastroyka-portala/stranitsa-vkhoda-na-portal/?version=1.9:101
[    1493ms] [LOG] error SyntaxError: Unexpected token '_', "__ym__prom"... is not valid JSON @ https://bpmsoft.ru/baza-zaniy/nastroyka-portala/stranitsa-vkhoda-na-portal/?version=1.9:101
[    1493ms] [LOG] error SyntaxError: Unexpected token '_', "__ym__prom"... is not valid JSON @ https://bpmsoft.ru/baza-zaniy/nastroyka-portala/stranitsa-vkhoda-na-portal/?version=1.9:101
[    1494ms] [LOG] error SyntaxError: Unexpected token '_', "__ym__prom"... is not valid JSON @ https://bpmsoft.ru/baza-zaniy/nastroyka-portala/stranitsa-vkhoda-na-portal/?version=1.9:101
[    1494ms] [LOG] error SyntaxError: Unexpected token '_', "__ym__prom"... is not valid JSON @ https://bpmsoft.ru/baza-zaniy/nastroyka-portala/stranitsa-vkhoda-na-portal/?version=1.9:101
[    1495ms] [LOG] error SyntaxError: Unexpected token '_', "__ym__prom"... is not valid JSON @ https://bpmsoft.ru/baza-zaniy/nastroyka-portala/stranitsa-vkhoda-na-portal/?version=1.9:101
[    1495ms] [LOG] error SyntaxError: Unexpected token '_', "__ym__prom"... is not valid JSON @ https://bpmsoft.ru/baza-zaniy/nastroyka-portala/stranitsa-vkhoda-na-portal/?version=1.9:101
[    1495ms] [LOG] error SyntaxError: Unexpected token '_', "__ym__prom"... is not valid JSON @ https://bpmsoft.ru/baza-zaniy/nastroyka-portala/stranitsa-vkhoda-na-portal/?version=1.9:101
[    1496ms] [LOG] error SyntaxError: Unexpected token '_', "__ym__prom"... is not valid JSON @ https://bpmsoft.ru/baza-zaniy/nastroyka-portala/stranitsa-vkhoda-na-portal/?version=1.9:101
[    1496ms] [LOG] error SyntaxError: Unexpected token '_', "__ym__prom"... is not valid JSON @ https://bpmsoft.ru/baza-zaniy/nastroyka-portala/stranitsa-vkhoda-na-portal/?version=1.9:101
[    1497ms] [LOG] error SyntaxError: Unexpected token '_', "__ym__prom"... is not valid JSON @ https://bpmsoft.ru/baza-zaniy/nastroyka-portala/stranitsa-vkhoda-na-portal/?version=1.9:101
[    1498ms] [LOG] error SyntaxError: Unexpected token '_', "__ym__prom"... is not valid JSON @ https://bpmsoft.ru/baza-zaniy/nastroyka-portala/stranitsa-vkhoda-na-portal/?version=1.9:101
[    1499ms] [LOG] error SyntaxError: Unexpected token '_', "__ym__prom"... is not valid JSON @ https://bpmsoft.ru/baza-zaniy/nastroyka-portala/stranitsa-vkhoda-na-portal/?version=1.9:101
[    1500ms] [LOG] error SyntaxError: Unexpected token '_', "__ym__prom"... is not valid JSON @ https://bpmsoft.ru/baza-zaniy/nastroyka-portala/stranitsa-vkhoda-na-portal/?version=1.9:101
[    1501ms] [LOG] error SyntaxError: Unexpected token '_', "__ym__prom"... is not valid JSON @ https://bpmsoft.ru/baza-zaniy/nastroyka-portala/stranitsa-vkhoda-na-portal/?version=1.9:101
[    1502ms] [LOG] error SyntaxError: Unexpected token '_', "__ym__prom"... is not valid JSON @ https://bpmsoft.ru/baza-zaniy/nastroyka-portala/stranitsa-vkhoda-na-portal/?version=1.9:101
[    1502ms] [LOG] error SyntaxError: Unexpected token '_', "__ym__prom"... is not valid JSON @ https://bpmsoft.ru/baza-zaniy/nastroyka-portala/stranitsa-vkhoda-na-portal/?version=1.9:101
[    1502ms] [LOG] error SyntaxError: Unexpected token '_', "__ym__prom"... is not valid JSON @ https://bpmsoft.ru/baza-zaniy/nastroyka-portala/stranitsa-vkhoda-na-portal/?version=1.9:101
[    1503ms] [LOG] error SyntaxError: Unexpected token '_', "__ym__prom"... is not valid JSON @ https://bpmsoft.ru/baza-zaniy/nastroyka-portala/stranitsa-vkhoda-na-portal/?version=1.9:101
[    1503ms] [LOG] error SyntaxError: Unexpected token '_', "__ym__prom"... is not valid JSON @ https://bpmsoft.ru/baza-zaniy/nastroyka-portala/stranitsa-vkhoda-na-portal/?version=1.9:101
[    1504ms] [LOG] error SyntaxError: Unexpected token '_', "__ym__prom"... is not valid JSON @ https://bpmsoft.ru/baza-zaniy/nastroyka-portala/stranitsa-vkhoda-na-portal/?version=1.9:101
[    1504ms] [LOG] error SyntaxError: Unexpected token '_', "__ym__prom"... is not valid JSON @ https://bpmsoft.ru/baza-zaniy/nastroyka-portala/stranitsa-vkhoda-na-portal/?version=1.9:101
[    1505ms] [LOG] error SyntaxError: Unexpected token '_', "__ym__prom"... is not valid JSON @ https://bpmsoft.ru/baza-zaniy/nastroyka-portala/stranitsa-vkhoda-na-portal/?version=1.9:101
[    1505ms] [LOG] error SyntaxError: Unexpected token '_', "__ym__prom"... is not valid JSON @ https://bpmsoft.ru/baza-zaniy/nastroyka-portala/stranitsa-vkhoda-na-portal/?version=1.9:101
[    1505ms] [LOG] error SyntaxError: Unexpected token '_', "__ym__prom"... is not valid JSON @ https://bpmsoft.ru/baza-zaniy/nastroyka-portala/stranitsa-vkhoda-na-portal/?version=1.9:101
[    1506ms] [LOG] error SyntaxError: Unexpected token '_', "__ym__prom"... is not valid JSON @ https://bpmsoft.ru/baza-zaniy/nastroyka-portala/stranitsa-vkhoda-na-portal/?version=1.9:101
[    1506ms] [LOG] error SyntaxError: Unexpected token '_', "__ym__prom"... is not valid JSON @ https://bpmsoft.ru/baza-zaniy/nastroyka-portala/stranitsa-vkhoda-na-portal/?version=1.9:101
[    1507ms] [LOG] error SyntaxError: Unexpected token '_', "__ym__prom"... is not valid JSON @ https://bpmsoft.ru/baza-zaniy/nastroyka-portala/stranitsa-vkhoda-na-portal/?version=1.9:101
[    1507ms] [LOG] error SyntaxError: Unexpected token '_', "__ym__prom"... is not valid JSON @ https://bpmsoft.ru/baza-zaniy/nastroyka-portala/stranitsa-vkhoda-na-portal/?version=1.9:101
[    1507ms] [LOG] error SyntaxError: Unexpected token '_', "__ym__prom"... is not valid JSON @ https://bpmsoft.ru/baza-zaniy/nastroyka-portala/stranitsa-vkhoda-na-portal/?version=1.9:101
[    1508ms] [LOG] error SyntaxError: Unexpected token '_', "__ym__prom"... is not valid JSON @ https://bpmsoft.ru/baza-zaniy/nastroyka-portala/stranitsa-vkhoda-na-portal/?version=1.9:101
[    1508ms] [LOG] error SyntaxError: Unexpected token '_', "__ym__prom"... is not valid JSON @ https://bpmsoft.ru/baza-zaniy/nastroyka-portala/stranitsa-vkhoda-na-portal/?version=1.9:101
[    1509ms] [LOG] error SyntaxError: Unexpected token '_', "__ym__prom"... is not valid JSON @ https://bpmsoft.ru/baza-zaniy/nastroyka-portala/stranitsa-vkhoda-na-portal/?version=1.9:101
[    1509ms] [LOG] error SyntaxError: Unexpected token '_', "__ym__prom"... is not valid JSON @ https://bpmsoft.ru/baza-zaniy/nastroyka-portala/stranitsa-vkhoda-na-portal/?version=1.9:101
[    1509ms] [LOG] error SyntaxError: Unexpected token '_', "__ym__prom"... is not valid JSON @ https://bpmsoft.ru/baza-zaniy/nastroyka-portala/stranitsa-vkhoda-na-portal/?version=1.9:101
[    1510ms] [LOG] error SyntaxError: Unexpected token '_', "__ym__prom"... is not valid JSON @ https://bpmsoft.ru/baza-zaniy/nastroyka-portala/stranitsa-vkhoda-na-portal/?version=1.9:101
[    1510ms] [LOG] error SyntaxError: Unexpected token '_', "__ym__prom"... is not valid JSON @ https://bpmsoft.ru/baza-zaniy/nastroyka-portala/stranitsa-vkhoda-na-portal/?version=1.9:101
[    1511ms] [LOG] error SyntaxError: Unexpected token '_', "__ym__prom"... is not valid JSON @ https://bpmsoft.ru/baza-zaniy/nastroyka-portala/stranitsa-vkhoda-na-portal/?version=1.9:101
[    1511ms] [LOG] error SyntaxError: Unexpected token '_', "__ym__prom"... is not valid JSON @ https://bpmsoft.ru/baza-zaniy/nastroyka-portala/stranitsa-vkhoda-na-portal/?version=1.9:101
[    1511ms] [LOG] error SyntaxError: Unexpected token '_', "__ym__prom"... is not valid JSON @ https://bpmsoft.ru/baza-zaniy/nastroyka-portala/stranitsa-vkhoda-na-portal/?version=1.9:101
[    1512ms] [LOG] error SyntaxError: Unexpected token '_', "__ym__prom"... is not valid JSON @ https://bpmsoft.ru/baza-zaniy/nastroyka-portala/stranitsa-vkhoda-na-portal/?version=1.9:101
[    1512ms] [LOG] error SyntaxError: Unexpected token '_', "__ym__prom"... is not valid JSON @ https://bpmsoft.ru/baza-zaniy/nastroyka-portala/stranitsa-vkhoda-na-portal/?version=1.9:101
[    1513ms] [LOG] error SyntaxError: Unexpected token '_', "__ym__prom"... is not valid JSON @ https://bpmsoft.ru/baza-zaniy/nastroyka-portala/stranitsa-vkhoda-na-portal/?version=1.9:101
[    1513ms] [LOG] error SyntaxError: Unexpected token '_', "__ym__prom"... is not valid JSON @ https://bpmsoft.ru/baza-zaniy/nastroyka-portala/stranitsa-vkhoda-na-portal/?version=1.9:101
[    1513ms] [LOG] error SyntaxError: Unexpected token '_', "__ym__prom"... is not valid JSON @ https://bpmsoft.ru/baza-zaniy/nastroyka-portala/stranitsa-vkhoda-na-portal/?version=1.9:101
[    1514ms] [LOG] error SyntaxError: Unexpected token '_', "__ym__prom"... is not valid JSON @ https://bpmsoft.ru/baza-zaniy/nastroyka-portala/stranitsa-vkhoda-na-portal/?version=1.9:101
[    1514ms] [LOG] error SyntaxError: Unexpected token '_', "__ym__prom"... is not valid JSON @ https://bpmsoft.ru/baza-zaniy/nastroyka-portala/stranitsa-vkhoda-na-portal/?version=1.9:101
[    1515ms] [LOG] error SyntaxError: Unexpected token '_', "__ym__prom"... is not valid JSON @ https://bpmsoft.ru/baza-zaniy/nastroyka-portala/stranitsa-vkhoda-na-portal/?version=1.9:101
[    1517ms] [LOG] error SyntaxError: Unexpected token '_', "__ym__prom"... is not valid JSON @ https://bpmsoft.ru/baza-zaniy/nastroyka-portala/stranitsa-vkhoda-na-portal/?version=1.9:101
[    1518ms] [LOG] error SyntaxError: Unexpected token '_', "__ym__prom"... is not valid JSON @ https://bpmsoft.ru/baza-zaniy/nastroyka-portala/stranitsa-vkhoda-na-portal/?version=1.9:101
[    1518ms] [LOG] error SyntaxError: Unexpected token '_', "__ym__prom"... is not valid JSON @ https://bpmsoft.ru/baza-zaniy/nastroyka-portala/stranitsa-vkhoda-na-portal/?version=1.9:101
[    1519ms] [LOG] error SyntaxError: Unexpected token '_', "__ym__prom"... is not valid JSON @ https://bpmsoft.ru/baza-zaniy/nastroyka-portala/stranitsa-vkhoda-na-portal/?version=1.9:101
[    1520ms] [LOG] error SyntaxError: Unexpected token '_', "__ym__prom"... is not valid JSON @ https://bpmsoft.ru/baza-zaniy/nastroyka-portala/stranitsa-vkhoda-na-portal/?version=1.9:101
[    1520ms] [LOG] error SyntaxError: Unexpected token '_', "__ym__prom"... is not valid JSON @ https://bpmsoft.ru/baza-zaniy/nastroyka-portala/stranitsa-vkhoda-na-portal/?version=1.9:101
[    1521ms] [LOG] error SyntaxError: Unexpected token '_', "__ym__prom"... is not valid JSON @ https://bpmsoft.ru/baza-zaniy/nastroyka-portala/stranitsa-vkhoda-na-portal/?version=1.9:101
[    1521ms] [LOG] error SyntaxError: Unexpected token '_', "__ym__prom"... is not valid JSON @ https://bpmsoft.ru/baza-zaniy/nastroyka-portala/stranitsa-vkhoda-na-portal/?version=1.9:101
[    1522ms] [LOG] error SyntaxError: Unexpected token '_', "__ym__prom"... is not valid JSON @ https://bpmsoft.ru/baza-zaniy/nastroyka-portala/stranitsa-vkhoda-na-portal/?version=1.9:101
[    1522ms] [LOG] error SyntaxError: Unexpected token '_', "__ym__prom"... is not valid JSON @ https://bpmsoft.ru/baza-zaniy/nastroyka-portala/stranitsa-vkhoda-na-portal/?version=1.9:101
[    1523ms] [LOG] error SyntaxError: Unexpected token '_', "__ym__prom"... is not valid JSON @ https://bpmsoft.ru/baza-zaniy/nastroyka-portala/stranitsa-vkhoda-na-portal/?version=1.9:101
[    1523ms] [LOG] error SyntaxError: Unexpected token '_', "__ym__prom"... is not valid JSON @ https://bpmsoft.ru/baza-zaniy/nastroyka-portala/stranitsa-vkhoda-na-portal/?version=1.9:101
[    1524ms] [LOG] error SyntaxError: Unexpected token '_', "__ym__prom"... is not valid JSON @ https://bpmsoft.ru/baza-zaniy/nastroyka-portala/stranitsa-vkhoda-na-portal/?version=1.9:101
[    1525ms] [LOG] error SyntaxError: Unexpected token '_', "__ym__prom"... is not valid JSON @ https://bpmsoft.ru/baza-zaniy/nastroyka-portala/stranitsa-vkhoda-na-portal/?version=1.9:101
[    1525ms] [LOG] error SyntaxError: Unexpected token '_', "__ym__prom"... is not valid JSON @ https://bpmsoft.ru/baza-zaniy/nastroyka-portala/stranitsa-vkhoda-na-portal/?version=1.9:101
[    1526ms] [LOG] error SyntaxError: Unexpected token '_', "__ym__prom"... is not valid JSON @ https://bpmsoft.ru/baza-zaniy/nastroyka-portala/stranitsa-vkhoda-na-portal/?version=1.9:101
[    1526ms] [LOG] error SyntaxError: Unexpected token '_', "__ym__prom"... is not valid JSON @ https://bpmsoft.ru/baza-zaniy/nastroyka-portala/stranitsa-vkhoda-na-portal/?version=1.9:101
[    1527ms] [LOG] error SyntaxError: Unexpected token '_', "__ym__prom"... is not valid JSON @ https://bpmsoft.ru/baza-zaniy/nastroyka-portala/stranitsa-vkhoda-na-portal/?version=1.9:101
[    1528ms] [LOG] error SyntaxError: Unexpected token '_', "__ym__prom"... is not valid JSON @ https://bpmsoft.ru/baza-zaniy/nastroyka-portala/stranitsa-vkhoda-na-portal/?version=1.9:101
[    1528ms] [LOG] error SyntaxError: Unexpected token '_', "__ym__prom"... is not valid JSON @ https://bpmsoft.ru/baza-zaniy/nastroyka-portala/stranitsa-vkhoda-na-portal/?version=1.9:101
[    1529ms] [LOG] error SyntaxError: Unexpected token '_', "__ym__prom"... is not valid JSON @ https://bpmsoft.ru/baza-zaniy/nastroyka-portala/stranitsa-vkhoda-na-portal/?version=1.9:101
[    1529ms] [LOG] error SyntaxError: Unexpected token '_', "__ym__prom"... is not valid JSON @ https://bpmsoft.ru/baza-zaniy/nastroyka-portala/stranitsa-vkhoda-na-portal/?version=1.9:101
[    1530ms] [LOG] error SyntaxError: Unexpected token '_', "__ym__prom"... is not valid JSON @ https://bpmsoft.ru/baza-zaniy/nastroyka-portala/stranitsa-vkhoda-na-portal/?version=1.9:101
[    1530ms] [LOG] error SyntaxError: Unexpected token '_', "__ym__prom"... is not valid JSON @ https://bpmsoft.ru/baza-zaniy/nastroyka-portala/stranitsa-vkhoda-na-portal/?version=1.9:101
[    1531ms] [LOG] error SyntaxError: Unexpected token '_', "__ym__prom"... is not valid JSON @ https://bpmsoft.ru/baza-zaniy/nastroyka-portala/stranitsa-vkhoda-na-portal/?version=1.9:101
[    1532ms] [LOG] error SyntaxError: Unexpected token '_', "__ym__prom"... is not valid JSON @ https://bpmsoft.ru/baza-zaniy/nastroyka-portala/stranitsa-vkhoda-na-portal/?version=1.9:101
[    1533ms] [LOG] error SyntaxError: Unexpected token '_', "__ym__prom"... is not valid JSON @ https://bpmsoft.ru/baza-zaniy/nastroyka-portala/stranitsa-vkhoda-na-portal/?version=1.9:101
[    1533ms] [LOG] error SyntaxError: Unexpected token '_', "__ym__prom"... is not valid JSON @ https://bpmsoft.ru/baza-zaniy/nastroyka-portala/stranitsa-vkhoda-na-portal/?version=1.9:101
[    1534ms] [LOG] error SyntaxError: Unexpected token '_', "__ym__prom"... is not valid JSON @ https://bpmsoft.ru/baza-zaniy/nastroyka-portala/stranitsa-vkhoda-na-portal/?version=1.9:101
[    1535ms] [LOG] error SyntaxError: Unexpected token '_', "__ym__prom"... is not valid JSON @ https://bpmsoft.ru/baza-zaniy/nastroyka-portala/stranitsa-vkhoda-na-portal/?version=1.9:101
[    1536ms] [LOG] error SyntaxError: Unexpected token '_', "__ym__prom"... is not valid JSON @ https://bpmsoft.ru/baza-zaniy/nastroyka-portala/stranitsa-vkhoda-na-portal/?version=1.9:101
[    1537ms] [LOG] error SyntaxError: Unexpected token '_', "__ym__prom"... is not valid JSON @ https://bpmsoft.ru/baza-zaniy/nastroyka-portala/stranitsa-vkhoda-na-portal/?version=1.9:101
[    1537ms] [LOG] error SyntaxError: Unexpected token '_', "__ym__prom"... is not valid JSON @ https://bpmsoft.ru/baza-zaniy/nastroyka-portala/stranitsa-vkhoda-na-portal/?version=1.9:101
[    1537ms] [LOG] error SyntaxError: Unexpected token '_', "__ym__prom"... is not valid JSON @ https://bpmsoft.ru/baza-zaniy/nastroyka-portala/stranitsa-vkhoda-na-portal/?version=1.9:101
[    1538ms] [LOG] error SyntaxError: Unexpected token '_', "__ym__prom"... is not valid JSON @ https://bpmsoft.ru/baza-zaniy/nastroyka-portala/stranitsa-vkhoda-na-portal/?version=1.9:101
[    1538ms] [LOG] error SyntaxError: Unexpected token '_', "__ym__prom"... is not valid JSON @ https://bpmsoft.ru/baza-zaniy/nastroyka-portala/stranitsa-vkhoda-na-portal/?version=1.9:101
[    1539ms] [LOG] error SyntaxError: Unexpected token '_', "__ym__prom"... is not valid JSON @ https://bpmsoft.ru/baza-zaniy/nastroyka-portala/stranitsa-vkhoda-na-portal/?version=1.9:101
[    1539ms] [LOG] error SyntaxError: Unexpected token '_', "__ym__prom"... is not valid JSON @ https://bpmsoft.ru/baza-zaniy/nastroyka-portala/stranitsa-vkhoda-na-portal/?version=1.9:101
[    1539ms] [LOG] error SyntaxError: Unexpected token '_', "__ym__prom"... is not valid JSON @ https://bpmsoft.ru/baza-zaniy/nastroyka-portala/stranitsa-vkhoda-na-portal/?version=1.9:101
[    1540ms] [LOG] error SyntaxError: Unexpected token '_', "__ym__prom"... is not valid JSON @ https://bpmsoft.ru/baza-zaniy/nastroyka-portala/stranitsa-vkhoda-na-portal/?version=1.9:101
[    1540ms] [LOG] error SyntaxError: Unexpected token '_', "__ym__prom"... is not valid JSON @ https://bpmsoft.ru/baza-zaniy/nastroyka-portala/stranitsa-vkhoda-na-portal/?version=1.9:101
[    1541ms] [LOG] error SyntaxError: Unexpected token '_', "__ym__prom"... is not valid JSON @ https://bpmsoft.ru/baza-zaniy/nastroyka-portala/stranitsa-vkhoda-na-portal/?version=1.9:101
[    1541ms] [LOG] error SyntaxError: Unexpected token '_', "__ym__prom"... is not valid JSON @ https://bpmsoft.ru/baza-zaniy/nastroyka-portala/stranitsa-vkhoda-na-portal/?version=1.9:101
[    1541ms] [LOG] error SyntaxError: Unexpected token '_', "__ym__prom"... is not valid JSON @ https://bpmsoft.ru/baza-zaniy/nastroyka-portala/stranitsa-vkhoda-na-portal/?version=1.9:101
[    1542ms] [LOG] error SyntaxError: Unexpected token '_', "__ym__prom"... is not valid JSON @ https://bpmsoft.ru/baza-zaniy/nastroyka-portala/stranitsa-vkhoda-na-portal/?version=1.9:101
[    1542ms] [LOG] error SyntaxError: Unexpected token '_', "__ym__prom"... is not valid JSON @ https://bpmsoft.ru/baza-zaniy/nastroyka-portala/stranitsa-vkhoda-na-portal/?version=1.9:101
[    1542ms] [LOG] error SyntaxError: Unexpected token '_', "__ym__prom"... is not valid JSON @ https://bpmsoft.ru/baza-zaniy/nastroyka-portala/stranitsa-vkhoda-na-portal/?version=1.9:101
[    1543ms] [LOG] error SyntaxError: Unexpected token '_', "__ym__prom"... is not valid JSON @ https://bpmsoft.ru/baza-zaniy/nastroyka-portala/stranitsa-vkhoda-na-portal/?version=1.9:101
[    1543ms] [LOG] error SyntaxError: Unexpected token '_', "__ym__prom"... is not valid JSON @ https://bpmsoft.ru/baza-zaniy/nastroyka-portala/stranitsa-vkhoda-na-portal/?version=1.9:101
[    1544ms] [LOG] error SyntaxError: Unexpected token '_', "__ym__prom"... is not valid JSON @ https://bpmsoft.ru/baza-zaniy/nastroyka-portala/stranitsa-vkhoda-na-portal/?version=1.9:101
[    1544ms] [LOG] error SyntaxError: Unexpected token '_', "__ym__prom"... is not valid JSON @ https://bpmsoft.ru/baza-zaniy/nastroyka-portala/stranitsa-vkhoda-na-portal/?version=1.9:101
[    1544ms] [LOG] error SyntaxError: Unexpected token '_', "__ym__prom"... is not valid JSON @ https://bpmsoft.ru/baza-zaniy/nastroyka-portala/stranitsa-vkhoda-na-portal/?version=1.9:101
[    1545ms] [LOG] error SyntaxError: Unexpected token '_', "__ym__prom"... is not valid JSON @ https://bpmsoft.ru/baza-zaniy/nastroyka-portala/stranitsa-vkhoda-na-portal/?version=1.9:101
[    1545ms] [LOG] error SyntaxError: Unexpected token '_', "__ym__prom"... is not valid JSON @ https://bpmsoft.ru/baza-zaniy/nastroyka-portala/stranitsa-vkhoda-na-portal/?version=1.9:101
[    1546ms] [LOG] error SyntaxError: Unexpected token '_', "__ym__prom"... is not valid JSON @ https://bpmsoft.ru/baza-zaniy/nastroyka-portala/stranitsa-vkhoda-na-portal/?version=1.9:101
[    1546ms] [LOG] error SyntaxError: Unexpected token '_', "__ym__prom"... is not valid JSON @ https://bpmsoft.ru/baza-zaniy/nastroyka-portala/stranitsa-vkhoda-na-portal/?version=1.9:101
[    1546ms] [LOG] error SyntaxError: Unexpected token '_', "__ym__prom"... is not valid JSON @ https://bpmsoft.ru/baza-zaniy/nastroyka-portala/stranitsa-vkhoda-na-portal/?version=1.9:101
[    1547ms] [LOG] error SyntaxError: Unexpected token '_', "__ym__prom"... is not valid JSON @ https://bpmsoft.ru/baza-zaniy/nastroyka-portala/stranitsa-vkhoda-na-portal/?version=1.9:101
[    1547ms] [LOG] error SyntaxError: Unexpected token '_', "__ym__prom"... is not valid JSON @ https://bpmsoft.ru/baza-zaniy/nastroyka-portala/stranitsa-vkhoda-na-portal/?version=1.9:101
[    1548ms] [LOG] error SyntaxError: Unexpected token '_', "__ym__prom"... is not valid JSON @ https://bpmsoft.ru/baza-zaniy/nastroyka-portala/stranitsa-vkhoda-na-portal/?version=1.9:101
[    1548ms] [LOG] error SyntaxError: Unexpected token '_', "__ym__prom"... is not valid JSON @ https://bpmsoft.ru/baza-zaniy/nastroyka-portala/stranitsa-vkhoda-na-portal/?version=1.9:101
[    1549ms] [LOG] error SyntaxError: Unexpected token '_', "__ym__prom"... is not valid JSON @ https://bpmsoft.ru/baza-zaniy/nastroyka-portala/stranitsa-vkhoda-na-portal/?version=1.9:101
[    1549ms] [LOG] error SyntaxError: Unexpected token '_', "__ym__prom"... is not valid JSON @ https://bpmsoft.ru/baza-zaniy/nastroyka-portala/stranitsa-vkhoda-na-portal/?version=1.9:101
[    1549ms] [LOG] error SyntaxError: Unexpected token '_', "__ym__prom"... is not valid JSON @ https://bpmsoft.ru/baza-zaniy/nastroyka-portala/stranitsa-vkhoda-na-portal/?version=1.9:101
[    1550ms] [LOG] error SyntaxError: Unexpected token '_', "__ym__prom"... is not valid JSON @ https://bpmsoft.ru/baza-zaniy/nastroyka-portala/stranitsa-vkhoda-na-portal/?version=1.9:101
[    1550ms] [LOG] error SyntaxError: Unexpected token '_', "__ym__prom"... is not valid JSON @ https://bpmsoft.ru/baza-zaniy/nastroyka-portala/stranitsa-vkhoda-na-portal/?version=1.9:101
[    1550ms] [LOG] error SyntaxError: Unexpected token '_', "__ym__prom"... is not valid JSON @ https://bpmsoft.ru/baza-zaniy/nastroyka-portala/stranitsa-vkhoda-na-portal/?version=1.9:101
[    1551ms] [LOG] error SyntaxError: Unexpected token '_', "__ym__prom"... is not valid JSON @ https://bpmsoft.ru/baza-zaniy/nastroyka-portala/stranitsa-vkhoda-na-portal/?version=1.9:101
[    1551ms] [LOG] error SyntaxError: Unexpected token '_', "__ym__prom"... is not valid JSON @ https://bpmsoft.ru/baza-zaniy/nastroyka-portala/stranitsa-vkhoda-na-portal/?version=1.9:101
[    1551ms] [LOG] error SyntaxError: Unexpected token '_', "__ym__prom"... is not valid JSON @ https://bpmsoft.ru/baza-zaniy/nastroyka-portala/stranitsa-vkhoda-na-portal/?version=1.9:101
[    1552ms] [LOG] error SyntaxError: Unexpected token '_', "__ym__prom"... is not valid JSON @ https://bpmsoft.ru/baza-zaniy/nastroyka-portala/stranitsa-vkhoda-na-portal/?version=1.9:101
[    1552ms] [LOG] error SyntaxError: Unexpected token '_', "__ym__prom"... is not valid JSON @ https://bpmsoft.ru/baza-zaniy/nastroyka-portala/stranitsa-vkhoda-na-portal/?version=1.9:101
[    1553ms] [LOG] error SyntaxError: Unexpected token '_', "__ym__prom"... is not valid JSON @ https://bpmsoft.ru/baza-zaniy/nastroyka-portala/stranitsa-vkhoda-na-portal/?version=1.9:101
[    1553ms] [LOG] error SyntaxError: Unexpected token '_', "__ym__prom"... is not valid JSON @ https://bpmsoft.ru/baza-zaniy/nastroyka-portala/stranitsa-vkhoda-na-portal/?version=1.9:101
[    1553ms] [LOG] error SyntaxError: Unexpected token '_', "__ym__prom"... is not valid JSON @ https://bpmsoft.ru/baza-zaniy/nastroyka-portala/stranitsa-vkhoda-na-portal/?version=1.9:101
[    1554ms] [LOG] error SyntaxError: Unexpected token '_', "__ym__prom"... is not valid JSON @ https://bpmsoft.ru/baza-zaniy/nastroyka-portala/stranitsa-vkhoda-na-portal/?version=1.9:101
[    1554ms] [LOG] error SyntaxError: Unexpected token '_', "__ym__prom"... is not valid JSON @ https://bpmsoft.ru/baza-zaniy/nastroyka-portala/stranitsa-vkhoda-na-portal/?version=1.9:101
[    1554ms] [LOG] error SyntaxError: Unexpected token '_', "__ym__prom"... is not valid JSON @ https://bpmsoft.ru/baza-zaniy/nastroyka-portala/stranitsa-vkhoda-na-portal/?version=1.9:101
[    1555ms] [LOG] error SyntaxError: Unexpected token '_', "__ym__prom"... is not valid JSON @ https://bpmsoft.ru/baza-zaniy/nastroyka-portala/stranitsa-vkhoda-na-portal/?version=1.9:101
[    1555ms] [LOG] error SyntaxError: Unexpected token '_', "__ym__prom"... is not valid JSON @ https://bpmsoft.ru/baza-zaniy/nastroyka-portala/stranitsa-vkhoda-na-portal/?version=1.9:101
[    1555ms] [LOG] error SyntaxError: Unexpected token '_', "__ym__prom"... is not valid JSON @ https://bpmsoft.ru/baza-zaniy/nastroyka-portala/stranitsa-vkhoda-na-portal/?version=1.9:101
[    1555ms] [LOG] error SyntaxError: Unexpected token '_', "__ym__prom"... is not valid JSON @ https://bpmsoft.ru/baza-zaniy/nastroyka-portala/stranitsa-vkhoda-na-portal/?version=1.9:101
[    1556ms] [LOG] error SyntaxError: Unexpected token '_', "__ym__prom"... is not valid JSON @ https://bpmsoft.ru/baza-zaniy/nastroyka-portala/stranitsa-vkhoda-na-portal/?version=1.9:101
[    1556ms] [LOG] error SyntaxError: Unexpected token '_', "__ym__prom"... is not valid JSON @ https://bpmsoft.ru/baza-zaniy/nastroyka-portala/stranitsa-vkhoda-na-portal/?version=1.9:101
[    1556ms] [LOG] error SyntaxError: Unexpected token '_', "__ym__prom"... is not valid JSON @ https://bpmsoft.ru/baza-zaniy/nastroyka-portala/stranitsa-vkhoda-na-portal/?version=1.9:101
[    1557ms] [LOG] error SyntaxError: Unexpected token '_', "__ym__prom"... is not valid JSON @ https://bpmsoft.ru/baza-zaniy/nastroyka-portala/stranitsa-vkhoda-na-portal/?version=1.9:101
[    1557ms] [LOG] error SyntaxError: Unexpected token '_', "__ym__prom"... is not valid JSON @ https://bpmsoft.ru/baza-zaniy/nastroyka-portala/stranitsa-vkhoda-na-portal/?version=1.9:101
[    1557ms] [LOG] error SyntaxError: Unexpected token '_', "__ym__prom"... is not valid JSON @ https://bpmsoft.ru/baza-zaniy/nastroyka-portala/stranitsa-vkhoda-na-portal/?version=1.9:101
[    1558ms] [LOG] error SyntaxError: Unexpected token '_', "__ym__prom"... is not valid JSON @ https://bpmsoft.ru/baza-zaniy/nastroyka-portala/stranitsa-vkhoda-na-portal/?version=1.9:101
[   61025ms] [LOG] 2026-03-07 14:22: Pull: Websocket connection with push-server closed. Code: 1006, reason:  @ https://bpmsoft.ru/bitrix/js/pull/client/pull.client.js?175497526983861:1805
