[     389ms] [ERROR] Failed to load resource: the server responded with a status of 404 (Not Found) @ https://bpmsoft.ru/baza-zaniy/operatsii-s-dannymi-back-end/dostup-k-dannym-cherez-orm/:0
[     759ms] [LOG] error SyntaxError: Unexpected token '_', "__ym__prom"... is not valid JSON @ https://bpmsoft.ru/baza-zaniy/operatsii-s-dannymi-back-end/dostup-k-dannym-cherez-orm/:101
[     760ms] [LOG] error SyntaxError: Unexpected token '_', "__ym__prom"... is not valid JSON @ https://bpmsoft.ru/baza-zaniy/operatsii-s-dannymi-back-end/dostup-k-dannym-cherez-orm/:101
[     797ms] [LOG] error SyntaxError: Unexpected token '_', "__ym__prom"... is not valid JSON @ https://bpmsoft.ru/baza-zaniy/operatsii-s-dannymi-back-end/dostup-k-dannym-cherez-orm/:101
[     800ms] [LOG] error SyntaxError: Unexpected token '_', "__ym__prom"... is not valid JSON @ https://bpmsoft.ru/baza-zaniy/operatsii-s-dannymi-back-end/dostup-k-dannym-cherez-orm/:101
[     804ms] [LOG] error SyntaxError: Unexpected token '_', "__ym__prom"... is not valid JSON @ https://bpmsoft.ru/baza-zaniy/operatsii-s-dannymi-back-end/dostup-k-dannym-cherez-orm/:101
[     807ms] [LOG] error SyntaxError: Unexpected token '_', "__ym__prom"... is not valid JSON @ https://bpmsoft.ru/baza-zaniy/operatsii-s-dannymi-back-end/dostup-k-dannym-cherez-orm/:101
[     809ms] [LOG] error SyntaxError: Unexpected token '_', "__ym__prom"... is not valid JSON @ https://bpmsoft.ru/baza-zaniy/operatsii-s-dannymi-back-end/dostup-k-dannym-cherez-orm/:101
[    1187ms] [VERBOSE] [DOM] Input elements should have autocomplete attributes (suggested: "current-password"): (More info: https://goo.gl/9p2vKq) %o @ https://bpmsoft.ru/baza-zaniy/operatsii-s-dannymi-back-end/dostup-k-dannym-cherez-orm/:0
[    1187ms] [VERBOSE] [DOM] Input elements should have autocomplete attributes (suggested: "new-password"): (More info: https://goo.gl/9p2vKq) %o @ https://bpmsoft.ru/baza-zaniy/operatsii-s-dannymi-back-end/dostup-k-dannym-cherez-orm/:0
[    1187ms] [VERBOSE] [DOM] Input elements should have autocomplete attributes (suggested: "new-password"): (More info: https://goo.gl/9p2vKq) %o @ https://bpmsoft.ru/baza-zaniy/operatsii-s-dannymi-back-end/dostup-k-dannym-cherez-orm/:0
[    1187ms] [VERBOSE] [DOM] Input elements should have autocomplete attributes (suggested: "current-password"): (More info: https://goo.gl/9p2vKq) %o @ https://bpmsoft.ru/baza-zaniy/operatsii-s-dannymi-back-end/dostup-k-dannym-cherez-orm/:0
[    1187ms] [VERBOSE] [DOM] Input elements should have autocomplete attributes (suggested: "new-password"): (More info: https://goo.gl/9p2vKq) %o @ https://bpmsoft.ru/baza-zaniy/operatsii-s-dannymi-back-end/dostup-k-dannym-cherez-orm/:0
[    1187ms] [VERBOSE] [DOM] Input elements should have autocomplete attributes (suggested: "new-password"): (More info: https://goo.gl/9p2vKq) %o @ https://bpmsoft.ru/baza-zaniy/operatsii-s-dannymi-back-end/dostup-k-dannym-cherez-orm/:0
[    1214ms] [ERROR] Access to fetch at 'https://ipapi.co/json' from origin 'https://bpmsoft.ru' has been blocked by CORS policy: No 'Access-Control-Allow-Origin' header is present on the requested resource. @ https://bpmsoft.ru/baza-zaniy/operatsii-s-dannymi-back-end/dostup-k-dannym-cherez-orm/:0
[    1214ms] [ERROR] Failed to load resource: net::ERR_FAILED @ https://ipapi.co/json:0
[    1327ms] [LOG] error SyntaxError: Unexpected token '_', "__ym__prom"... is not valid JSON @ https://bpmsoft.ru/baza-zaniy/operatsii-s-dannymi-back-end/dostup-k-dannym-cherez-orm/:101
[    1591ms] [LOG] error SyntaxError: Unexpected token '_', "__ym__prom"... is not valid JSON @ https://bpmsoft.ru/baza-zaniy/operatsii-s-dannymi-back-end/dostup-k-dannym-cherez-orm/:101
[    1592ms] [LOG] error SyntaxError: Unexpected token '_', "__ym__prom"... is not valid JSON @ https://bpmsoft.ru/baza-zaniy/operatsii-s-dannymi-back-end/dostup-k-dannym-cherez-orm/:101
[    1593ms] [LOG] error SyntaxError: Unexpected token '_', "__ym__prom"... is not valid JSON @ https://bpmsoft.ru/baza-zaniy/operatsii-s-dannymi-back-end/dostup-k-dannym-cherez-orm/:101
[    1593ms] [LOG] error SyntaxError: Unexpected token '_', "__ym__prom"... is not valid JSON @ https://bpmsoft.ru/baza-zaniy/operatsii-s-dannymi-back-end/dostup-k-dannym-cherez-orm/:101
[    1594ms] [LOG] error SyntaxError: Unexpected token '_', "__ym__prom"... is not valid JSON @ https://bpmsoft.ru/baza-zaniy/operatsii-s-dannymi-back-end/dostup-k-dannym-cherez-orm/:101
[    1595ms] [LOG] error SyntaxError: Unexpected token '_', "__ym__prom"... is not valid JSON @ https://bpmsoft.ru/baza-zaniy/operatsii-s-dannymi-back-end/dostup-k-dannym-cherez-orm/:101
[    1596ms] [LOG] error SyntaxError: Unexpected token '_', "__ym__prom"... is not valid JSON @ https://bpmsoft.ru/baza-zaniy/operatsii-s-dannymi-back-end/dostup-k-dannym-cherez-orm/:101
[    1596ms] [LOG] error SyntaxError: Unexpected token '_', "__ym__prom"... is not valid JSON @ https://bpmsoft.ru/baza-zaniy/operatsii-s-dannymi-back-end/dostup-k-dannym-cherez-orm/:101
[    1597ms] [LOG] error SyntaxError: Unexpected token '_', "__ym__prom"... is not valid JSON @ https://bpmsoft.ru/baza-zaniy/operatsii-s-dannymi-back-end/dostup-k-dannym-cherez-orm/:101
[    1600ms] [LOG] error SyntaxError: Unexpected token '_', "__ym__prom"... is not valid JSON @ https://bpmsoft.ru/baza-zaniy/operatsii-s-dannymi-back-end/dostup-k-dannym-cherez-orm/:101
[    1604ms] [LOG] error SyntaxError: Unexpected token '_', "__ym__prom"... is not valid JSON @ https://bpmsoft.ru/baza-zaniy/operatsii-s-dannymi-back-end/dostup-k-dannym-cherez-orm/:101
[    1606ms] [LOG] error SyntaxError: Unexpected token '_', "__ym__prom"... is not valid JSON @ https://bpmsoft.ru/baza-zaniy/operatsii-s-dannymi-back-end/dostup-k-dannym-cherez-orm/:101
[    1607ms] [LOG] error SyntaxError: Unexpected token '_', "__ym__prom"... is not valid JSON @ https://bpmsoft.ru/baza-zaniy/operatsii-s-dannymi-back-end/dostup-k-dannym-cherez-orm/:101
[    1609ms] [LOG] error SyntaxError: Unexpected token '_', "__ym__prom"... is not valid JSON @ https://bpmsoft.ru/baza-zaniy/operatsii-s-dannymi-back-end/dostup-k-dannym-cherez-orm/:101
[    1610ms] [LOG] error SyntaxError: Unexpected token '_', "__ym__prom"... is not valid JSON @ https://bpmsoft.ru/baza-zaniy/operatsii-s-dannymi-back-end/dostup-k-dannym-cherez-orm/:101
[    1611ms] [LOG] error SyntaxError: Unexpected token '_', "__ym__prom"... is not valid JSON @ https://bpmsoft.ru/baza-zaniy/operatsii-s-dannymi-back-end/dostup-k-dannym-cherez-orm/:101
[    1612ms] [LOG] error SyntaxError: Unexpected token '_', "__ym__prom"... is not valid JSON @ https://bpmsoft.ru/baza-zaniy/operatsii-s-dannymi-back-end/dostup-k-dannym-cherez-orm/:101
[    1614ms] [LOG] error SyntaxError: Unexpected token '_', "__ym__prom"... is not valid JSON @ https://bpmsoft.ru/baza-zaniy/operatsii-s-dannymi-back-end/dostup-k-dannym-cherez-orm/:101
[    1615ms] [LOG] error SyntaxError: Unexpected token '_', "__ym__prom"... is not valid JSON @ https://bpmsoft.ru/baza-zaniy/operatsii-s-dannymi-back-end/dostup-k-dannym-cherez-orm/:101
[    1616ms] [LOG] error SyntaxError: Unexpected token '_', "__ym__prom"... is not valid JSON @ https://bpmsoft.ru/baza-zaniy/operatsii-s-dannymi-back-end/dostup-k-dannym-cherez-orm/:101
[    1616ms] [LOG] error SyntaxError: Unexpected token '_', "__ym__prom"... is not valid JSON @ https://bpmsoft.ru/baza-zaniy/operatsii-s-dannymi-back-end/dostup-k-dannym-cherez-orm/:101
[    1617ms] [LOG] error SyntaxError: Unexpected token '_', "__ym__prom"... is not valid JSON @ https://bpmsoft.ru/baza-zaniy/operatsii-s-dannymi-back-end/dostup-k-dannym-cherez-orm/:101
[    1619ms] [LOG] error SyntaxError: Unexpected token '_', "__ym__prom"... is not valid JSON @ https://bpmsoft.ru/baza-zaniy/operatsii-s-dannymi-back-end/dostup-k-dannym-cherez-orm/:101
[    1620ms] [LOG] error SyntaxError: Unexpected token '_', "__ym__prom"... is not valid JSON @ https://bpmsoft.ru/baza-zaniy/operatsii-s-dannymi-back-end/dostup-k-dannym-cherez-orm/:101
[    1621ms] [LOG] error SyntaxError: Unexpected token '_', "__ym__prom"... is not valid JSON @ https://bpmsoft.ru/baza-zaniy/operatsii-s-dannymi-back-end/dostup-k-dannym-cherez-orm/:101
[    1622ms] [LOG] error SyntaxError: Unexpected token '_', "__ym__prom"... is not valid JSON @ https://bpmsoft.ru/baza-zaniy/operatsii-s-dannymi-back-end/dostup-k-dannym-cherez-orm/:101
[    1623ms] [LOG] error SyntaxError: Unexpected token '_', "__ym__prom"... is not valid JSON @ https://bpmsoft.ru/baza-zaniy/operatsii-s-dannymi-back-end/dostup-k-dannym-cherez-orm/:101
[    1624ms] [LOG] error SyntaxError: Unexpected token '_', "__ym__prom"... is not valid JSON @ https://bpmsoft.ru/baza-zaniy/operatsii-s-dannymi-back-end/dostup-k-dannym-cherez-orm/:101
[    1624ms] [LOG] error SyntaxError: Unexpected token '_', "__ym__prom"... is not valid JSON @ https://bpmsoft.ru/baza-zaniy/operatsii-s-dannymi-back-end/dostup-k-dannym-cherez-orm/:101
[    1625ms] [LOG] error SyntaxError: Unexpected token '_', "__ym__prom"... is not valid JSON @ https://bpmsoft.ru/baza-zaniy/operatsii-s-dannymi-back-end/dostup-k-dannym-cherez-orm/:101
[    1626ms] [LOG] error SyntaxError: Unexpected token '_', "__ym__prom"... is not valid JSON @ https://bpmsoft.ru/baza-zaniy/operatsii-s-dannymi-back-end/dostup-k-dannym-cherez-orm/:101
[    1627ms] [LOG] error SyntaxError: Unexpected token '_', "__ym__prom"... is not valid JSON @ https://bpmsoft.ru/baza-zaniy/operatsii-s-dannymi-back-end/dostup-k-dannym-cherez-orm/:101
[    1628ms] [LOG] error SyntaxError: Unexpected token '_', "__ym__prom"... is not valid JSON @ https://bpmsoft.ru/baza-zaniy/operatsii-s-dannymi-back-end/dostup-k-dannym-cherez-orm/:101
[    1629ms] [LOG] error SyntaxError: Unexpected token '_', "__ym__prom"... is not valid JSON @ https://bpmsoft.ru/baza-zaniy/operatsii-s-dannymi-back-end/dostup-k-dannym-cherez-orm/:101
[    1630ms] [LOG] error SyntaxError: Unexpected token '_', "__ym__prom"... is not valid JSON @ https://bpmsoft.ru/baza-zaniy/operatsii-s-dannymi-back-end/dostup-k-dannym-cherez-orm/:101
[    1631ms] [LOG] error SyntaxError: Unexpected token '_', "__ym__prom"... is not valid JSON @ https://bpmsoft.ru/baza-zaniy/operatsii-s-dannymi-back-end/dostup-k-dannym-cherez-orm/:101
[    1631ms] [LOG] error SyntaxError: Unexpected token '_', "__ym__prom"... is not valid JSON @ https://bpmsoft.ru/baza-zaniy/operatsii-s-dannymi-back-end/dostup-k-dannym-cherez-orm/:101
[    1632ms] [LOG] error SyntaxError: Unexpected token '_', "__ym__prom"... is not valid JSON @ https://bpmsoft.ru/baza-zaniy/operatsii-s-dannymi-back-end/dostup-k-dannym-cherez-orm/:101
[    1633ms] [LOG] error SyntaxError: Unexpected token '_', "__ym__prom"... is not valid JSON @ https://bpmsoft.ru/baza-zaniy/operatsii-s-dannymi-back-end/dostup-k-dannym-cherez-orm/:101
[    1633ms] [LOG] error SyntaxError: Unexpected token '_', "__ym__prom"... is not valid JSON @ https://bpmsoft.ru/baza-zaniy/operatsii-s-dannymi-back-end/dostup-k-dannym-cherez-orm/:101
[    1633ms] [LOG] error SyntaxError: Unexpected token '_', "__ym__prom"... is not valid JSON @ https://bpmsoft.ru/baza-zaniy/operatsii-s-dannymi-back-end/dostup-k-dannym-cherez-orm/:101
[    1635ms] [LOG] error SyntaxError: Unexpected token '_', "__ym__prom"... is not valid JSON @ https://bpmsoft.ru/baza-zaniy/operatsii-s-dannymi-back-end/dostup-k-dannym-cherez-orm/:101
[    1636ms] [LOG] error SyntaxError: Unexpected token '_', "__ym__prom"... is not valid JSON @ https://bpmsoft.ru/baza-zaniy/operatsii-s-dannymi-back-end/dostup-k-dannym-cherez-orm/:101
[    1638ms] [LOG] error SyntaxError: Unexpected token '_', "__ym__prom"... is not valid JSON @ https://bpmsoft.ru/baza-zaniy/operatsii-s-dannymi-back-end/dostup-k-dannym-cherez-orm/:101
[    1639ms] [LOG] error SyntaxError: Unexpected token '_', "__ym__prom"... is not valid JSON @ https://bpmsoft.ru/baza-zaniy/operatsii-s-dannymi-back-end/dostup-k-dannym-cherez-orm/:101
[    1639ms] [LOG] error SyntaxError: Unexpected token '_', "__ym__prom"... is not valid JSON @ https://bpmsoft.ru/baza-zaniy/operatsii-s-dannymi-back-end/dostup-k-dannym-cherez-orm/:101
[    1640ms] [LOG] error SyntaxError: Unexpected token '_', "__ym__prom"... is not valid JSON @ https://bpmsoft.ru/baza-zaniy/operatsii-s-dannymi-back-end/dostup-k-dannym-cherez-orm/:101
[    1640ms] [LOG] error SyntaxError: Unexpected token '_', "__ym__prom"... is not valid JSON @ https://bpmsoft.ru/baza-zaniy/operatsii-s-dannymi-back-end/dostup-k-dannym-cherez-orm/:101
[    1640ms] [LOG] error SyntaxError: Unexpected token '_', "__ym__prom"... is not valid JSON @ https://bpmsoft.ru/baza-zaniy/operatsii-s-dannymi-back-end/dostup-k-dannym-cherez-orm/:101
[    1641ms] [LOG] error SyntaxError: Unexpected token '_', "__ym__prom"... is not valid JSON @ https://bpmsoft.ru/baza-zaniy/operatsii-s-dannymi-back-end/dostup-k-dannym-cherez-orm/:101
[    1641ms] [LOG] error SyntaxError: Unexpected token '_', "__ym__prom"... is not valid JSON @ https://bpmsoft.ru/baza-zaniy/operatsii-s-dannymi-back-end/dostup-k-dannym-cherez-orm/:101
[    1642ms] [LOG] error SyntaxError: Unexpected token '_', "__ym__prom"... is not valid JSON @ https://bpmsoft.ru/baza-zaniy/operatsii-s-dannymi-back-end/dostup-k-dannym-cherez-orm/:101
[    1642ms] [LOG] error SyntaxError: Unexpected token '_', "__ym__prom"... is not valid JSON @ https://bpmsoft.ru/baza-zaniy/operatsii-s-dannymi-back-end/dostup-k-dannym-cherez-orm/:101
[    1643ms] [LOG] error SyntaxError: Unexpected token '_', "__ym__prom"... is not valid JSON @ https://bpmsoft.ru/baza-zaniy/operatsii-s-dannymi-back-end/dostup-k-dannym-cherez-orm/:101
[    1643ms] [LOG] error SyntaxError: Unexpected token '_', "__ym__prom"... is not valid JSON @ https://bpmsoft.ru/baza-zaniy/operatsii-s-dannymi-back-end/dostup-k-dannym-cherez-orm/:101
[    1644ms] [LOG] error SyntaxError: Unexpected token '_', "__ym__prom"... is not valid JSON @ https://bpmsoft.ru/baza-zaniy/operatsii-s-dannymi-back-end/dostup-k-dannym-cherez-orm/:101
[    1644ms] [LOG] error SyntaxError: Unexpected token '_', "__ym__prom"... is not valid JSON @ https://bpmsoft.ru/baza-zaniy/operatsii-s-dannymi-back-end/dostup-k-dannym-cherez-orm/:101
[    1645ms] [LOG] error SyntaxError: Unexpected token '_', "__ym__prom"... is not valid JSON @ https://bpmsoft.ru/baza-zaniy/operatsii-s-dannymi-back-end/dostup-k-dannym-cherez-orm/:101
[    1645ms] [LOG] error SyntaxError: Unexpected token '_', "__ym__prom"... is not valid JSON @ https://bpmsoft.ru/baza-zaniy/operatsii-s-dannymi-back-end/dostup-k-dannym-cherez-orm/:101
[    1646ms] [LOG] error SyntaxError: Unexpected token '_', "__ym__prom"... is not valid JSON @ https://bpmsoft.ru/baza-zaniy/operatsii-s-dannymi-back-end/dostup-k-dannym-cherez-orm/:101
[    1646ms] [LOG] error SyntaxError: Unexpected token '_', "__ym__prom"... is not valid JSON @ https://bpmsoft.ru/baza-zaniy/operatsii-s-dannymi-back-end/dostup-k-dannym-cherez-orm/:101
[    1647ms] [LOG] error SyntaxError: Unexpected token '_', "__ym__prom"... is not valid JSON @ https://bpmsoft.ru/baza-zaniy/operatsii-s-dannymi-back-end/dostup-k-dannym-cherez-orm/:101
[    1647ms] [LOG] error SyntaxError: Unexpected token '_', "__ym__prom"... is not valid JSON @ https://bpmsoft.ru/baza-zaniy/operatsii-s-dannymi-back-end/dostup-k-dannym-cherez-orm/:101
[    1648ms] [LOG] error SyntaxError: Unexpected token '_', "__ym__prom"... is not valid JSON @ https://bpmsoft.ru/baza-zaniy/operatsii-s-dannymi-back-end/dostup-k-dannym-cherez-orm/:101
[    1648ms] [LOG] error SyntaxError: Unexpected token '_', "__ym__prom"... is not valid JSON @ https://bpmsoft.ru/baza-zaniy/operatsii-s-dannymi-back-end/dostup-k-dannym-cherez-orm/:101
[    1649ms] [LOG] error SyntaxError: Unexpected token '_', "__ym__prom"... is not valid JSON @ https://bpmsoft.ru/baza-zaniy/operatsii-s-dannymi-back-end/dostup-k-dannym-cherez-orm/:101
[    1649ms] [LOG] error SyntaxError: Unexpected token '_', "__ym__prom"... is not valid JSON @ https://bpmsoft.ru/baza-zaniy/operatsii-s-dannymi-back-end/dostup-k-dannym-cherez-orm/:101
[    1649ms] [LOG] error SyntaxError: Unexpected token '_', "__ym__prom"... is not valid JSON @ https://bpmsoft.ru/baza-zaniy/operatsii-s-dannymi-back-end/dostup-k-dannym-cherez-orm/:101
[    1650ms] [LOG] error SyntaxError: Unexpected token '_', "__ym__prom"... is not valid JSON @ https://bpmsoft.ru/baza-zaniy/operatsii-s-dannymi-back-end/dostup-k-dannym-cherez-orm/:101
[    1650ms] [LOG] error SyntaxError: Unexpected token '_', "__ym__prom"... is not valid JSON @ https://bpmsoft.ru/baza-zaniy/operatsii-s-dannymi-back-end/dostup-k-dannym-cherez-orm/:101
[    1651ms] [LOG] error SyntaxError: Unexpected token '_', "__ym__prom"... is not valid JSON @ https://bpmsoft.ru/baza-zaniy/operatsii-s-dannymi-back-end/dostup-k-dannym-cherez-orm/:101
[    1652ms] [LOG] error SyntaxError: Unexpected token '_', "__ym__prom"... is not valid JSON @ https://bpmsoft.ru/baza-zaniy/operatsii-s-dannymi-back-end/dostup-k-dannym-cherez-orm/:101
[    1653ms] [LOG] error SyntaxError: Unexpected token '_', "__ym__prom"... is not valid JSON @ https://bpmsoft.ru/baza-zaniy/operatsii-s-dannymi-back-end/dostup-k-dannym-cherez-orm/:101
[    1654ms] [LOG] error SyntaxError: Unexpected token '_', "__ym__prom"... is not valid JSON @ https://bpmsoft.ru/baza-zaniy/operatsii-s-dannymi-back-end/dostup-k-dannym-cherez-orm/:101
[    1655ms] [LOG] error SyntaxError: Unexpected token '_', "__ym__prom"... is not valid JSON @ https://bpmsoft.ru/baza-zaniy/operatsii-s-dannymi-back-end/dostup-k-dannym-cherez-orm/:101
[    1655ms] [LOG] error SyntaxError: Unexpected token '_', "__ym__prom"... is not valid JSON @ https://bpmsoft.ru/baza-zaniy/operatsii-s-dannymi-back-end/dostup-k-dannym-cherez-orm/:101
[    1655ms] [LOG] error SyntaxError: Unexpected token '_', "__ym__prom"... is not valid JSON @ https://bpmsoft.ru/baza-zaniy/operatsii-s-dannymi-back-end/dostup-k-dannym-cherez-orm/:101
[    1656ms] [LOG] error SyntaxError: Unexpected token '_', "__ym__prom"... is not valid JSON @ https://bpmsoft.ru/baza-zaniy/operatsii-s-dannymi-back-end/dostup-k-dannym-cherez-orm/:101
[    1656ms] [LOG] error SyntaxError: Unexpected token '_', "__ym__prom"... is not valid JSON @ https://bpmsoft.ru/baza-zaniy/operatsii-s-dannymi-back-end/dostup-k-dannym-cherez-orm/:101
[    1657ms] [LOG] error SyntaxError: Unexpected token '_', "__ym__prom"... is not valid JSON @ https://bpmsoft.ru/baza-zaniy/operatsii-s-dannymi-back-end/dostup-k-dannym-cherez-orm/:101
[    1657ms] [LOG] error SyntaxError: Unexpected token '_', "__ym__prom"... is not valid JSON @ https://bpmsoft.ru/baza-zaniy/operatsii-s-dannymi-back-end/dostup-k-dannym-cherez-orm/:101
[    1657ms] [LOG] error SyntaxError: Unexpected token '_', "__ym__prom"... is not valid JSON @ https://bpmsoft.ru/baza-zaniy/operatsii-s-dannymi-back-end/dostup-k-dannym-cherez-orm/:101
[    1658ms] [LOG] error SyntaxError: Unexpected token '_', "__ym__prom"... is not valid JSON @ https://bpmsoft.ru/baza-zaniy/operatsii-s-dannymi-back-end/dostup-k-dannym-cherez-orm/:101
[    1658ms] [LOG] error SyntaxError: Unexpected token '_', "__ym__prom"... is not valid JSON @ https://bpmsoft.ru/baza-zaniy/operatsii-s-dannymi-back-end/dostup-k-dannym-cherez-orm/:101
[    1659ms] [LOG] error SyntaxError: Unexpected token '_', "__ym__prom"... is not valid JSON @ https://bpmsoft.ru/baza-zaniy/operatsii-s-dannymi-back-end/dostup-k-dannym-cherez-orm/:101
[    1659ms] [LOG] error SyntaxError: Unexpected token '_', "__ym__prom"... is not valid JSON @ https://bpmsoft.ru/baza-zaniy/operatsii-s-dannymi-back-end/dostup-k-dannym-cherez-orm/:101
[    1659ms] [LOG] error SyntaxError: Unexpected token '_', "__ym__prom"... is not valid JSON @ https://bpmsoft.ru/baza-zaniy/operatsii-s-dannymi-back-end/dostup-k-dannym-cherez-orm/:101
[    1660ms] [LOG] error SyntaxError: Unexpected token '_', "__ym__prom"... is not valid JSON @ https://bpmsoft.ru/baza-zaniy/operatsii-s-dannymi-back-end/dostup-k-dannym-cherez-orm/:101
[    1660ms] [LOG] error SyntaxError: Unexpected token '_', "__ym__prom"... is not valid JSON @ https://bpmsoft.ru/baza-zaniy/operatsii-s-dannymi-back-end/dostup-k-dannym-cherez-orm/:101
[    1661ms] [LOG] error SyntaxError: Unexpected token '_', "__ym__prom"... is not valid JSON @ https://bpmsoft.ru/baza-zaniy/operatsii-s-dannymi-back-end/dostup-k-dannym-cherez-orm/:101
[    1661ms] [LOG] error SyntaxError: Unexpected token '_', "__ym__prom"... is not valid JSON @ https://bpmsoft.ru/baza-zaniy/operatsii-s-dannymi-back-end/dostup-k-dannym-cherez-orm/:101
[    1662ms] [LOG] error SyntaxError: Unexpected token '_', "__ym__prom"... is not valid JSON @ https://bpmsoft.ru/baza-zaniy/operatsii-s-dannymi-back-end/dostup-k-dannym-cherez-orm/:101
[    1662ms] [LOG] error SyntaxError: Unexpected token '_', "__ym__prom"... is not valid JSON @ https://bpmsoft.ru/baza-zaniy/operatsii-s-dannymi-back-end/dostup-k-dannym-cherez-orm/:101
[    1663ms] [LOG] error SyntaxError: Unexpected token '_', "__ym__prom"... is not valid JSON @ https://bpmsoft.ru/baza-zaniy/operatsii-s-dannymi-back-end/dostup-k-dannym-cherez-orm/:101
[    1663ms] [LOG] error SyntaxError: Unexpected token '_', "__ym__prom"... is not valid JSON @ https://bpmsoft.ru/baza-zaniy/operatsii-s-dannymi-back-end/dostup-k-dannym-cherez-orm/:101
[    1664ms] [LOG] error SyntaxError: Unexpected token '_', "__ym__prom"... is not valid JSON @ https://bpmsoft.ru/baza-zaniy/operatsii-s-dannymi-back-end/dostup-k-dannym-cherez-orm/:101
[    1664ms] [LOG] error SyntaxError: Unexpected token '_', "__ym__prom"... is not valid JSON @ https://bpmsoft.ru/baza-zaniy/operatsii-s-dannymi-back-end/dostup-k-dannym-cherez-orm/:101
[    1664ms] [LOG] error SyntaxError: Unexpected token '_', "__ym__prom"... is not valid JSON @ https://bpmsoft.ru/baza-zaniy/operatsii-s-dannymi-back-end/dostup-k-dannym-cherez-orm/:101
[    1665ms] [LOG] error SyntaxError: Unexpected token '_', "__ym__prom"... is not valid JSON @ https://bpmsoft.ru/baza-zaniy/operatsii-s-dannymi-back-end/dostup-k-dannym-cherez-orm/:101
[    1665ms] [LOG] error SyntaxError: Unexpected token '_', "__ym__prom"... is not valid JSON @ https://bpmsoft.ru/baza-zaniy/operatsii-s-dannymi-back-end/dostup-k-dannym-cherez-orm/:101
[    1666ms] [LOG] error SyntaxError: Unexpected token '_', "__ym__prom"... is not valid JSON @ https://bpmsoft.ru/baza-zaniy/operatsii-s-dannymi-back-end/dostup-k-dannym-cherez-orm/:101
[    1666ms] [LOG] error SyntaxError: Unexpected token '_', "__ym__prom"... is not valid JSON @ https://bpmsoft.ru/baza-zaniy/operatsii-s-dannymi-back-end/dostup-k-dannym-cherez-orm/:101
[    1666ms] [LOG] error SyntaxError: Unexpected token '_', "__ym__prom"... is not valid JSON @ https://bpmsoft.ru/baza-zaniy/operatsii-s-dannymi-back-end/dostup-k-dannym-cherez-orm/:101
[    1667ms] [LOG] error SyntaxError: Unexpected token '_', "__ym__prom"... is not valid JSON @ https://bpmsoft.ru/baza-zaniy/operatsii-s-dannymi-back-end/dostup-k-dannym-cherez-orm/:101
[    1667ms] [LOG] error SyntaxError: Unexpected token '_', "__ym__prom"... is not valid JSON @ https://bpmsoft.ru/baza-zaniy/operatsii-s-dannymi-back-end/dostup-k-dannym-cherez-orm/:101
[    1668ms] [LOG] error SyntaxError: Unexpected token '_', "__ym__prom"... is not valid JSON @ https://bpmsoft.ru/baza-zaniy/operatsii-s-dannymi-back-end/dostup-k-dannym-cherez-orm/:101
[    1669ms] [LOG] error SyntaxError: Unexpected token '_', "__ym__prom"... is not valid JSON @ https://bpmsoft.ru/baza-zaniy/operatsii-s-dannymi-back-end/dostup-k-dannym-cherez-orm/:101
[    1670ms] [LOG] error SyntaxError: Unexpected token '_', "__ym__prom"... is not valid JSON @ https://bpmsoft.ru/baza-zaniy/operatsii-s-dannymi-back-end/dostup-k-dannym-cherez-orm/:101
[    1671ms] [LOG] error SyntaxError: Unexpected token '_', "__ym__prom"... is not valid JSON @ https://bpmsoft.ru/baza-zaniy/operatsii-s-dannymi-back-end/dostup-k-dannym-cherez-orm/:101
[    1671ms] [LOG] error SyntaxError: Unexpected token '_', "__ym__prom"... is not valid JSON @ https://bpmsoft.ru/baza-zaniy/operatsii-s-dannymi-back-end/dostup-k-dannym-cherez-orm/:101
[    1672ms] [LOG] error SyntaxError: Unexpected token '_', "__ym__prom"... is not valid JSON @ https://bpmsoft.ru/baza-zaniy/operatsii-s-dannymi-back-end/dostup-k-dannym-cherez-orm/:101
[    1672ms] [LOG] error SyntaxError: Unexpected token '_', "__ym__prom"... is not valid JSON @ https://bpmsoft.ru/baza-zaniy/operatsii-s-dannymi-back-end/dostup-k-dannym-cherez-orm/:101
[    1673ms] [LOG] error SyntaxError: Unexpected token '_', "__ym__prom"... is not valid JSON @ https://bpmsoft.ru/baza-zaniy/operatsii-s-dannymi-back-end/dostup-k-dannym-cherez-orm/:101
[    1673ms] [LOG] error SyntaxError: Unexpected token '_', "__ym__prom"... is not valid JSON @ https://bpmsoft.ru/baza-zaniy/operatsii-s-dannymi-back-end/dostup-k-dannym-cherez-orm/:101
[    1673ms] [LOG] error SyntaxError: Unexpected token '_', "__ym__prom"... is not valid JSON @ https://bpmsoft.ru/baza-zaniy/operatsii-s-dannymi-back-end/dostup-k-dannym-cherez-orm/:101
[    1674ms] [LOG] error SyntaxError: Unexpected token '_', "__ym__prom"... is not valid JSON @ https://bpmsoft.ru/baza-zaniy/operatsii-s-dannymi-back-end/dostup-k-dannym-cherez-orm/:101
[    1674ms] [LOG] error SyntaxError: Unexpected token '_', "__ym__prom"... is not valid JSON @ https://bpmsoft.ru/baza-zaniy/operatsii-s-dannymi-back-end/dostup-k-dannym-cherez-orm/:101
[    1674ms] [LOG] error SyntaxError: Unexpected token '_', "__ym__prom"... is not valid JSON @ https://bpmsoft.ru/baza-zaniy/operatsii-s-dannymi-back-end/dostup-k-dannym-cherez-orm/:101
[    1675ms] [LOG] error SyntaxError: Unexpected token '_', "__ym__prom"... is not valid JSON @ https://bpmsoft.ru/baza-zaniy/operatsii-s-dannymi-back-end/dostup-k-dannym-cherez-orm/:101
[    1675ms] [LOG] error SyntaxError: Unexpected token '_', "__ym__prom"... is not valid JSON @ https://bpmsoft.ru/baza-zaniy/operatsii-s-dannymi-back-end/dostup-k-dannym-cherez-orm/:101
[    1676ms] [LOG] error SyntaxError: Unexpected token '_', "__ym__prom"... is not valid JSON @ https://bpmsoft.ru/baza-zaniy/operatsii-s-dannymi-back-end/dostup-k-dannym-cherez-orm/:101
[    1686ms] [LOG] error SyntaxError: Unexpected token '_', "__ym__prom"... is not valid JSON @ https://bpmsoft.ru/baza-zaniy/operatsii-s-dannymi-back-end/dostup-k-dannym-cherez-orm/:101
[    1687ms] [LOG] error SyntaxError: Unexpected token '_', "__ym__prom"... is not valid JSON @ https://bpmsoft.ru/baza-zaniy/operatsii-s-dannymi-back-end/dostup-k-dannym-cherez-orm/:101
[    1687ms] [LOG] error SyntaxError: Unexpected token '_', "__ym__prom"... is not valid JSON @ https://bpmsoft.ru/baza-zaniy/operatsii-s-dannymi-back-end/dostup-k-dannym-cherez-orm/:101
[    1688ms] [LOG] error SyntaxError: Unexpected token '_', "__ym__prom"... is not valid JSON @ https://bpmsoft.ru/baza-zaniy/operatsii-s-dannymi-back-end/dostup-k-dannym-cherez-orm/:101
[    1688ms] [LOG] error SyntaxError: Unexpected token '_', "__ym__prom"... is not valid JSON @ https://bpmsoft.ru/baza-zaniy/operatsii-s-dannymi-back-end/dostup-k-dannym-cherez-orm/:101
[    1688ms] [LOG] error SyntaxError: Unexpected token '_', "__ym__prom"... is not valid JSON @ https://bpmsoft.ru/baza-zaniy/operatsii-s-dannymi-back-end/dostup-k-dannym-cherez-orm/:101
[    1689ms] [LOG] error SyntaxError: Unexpected token '_', "__ym__prom"... is not valid JSON @ https://bpmsoft.ru/baza-zaniy/operatsii-s-dannymi-back-end/dostup-k-dannym-cherez-orm/:101
[    1689ms] [LOG] error SyntaxError: Unexpected token '_', "__ym__prom"... is not valid JSON @ https://bpmsoft.ru/baza-zaniy/operatsii-s-dannymi-back-end/dostup-k-dannym-cherez-orm/:101
[    1689ms] [LOG] error SyntaxError: Unexpected token '_', "__ym__prom"... is not valid JSON @ https://bpmsoft.ru/baza-zaniy/operatsii-s-dannymi-back-end/dostup-k-dannym-cherez-orm/:101
[    1690ms] [LOG] error SyntaxError: Unexpected token '_', "__ym__prom"... is not valid JSON @ https://bpmsoft.ru/baza-zaniy/operatsii-s-dannymi-back-end/dostup-k-dannym-cherez-orm/:101
[    1690ms] [LOG] error SyntaxError: Unexpected token '_', "__ym__prom"... is not valid JSON @ https://bpmsoft.ru/baza-zaniy/operatsii-s-dannymi-back-end/dostup-k-dannym-cherez-orm/:101
[    1690ms] [LOG] error SyntaxError: Unexpected token '_', "__ym__prom"... is not valid JSON @ https://bpmsoft.ru/baza-zaniy/operatsii-s-dannymi-back-end/dostup-k-dannym-cherez-orm/:101
[    1691ms] [LOG] error SyntaxError: Unexpected token '_', "__ym__prom"... is not valid JSON @ https://bpmsoft.ru/baza-zaniy/operatsii-s-dannymi-back-end/dostup-k-dannym-cherez-orm/:101
[    1691ms] [LOG] error SyntaxError: Unexpected token '_', "__ym__prom"... is not valid JSON @ https://bpmsoft.ru/baza-zaniy/operatsii-s-dannymi-back-end/dostup-k-dannym-cherez-orm/:101
[    1691ms] [LOG] error SyntaxError: Unexpected token '_', "__ym__prom"... is not valid JSON @ https://bpmsoft.ru/baza-zaniy/operatsii-s-dannymi-back-end/dostup-k-dannym-cherez-orm/:101
[    1692ms] [LOG] error SyntaxError: Unexpected token '_', "__ym__prom"... is not valid JSON @ https://bpmsoft.ru/baza-zaniy/operatsii-s-dannymi-back-end/dostup-k-dannym-cherez-orm/:101
[    1692ms] [LOG] error SyntaxError: Unexpected token '_', "__ym__prom"... is not valid JSON @ https://bpmsoft.ru/baza-zaniy/operatsii-s-dannymi-back-end/dostup-k-dannym-cherez-orm/:101
[    1692ms] [LOG] error SyntaxError: Unexpected token '_', "__ym__prom"... is not valid JSON @ https://bpmsoft.ru/baza-zaniy/operatsii-s-dannymi-back-end/dostup-k-dannym-cherez-orm/:101
[    1693ms] [LOG] error SyntaxError: Unexpected token '_', "__ym__prom"... is not valid JSON @ https://bpmsoft.ru/baza-zaniy/operatsii-s-dannymi-back-end/dostup-k-dannym-cherez-orm/:101
[    1693ms] [LOG] error SyntaxError: Unexpected token '_', "__ym__prom"... is not valid JSON @ https://bpmsoft.ru/baza-zaniy/operatsii-s-dannymi-back-end/dostup-k-dannym-cherez-orm/:101
[    1693ms] [LOG] error SyntaxError: Unexpected token '_', "__ym__prom"... is not valid JSON @ https://bpmsoft.ru/baza-zaniy/operatsii-s-dannymi-back-end/dostup-k-dannym-cherez-orm/:101
[    1694ms] [LOG] error SyntaxError: Unexpected token '_', "__ym__prom"... is not valid JSON @ https://bpmsoft.ru/baza-zaniy/operatsii-s-dannymi-back-end/dostup-k-dannym-cherez-orm/:101
[    1695ms] [LOG] error SyntaxError: Unexpected token '_', "__ym__prom"... is not valid JSON @ https://bpmsoft.ru/baza-zaniy/operatsii-s-dannymi-back-end/dostup-k-dannym-cherez-orm/:101
[    1695ms] [LOG] error SyntaxError: Unexpected token '_', "__ym__prom"... is not valid JSON @ https://bpmsoft.ru/baza-zaniy/operatsii-s-dannymi-back-end/dostup-k-dannym-cherez-orm/:101
[    1696ms] [LOG] error SyntaxError: Unexpected token '_', "__ym__prom"... is not valid JSON @ https://bpmsoft.ru/baza-zaniy/operatsii-s-dannymi-back-end/dostup-k-dannym-cherez-orm/:101
[    1696ms] [LOG] error SyntaxError: Unexpected token '_', "__ym__prom"... is not valid JSON @ https://bpmsoft.ru/baza-zaniy/operatsii-s-dannymi-back-end/dostup-k-dannym-cherez-orm/:101
[    1696ms] [LOG] error SyntaxError: Unexpected token '_', "__ym__prom"... is not valid JSON @ https://bpmsoft.ru/baza-zaniy/operatsii-s-dannymi-back-end/dostup-k-dannym-cherez-orm/:101
[    1697ms] [LOG] error SyntaxError: Unexpected token '_', "__ym__prom"... is not valid JSON @ https://bpmsoft.ru/baza-zaniy/operatsii-s-dannymi-back-end/dostup-k-dannym-cherez-orm/:101
[    1697ms] [LOG] error SyntaxError: Unexpected token '_', "__ym__prom"... is not valid JSON @ https://bpmsoft.ru/baza-zaniy/operatsii-s-dannymi-back-end/dostup-k-dannym-cherez-orm/:101
[    1698ms] [LOG] error SyntaxError: Unexpected token '_', "__ym__prom"... is not valid JSON @ https://bpmsoft.ru/baza-zaniy/operatsii-s-dannymi-back-end/dostup-k-dannym-cherez-orm/:101
[    1698ms] [LOG] error SyntaxError: Unexpected token '_', "__ym__prom"... is not valid JSON @ https://bpmsoft.ru/baza-zaniy/operatsii-s-dannymi-back-end/dostup-k-dannym-cherez-orm/:101
[    1698ms] [LOG] error SyntaxError: Unexpected token '_', "__ym__prom"... is not valid JSON @ https://bpmsoft.ru/baza-zaniy/operatsii-s-dannymi-back-end/dostup-k-dannym-cherez-orm/:101
[    1699ms] [LOG] error SyntaxError: Unexpected token '_', "__ym__prom"... is not valid JSON @ https://bpmsoft.ru/baza-zaniy/operatsii-s-dannymi-back-end/dostup-k-dannym-cherez-orm/:101
[    1699ms] [LOG] error SyntaxError: Unexpected token '_', "__ym__prom"... is not valid JSON @ https://bpmsoft.ru/baza-zaniy/operatsii-s-dannymi-back-end/dostup-k-dannym-cherez-orm/:101
[    1699ms] [LOG] error SyntaxError: Unexpected token '_', "__ym__prom"... is not valid JSON @ https://bpmsoft.ru/baza-zaniy/operatsii-s-dannymi-back-end/dostup-k-dannym-cherez-orm/:101
[    1699ms] [LOG] error SyntaxError: Unexpected token '_', "__ym__prom"... is not valid JSON @ https://bpmsoft.ru/baza-zaniy/operatsii-s-dannymi-back-end/dostup-k-dannym-cherez-orm/:101
[    1700ms] [LOG] error SyntaxError: Unexpected token '_', "__ym__prom"... is not valid JSON @ https://bpmsoft.ru/baza-zaniy/operatsii-s-dannymi-back-end/dostup-k-dannym-cherez-orm/:101
[    1700ms] [LOG] error SyntaxError: Unexpected token '_', "__ym__prom"... is not valid JSON @ https://bpmsoft.ru/baza-zaniy/operatsii-s-dannymi-back-end/dostup-k-dannym-cherez-orm/:101
[    1701ms] [LOG] error SyntaxError: Unexpected token '_', "__ym__prom"... is not valid JSON @ https://bpmsoft.ru/baza-zaniy/operatsii-s-dannymi-back-end/dostup-k-dannym-cherez-orm/:101
