[     333ms] [ERROR] Failed to load resource: the server responded with a status of 404 (Not Found) @ https://bpmsoft.ru/baza-zaniy/dlya-administratora/:0
[    1007ms] [VERBOSE] [DOM] Input elements should have autocomplete attributes (suggested: "current-password"): (More info: https://goo.gl/9p2vKq) %o @ https://bpmsoft.ru/baza-zaniy/dlya-administratora/:0
[    1007ms] [VERBOSE] [DOM] Input elements should have autocomplete attributes (suggested: "new-password"): (More info: https://goo.gl/9p2vKq) %o @ https://bpmsoft.ru/baza-zaniy/dlya-administratora/:0
[    1008ms] [VERBOSE] [DOM] Input elements should have autocomplete attributes (suggested: "new-password"): (More info: https://goo.gl/9p2vKq) %o @ https://bpmsoft.ru/baza-zaniy/dlya-administratora/:0
[    1008ms] [VERBOSE] [DOM] Input elements should have autocomplete attributes (suggested: "current-password"): (More info: https://goo.gl/9p2vKq) %o @ https://bpmsoft.ru/baza-zaniy/dlya-administratora/:0
[    1008ms] [VERBOSE] [DOM] Input elements should have autocomplete attributes (suggested: "new-password"): (More info: https://goo.gl/9p2vKq) %o @ https://bpmsoft.ru/baza-zaniy/dlya-administratora/:0
[    1008ms] [VERBOSE] [DOM] Input elements should have autocomplete attributes (suggested: "new-password"): (More info: https://goo.gl/9p2vKq) %o @ https://bpmsoft.ru/baza-zaniy/dlya-administratora/:0
[    1036ms] [ERROR] Access to fetch at 'https://ipapi.co/json' from origin 'https://bpmsoft.ru' has been blocked by CORS policy: No 'Access-Control-Allow-Origin' header is present on the requested resource. @ https://bpmsoft.ru/baza-zaniy/dlya-administratora/:0
[    1036ms] [ERROR] Failed to load resource: net::ERR_FAILED @ https://ipapi.co/json:0
[    1112ms] [LOG] error SyntaxError: Unexpected token '_', "__ym__prom"... is not valid JSON @ https://bpmsoft.ru/baza-zaniy/dlya-administratora/:101
[    1115ms] [LOG] error SyntaxError: Unexpected token '_', "__ym__prom"... is not valid JSON @ https://bpmsoft.ru/baza-zaniy/dlya-administratora/:101
[    1427ms] [LOG] error SyntaxError: Unexpected token '_', "__ym__prom"... is not valid JSON @ https://bpmsoft.ru/baza-zaniy/dlya-administratora/:101
[    1437ms] [LOG] error SyntaxError: Unexpected token '_', "__ym__prom"... is not valid JSON @ https://bpmsoft.ru/baza-zaniy/dlya-administratora/:101
[    1460ms] [LOG] error SyntaxError: Unexpected token '_', "__ym__prom"... is not valid JSON @ https://bpmsoft.ru/baza-zaniy/dlya-administratora/:101
[    1460ms] [LOG] error SyntaxError: Unexpected token '_', "__ym__prom"... is not valid JSON @ https://bpmsoft.ru/baza-zaniy/dlya-administratora/:101
[    1461ms] [LOG] error SyntaxError: Unexpected token '_', "__ym__prom"... is not valid JSON @ https://bpmsoft.ru/baza-zaniy/dlya-administratora/:101
[    1461ms] [LOG] error SyntaxError: Unexpected token '_', "__ym__prom"... is not valid JSON @ https://bpmsoft.ru/baza-zaniy/dlya-administratora/:101
[    1461ms] [LOG] error SyntaxError: Unexpected token '_', "__ym__prom"... is not valid JSON @ https://bpmsoft.ru/baza-zaniy/dlya-administratora/:101
[    1462ms] [LOG] error SyntaxError: Unexpected token '_', "__ym__prom"... is not valid JSON @ https://bpmsoft.ru/baza-zaniy/dlya-administratora/:101
[    1462ms] [LOG] error SyntaxError: Unexpected token '_', "__ym__prom"... is not valid JSON @ https://bpmsoft.ru/baza-zaniy/dlya-administratora/:101
[    1463ms] [LOG] error SyntaxError: Unexpected token '_', "__ym__prom"... is not valid JSON @ https://bpmsoft.ru/baza-zaniy/dlya-administratora/:101
[    1463ms] [LOG] error SyntaxError: Unexpected token '_', "__ym__prom"... is not valid JSON @ https://bpmsoft.ru/baza-zaniy/dlya-administratora/:101
[    1464ms] [LOG] error SyntaxError: Unexpected token '_', "__ym__prom"... is not valid JSON @ https://bpmsoft.ru/baza-zaniy/dlya-administratora/:101
[    1464ms] [LOG] error SyntaxError: Unexpected token '_', "__ym__prom"... is not valid JSON @ https://bpmsoft.ru/baza-zaniy/dlya-administratora/:101
[    1464ms] [LOG] error SyntaxError: Unexpected token '_', "__ym__prom"... is not valid JSON @ https://bpmsoft.ru/baza-zaniy/dlya-administratora/:101
[    1465ms] [LOG] error SyntaxError: Unexpected token '_', "__ym__prom"... is not valid JSON @ https://bpmsoft.ru/baza-zaniy/dlya-administratora/:101
[    1465ms] [LOG] error SyntaxError: Unexpected token '_', "__ym__prom"... is not valid JSON @ https://bpmsoft.ru/baza-zaniy/dlya-administratora/:101
[    1466ms] [LOG] error SyntaxError: Unexpected token '_', "__ym__prom"... is not valid JSON @ https://bpmsoft.ru/baza-zaniy/dlya-administratora/:101
[    1467ms] [LOG] error SyntaxError: Unexpected token '_', "__ym__prom"... is not valid JSON @ https://bpmsoft.ru/baza-zaniy/dlya-administratora/:101
[    1467ms] [LOG] error SyntaxError: Unexpected token '_', "__ym__prom"... is not valid JSON @ https://bpmsoft.ru/baza-zaniy/dlya-administratora/:101
[    1467ms] [LOG] error SyntaxError: Unexpected token '_', "__ym__prom"... is not valid JSON @ https://bpmsoft.ru/baza-zaniy/dlya-administratora/:101
[    1468ms] [LOG] error SyntaxError: Unexpected token '_', "__ym__prom"... is not valid JSON @ https://bpmsoft.ru/baza-zaniy/dlya-administratora/:101
[    1468ms] [LOG] error SyntaxError: Unexpected token '_', "__ym__prom"... is not valid JSON @ https://bpmsoft.ru/baza-zaniy/dlya-administratora/:101
[    1469ms] [LOG] error SyntaxError: Unexpected token '_', "__ym__prom"... is not valid JSON @ https://bpmsoft.ru/baza-zaniy/dlya-administratora/:101
[    1469ms] [LOG] error SyntaxError: Unexpected token '_', "__ym__prom"... is not valid JSON @ https://bpmsoft.ru/baza-zaniy/dlya-administratora/:101
[    1469ms] [LOG] error SyntaxError: Unexpected token '_', "__ym__prom"... is not valid JSON @ https://bpmsoft.ru/baza-zaniy/dlya-administratora/:101
[    1470ms] [LOG] error SyntaxError: Unexpected token '_', "__ym__prom"... is not valid JSON @ https://bpmsoft.ru/baza-zaniy/dlya-administratora/:101
[    1470ms] [LOG] error SyntaxError: Unexpected token '_', "__ym__prom"... is not valid JSON @ https://bpmsoft.ru/baza-zaniy/dlya-administratora/:101
[    1471ms] [LOG] error SyntaxError: Unexpected token '_', "__ym__prom"... is not valid JSON @ https://bpmsoft.ru/baza-zaniy/dlya-administratora/:101
[    1471ms] [LOG] error SyntaxError: Unexpected token '_', "__ym__prom"... is not valid JSON @ https://bpmsoft.ru/baza-zaniy/dlya-administratora/:101
[    1473ms] [LOG] error SyntaxError: Unexpected token '_', "__ym__prom"... is not valid JSON @ https://bpmsoft.ru/baza-zaniy/dlya-administratora/:101
[    1474ms] [LOG] error SyntaxError: Unexpected token '_', "__ym__prom"... is not valid JSON @ https://bpmsoft.ru/baza-zaniy/dlya-administratora/:101
[    1474ms] [LOG] error SyntaxError: Unexpected token '_', "__ym__prom"... is not valid JSON @ https://bpmsoft.ru/baza-zaniy/dlya-administratora/:101
[    1475ms] [LOG] error SyntaxError: Unexpected token '_', "__ym__prom"... is not valid JSON @ https://bpmsoft.ru/baza-zaniy/dlya-administratora/:101
[    1475ms] [LOG] error SyntaxError: Unexpected token '_', "__ym__prom"... is not valid JSON @ https://bpmsoft.ru/baza-zaniy/dlya-administratora/:101
[    1476ms] [LOG] error SyntaxError: Unexpected token '_', "__ym__prom"... is not valid JSON @ https://bpmsoft.ru/baza-zaniy/dlya-administratora/:101
[    1477ms] [LOG] error SyntaxError: Unexpected token '_', "__ym__prom"... is not valid JSON @ https://bpmsoft.ru/baza-zaniy/dlya-administratora/:101
[    1477ms] [LOG] error SyntaxError: Unexpected token '_', "__ym__prom"... is not valid JSON @ https://bpmsoft.ru/baza-zaniy/dlya-administratora/:101
[    1478ms] [LOG] error SyntaxError: Unexpected token '_', "__ym__prom"... is not valid JSON @ https://bpmsoft.ru/baza-zaniy/dlya-administratora/:101
[    1479ms] [LOG] error SyntaxError: Unexpected token '_', "__ym__prom"... is not valid JSON @ https://bpmsoft.ru/baza-zaniy/dlya-administratora/:101
[    1480ms] [LOG] error SyntaxError: Unexpected token '_', "__ym__prom"... is not valid JSON @ https://bpmsoft.ru/baza-zaniy/dlya-administratora/:101
[    1480ms] [LOG] error SyntaxError: Unexpected token '_', "__ym__prom"... is not valid JSON @ https://bpmsoft.ru/baza-zaniy/dlya-administratora/:101
[    1481ms] [LOG] error SyntaxError: Unexpected token '_', "__ym__prom"... is not valid JSON @ https://bpmsoft.ru/baza-zaniy/dlya-administratora/:101
[    1481ms] [LOG] error SyntaxError: Unexpected token '_', "__ym__prom"... is not valid JSON @ https://bpmsoft.ru/baza-zaniy/dlya-administratora/:101
[    1482ms] [LOG] error SyntaxError: Unexpected token '_', "__ym__prom"... is not valid JSON @ https://bpmsoft.ru/baza-zaniy/dlya-administratora/:101
[    1482ms] [LOG] error SyntaxError: Unexpected token '_', "__ym__prom"... is not valid JSON @ https://bpmsoft.ru/baza-zaniy/dlya-administratora/:101
[    1482ms] [LOG] error SyntaxError: Unexpected token '_', "__ym__prom"... is not valid JSON @ https://bpmsoft.ru/baza-zaniy/dlya-administratora/:101
[    1483ms] [LOG] error SyntaxError: Unexpected token '_', "__ym__prom"... is not valid JSON @ https://bpmsoft.ru/baza-zaniy/dlya-administratora/:101
[    1483ms] [LOG] error SyntaxError: Unexpected token '_', "__ym__prom"... is not valid JSON @ https://bpmsoft.ru/baza-zaniy/dlya-administratora/:101
[    1484ms] [LOG] error SyntaxError: Unexpected token '_', "__ym__prom"... is not valid JSON @ https://bpmsoft.ru/baza-zaniy/dlya-administratora/:101
[    1484ms] [LOG] error SyntaxError: Unexpected token '_', "__ym__prom"... is not valid JSON @ https://bpmsoft.ru/baza-zaniy/dlya-administratora/:101
[    1484ms] [LOG] error SyntaxError: Unexpected token '_', "__ym__prom"... is not valid JSON @ https://bpmsoft.ru/baza-zaniy/dlya-administratora/:101
[    1485ms] [LOG] error SyntaxError: Unexpected token '_', "__ym__prom"... is not valid JSON @ https://bpmsoft.ru/baza-zaniy/dlya-administratora/:101
[    1485ms] [LOG] error SyntaxError: Unexpected token '_', "__ym__prom"... is not valid JSON @ https://bpmsoft.ru/baza-zaniy/dlya-administratora/:101
[    1485ms] [LOG] error SyntaxError: Unexpected token '_', "__ym__prom"... is not valid JSON @ https://bpmsoft.ru/baza-zaniy/dlya-administratora/:101
[    1486ms] [LOG] error SyntaxError: Unexpected token '_', "__ym__prom"... is not valid JSON @ https://bpmsoft.ru/baza-zaniy/dlya-administratora/:101
[    1486ms] [LOG] error SyntaxError: Unexpected token '_', "__ym__prom"... is not valid JSON @ https://bpmsoft.ru/baza-zaniy/dlya-administratora/:101
[    1487ms] [LOG] error SyntaxError: Unexpected token '_', "__ym__prom"... is not valid JSON @ https://bpmsoft.ru/baza-zaniy/dlya-administratora/:101
[    1487ms] [LOG] error SyntaxError: Unexpected token '_', "__ym__prom"... is not valid JSON @ https://bpmsoft.ru/baza-zaniy/dlya-administratora/:101
[    1487ms] [LOG] error SyntaxError: Unexpected token '_', "__ym__prom"... is not valid JSON @ https://bpmsoft.ru/baza-zaniy/dlya-administratora/:101
[    1488ms] [LOG] error SyntaxError: Unexpected token '_', "__ym__prom"... is not valid JSON @ https://bpmsoft.ru/baza-zaniy/dlya-administratora/:101
[    1489ms] [LOG] error SyntaxError: Unexpected token '_', "__ym__prom"... is not valid JSON @ https://bpmsoft.ru/baza-zaniy/dlya-administratora/:101
[    1491ms] [LOG] error SyntaxError: Unexpected token '_', "__ym__prom"... is not valid JSON @ https://bpmsoft.ru/baza-zaniy/dlya-administratora/:101
[    1492ms] [LOG] error SyntaxError: Unexpected token '_', "__ym__prom"... is not valid JSON @ https://bpmsoft.ru/baza-zaniy/dlya-administratora/:101
[    1492ms] [LOG] error SyntaxError: Unexpected token '_', "__ym__prom"... is not valid JSON @ https://bpmsoft.ru/baza-zaniy/dlya-administratora/:101
[    1493ms] [LOG] error SyntaxError: Unexpected token '_', "__ym__prom"... is not valid JSON @ https://bpmsoft.ru/baza-zaniy/dlya-administratora/:101
[    1493ms] [LOG] error SyntaxError: Unexpected token '_', "__ym__prom"... is not valid JSON @ https://bpmsoft.ru/baza-zaniy/dlya-administratora/:101
[    1493ms] [LOG] error SyntaxError: Unexpected token '_', "__ym__prom"... is not valid JSON @ https://bpmsoft.ru/baza-zaniy/dlya-administratora/:101
[    1494ms] [LOG] error SyntaxError: Unexpected token '_', "__ym__prom"... is not valid JSON @ https://bpmsoft.ru/baza-zaniy/dlya-administratora/:101
[    1494ms] [LOG] error SyntaxError: Unexpected token '_', "__ym__prom"... is not valid JSON @ https://bpmsoft.ru/baza-zaniy/dlya-administratora/:101
[    1495ms] [LOG] error SyntaxError: Unexpected token '_', "__ym__prom"... is not valid JSON @ https://bpmsoft.ru/baza-zaniy/dlya-administratora/:101
[    1495ms] [LOG] error SyntaxError: Unexpected token '_', "__ym__prom"... is not valid JSON @ https://bpmsoft.ru/baza-zaniy/dlya-administratora/:101
[    1495ms] [LOG] error SyntaxError: Unexpected token '_', "__ym__prom"... is not valid JSON @ https://bpmsoft.ru/baza-zaniy/dlya-administratora/:101
[    1496ms] [LOG] error SyntaxError: Unexpected token '_', "__ym__prom"... is not valid JSON @ https://bpmsoft.ru/baza-zaniy/dlya-administratora/:101
[    1496ms] [LOG] error SyntaxError: Unexpected token '_', "__ym__prom"... is not valid JSON @ https://bpmsoft.ru/baza-zaniy/dlya-administratora/:101
[    1496ms] [LOG] error SyntaxError: Unexpected token '_', "__ym__prom"... is not valid JSON @ https://bpmsoft.ru/baza-zaniy/dlya-administratora/:101
[    1497ms] [LOG] error SyntaxError: Unexpected token '_', "__ym__prom"... is not valid JSON @ https://bpmsoft.ru/baza-zaniy/dlya-administratora/:101
[    1497ms] [LOG] error SyntaxError: Unexpected token '_', "__ym__prom"... is not valid JSON @ https://bpmsoft.ru/baza-zaniy/dlya-administratora/:101
[    1497ms] [LOG] error SyntaxError: Unexpected token '_', "__ym__prom"... is not valid JSON @ https://bpmsoft.ru/baza-zaniy/dlya-administratora/:101
[    1498ms] [LOG] error SyntaxError: Unexpected token '_', "__ym__prom"... is not valid JSON @ https://bpmsoft.ru/baza-zaniy/dlya-administratora/:101
[    1498ms] [LOG] error SyntaxError: Unexpected token '_', "__ym__prom"... is not valid JSON @ https://bpmsoft.ru/baza-zaniy/dlya-administratora/:101
[    1498ms] [LOG] error SyntaxError: Unexpected token '_', "__ym__prom"... is not valid JSON @ https://bpmsoft.ru/baza-zaniy/dlya-administratora/:101
[    1499ms] [LOG] error SyntaxError: Unexpected token '_', "__ym__prom"... is not valid JSON @ https://bpmsoft.ru/baza-zaniy/dlya-administratora/:101
[    1499ms] [LOG] error SyntaxError: Unexpected token '_', "__ym__prom"... is not valid JSON @ https://bpmsoft.ru/baza-zaniy/dlya-administratora/:101
[    1500ms] [LOG] error SyntaxError: Unexpected token '_', "__ym__prom"... is not valid JSON @ https://bpmsoft.ru/baza-zaniy/dlya-administratora/:101
[    1500ms] [LOG] error SyntaxError: Unexpected token '_', "__ym__prom"... is not valid JSON @ https://bpmsoft.ru/baza-zaniy/dlya-administratora/:101
[    1500ms] [LOG] error SyntaxError: Unexpected token '_', "__ym__prom"... is not valid JSON @ https://bpmsoft.ru/baza-zaniy/dlya-administratora/:101
[    1501ms] [LOG] error SyntaxError: Unexpected token '_', "__ym__prom"... is not valid JSON @ https://bpmsoft.ru/baza-zaniy/dlya-administratora/:101
[    1501ms] [LOG] error SyntaxError: Unexpected token '_', "__ym__prom"... is not valid JSON @ https://bpmsoft.ru/baza-zaniy/dlya-administratora/:101
[    1501ms] [LOG] error SyntaxError: Unexpected token '_', "__ym__prom"... is not valid JSON @ https://bpmsoft.ru/baza-zaniy/dlya-administratora/:101
[    1502ms] [LOG] error SyntaxError: Unexpected token '_', "__ym__prom"... is not valid JSON @ https://bpmsoft.ru/baza-zaniy/dlya-administratora/:101
[    1502ms] [LOG] error SyntaxError: Unexpected token '_', "__ym__prom"... is not valid JSON @ https://bpmsoft.ru/baza-zaniy/dlya-administratora/:101
[    1502ms] [LOG] error SyntaxError: Unexpected token '_', "__ym__prom"... is not valid JSON @ https://bpmsoft.ru/baza-zaniy/dlya-administratora/:101
[    1503ms] [LOG] error SyntaxError: Unexpected token '_', "__ym__prom"... is not valid JSON @ https://bpmsoft.ru/baza-zaniy/dlya-administratora/:101
[    1503ms] [LOG] error SyntaxError: Unexpected token '_', "__ym__prom"... is not valid JSON @ https://bpmsoft.ru/baza-zaniy/dlya-administratora/:101
[    1503ms] [LOG] error SyntaxError: Unexpected token '_', "__ym__prom"... is not valid JSON @ https://bpmsoft.ru/baza-zaniy/dlya-administratora/:101
[    1504ms] [LOG] error SyntaxError: Unexpected token '_', "__ym__prom"... is not valid JSON @ https://bpmsoft.ru/baza-zaniy/dlya-administratora/:101
[    1505ms] [LOG] error SyntaxError: Unexpected token '_', "__ym__prom"... is not valid JSON @ https://bpmsoft.ru/baza-zaniy/dlya-administratora/:101
[    1505ms] [LOG] error SyntaxError: Unexpected token '_', "__ym__prom"... is not valid JSON @ https://bpmsoft.ru/baza-zaniy/dlya-administratora/:101
[    1506ms] [LOG] error SyntaxError: Unexpected token '_', "__ym__prom"... is not valid JSON @ https://bpmsoft.ru/baza-zaniy/dlya-administratora/:101
[    1507ms] [LOG] error SyntaxError: Unexpected token '_', "__ym__prom"... is not valid JSON @ https://bpmsoft.ru/baza-zaniy/dlya-administratora/:101
[    1507ms] [LOG] error SyntaxError: Unexpected token '_', "__ym__prom"... is not valid JSON @ https://bpmsoft.ru/baza-zaniy/dlya-administratora/:101
[    1508ms] [LOG] error SyntaxError: Unexpected token '_', "__ym__prom"... is not valid JSON @ https://bpmsoft.ru/baza-zaniy/dlya-administratora/:101
[    1509ms] [LOG] error SyntaxError: Unexpected token '_', "__ym__prom"... is not valid JSON @ https://bpmsoft.ru/baza-zaniy/dlya-administratora/:101
[    1509ms] [LOG] error SyntaxError: Unexpected token '_', "__ym__prom"... is not valid JSON @ https://bpmsoft.ru/baza-zaniy/dlya-administratora/:101
[    1509ms] [LOG] error SyntaxError: Unexpected token '_', "__ym__prom"... is not valid JSON @ https://bpmsoft.ru/baza-zaniy/dlya-administratora/:101
[    1510ms] [LOG] error SyntaxError: Unexpected token '_', "__ym__prom"... is not valid JSON @ https://bpmsoft.ru/baza-zaniy/dlya-administratora/:101
[    1510ms] [LOG] error SyntaxError: Unexpected token '_', "__ym__prom"... is not valid JSON @ https://bpmsoft.ru/baza-zaniy/dlya-administratora/:101
[    1510ms] [LOG] error SyntaxError: Unexpected token '_', "__ym__prom"... is not valid JSON @ https://bpmsoft.ru/baza-zaniy/dlya-administratora/:101
[    1511ms] [LOG] error SyntaxError: Unexpected token '_', "__ym__prom"... is not valid JSON @ https://bpmsoft.ru/baza-zaniy/dlya-administratora/:101
[    1511ms] [LOG] error SyntaxError: Unexpected token '_', "__ym__prom"... is not valid JSON @ https://bpmsoft.ru/baza-zaniy/dlya-administratora/:101
[    1511ms] [LOG] error SyntaxError: Unexpected token '_', "__ym__prom"... is not valid JSON @ https://bpmsoft.ru/baza-zaniy/dlya-administratora/:101
[    1512ms] [LOG] error SyntaxError: Unexpected token '_', "__ym__prom"... is not valid JSON @ https://bpmsoft.ru/baza-zaniy/dlya-administratora/:101
[    1512ms] [LOG] error SyntaxError: Unexpected token '_', "__ym__prom"... is not valid JSON @ https://bpmsoft.ru/baza-zaniy/dlya-administratora/:101
[    1512ms] [LOG] error SyntaxError: Unexpected token '_', "__ym__prom"... is not valid JSON @ https://bpmsoft.ru/baza-zaniy/dlya-administratora/:101
[    1513ms] [LOG] error SyntaxError: Unexpected token '_', "__ym__prom"... is not valid JSON @ https://bpmsoft.ru/baza-zaniy/dlya-administratora/:101
[    1513ms] [LOG] error SyntaxError: Unexpected token '_', "__ym__prom"... is not valid JSON @ https://bpmsoft.ru/baza-zaniy/dlya-administratora/:101
[    1513ms] [LOG] error SyntaxError: Unexpected token '_', "__ym__prom"... is not valid JSON @ https://bpmsoft.ru/baza-zaniy/dlya-administratora/:101
[    1513ms] [LOG] error SyntaxError: Unexpected token '_', "__ym__prom"... is not valid JSON @ https://bpmsoft.ru/baza-zaniy/dlya-administratora/:101
[    1514ms] [LOG] error SyntaxError: Unexpected token '_', "__ym__prom"... is not valid JSON @ https://bpmsoft.ru/baza-zaniy/dlya-administratora/:101
[    1514ms] [LOG] error SyntaxError: Unexpected token '_', "__ym__prom"... is not valid JSON @ https://bpmsoft.ru/baza-zaniy/dlya-administratora/:101
[    1514ms] [LOG] error SyntaxError: Unexpected token '_', "__ym__prom"... is not valid JSON @ https://bpmsoft.ru/baza-zaniy/dlya-administratora/:101
[    1515ms] [LOG] error SyntaxError: Unexpected token '_', "__ym__prom"... is not valid JSON @ https://bpmsoft.ru/baza-zaniy/dlya-administratora/:101
[    1515ms] [LOG] error SyntaxError: Unexpected token '_', "__ym__prom"... is not valid JSON @ https://bpmsoft.ru/baza-zaniy/dlya-administratora/:101
[    1515ms] [LOG] error SyntaxError: Unexpected token '_', "__ym__prom"... is not valid JSON @ https://bpmsoft.ru/baza-zaniy/dlya-administratora/:101
[    1516ms] [LOG] error SyntaxError: Unexpected token '_', "__ym__prom"... is not valid JSON @ https://bpmsoft.ru/baza-zaniy/dlya-administratora/:101
[    1516ms] [LOG] error SyntaxError: Unexpected token '_', "__ym__prom"... is not valid JSON @ https://bpmsoft.ru/baza-zaniy/dlya-administratora/:101
[    1516ms] [LOG] error SyntaxError: Unexpected token '_', "__ym__prom"... is not valid JSON @ https://bpmsoft.ru/baza-zaniy/dlya-administratora/:101
[    1516ms] [LOG] error SyntaxError: Unexpected token '_', "__ym__prom"... is not valid JSON @ https://bpmsoft.ru/baza-zaniy/dlya-administratora/:101
[    1517ms] [LOG] error SyntaxError: Unexpected token '_', "__ym__prom"... is not valid JSON @ https://bpmsoft.ru/baza-zaniy/dlya-administratora/:101
[    1517ms] [LOG] error SyntaxError: Unexpected token '_', "__ym__prom"... is not valid JSON @ https://bpmsoft.ru/baza-zaniy/dlya-administratora/:101
[    1517ms] [LOG] error SyntaxError: Unexpected token '_', "__ym__prom"... is not valid JSON @ https://bpmsoft.ru/baza-zaniy/dlya-administratora/:101
[    1518ms] [LOG] error SyntaxError: Unexpected token '_', "__ym__prom"... is not valid JSON @ https://bpmsoft.ru/baza-zaniy/dlya-administratora/:101
[    1518ms] [LOG] error SyntaxError: Unexpected token '_', "__ym__prom"... is not valid JSON @ https://bpmsoft.ru/baza-zaniy/dlya-administratora/:101
[    1518ms] [LOG] error SyntaxError: Unexpected token '_', "__ym__prom"... is not valid JSON @ https://bpmsoft.ru/baza-zaniy/dlya-administratora/:101
[    1519ms] [LOG] error SyntaxError: Unexpected token '_', "__ym__prom"... is not valid JSON @ https://bpmsoft.ru/baza-zaniy/dlya-administratora/:101
[    1519ms] [LOG] error SyntaxError: Unexpected token '_', "__ym__prom"... is not valid JSON @ https://bpmsoft.ru/baza-zaniy/dlya-administratora/:101
[    1519ms] [LOG] error SyntaxError: Unexpected token '_', "__ym__prom"... is not valid JSON @ https://bpmsoft.ru/baza-zaniy/dlya-administratora/:101
[    1520ms] [LOG] error SyntaxError: Unexpected token '_', "__ym__prom"... is not valid JSON @ https://bpmsoft.ru/baza-zaniy/dlya-administratora/:101
[    1520ms] [LOG] error SyntaxError: Unexpected token '_', "__ym__prom"... is not valid JSON @ https://bpmsoft.ru/baza-zaniy/dlya-administratora/:101
[    1521ms] [LOG] error SyntaxError: Unexpected token '_', "__ym__prom"... is not valid JSON @ https://bpmsoft.ru/baza-zaniy/dlya-administratora/:101
[    1521ms] [LOG] error SyntaxError: Unexpected token '_', "__ym__prom"... is not valid JSON @ https://bpmsoft.ru/baza-zaniy/dlya-administratora/:101
[    1522ms] [LOG] error SyntaxError: Unexpected token '_', "__ym__prom"... is not valid JSON @ https://bpmsoft.ru/baza-zaniy/dlya-administratora/:101
[    1522ms] [LOG] error SyntaxError: Unexpected token '_', "__ym__prom"... is not valid JSON @ https://bpmsoft.ru/baza-zaniy/dlya-administratora/:101
[    1523ms] [LOG] error SyntaxError: Unexpected token '_', "__ym__prom"... is not valid JSON @ https://bpmsoft.ru/baza-zaniy/dlya-administratora/:101
[    1524ms] [LOG] error SyntaxError: Unexpected token '_', "__ym__prom"... is not valid JSON @ https://bpmsoft.ru/baza-zaniy/dlya-administratora/:101
[    1524ms] [LOG] error SyntaxError: Unexpected token '_', "__ym__prom"... is not valid JSON @ https://bpmsoft.ru/baza-zaniy/dlya-administratora/:101
[    1525ms] [LOG] error SyntaxError: Unexpected token '_', "__ym__prom"... is not valid JSON @ https://bpmsoft.ru/baza-zaniy/dlya-administratora/:101
[    1525ms] [LOG] error SyntaxError: Unexpected token '_', "__ym__prom"... is not valid JSON @ https://bpmsoft.ru/baza-zaniy/dlya-administratora/:101
[    1525ms] [LOG] error SyntaxError: Unexpected token '_', "__ym__prom"... is not valid JSON @ https://bpmsoft.ru/baza-zaniy/dlya-administratora/:101
[    1526ms] [LOG] error SyntaxError: Unexpected token '_', "__ym__prom"... is not valid JSON @ https://bpmsoft.ru/baza-zaniy/dlya-administratora/:101
[    1526ms] [LOG] error SyntaxError: Unexpected token '_', "__ym__prom"... is not valid JSON @ https://bpmsoft.ru/baza-zaniy/dlya-administratora/:101
[    1526ms] [LOG] error SyntaxError: Unexpected token '_', "__ym__prom"... is not valid JSON @ https://bpmsoft.ru/baza-zaniy/dlya-administratora/:101
[    1526ms] [LOG] error SyntaxError: Unexpected token '_', "__ym__prom"... is not valid JSON @ https://bpmsoft.ru/baza-zaniy/dlya-administratora/:101
[    1527ms] [LOG] error SyntaxError: Unexpected token '_', "__ym__prom"... is not valid JSON @ https://bpmsoft.ru/baza-zaniy/dlya-administratora/:101
[    1527ms] [LOG] error SyntaxError: Unexpected token '_', "__ym__prom"... is not valid JSON @ https://bpmsoft.ru/baza-zaniy/dlya-administratora/:101
[    1527ms] [LOG] error SyntaxError: Unexpected token '_', "__ym__prom"... is not valid JSON @ https://bpmsoft.ru/baza-zaniy/dlya-administratora/:101
[    1527ms] [LOG] error SyntaxError: Unexpected token '_', "__ym__prom"... is not valid JSON @ https://bpmsoft.ru/baza-zaniy/dlya-administratora/:101
[    1528ms] [LOG] error SyntaxError: Unexpected token '_', "__ym__prom"... is not valid JSON @ https://bpmsoft.ru/baza-zaniy/dlya-administratora/:101
[    1528ms] [LOG] error SyntaxError: Unexpected token '_', "__ym__prom"... is not valid JSON @ https://bpmsoft.ru/baza-zaniy/dlya-administratora/:101
[    1528ms] [LOG] error SyntaxError: Unexpected token '_', "__ym__prom"... is not valid JSON @ https://bpmsoft.ru/baza-zaniy/dlya-administratora/:101
[    1528ms] [LOG] error SyntaxError: Unexpected token '_', "__ym__prom"... is not valid JSON @ https://bpmsoft.ru/baza-zaniy/dlya-administratora/:101
[    1529ms] [LOG] error SyntaxError: Unexpected token '_', "__ym__prom"... is not valid JSON @ https://bpmsoft.ru/baza-zaniy/dlya-administratora/:101
[    1532ms] [LOG] error SyntaxError: Unexpected token '_', "__ym__prom"... is not valid JSON @ https://bpmsoft.ru/baza-zaniy/dlya-administratora/:101
[    1532ms] [LOG] error SyntaxError: Unexpected token '_', "__ym__prom"... is not valid JSON @ https://bpmsoft.ru/baza-zaniy/dlya-administratora/:101
[    1533ms] [LOG] error SyntaxError: Unexpected token '_', "__ym__prom"... is not valid JSON @ https://bpmsoft.ru/baza-zaniy/dlya-administratora/:101
[    1534ms] [LOG] error SyntaxError: Unexpected token '_', "__ym__prom"... is not valid JSON @ https://bpmsoft.ru/baza-zaniy/dlya-administratora/:101
